#
# There is insufficient memory for the Java Runtime Environment to continue.
# Native memory allocation (malloc) failed to allocate 657456 bytes. Error detail: Chunk::new
# Possible reasons:
#   The system is out of physical RAM or swap space
#   This process is running with CompressedOops enabled, and the Java Heap may be blocking the growth of the native heap
# Possible solutions:
#   Reduce memory load on the system
#   Increase physical memory or swap space
#   Check if swap backing store is full
#   Decrease Java heap size (-Xmx/-Xms)
#   Decrease number of Java threads
#   Decrease Java thread stack sizes (-Xss)
#   Set larger code cache with -XX:ReservedCodeCacheSize=
#   JVM is running with Unscaled Compressed Oops mode in which the Java heap is
#     placed in the first 4GB address space. The Java Heap base address is the
#     maximum limit for the native heap growth. Please use -XX:HeapBaseMinAddress
#     to set the Java Heap base and to place the Java Heap above 4GB virtual address.
# This output file may be truncated or incomplete.
#
#  Out of Memory Error (arena.cpp:168), pid=19428, tid=17376
#
# JRE version: OpenJDK Runtime Environment (21.0.3) (build 21.0.3+-12282718-b509.11)
# Java VM: OpenJDK 64-Bit Server VM (21.0.3+-12282718-b509.11, mixed mode, tiered, compressed oops, compressed class ptrs, g1 gc, windows-amd64)
# No core dump will be written. Minidumps are not enabled by default on client versions of Windows
#

---------------  S U M M A R Y ------------

Command Line: --add-opens=java.base/java.util=ALL-UNNAMED --add-opens=java.base/java.lang=ALL-UNNAMED --add-opens=java.base/java.lang.invoke=ALL-UNNAMED --add-opens=java.prefs/java.util.prefs=ALL-UNNAMED --add-exports=jdk.compiler/com.sun.tools.javac.api=ALL-UNNAMED --add-exports=jdk.compiler/com.sun.tools.javac.util=ALL-UNNAMED --add-opens=java.base/java.nio.charset=ALL-UNNAMED --add-opens=java.base/java.net=ALL-UNNAMED --add-opens=java.base/java.util.concurrent.atomic=ALL-UNNAMED -Xmx2048m -Dfile.encoding=UTF-8 -Duser.country=GB -Duser.language=en -Duser.variant -javaagent:C:\Users\DELL\.gradle\wrapper\dists\gradle-8.9-bin\90cnw93cvbtalezasaz0blq0a\gradle-8.9\lib\agents\gradle-instrumentation-agent-8.9.jar org.gradle.launcher.daemon.bootstrap.GradleDaemon 8.9

Host: 11th Gen Intel(R) Core(TM) i5-1135G7 @ 2.40GHz, 8 cores, 7G,  Windows 11 , 64 bit Build 22621 (10.0.22621.4974)
Time: Sat Mar 29 22:00:22 2025 SE Asia Standard Time elapsed time: 16.288001 seconds (0d 0h 0m 16s)

---------------  T H R E A D  ---------------

Current thread (0x00000249967680f0):  JavaThread "C2 CompilerThread0" daemon [_thread_in_native, id=17376, stack(0x00000081a7b00000,0x00000081a7c00000) (1024K)]


Current CompileTask:
C2:  16288 10470 %     4       org.gradle.internal.instantiation.generator.AbstractClassGenerator::inspectType @ 250 (560 bytes)

Stack: [0x00000081a7b00000,0x00000081a7c00000]
Native frames: (J=compiled Java code, j=interpreted, Vv=VM code, C=native code)
V  [jvm.dll+0x6cafb9]
V  [jvm.dll+0x858523]
V  [jvm.dll+0x85aa7e]
V  [jvm.dll+0x85b163]
V  [jvm.dll+0x27d356]
V  [jvm.dll+0xbf93d]
V  [jvm.dll+0xbfe73]
V  [jvm.dll+0x2f0eb1]
V  [jvm.dll+0x5f5a39]
V  [jvm.dll+0x24fad2]
V  [jvm.dll+0x24fe8f]
V  [jvm.dll+0x248775]
V  [jvm.dll+0x245fce]
V  [jvm.dll+0x1c5804]
V  [jvm.dll+0x25575c]
V  [jvm.dll+0x253c36]
V  [jvm.dll+0x3ec996]
V  [jvm.dll+0x800d78]
V  [jvm.dll+0x6c98cd]
C  [ucrtbase.dll+0x29333]
C  [KERNEL32.DLL+0x1259d]
C  [ntdll.dll+0x5af38]


---------------  P R O C E S S  ---------------

Threads class SMR info:
_java_thread_list=0x000002499d2b0900, length=56, elements={
0x00000249fcc04b60, 0x0000024996735900, 0x00000249967365c0, 0x0000024996756350,
0x0000024996756db0, 0x000002499673b610, 0x000002499673c070, 0x00000249967680f0,
0x000002499673cad0, 0x000002499689a640, 0x0000024996a00650, 0x000002499be26620,
0x000002499c91f570, 0x000002499c86f800, 0x000002499ca975e0, 0x000002499ca7f730,
0x000002499caf84c0, 0x000002499c89b540, 0x000002499cae0870, 0x000002499c890780,
0x000002499c8921c0, 0x000002499c890e10, 0x000002499c88fa60, 0x000002499c891b30,
0x000002499c8900f0, 0x000002499c88ed40, 0x000002499c88f3d0, 0x000002499d7517b0,
0x000002499d7531f0, 0x000002499d753880, 0x000002499d750a90, 0x000002499d751e40,
0x00000249a0e4af60, 0x00000249a0e4a8d0, 0x00000249a0e45380, 0x00000249a0e4c9a0,
0x00000249a0e4a240, 0x00000249a0e49520, 0x00000249a0e45a10, 0x00000249a0e48800,
0x00000249a0e460a0, 0x00000249a0e46730, 0x00000249a0e46dc0, 0x00000249a0e47ae0,
0x00000249a0e48170, 0x00000249a0e48e90, 0x00000249a0e49bb0, 0x000002499f906fd0,
0x000002499f907cf0, 0x000002499f909dc0, 0x000002499f90d240, 0x000002499f90b800,
0x000002499f90aae0, 0x000002499f908380, 0x000002499f9090a0, 0x000002499dae1c50
}

Java Threads: ( => current thread )
  0x00000249fcc04b60 JavaThread "main"                              [_thread_blocked, id=16304, stack(0x00000081a6d00000,0x00000081a6e00000) (1024K)]
  0x0000024996735900 JavaThread "Reference Handler"          daemon [_thread_blocked, id=12104, stack(0x00000081a7500000,0x00000081a7600000) (1024K)]
  0x00000249967365c0 JavaThread "Finalizer"                  daemon [_thread_blocked, id=8252, stack(0x00000081a7600000,0x00000081a7700000) (1024K)]
  0x0000024996756350 JavaThread "Signal Dispatcher"          daemon [_thread_blocked, id=1492, stack(0x00000081a7700000,0x00000081a7800000) (1024K)]
  0x0000024996756db0 JavaThread "Attach Listener"            daemon [_thread_blocked, id=11516, stack(0x00000081a7800000,0x00000081a7900000) (1024K)]
  0x000002499673b610 JavaThread "Service Thread"             daemon [_thread_blocked, id=21216, stack(0x00000081a7900000,0x00000081a7a00000) (1024K)]
  0x000002499673c070 JavaThread "Monitor Deflation Thread"   daemon [_thread_blocked, id=13348, stack(0x00000081a7a00000,0x00000081a7b00000) (1024K)]
=>0x00000249967680f0 JavaThread "C2 CompilerThread0"         daemon [_thread_in_native, id=17376, stack(0x00000081a7b00000,0x00000081a7c00000) (1024K)]
  0x000002499673cad0 JavaThread "C1 CompilerThread0"         daemon [_thread_blocked, id=18356, stack(0x00000081a7c00000,0x00000081a7d00000) (1024K)]
  0x000002499689a640 JavaThread "Common-Cleaner"             daemon [_thread_blocked, id=6212, stack(0x00000081a7d00000,0x00000081a7e00000) (1024K)]
  0x0000024996a00650 JavaThread "Notification Thread"        daemon [_thread_blocked, id=4728, stack(0x00000081a7e00000,0x00000081a7f00000) (1024K)]
  0x000002499be26620 JavaThread "Daemon health stats"               [_thread_blocked, id=10816, stack(0x00000081a8400000,0x00000081a8500000) (1024K)]
  0x000002499c91f570 JavaThread "Incoming local TCP Connector on port 60525"        [_thread_in_native, id=13704, stack(0x00000081a8500000,0x00000081a8600000) (1024K)]
  0x000002499c86f800 JavaThread "Daemon periodic checks"            [_thread_blocked, id=19372, stack(0x00000081a8600000,0x00000081a8700000) (1024K)]
  0x000002499ca975e0 JavaThread "Daemon"                            [_thread_blocked, id=12960, stack(0x00000081a8700000,0x00000081a8800000) (1024K)]
  0x000002499ca7f730 JavaThread "Handler for socket connection from /127.0.0.1:60525 to /127.0.0.1:60526"        [_thread_in_native, id=16848, stack(0x00000081a8800000,0x00000081a8900000) (1024K)]
  0x000002499caf84c0 JavaThread "Cancel handler"                    [_thread_blocked, id=17648, stack(0x00000081a8900000,0x00000081a8a00000) (1024K)]
  0x000002499c89b540 JavaThread "Daemon worker"                     [_thread_in_Java, id=14924, stack(0x00000081a8a00000,0x00000081a8b00000) (1024K)]
  0x000002499cae0870 JavaThread "Asynchronous log dispatcher for DefaultDaemonConnection: socket connection from /127.0.0.1:60525 to /127.0.0.1:60526"        [_thread_blocked, id=20960, stack(0x00000081a8b00000,0x00000081a8c00000) (1024K)]
  0x000002499c890780 JavaThread "Stdin handler"                     [_thread_blocked, id=11044, stack(0x00000081a8c00000,0x00000081a8d00000) (1024K)]
  0x000002499c8921c0 JavaThread "Daemon client event forwarder"        [_thread_blocked, id=3908, stack(0x00000081a8d00000,0x00000081a8e00000) (1024K)]
  0x000002499c890e10 JavaThread "Cache worker for journal cache (C:\Users\DELL\.gradle\caches\journal-1)"        [_thread_blocked, id=18044, stack(0x00000081a9200000,0x00000081a9300000) (1024K)]
  0x000002499c88fa60 JavaThread "File lock request listener"        [_thread_in_native, id=15672, stack(0x00000081a9300000,0x00000081a9400000) (1024K)]
  0x000002499c891b30 JavaThread "Cache worker for file hash cache (C:\Users\DELL\.gradle\caches\8.9\fileHashes)"        [_thread_blocked, id=9920, stack(0x00000081a9400000,0x00000081a9500000) (1024K)]
  0x000002499c8900f0 JavaThread "Cache worker for file hash cache (E:\HocTap\social-media-micro-project\frontend\.gradle\8.9\fileHashes)"        [_thread_blocked, id=17452, stack(0x00000081a9600000,0x00000081a9700000) (1024K)]
  0x000002499c88ed40 JavaThread "Cache worker for Build Output Cleanup Cache (E:\HocTap\social-media-micro-project\frontend\.gradle\buildOutputCleanup)"        [_thread_blocked, id=11104, stack(0x00000081a9700000,0x00000081a9800000) (1024K)]
  0x000002499c88f3d0 JavaThread "File watcher server"        daemon [_thread_in_native, id=9576, stack(0x00000081a9800000,0x00000081a9900000) (1024K)]
  0x000002499d7517b0 JavaThread "File watcher consumer"      daemon [_thread_blocked, id=9236, stack(0x00000081a9900000,0x00000081a9a00000) (1024K)]
  0x000002499d7531f0 JavaThread "Cache worker for checksums cache (E:\HocTap\social-media-micro-project\frontend\.gradle\8.9\checksums)"        [_thread_blocked, id=8868, stack(0x00000081a9a00000,0x00000081a9b00000) (1024K)]
  0x000002499d753880 JavaThread "Cache worker for file content cache (C:\Users\DELL\.gradle\caches\8.9\fileContent)"        [_thread_blocked, id=17808, stack(0x00000081a9b00000,0x00000081a9c00000) (1024K)]
  0x000002499d750a90 JavaThread "Cache worker for cache directory md-rule (C:\Users\DELL\.gradle\caches\8.9\md-rule)"        [_thread_blocked, id=16864, stack(0x00000081a9c00000,0x00000081a9d00000) (1024K)]
  0x000002499d751e40 JavaThread "Cache worker for cache directory md-supplier (C:\Users\DELL\.gradle\caches\8.9\md-supplier)"        [_thread_blocked, id=4140, stack(0x00000081a9d00000,0x00000081a9e00000) (1024K)]
  0x00000249a0e4af60 JavaThread "Unconstrained build operations"        [_thread_blocked, id=11796, stack(0x00000081a9e00000,0x00000081a9f00000) (1024K)]
  0x00000249a0e4a8d0 JavaThread "Unconstrained build operations Thread 2"        [_thread_blocked, id=21020, stack(0x00000081a9f00000,0x00000081aa000000) (1024K)]
  0x00000249a0e45380 JavaThread "Unconstrained build operations Thread 3"        [_thread_blocked, id=5516, stack(0x00000081aa000000,0x00000081aa100000) (1024K)]
  0x00000249a0e4c9a0 JavaThread "Unconstrained build operations Thread 4"        [_thread_blocked, id=11048, stack(0x00000081aa100000,0x00000081aa200000) (1024K)]
  0x00000249a0e4a240 JavaThread "Unconstrained build operations Thread 5"        [_thread_blocked, id=4108, stack(0x00000081aa200000,0x00000081aa300000) (1024K)]
  0x00000249a0e49520 JavaThread "Unconstrained build operations Thread 6"        [_thread_blocked, id=16752, stack(0x00000081aa300000,0x00000081aa400000) (1024K)]
  0x00000249a0e45a10 JavaThread "Unconstrained build operations Thread 7"        [_thread_blocked, id=11144, stack(0x00000081aa400000,0x00000081aa500000) (1024K)]
  0x00000249a0e48800 JavaThread "Unconstrained build operations Thread 8"        [_thread_blocked, id=16200, stack(0x00000081aa500000,0x00000081aa600000) (1024K)]
  0x00000249a0e460a0 JavaThread "Unconstrained build operations Thread 9"        [_thread_blocked, id=12692, stack(0x00000081aa600000,0x00000081aa700000) (1024K)]
  0x00000249a0e46730 JavaThread "Unconstrained build operations Thread 10"        [_thread_blocked, id=11080, stack(0x00000081aa700000,0x00000081aa800000) (1024K)]
  0x00000249a0e46dc0 JavaThread "Unconstrained build operations Thread 11"        [_thread_blocked, id=1776, stack(0x00000081aa800000,0x00000081aa900000) (1024K)]
  0x00000249a0e47ae0 JavaThread "Unconstrained build operations Thread 12"        [_thread_blocked, id=13728, stack(0x00000081aa900000,0x00000081aaa00000) (1024K)]
  0x00000249a0e48170 JavaThread "Unconstrained build operations Thread 13"        [_thread_blocked, id=4848, stack(0x00000081aaa00000,0x00000081aab00000) (1024K)]
  0x00000249a0e48e90 JavaThread "Unconstrained build operations Thread 14"        [_thread_blocked, id=16724, stack(0x00000081aab00000,0x00000081aac00000) (1024K)]
  0x00000249a0e49bb0 JavaThread "Unconstrained build operations Thread 15"        [_thread_blocked, id=13948, stack(0x00000081aac00000,0x00000081aad00000) (1024K)]
  0x000002499f906fd0 JavaThread "Unconstrained build operations Thread 16"        [_thread_blocked, id=21124, stack(0x00000081aad00000,0x00000081aae00000) (1024K)]
  0x000002499f907cf0 JavaThread "Unconstrained build operations Thread 17"        [_thread_blocked, id=1696, stack(0x00000081aae00000,0x00000081aaf00000) (1024K)]
  0x000002499f909dc0 JavaThread "Unconstrained build operations Thread 18"        [_thread_blocked, id=19216, stack(0x00000081aaf00000,0x00000081ab000000) (1024K)]
  0x000002499f90d240 JavaThread "Unconstrained build operations Thread 19"        [_thread_blocked, id=17296, stack(0x00000081ab000000,0x00000081ab100000) (1024K)]
  0x000002499f90b800 JavaThread "Unconstrained build operations Thread 20"        [_thread_blocked, id=4000, stack(0x00000081ab100000,0x00000081ab200000) (1024K)]
  0x000002499f90aae0 JavaThread "Unconstrained build operations Thread 21"        [_thread_blocked, id=17896, stack(0x00000081ab200000,0x00000081ab300000) (1024K)]
  0x000002499f908380 JavaThread "build event listener"              [_thread_blocked, id=18940, stack(0x00000081a7f00000,0x00000081a8000000) (1024K)]
  0x000002499f9090a0 JavaThread "Memory manager"                    [_thread_blocked, id=15908, stack(0x00000081ab300000,0x00000081ab400000) (1024K)]
  0x000002499dae1c50 JavaThread "C2 CompilerThread1"         daemon [_thread_in_native, id=20792, stack(0x00000081a9500000,0x00000081a9600000) (1024K)]
Total: 56

Other Threads:
  0x00000249965ace20 VMThread "VM Thread"                           [id=14564, stack(0x00000081a7400000,0x00000081a7500000) (1024K)]
  0x0000024996519da0 WatcherThread "VM Periodic Task Thread"        [id=8476, stack(0x00000081a7300000,0x00000081a7400000) (1024K)]
  0x00000249fce74660 WorkerThread "GC Thread#0"                     [id=21224, stack(0x00000081a6e00000,0x00000081a6f00000) (1024K)]
  0x000002499b30e930 WorkerThread "GC Thread#1"                     [id=2608, stack(0x00000081a8000000,0x00000081a8100000) (1024K)]
  0x000002499b3ab770 WorkerThread "GC Thread#2"                     [id=10796, stack(0x00000081a8100000,0x00000081a8200000) (1024K)]
  0x000002499b6737b0 WorkerThread "GC Thread#3"                     [id=14400, stack(0x00000081a8200000,0x00000081a8300000) (1024K)]
  0x000002499b50e750 WorkerThread "GC Thread#4"                     [id=20020, stack(0x00000081a8300000,0x00000081a8400000) (1024K)]
  0x000002499cabced0 WorkerThread "GC Thread#5"                     [id=7916, stack(0x00000081a8e00000,0x00000081a8f00000) (1024K)]
  0x000002499cabd9b0 WorkerThread "GC Thread#6"                     [id=16152, stack(0x00000081a8f00000,0x00000081a9000000) (1024K)]
  0x000002499cabe490 WorkerThread "GC Thread#7"                     [id=8088, stack(0x00000081a9000000,0x00000081a9100000) (1024K)]
  0x00000249fce857b0 ConcurrentGCThread "G1 Main Marker"            [id=16112, stack(0x00000081a6f00000,0x00000081a7000000) (1024K)]
  0x00000249fce862b0 WorkerThread "G1 Conc#0"                       [id=13760, stack(0x00000081a7000000,0x00000081a7100000) (1024K)]
  0x000002499cabd270 WorkerThread "G1 Conc#1"                       [id=17764, stack(0x00000081a9100000,0x00000081a9200000) (1024K)]
  0x00000249fcedeae0 ConcurrentGCThread "G1 Refine#0"               [id=12996, stack(0x00000081a7100000,0x00000081a7200000) (1024K)]
  0x00000249963ef890 ConcurrentGCThread "G1 Service"                [id=13400, stack(0x00000081a7200000,0x00000081a7300000) (1024K)]
Total: 15

Threads with active compile tasks:
C2 CompilerThread0    16336 10470 %     4       org.gradle.internal.instantiation.generator.AbstractClassGenerator::inspectType @ 250 (560 bytes)
C1 CompilerThread0    16336 10581       3       org.gradle.internal.instantiation.generator.AsmBackedClassGenerator$ClassBuilderImpl$LocalMethodVisitorScope::attachProperty (94 bytes)
C2 CompilerThread1    16336 10547       4       org.gradle.internal.reflect.ClassInspector::inspectClass (179 bytes)
Total: 3

VM state: not at safepoint (normal execution)

VM Mutex/Monitor currently owned by a thread:  ([mutex/lock_event])
[0x00007ff875e60348] AdapterHandlerLibrary_lock - owner thread: 0x0000000000000000

Heap address: 0x0000000080000000, size: 2048 MB, Compressed Oops mode: 32-bit

CDS archive(s) not mapped
Compressed class space mapped at: 0x0000000100000000-0x0000000140000000, reserved size: 1073741824
Narrow klass base: 0x0000000000000000, Narrow klass shift: 3, Narrow klass range: 0x140000000

GC Precious Log:
 CardTable entry size: 512
 Card Set container configuration: InlinePtr #cards 5 size 8 Array Of Cards #cards 12 size 40 Howl #buckets 4 coarsen threshold 1843 Howl Bitmap #cards 512 size 80 coarsen threshold 460 Card regions per heap region 1 cards per card region 2048
 CPUs: 8 total, 8 available
 Memory: 7914M
 Large Page Support: Disabled
 NUMA Support: Disabled
 Compressed Oops: Enabled (32-bit)
 Heap Region Size: 1M
 Heap Min Capacity: 8M
 Heap Initial Capacity: 124M
 Heap Max Capacity: 2G
 Pre-touch: Disabled
 Parallel Workers: 8
 Concurrent Workers: 2
 Concurrent Refinement Workers: 8
 Periodic GC: Disabled

Heap:
 garbage-first heap   total 137216K, used 90914K [0x0000000080000000, 0x0000000100000000)
  region size 1024K, 16 young (16384K), 5 survivors (5120K)
 Metaspace       used 97862K, committed 99904K, reserved 1179648K
  class space    used 13576K, committed 14592K, reserved 1048576K

Heap Regions: E=young(eden), S=young(survivor), O=old, HS=humongous(starts), HC=humongous(continues), CS=collection set, F=free, TAMS=top-at-mark-start, PB=parsable bottom
|   0|0x0000000080000000, 0x0000000080100000, 0x0000000080100000|100%|HS|  |TAMS 0x0000000080000000| PB 0x0000000080000000| Complete 
|   1|0x0000000080100000, 0x0000000080200000, 0x0000000080200000|100%|HC|  |TAMS 0x0000000080100000| PB 0x0000000080100000| Complete 
|   2|0x0000000080200000, 0x0000000080300000, 0x0000000080300000|100%|HC|  |TAMS 0x0000000080200000| PB 0x0000000080200000| Complete 
|   3|0x0000000080300000, 0x0000000080400000, 0x0000000080400000|100%|HC|  |TAMS 0x0000000080300000| PB 0x0000000080300000| Complete 
|   4|0x0000000080400000, 0x0000000080500000, 0x0000000080500000|100%| O|  |TAMS 0x0000000080400000| PB 0x0000000080400000| Untracked 
|   5|0x0000000080500000, 0x0000000080600000, 0x0000000080600000|100%| O|  |TAMS 0x0000000080500000| PB 0x0000000080500000| Untracked 
|   6|0x0000000080600000, 0x0000000080700000, 0x0000000080700000|100%| O|  |TAMS 0x0000000080600000| PB 0x0000000080600000| Untracked 
|   7|0x0000000080700000, 0x0000000080800000, 0x0000000080800000|100%| O|  |TAMS 0x0000000080700000| PB 0x0000000080700000| Untracked 
|   8|0x0000000080800000, 0x0000000080900000, 0x0000000080900000|100%| O|  |TAMS 0x0000000080800000| PB 0x0000000080800000| Untracked 
|   9|0x0000000080900000, 0x0000000080a00000, 0x0000000080a00000|100%| O|  |TAMS 0x0000000080900000| PB 0x0000000080900000| Untracked 
|  10|0x0000000080a00000, 0x0000000080b00000, 0x0000000080b00000|100%|HS|  |TAMS 0x0000000080a00000| PB 0x0000000080a00000| Complete 
|  11|0x0000000080b00000, 0x0000000080c00000, 0x0000000080c00000|100%| O|  |TAMS 0x0000000080b00000| PB 0x0000000080b00000| Untracked 
|  12|0x0000000080c00000, 0x0000000080d00000, 0x0000000080d00000|100%| O|  |TAMS 0x0000000080c00000| PB 0x0000000080c00000| Untracked 
|  13|0x0000000080d00000, 0x0000000080e00000, 0x0000000080e00000|100%| O|  |TAMS 0x0000000080d00000| PB 0x0000000080d00000| Untracked 
|  14|0x0000000080e00000, 0x0000000080f00000, 0x0000000080f00000|100%| O|  |TAMS 0x0000000080e00000| PB 0x0000000080e00000| Untracked 
|  15|0x0000000080f00000, 0x0000000081000000, 0x0000000081000000|100%| O|  |TAMS 0x0000000080f00000| PB 0x0000000080f00000| Untracked 
|  16|0x0000000081000000, 0x0000000081100000, 0x0000000081100000|100%| O|  |TAMS 0x0000000081000000| PB 0x0000000081000000| Untracked 
|  17|0x0000000081100000, 0x0000000081200000, 0x0000000081200000|100%| O|  |TAMS 0x0000000081100000| PB 0x0000000081100000| Untracked 
|  18|0x0000000081200000, 0x0000000081300000, 0x0000000081300000|100%| O|  |TAMS 0x0000000081200000| PB 0x0000000081200000| Untracked 
|  19|0x0000000081300000, 0x0000000081400000, 0x0000000081400000|100%| O|  |TAMS 0x0000000081300000| PB 0x0000000081300000| Untracked 
|  20|0x0000000081400000, 0x0000000081500000, 0x0000000081500000|100%| O|  |TAMS 0x0000000081400000| PB 0x0000000081400000| Untracked 
|  21|0x0000000081500000, 0x0000000081600000, 0x0000000081600000|100%| O|  |TAMS 0x0000000081500000| PB 0x0000000081500000| Untracked 
|  22|0x0000000081600000, 0x0000000081700000, 0x0000000081700000|100%| O|  |TAMS 0x0000000081600000| PB 0x0000000081600000| Untracked 
|  23|0x0000000081700000, 0x0000000081800000, 0x0000000081800000|100%| O|  |TAMS 0x0000000081700000| PB 0x0000000081700000| Untracked 
|  24|0x0000000081800000, 0x0000000081900000, 0x0000000081900000|100%| O|  |TAMS 0x0000000081800000| PB 0x0000000081800000| Untracked 
|  25|0x0000000081900000, 0x0000000081a00000, 0x0000000081a00000|100%| O|  |TAMS 0x0000000081900000| PB 0x0000000081900000| Untracked 
|  26|0x0000000081a00000, 0x0000000081b00000, 0x0000000081b00000|100%| O|  |TAMS 0x0000000081a00000| PB 0x0000000081a00000| Untracked 
|  27|0x0000000081b00000, 0x0000000081c00000, 0x0000000081c00000|100%| O|  |TAMS 0x0000000081b00000| PB 0x0000000081b00000| Untracked 
|  28|0x0000000081c00000, 0x0000000081d00000, 0x0000000081d00000|100%| O|  |TAMS 0x0000000081c00000| PB 0x0000000081c00000| Untracked 
|  29|0x0000000081d00000, 0x0000000081e00000, 0x0000000081e00000|100%| O|  |TAMS 0x0000000081d00000| PB 0x0000000081d00000| Untracked 
|  30|0x0000000081e00000, 0x0000000081f00000, 0x0000000081f00000|100%| O|  |TAMS 0x0000000081e00000| PB 0x0000000081e00000| Untracked 
|  31|0x0000000081f00000, 0x0000000082000000, 0x0000000082000000|100%|HS|  |TAMS 0x0000000081f00000| PB 0x0000000081f00000| Complete 
|  32|0x0000000082000000, 0x0000000082100000, 0x0000000082100000|100%|HS|  |TAMS 0x0000000082000000| PB 0x0000000082000000| Complete 
|  33|0x0000000082100000, 0x0000000082200000, 0x0000000082200000|100%|HS|  |TAMS 0x0000000082100000| PB 0x0000000082100000| Complete 
|  34|0x0000000082200000, 0x0000000082300000, 0x0000000082300000|100%|HS|  |TAMS 0x0000000082200000| PB 0x0000000082200000| Complete 
|  35|0x0000000082300000, 0x0000000082400000, 0x0000000082400000|100%| O|  |TAMS 0x0000000082300000| PB 0x0000000082300000| Untracked 
|  36|0x0000000082400000, 0x0000000082500000, 0x0000000082500000|100%| O|  |TAMS 0x0000000082400000| PB 0x0000000082400000| Untracked 
|  37|0x0000000082500000, 0x0000000082600000, 0x0000000082600000|100%| O|  |TAMS 0x0000000082500000| PB 0x0000000082500000| Untracked 
|  38|0x0000000082600000, 0x0000000082700000, 0x0000000082700000|100%| O|  |TAMS 0x0000000082600000| PB 0x0000000082600000| Untracked 
|  39|0x0000000082700000, 0x0000000082800000, 0x0000000082800000|100%| O|  |TAMS 0x0000000082700000| PB 0x0000000082700000| Untracked 
|  40|0x0000000082800000, 0x0000000082900000, 0x0000000082900000|100%| O|  |TAMS 0x0000000082800000| PB 0x0000000082800000| Untracked 
|  41|0x0000000082900000, 0x0000000082a00000, 0x0000000082a00000|100%|HS|  |TAMS 0x0000000082900000| PB 0x0000000082900000| Complete 
|  42|0x0000000082a00000, 0x0000000082b00000, 0x0000000082b00000|100%|HS|  |TAMS 0x0000000082a00000| PB 0x0000000082a00000| Complete 
|  43|0x0000000082b00000, 0x0000000082c00000, 0x0000000082c00000|100%| O|  |TAMS 0x0000000082b00000| PB 0x0000000082b00000| Untracked 
|  44|0x0000000082c00000, 0x0000000082d00000, 0x0000000082d00000|100%| O|  |TAMS 0x0000000082c00000| PB 0x0000000082c00000| Untracked 
|  45|0x0000000082d00000, 0x0000000082e00000, 0x0000000082e00000|100%| O|  |TAMS 0x0000000082d00000| PB 0x0000000082d00000| Untracked 
|  46|0x0000000082e00000, 0x0000000082f00000, 0x0000000082f00000|100%| O|  |TAMS 0x0000000082e00000| PB 0x0000000082e00000| Untracked 
|  47|0x0000000082f00000, 0x0000000083000000, 0x0000000083000000|100%| O|  |TAMS 0x0000000082f00000| PB 0x0000000082f00000| Untracked 
|  48|0x0000000083000000, 0x0000000083100000, 0x0000000083100000|100%| O|  |TAMS 0x0000000083000000| PB 0x0000000083000000| Untracked 
|  49|0x0000000083100000, 0x0000000083200000, 0x0000000083200000|100%| O|  |TAMS 0x0000000083100000| PB 0x0000000083100000| Untracked 
|  50|0x0000000083200000, 0x0000000083300000, 0x0000000083300000|100%| O|  |TAMS 0x0000000083200000| PB 0x0000000083200000| Untracked 
|  51|0x0000000083300000, 0x0000000083400000, 0x0000000083400000|100%|HS|  |TAMS 0x0000000083300000| PB 0x0000000083300000| Complete 
|  52|0x0000000083400000, 0x0000000083500000, 0x0000000083500000|100%| O|  |TAMS 0x0000000083400000| PB 0x0000000083400000| Untracked 
|  53|0x0000000083500000, 0x0000000083600000, 0x0000000083600000|100%| O|  |TAMS 0x0000000083500000| PB 0x0000000083500000| Untracked 
|  54|0x0000000083600000, 0x0000000083700000, 0x0000000083700000|100%| O|Cm|TAMS 0x0000000083600000| PB 0x0000000083600000| Complete 
|  55|0x0000000083700000, 0x0000000083800000, 0x0000000083800000|100%| O|  |TAMS 0x0000000083700000| PB 0x0000000083700000| Untracked 
|  56|0x0000000083800000, 0x0000000083900000, 0x0000000083900000|100%| O|  |TAMS 0x0000000083800000| PB 0x0000000083800000| Untracked 
|  57|0x0000000083900000, 0x0000000083a00000, 0x0000000083a00000|100%| O|  |TAMS 0x0000000083900000| PB 0x0000000083900000| Untracked 
|  58|0x0000000083a00000, 0x0000000083b00000, 0x0000000083b00000|100%| O|Cm|TAMS 0x0000000083a00000| PB 0x0000000083a00000| Complete 
|  59|0x0000000083b00000, 0x0000000083c00000, 0x0000000083c00000|100%| O|  |TAMS 0x0000000083b00000| PB 0x0000000083b00000| Untracked 
|  60|0x0000000083c00000, 0x0000000083d00000, 0x0000000083d00000|100%| O|  |TAMS 0x0000000083c00000| PB 0x0000000083c00000| Untracked 
|  61|0x0000000083d00000, 0x0000000083e00000, 0x0000000083e00000|100%| O|  |TAMS 0x0000000083d00000| PB 0x0000000083d00000| Untracked 
|  62|0x0000000083e00000, 0x0000000083f00000, 0x0000000083f00000|100%| O|  |TAMS 0x0000000083e00000| PB 0x0000000083e00000| Untracked 
|  63|0x0000000083f00000, 0x0000000084000000, 0x0000000084000000|100%| O|  |TAMS 0x0000000083f00000| PB 0x0000000083f00000| Untracked 
|  64|0x0000000084000000, 0x0000000084100000, 0x0000000084100000|100%| O|  |TAMS 0x0000000084000000| PB 0x0000000084000000| Untracked 
|  65|0x0000000084100000, 0x00000000841c8ae0, 0x0000000084200000| 78%| O|  |TAMS 0x0000000084100000| PB 0x0000000084100000| Untracked 
|  66|0x0000000084200000, 0x0000000084200000, 0x0000000084300000|  0%| F|  |TAMS 0x0000000084200000| PB 0x0000000084200000| Untracked 
|  67|0x0000000084300000, 0x0000000084300000, 0x0000000084400000|  0%| F|  |TAMS 0x0000000084300000| PB 0x0000000084300000| Untracked 
|  68|0x0000000084400000, 0x0000000084400000, 0x0000000084500000|  0%| F|  |TAMS 0x0000000084400000| PB 0x0000000084400000| Untracked 
|  69|0x0000000084500000, 0x0000000084500000, 0x0000000084600000|  0%| F|  |TAMS 0x0000000084500000| PB 0x0000000084500000| Untracked 
|  70|0x0000000084600000, 0x0000000084600000, 0x0000000084700000|  0%| F|  |TAMS 0x0000000084600000| PB 0x0000000084600000| Untracked 
|  71|0x0000000084700000, 0x0000000084700000, 0x0000000084800000|  0%| F|  |TAMS 0x0000000084700000| PB 0x0000000084700000| Untracked 
|  72|0x0000000084800000, 0x0000000084800000, 0x0000000084900000|  0%| F|  |TAMS 0x0000000084800000| PB 0x0000000084800000| Untracked 
|  73|0x0000000084900000, 0x0000000084900000, 0x0000000084a00000|  0%| F|  |TAMS 0x0000000084900000| PB 0x0000000084900000| Untracked 
|  74|0x0000000084a00000, 0x0000000084a00000, 0x0000000084b00000|  0%| F|  |TAMS 0x0000000084a00000| PB 0x0000000084a00000| Untracked 
|  75|0x0000000084b00000, 0x0000000084b00000, 0x0000000084c00000|  0%| F|  |TAMS 0x0000000084b00000| PB 0x0000000084b00000| Untracked 
|  76|0x0000000084c00000, 0x0000000084c00000, 0x0000000084d00000|  0%| F|  |TAMS 0x0000000084c00000| PB 0x0000000084c00000| Untracked 
|  77|0x0000000084d00000, 0x0000000084d00000, 0x0000000084e00000|  0%| F|  |TAMS 0x0000000084d00000| PB 0x0000000084d00000| Untracked 
|  78|0x0000000084e00000, 0x0000000084e00000, 0x0000000084f00000|  0%| F|  |TAMS 0x0000000084e00000| PB 0x0000000084e00000| Untracked 
|  79|0x0000000084f00000, 0x0000000084f00000, 0x0000000085000000|  0%| F|  |TAMS 0x0000000084f00000| PB 0x0000000084f00000| Untracked 
|  80|0x0000000085000000, 0x0000000085000000, 0x0000000085100000|  0%| F|  |TAMS 0x0000000085000000| PB 0x0000000085000000| Untracked 
|  81|0x0000000085100000, 0x0000000085100000, 0x0000000085200000|  0%| F|  |TAMS 0x0000000085100000| PB 0x0000000085100000| Untracked 
|  82|0x0000000085200000, 0x0000000085200000, 0x0000000085300000|  0%| F|  |TAMS 0x0000000085200000| PB 0x0000000085200000| Untracked 
|  83|0x0000000085300000, 0x0000000085400000, 0x0000000085400000|100%| S|CS|TAMS 0x0000000085300000| PB 0x0000000085300000| Complete 
|  84|0x0000000085400000, 0x0000000085500000, 0x0000000085500000|100%| S|CS|TAMS 0x0000000085400000| PB 0x0000000085400000| Complete 
|  85|0x0000000085500000, 0x0000000085600000, 0x0000000085600000|100%| S|CS|TAMS 0x0000000085500000| PB 0x0000000085500000| Complete 
|  86|0x0000000085600000, 0x0000000085700000, 0x0000000085700000|100%| S|CS|TAMS 0x0000000085600000| PB 0x0000000085600000| Complete 
|  87|0x0000000085700000, 0x0000000085800000, 0x0000000085800000|100%| S|CS|TAMS 0x0000000085700000| PB 0x0000000085700000| Complete 
|  88|0x0000000085800000, 0x0000000085800000, 0x0000000085900000|  0%| F|  |TAMS 0x0000000085800000| PB 0x0000000085800000| Untracked 
|  89|0x0000000085900000, 0x0000000085900000, 0x0000000085a00000|  0%| F|  |TAMS 0x0000000085900000| PB 0x0000000085900000| Untracked 
|  90|0x0000000085a00000, 0x0000000085a00000, 0x0000000085b00000|  0%| F|  |TAMS 0x0000000085a00000| PB 0x0000000085a00000| Untracked 
|  91|0x0000000085b00000, 0x0000000085b00000, 0x0000000085c00000|  0%| F|  |TAMS 0x0000000085b00000| PB 0x0000000085b00000| Untracked 
|  92|0x0000000085c00000, 0x0000000085c00000, 0x0000000085d00000|  0%| F|  |TAMS 0x0000000085c00000| PB 0x0000000085c00000| Untracked 
|  93|0x0000000085d00000, 0x0000000085d00000, 0x0000000085e00000|  0%| F|  |TAMS 0x0000000085d00000| PB 0x0000000085d00000| Untracked 
|  94|0x0000000085e00000, 0x0000000085e00000, 0x0000000085f00000|  0%| F|  |TAMS 0x0000000085e00000| PB 0x0000000085e00000| Untracked 
|  95|0x0000000085f00000, 0x0000000085f00000, 0x0000000086000000|  0%| F|  |TAMS 0x0000000085f00000| PB 0x0000000085f00000| Untracked 
|  96|0x0000000086000000, 0x0000000086000000, 0x0000000086100000|  0%| F|  |TAMS 0x0000000086000000| PB 0x0000000086000000| Untracked 
|  97|0x0000000086100000, 0x0000000086100000, 0x0000000086200000|  0%| F|  |TAMS 0x0000000086100000| PB 0x0000000086100000| Untracked 
|  98|0x0000000086200000, 0x0000000086200000, 0x0000000086300000|  0%| F|  |TAMS 0x0000000086200000| PB 0x0000000086200000| Untracked 
|  99|0x0000000086300000, 0x0000000086300000, 0x0000000086400000|  0%| F|  |TAMS 0x0000000086300000| PB 0x0000000086300000| Untracked 
| 100|0x0000000086400000, 0x0000000086400000, 0x0000000086500000|  0%| F|  |TAMS 0x0000000086400000| PB 0x0000000086400000| Untracked 
| 101|0x0000000086500000, 0x0000000086500000, 0x0000000086600000|  0%| F|  |TAMS 0x0000000086500000| PB 0x0000000086500000| Untracked 
| 102|0x0000000086600000, 0x0000000086600000, 0x0000000086700000|  0%| F|  |TAMS 0x0000000086600000| PB 0x0000000086600000| Untracked 
| 103|0x0000000086700000, 0x0000000086700000, 0x0000000086800000|  0%| F|  |TAMS 0x0000000086700000| PB 0x0000000086700000| Untracked 
| 104|0x0000000086800000, 0x0000000086800000, 0x0000000086900000|  0%| F|  |TAMS 0x0000000086800000| PB 0x0000000086800000| Untracked 
| 105|0x0000000086900000, 0x0000000086900000, 0x0000000086a00000|  0%| F|  |TAMS 0x0000000086900000| PB 0x0000000086900000| Untracked 
| 106|0x0000000086a00000, 0x0000000086a00000, 0x0000000086b00000|  0%| F|  |TAMS 0x0000000086a00000| PB 0x0000000086a00000| Untracked 
| 107|0x0000000086b00000, 0x0000000086b00000, 0x0000000086c00000|  0%| F|  |TAMS 0x0000000086b00000| PB 0x0000000086b00000| Untracked 
| 108|0x0000000086c00000, 0x0000000086c00000, 0x0000000086d00000|  0%| F|  |TAMS 0x0000000086c00000| PB 0x0000000086c00000| Untracked 
| 109|0x0000000086d00000, 0x0000000086d00000, 0x0000000086e00000|  0%| F|  |TAMS 0x0000000086d00000| PB 0x0000000086d00000| Untracked 
| 110|0x0000000086e00000, 0x0000000086e00000, 0x0000000086f00000|  0%| F|  |TAMS 0x0000000086e00000| PB 0x0000000086e00000| Untracked 
| 111|0x0000000086f00000, 0x0000000086f00000, 0x0000000087000000|  0%| F|  |TAMS 0x0000000086f00000| PB 0x0000000086f00000| Untracked 
| 112|0x0000000087000000, 0x0000000087000000, 0x0000000087100000|  0%| F|  |TAMS 0x0000000087000000| PB 0x0000000087000000| Untracked 
| 113|0x0000000087100000, 0x0000000087100000, 0x0000000087200000|  0%| F|  |TAMS 0x0000000087100000| PB 0x0000000087100000| Untracked 
| 114|0x0000000087200000, 0x0000000087200000, 0x0000000087300000|  0%| F|  |TAMS 0x0000000087200000| PB 0x0000000087200000| Untracked 
| 115|0x0000000087300000, 0x0000000087380800, 0x0000000087400000| 50%| E|  |TAMS 0x0000000087300000| PB 0x0000000087300000| Complete 
| 116|0x0000000087400000, 0x0000000087500000, 0x0000000087500000|100%| E|CS|TAMS 0x0000000087400000| PB 0x0000000087400000| Complete 
| 117|0x0000000087500000, 0x0000000087600000, 0x0000000087600000|100%| E|CS|TAMS 0x0000000087500000| PB 0x0000000087500000| Complete 
| 118|0x0000000087600000, 0x0000000087700000, 0x0000000087700000|100%| E|CS|TAMS 0x0000000087600000| PB 0x0000000087600000| Complete 
| 119|0x0000000087700000, 0x0000000087800000, 0x0000000087800000|100%| E|CS|TAMS 0x0000000087700000| PB 0x0000000087700000| Complete 
| 120|0x0000000087800000, 0x0000000087900000, 0x0000000087900000|100%| E|CS|TAMS 0x0000000087800000| PB 0x0000000087800000| Complete 
| 121|0x0000000087900000, 0x0000000087a00000, 0x0000000087a00000|100%| E|CS|TAMS 0x0000000087900000| PB 0x0000000087900000| Complete 
| 122|0x0000000087a00000, 0x0000000087b00000, 0x0000000087b00000|100%| E|CS|TAMS 0x0000000087a00000| PB 0x0000000087a00000| Complete 
| 123|0x0000000087b00000, 0x0000000087c00000, 0x0000000087c00000|100%| E|CS|TAMS 0x0000000087b00000| PB 0x0000000087b00000| Complete 
| 124|0x0000000087c00000, 0x0000000087d00000, 0x0000000087d00000|100%| E|CS|TAMS 0x0000000087c00000| PB 0x0000000087c00000| Complete 
|2039|0x00000000ff700000, 0x00000000ff800000, 0x00000000ff800000|100%| E|CS|TAMS 0x00000000ff700000| PB 0x00000000ff700000| Complete 
|2040|0x00000000ff800000, 0x00000000ff900000, 0x00000000ff900000|100%| O|  |TAMS 0x00000000ff800000| PB 0x00000000ff800000| Untracked 
|2041|0x00000000ff900000, 0x00000000ffa00000, 0x00000000ffa00000|100%| O|  |TAMS 0x00000000ff900000| PB 0x00000000ff900000| Untracked 
|2042|0x00000000ffa00000, 0x00000000ffb00000, 0x00000000ffb00000|100%| O|  |TAMS 0x00000000ffa00000| PB 0x00000000ffa00000| Untracked 
|2043|0x00000000ffb00000, 0x00000000ffc00000, 0x00000000ffc00000|100%| O|  |TAMS 0x00000000ffb00000| PB 0x00000000ffb00000| Untracked 
|2044|0x00000000ffc00000, 0x00000000ffd00000, 0x00000000ffd00000|100%| O|  |TAMS 0x00000000ffc00000| PB 0x00000000ffc00000| Untracked 
|2045|0x00000000ffd00000, 0x00000000ffe00000, 0x00000000ffe00000|100%| O|  |TAMS 0x00000000ffd00000| PB 0x00000000ffd00000| Untracked 
|2046|0x00000000ffe00000, 0x00000000fff00000, 0x00000000fff00000|100%| O|  |TAMS 0x00000000ffe00000| PB 0x00000000ffe00000| Untracked 
|2047|0x00000000fff00000, 0x0000000100000000, 0x0000000100000000|100%| O|  |TAMS 0x00000000fff00000| PB 0x00000000fff00000| Untracked 

Card table byte_map: [0x00000249ff540000,0x00000249ff940000] _byte_map_base: 0x00000249ff140000

Marking Bits: (CMBitMap*) 0x00000249fce74d60
 Bits: [0x0000024992080000, 0x0000024994080000)

Polling page: 0x00000249fcee0000

Metaspace:

Usage:
  Non-class:     82.33 MB used.
      Class:     13.26 MB used.
       Both:     95.58 MB used.

Virtual space:
  Non-class space:      128.00 MB reserved,      83.31 MB ( 65%) committed,  2 nodes.
      Class space:        1.00 GB reserved,      14.25 MB (  1%) committed,  1 nodes.
             Both:        1.12 GB reserved,      97.56 MB (  8%) committed. 

Chunk freelists:
   Non-Class:  12.64 MB
       Class:  1.75 MB
        Both:  14.39 MB

MaxMetaspaceSize: unlimited
CompressedClassSpaceSize: 1.00 GB
Initial GC threshold: 21.00 MB
Current GC threshold: 155.94 MB
CDS: off
 - commit_granule_bytes: 65536.
 - commit_granule_words: 8192.
 - virtual_space_node_default_size: 8388608.
 - enlarge_chunks_in_place: 1.
 - use_allocation_guard: 0.


Internal statistics:

num_allocs_failed_limit: 11.
num_arena_births: 3860.
num_arena_deaths: 0.
num_vsnodes_births: 3.
num_vsnodes_deaths: 0.
num_space_committed: 1561.
num_space_uncommitted: 0.
num_chunks_returned_to_freelist: 11.
num_chunks_taken_from_freelist: 7933.
num_chunk_merges: 11.
num_chunk_splits: 5215.
num_chunks_enlarged: 3281.
num_inconsistent_stats: 0.

CodeHeap 'non-profiled nmethods': size=120000Kb used=5289Kb max_used=5581Kb free=114710Kb
 bounds [0x000002498ab50000, 0x000002498b0d0000, 0x0000024992080000]
CodeHeap 'profiled nmethods': size=120000Kb used=16642Kb max_used=16661Kb free=103357Kb
 bounds [0x0000024983080000, 0x00000249840d0000, 0x000002498a5b0000]
CodeHeap 'non-nmethods': size=5760Kb used=2315Kb max_used=2356Kb free=3444Kb
 bounds [0x000002498a5b0000, 0x000002498a820000, 0x000002498ab50000]
 total_blobs=9860 nmethods=9026 adapters=736
 compilation: enabled
              stopped_count=0, restarted_count=0
 full_count=0

Compilation events (20 events):
Event: 16.248 Thread 0x000002499673cad0 10546       3       org.gradle.internal.ImmutableActionSet$SetWithManyActions::addAll (6 bytes)
Event: 16.249 Thread 0x000002499673cad0 nmethod 10546 0x0000024983835d10 code [0x0000024983835f40, 0x0000024983836660]
Event: 16.249 Thread 0x000002499673cad0 10543       3       org.gradle.model.internal.type.ModelType::isParameterized (8 bytes)
Event: 16.249 Thread 0x000002499673cad0 nmethod 10543 0x0000024983835610 code [0x00000249838357c0, 0x00000249838359b8]
Event: 16.259 Thread 0x000002499673cad0 10551       3       org.gradle.api.internal.provider.AbstractMinimalProvider::map (11 bytes)
Event: 16.259 Thread 0x000002499673cad0 nmethod 10551 0x0000024983a2f490 code [0x0000024983a2f640, 0x0000024983a2f970]
Event: 16.262 Thread 0x000002499673cad0 10552       3       org.gradle.api.internal.provider.AbstractMinimalProvider::map (6 bytes)
Event: 16.262 Thread 0x000002499673cad0 nmethod 10552 0x00000249836caa90 code [0x00000249836cac40, 0x00000249836cae00]
Event: 16.268 Thread 0x000002499673cad0 10553       3       org.gradle.internal.graph.CachingDirectedGraphWalker$GraphWithEmptyEdges::getNodeValues (13 bytes)
Event: 16.269 Thread 0x000002499673cad0 nmethod 10553 0x00000249836ca610 code [0x00000249836ca7c0, 0x00000249836ca990]
Event: 16.269 Thread 0x000002499673cad0 10554       3       org.gradle.api.internal.tasks.CachingTaskDependencyResolveContext$TaskGraphImpl::getNodeValues (172 bytes)
Event: 16.271 Thread 0x000002499dae1c50 nmethod 10478 0x000002498ad84190 code [0x000002498ad844c0, 0x000002498ad86148]
Event: 16.271 Thread 0x000002499dae1c50 10547       4       org.gradle.internal.reflect.ClassInspector::inspectClass (179 bytes)
Event: 16.273 Thread 0x000002499673cad0 nmethod 10554 0x000002498324f090 code [0x000002498324f4c0, 0x0000024983251498]
Event: 16.273 Thread 0x000002499673cad0 10555       3       sun.nio.fs.WindowsPath::normalize (365 bytes)
Event: 16.281 Thread 0x000002499673cad0 nmethod 10555 0x0000024983577310 code [0x0000024983577800, 0x000002498357a1b8]
Event: 16.281 Thread 0x000002499673cad0 10556       3       java.lang.invoke.LambdaForm$DMH/0x00000001006d8000::invokeInterface (25 bytes)
Event: 16.282 Thread 0x000002499673cad0 nmethod 10556 0x00000249836c9b90 code [0x00000249836c9d80, 0x00000249836ca460]
Event: 16.284 Thread 0x000002499673cad0 10557       1       org.gradle.api.internal.provider.ValueSupplier$Present::getSideEffect (5 bytes)
Event: 16.284 Thread 0x000002499673cad0 nmethod 10557 0x000002498af69290 code [0x000002498af69420, 0x000002498af694e8]

GC Heap History (20 events):
Event: 7.897 GC heap before
{Heap before GC invocations=19 (full 0):
 garbage-first heap   total 122880K, used 108898K [0x0000000080000000, 0x0000000100000000)
  region size 1024K, 57 young (58368K), 4 survivors (4096K)
 Metaspace       used 70270K, committed 71872K, reserved 1114112K
  class space    used 9634K, committed 10432K, reserved 1048576K
}
Event: 7.903 GC heap after
{Heap after GC invocations=20 (full 0):
 garbage-first heap   total 122880K, used 61161K [0x0000000080000000, 0x0000000100000000)
  region size 1024K, 8 young (8192K), 8 survivors (8192K)
 Metaspace       used 70270K, committed 71872K, reserved 1114112K
  class space    used 9634K, committed 10432K, reserved 1048576K
}
Event: 9.916 GC heap before
{Heap before GC invocations=20 (full 0):
 garbage-first heap   total 122880K, used 107241K [0x0000000080000000, 0x0000000100000000)
  region size 1024K, 53 young (54272K), 8 survivors (8192K)
 Metaspace       used 75351K, committed 77120K, reserved 1179648K
  class space    used 10312K, committed 11200K, reserved 1048576K
}
Event: 9.921 GC heap after
{Heap after GC invocations=21 (full 0):
 garbage-first heap   total 122880K, used 62792K [0x0000000080000000, 0x0000000100000000)
  region size 1024K, 2 young (2048K), 2 survivors (2048K)
 Metaspace       used 75351K, committed 77120K, reserved 1179648K
  class space    used 10312K, committed 11200K, reserved 1048576K
}
Event: 10.126 GC heap before
{Heap before GC invocations=21 (full 0):
 garbage-first heap   total 122880K, used 66888K [0x0000000080000000, 0x0000000100000000)
  region size 1024K, 8 young (8192K), 2 survivors (2048K)
 Metaspace       used 76586K, committed 78400K, reserved 1179648K
  class space    used 10442K, committed 11328K, reserved 1048576K
}
Event: 10.134 GC heap after
{Heap after GC invocations=22 (full 0):
 garbage-first heap   total 122880K, used 64099K [0x0000000080000000, 0x0000000100000000)
  region size 1024K, 3 young (3072K), 3 survivors (3072K)
 Metaspace       used 76586K, committed 78400K, reserved 1179648K
  class space    used 10442K, committed 11328K, reserved 1048576K
}
Event: 10.995 GC heap before
{Heap before GC invocations=23 (full 0):
 garbage-first heap   total 130048K, used 108131K [0x0000000080000000, 0x0000000100000000)
  region size 1024K, 41 young (41984K), 3 survivors (3072K)
 Metaspace       used 78669K, committed 80448K, reserved 1179648K
  class space    used 10738K, committed 11648K, reserved 1048576K
}
Event: 11.001 GC heap after
{Heap after GC invocations=24 (full 0):
 garbage-first heap   total 130048K, used 68506K [0x0000000080000000, 0x0000000100000000)
  region size 1024K, 6 young (6144K), 6 survivors (6144K)
 Metaspace       used 78669K, committed 80448K, reserved 1179648K
  class space    used 10738K, committed 11648K, reserved 1048576K
}
Event: 11.629 GC heap before
{Heap before GC invocations=24 (full 0):
 garbage-first heap   total 130048K, used 109466K [0x0000000080000000, 0x0000000100000000)
  region size 1024K, 46 young (47104K), 6 survivors (6144K)
 Metaspace       used 81486K, committed 83328K, reserved 1179648K
  class space    used 11096K, committed 12032K, reserved 1048576K
}
Event: 11.635 GC heap after
{Heap after GC invocations=25 (full 0):
 garbage-first heap   total 130048K, used 71902K [0x0000000080000000, 0x0000000100000000)
  region size 1024K, 5 young (5120K), 5 survivors (5120K)
 Metaspace       used 81486K, committed 83328K, reserved 1179648K
  class space    used 11096K, committed 12032K, reserved 1048576K
}
Event: 12.080 GC heap before
{Heap before GC invocations=25 (full 0):
 garbage-first heap   total 130048K, used 110814K [0x0000000080000000, 0x0000000100000000)
  region size 1024K, 43 young (44032K), 5 survivors (5120K)
 Metaspace       used 83884K, committed 85696K, reserved 1179648K
  class space    used 11434K, committed 12352K, reserved 1048576K
}
Event: 12.084 GC heap after
{Heap after GC invocations=26 (full 0):
 garbage-first heap   total 130048K, used 73708K [0x0000000080000000, 0x0000000100000000)
  region size 1024K, 4 young (4096K), 4 survivors (4096K)
 Metaspace       used 83884K, committed 85696K, reserved 1179648K
  class space    used 11434K, committed 12352K, reserved 1048576K
}
Event: 12.901 GC heap before
{Heap before GC invocations=27 (full 0):
 garbage-first heap   total 132096K, used 112620K [0x0000000080000000, 0x0000000100000000)
  region size 1024K, 42 young (43008K), 4 survivors (4096K)
 Metaspace       used 86963K, committed 88768K, reserved 1179648K
  class space    used 11960K, committed 12864K, reserved 1048576K
}
Event: 12.908 GC heap after
{Heap after GC invocations=28 (full 0):
 garbage-first heap   total 132096K, used 74789K [0x0000000080000000, 0x0000000100000000)
  region size 1024K, 2 young (2048K), 2 survivors (2048K)
 Metaspace       used 86963K, committed 88768K, reserved 1179648K
  class space    used 11960K, committed 12864K, reserved 1048576K
}
Event: 13.892 GC heap before
{Heap before GC invocations=28 (full 0):
 garbage-first heap   total 132096K, used 115749K [0x0000000080000000, 0x0000000100000000)
  region size 1024K, 42 young (43008K), 2 survivors (2048K)
 Metaspace       used 90181K, committed 92160K, reserved 1179648K
  class space    used 12463K, committed 13440K, reserved 1048576K
}
Event: 13.900 GC heap after
{Heap after GC invocations=29 (full 0):
 garbage-first heap   total 132096K, used 75656K [0x0000000080000000, 0x0000000100000000)
  region size 1024K, 4 young (4096K), 4 survivors (4096K)
 Metaspace       used 90181K, committed 92160K, reserved 1179648K
  class space    used 12463K, committed 13440K, reserved 1048576K
}
Event: 14.873 GC heap before
{Heap before GC invocations=29 (full 0):
 garbage-first heap   total 132096K, used 116616K [0x0000000080000000, 0x0000000100000000)
  region size 1024K, 44 young (45056K), 4 survivors (4096K)
 Metaspace       used 93534K, committed 95488K, reserved 1179648K
  class space    used 12925K, committed 13888K, reserved 1048576K
}
Event: 14.882 GC heap after
{Heap after GC invocations=30 (full 0):
 garbage-first heap   total 132096K, used 78540K [0x0000000080000000, 0x0000000100000000)
  region size 1024K, 6 young (6144K), 6 survivors (6144K)
 Metaspace       used 93534K, committed 95488K, reserved 1179648K
  class space    used 12925K, committed 13888K, reserved 1048576K
}
Event: 16.083 GC heap before
{Heap before GC invocations=31 (full 0):
 garbage-first heap   total 137216K, used 117452K [0x0000000080000000, 0x0000000100000000)
  region size 1024K, 44 young (45056K), 6 survivors (6144K)
 Metaspace       used 97324K, committed 99264K, reserved 1179648K
  class space    used 13506K, committed 14464K, reserved 1048576K
}
Event: 16.097 GC heap after
{Heap after GC invocations=32 (full 0):
 garbage-first heap   total 137216K, used 80674K [0x0000000080000000, 0x0000000100000000)
  region size 1024K, 5 young (5120K), 5 survivors (5120K)
 Metaspace       used 97324K, committed 99264K, reserved 1179648K
  class space    used 13506K, committed 14464K, reserved 1048576K
}

Dll operation events (3 events):
Event: 0.006 Loaded shared library C:\Program Files\Android\Android Studio\jbr\bin\java.dll
Event: 0.010 Loaded shared library C:\Program Files\Android\Android Studio\jbr\bin\zip.dll
Event: 0.472 Loaded shared library C:\Program Files\Android\Android Studio\jbr\bin\verify.dll

Deoptimization events (20 events):
Event: 15.958 Thread 0x000002499c89b540 Uncommon trap: trap_request=0xffffff45 fr.pc=0x000002498ac63f28 relative=0x0000000000000248
Event: 15.958 Thread 0x000002499c89b540 Uncommon trap: reason=unstable_if action=reinterpret pc=0x000002498ac63f28 method=java.util.regex.Matcher.find()Z @ 10 c2
Event: 15.958 Thread 0x000002499c89b540 DEOPT PACKING pc=0x000002498ac63f28 sp=0x00000081a8af89c0
Event: 15.958 Thread 0x000002499c89b540 DEOPT UNPACKING pc=0x000002498a607da2 sp=0x00000081a8af8980 mode 2
Event: 15.974 Thread 0x000002499c89b540 Uncommon trap: trap_request=0xffffff45 fr.pc=0x000002498ac57f30 relative=0x00000000000002d0
Event: 15.974 Thread 0x000002499c89b540 Uncommon trap: reason=unstable_if action=reinterpret pc=0x000002498ac57f30 method=java.lang.CharacterDataLatin1.digit(II)I @ 12 c2
Event: 15.974 Thread 0x000002499c89b540 DEOPT PACKING pc=0x000002498ac57f30 sp=0x00000081a8af8e30
Event: 15.974 Thread 0x000002499c89b540 DEOPT UNPACKING pc=0x000002498a607da2 sp=0x00000081a8af8c50 mode 2
Event: 15.976 Thread 0x000002499c89b540 Uncommon trap: trap_request=0xffffff45 fr.pc=0x000002498ac48af0 relative=0x0000000000000670
Event: 15.976 Thread 0x000002499c89b540 Uncommon trap: reason=unstable_if action=reinterpret pc=0x000002498ac48af0 method=java.lang.invoke.LambdaForm$BasicType.basicType(C)Ljava/lang/invoke/LambdaForm$BasicType; @ 1 c2
Event: 15.976 Thread 0x000002499c89b540 DEOPT PACKING pc=0x000002498ac48af0 sp=0x00000081a8af84d0
Event: 15.976 Thread 0x000002499c89b540 DEOPT UNPACKING pc=0x000002498a607da2 sp=0x00000081a8af8380 mode 2
Event: 16.011 Thread 0x000002499c89b540 Uncommon trap: trap_request=0xffffffc6 fr.pc=0x000002498aeb9508 relative=0x0000000000000228
Event: 16.011 Thread 0x000002499c89b540 Uncommon trap: reason=bimorphic_or_optimized_type_check action=maybe_recompile pc=0x000002498aeb9508 method=com.google.common.collect.ImmutableList.copyOf(Ljava/util/Collection;)Lcom/google/common/collect/ImmutableList; @ 16 c2
Event: 16.011 Thread 0x000002499c89b540 DEOPT PACKING pc=0x000002498aeb9508 sp=0x00000081a8afa350
Event: 16.011 Thread 0x000002499c89b540 DEOPT UNPACKING pc=0x000002498a607da2 sp=0x00000081a8afa318 mode 2
Event: 16.097 Thread 0x00000249967365c0 Uncommon trap: trap_request=0xffffff45 fr.pc=0x000002498ad39b4c relative=0x000000000000074c
Event: 16.097 Thread 0x00000249967365c0 Uncommon trap: reason=unstable_if action=reinterpret pc=0x000002498ad39b4c method=java.lang.ThreadLocal.remove(Ljava/lang/Thread;)V @ 7 c2
Event: 16.097 Thread 0x00000249967365c0 DEOPT PACKING pc=0x000002498ad39b4c sp=0x00000081a76ff520
Event: 16.097 Thread 0x00000249967365c0 DEOPT UNPACKING pc=0x000002498a607da2 sp=0x00000081a76ff480 mode 2

Classes loaded (20 events):
Event: 15.945 Loading class com/sun/org/apache/xerces/internal/impl/XMLScanner$NameType
Event: 15.946 Loading class com/sun/org/apache/xerces/internal/impl/XMLScanner$NameType done
Event: 15.947 Loading class com/sun/org/apache/xerces/internal/impl/Constants
Event: 15.949 Loading class com/sun/org/apache/xerces/internal/impl/Constants done
Event: 15.949 Loading class com/sun/org/apache/xerces/internal/impl/Constants$ArrayEnumeration
Event: 15.949 Loading class com/sun/org/apache/xerces/internal/impl/Constants$ArrayEnumeration done
Event: 15.951 Loading class org/xml/sax/helpers/AttributesImpl
Event: 15.951 Loading class org/xml/sax/helpers/AttributesImpl done
Event: 15.953 Loading class java/util/regex/Pattern$Behind
Event: 15.954 Loading class java/util/regex/Pattern$Behind done
Event: 15.954 Loading class java/util/regex/Pattern$Neg
Event: 15.954 Loading class java/util/regex/Pattern$Neg done
Event: 15.973 Loading class javax/xml/datatype/DatatypeConfigurationException
Event: 15.973 Loading class javax/xml/datatype/DatatypeConfigurationException done
Event: 15.976 Loading class jdk/internal/reflect/MethodHandleBooleanFieldAccessorImpl
Event: 15.977 Loading class jdk/internal/reflect/MethodHandleBooleanFieldAccessorImpl done
Event: 15.983 Loading class com/sun/org/apache/xerces/internal/impl/io/MalformedByteSequenceException
Event: 15.984 Loading class java/io/CharConversionException
Event: 15.984 Loading class java/io/CharConversionException done
Event: 15.984 Loading class com/sun/org/apache/xerces/internal/impl/io/MalformedByteSequenceException done

Classes unloaded (0 events):
No events

Classes redefined (0 events):
No events

Internal exceptions (20 events):
Event: 13.861 Thread 0x000002499c89b540 Exception <a 'java/lang/ClassNotFoundException'{0x000000008509abd8}: com/android/build/gradle/internal/api/BaseVariantOutputImplCustomizer> (0x000000008509abd8) 
thrown [s\src\hotspot\share\classfile\systemDictionary.cpp, line 312]
Event: 13.865 Thread 0x000002499c89b540 Exception <a 'java/lang/ClassNotFoundException'{0x00000000850ba660}: com/android/build/gradle/internal/api/ApkVariantOutputImplCustomizer> (0x00000000850ba660) 
thrown [s\src\hotspot\share\classfile\systemDictionary.cpp, line 312]
Event: 13.868 Thread 0x000002499c89b540 Exception <a 'java/lang/ClassNotFoundException'{0x00000000850d51c8}: com/android/build/gradle/internal/api/ApkVariantOutputImpl_DecoratedCustomizer> (0x00000000850d51c8) 
thrown [s\src\hotspot\share\classfile\systemDictionary.cpp, line 312]
Event: 13.923 Thread 0x000002499c89b540 Exception <a 'java/lang/NoClassDefFoundError'{0x00000000ff7f7290}: org/jetbrains/kotlin/gradle/plugin/KotlinBasePluginWrapper> (0x00000000ff7f7290) 
thrown [s\src\hotspot\share\oops\constantPool.cpp, line 873]
Event: 14.040 Thread 0x000002499c89b540 Implicit null exception at 0x000002498b00b727 to 0x000002498b00c06c
Event: 14.040 Thread 0x000002499c89b540 Implicit null exception at 0x000002498b00b727 to 0x000002498b00c06c
Event: 14.041 Thread 0x000002499c89b540 Implicit null exception at 0x000002498b00b727 to 0x000002498b00c06c
Event: 14.042 Thread 0x000002499c89b540 Implicit null exception at 0x000002498b00b727 to 0x000002498b00c06c
Event: 14.389 Thread 0x000002499c89b540 Exception <a 'java/lang/NoSuchMethodError'{0x0000000086669548}: 'java.lang.Object java.lang.invoke.DirectMethodHandle$Holder.newInvokeSpecial(java.lang.Object, java.lang.Object, java.lang.Object, java.lang.Object, java.lang.Object, java.lang.Object, int)'> (0x0000000086669548) 
thrown [s\src\hotspot\share\interpreter\linkResolver.cpp, line 784]
Event: 14.390 Thread 0x000002499c89b540 Exception <a 'java/lang/NoSuchMethodError'{0x000000008666e468}: 'java.lang.Object java.lang.invoke.DirectMethodHandle$Holder.invokeSpecial(java.lang.Object, java.lang.Object, java.lang.Object, java.lang.Object, java.lang.Object, java.lang.Object, java.lang.Object, int)'> (0x000000008666e468) 
thrown [s\src\hotspot\share\interpreter\linkResolver.cpp, line 784]
Event: 14.390 Thread 0x000002499c89b540 Exception <a 'java/lang/NoSuchMethodError'{0x0000000086672d60}: 'java.lang.Object java.lang.invoke.Invokers$Holder.linkToTargetMethod(java.lang.Object, java.lang.Object, java.lang.Object, java.lang.Object, java.lang.Object, int, java.lang.Object)'> (0x0000000086672d60) 
thrown [s\src\hotspot\share\interpreter\linkResolver.cpp, line 784]
Event: 14.579 Thread 0x000002499c89b540 Implicit null exception at 0x000002498abd1e6a to 0x000002498abd37cc
Event: 14.929 Thread 0x000002499c89b540 Exception <a 'sun/nio/fs/WindowsException'{0x0000000087b805f8}> (0x0000000087b805f8) 
thrown [s\src\hotspot\share\prims\jni.cpp, line 535]
Event: 14.929 Thread 0x000002499c89b540 Exception <a 'sun/nio/fs/WindowsException'{0x0000000087b81eb0}> (0x0000000087b81eb0) 
thrown [s\src\hotspot\share\prims\jni.cpp, line 535]
Event: 14.930 Thread 0x000002499c89b540 Exception <a 'sun/nio/fs/WindowsException'{0x0000000087b83568}> (0x0000000087b83568) 
thrown [s\src\hotspot\share\prims\jni.cpp, line 535]
Event: 14.930 Thread 0x000002499c89b540 Exception <a 'sun/nio/fs/WindowsException'{0x0000000087b84c20}> (0x0000000087b84c20) 
thrown [s\src\hotspot\share\prims\jni.cpp, line 535]
Event: 15.215 Thread 0x000002499c89b540 Exception <a 'java/lang/NullPointerException'{0x0000000087034ab0}> (0x0000000087034ab0) 
thrown [s\src\hotspot\share\interpreter\linkResolver.cpp, line 1471]
Event: 15.978 Thread 0x000002499c89b540 Exception <a 'java/lang/NoSuchMethodError'{0x0000000085a13fc8}: 'void java.lang.invoke.DelegatingMethodHandle$Holder.reinvoke_L(java.lang.Object, java.lang.Object, int)'> (0x0000000085a13fc8) 
thrown [s\src\hotspot\share\interpreter\linkResolver.cpp, line 784]
Event: 15.979 Thread 0x000002499c89b540 Exception <a 'java/lang/NoSuchMethodError'{0x0000000085a1b610}: 'void java.lang.invoke.Invokers$Holder.invokeExact_MT(java.lang.Object, java.lang.Object, int, java.lang.Object)'> (0x0000000085a1b610) 
thrown [s\src\hotspot\share\interpreter\linkResolver.cpp, line 784]
Event: 16.097 Thread 0x00000249967365c0 Implicit null exception at 0x000002498ad39448 to 0x000002498ad39b3c

ZGC Phase Switch (0 events):
No events

VM Operations (20 events):
Event: 14.319 Executing VM operation: HandshakeAllThreads (Deoptimize)
Event: 14.319 Executing VM operation: HandshakeAllThreads (Deoptimize) done
Event: 14.372 Executing VM operation: ICBufferFull
Event: 14.372 Executing VM operation: ICBufferFull done
Event: 14.521 Executing VM operation: HandshakeAllThreads (Deoptimize)
Event: 14.521 Executing VM operation: HandshakeAllThreads (Deoptimize) done
Event: 14.873 Executing VM operation: G1CollectForAllocation (G1 Evacuation Pause)
Event: 14.882 Executing VM operation: G1CollectForAllocation (G1 Evacuation Pause) done
Event: 14.964 Executing VM operation: G1PauseRemark
Event: 14.972 Executing VM operation: G1PauseRemark done
Event: 15.008 Executing VM operation: G1PauseCleanup
Event: 15.008 Executing VM operation: G1PauseCleanup done
Event: 15.121 Executing VM operation: HandshakeAllThreads (Deoptimize)
Event: 15.121 Executing VM operation: HandshakeAllThreads (Deoptimize) done
Event: 15.899 Executing VM operation: HandshakeAllThreads (Deoptimize)
Event: 15.899 Executing VM operation: HandshakeAllThreads (Deoptimize) done
Event: 15.991 Executing VM operation: HandshakeAllThreads (Deoptimize)
Event: 15.992 Executing VM operation: HandshakeAllThreads (Deoptimize) done
Event: 16.083 Executing VM operation: G1CollectForAllocation (G1 Evacuation Pause)
Event: 16.097 Executing VM operation: G1CollectForAllocation (G1 Evacuation Pause) done

Events (20 events):
Event: 14.971 Thread 0x00000249965ace20 flushing nmethod 0x000002498ad40010
Event: 14.971 Thread 0x00000249965ace20 flushing nmethod 0x000002498ad0da90
Event: 14.971 Thread 0x00000249965ace20 flushing nmethod 0x000002498ac76490
Event: 14.971 Thread 0x00000249965ace20 flushing nmethod 0x000002498ad24490
Event: 14.971 Thread 0x00000249965ace20 flushing nmethod 0x000002498acfcd10
Event: 14.971 Thread 0x00000249965ace20 flushing nmethod 0x000002498ac6dc10
Event: 14.971 Thread 0x00000249965ace20 flushing nmethod 0x000002498aca0790
Event: 14.971 Thread 0x00000249965ace20 flushing nmethod 0x000002498ac9fa90
Event: 14.971 Thread 0x00000249965ace20 flushing nmethod 0x000002498ac9d790
Event: 14.971 Thread 0x00000249965ace20 flushing nmethod 0x000002498ac59110
Event: 14.971 Thread 0x00000249965ace20 flushing nmethod 0x000002498ac0ab10
Event: 14.971 Thread 0x00000249965ace20 flushing nmethod 0x000002498abf7b10
Event: 14.971 Thread 0x00000249965ace20 flushing nmethod 0x000002498abbe110
Event: 14.971 Thread 0x00000249965ace20 flushing nmethod 0x000002498abe5b90
Event: 14.971 Thread 0x00000249965ace20 flushing nmethod 0x000002498abc3c10
Event: 14.971 Thread 0x00000249965ace20 flushing nmethod 0x000002498ab98f90
Event: 14.971 Thread 0x00000249965ace20 flushing nmethod 0x000002498ab72890
Event: 14.971 Thread 0x00000249965ace20 flushing nmethod 0x000002498ab5d290
Event: 15.405 Thread 0x000002499dae3790 Thread exited: 0x000002499dae3790
Event: 15.961 Thread 0x000002499dae1c50 Thread added: 0x000002499dae1c50


Dynamic libraries:
0x00007ff7c8040000 - 0x00007ff7c804a000 	C:\Program Files\Android\Android Studio\jbr\bin\java.exe
0x00007ff8e8250000 - 0x00007ff8e8467000 	C:\WINDOWS\SYSTEM32\ntdll.dll
0x00007ff8e7080000 - 0x00007ff8e7144000 	C:\WINDOWS\System32\KERNEL32.DLL
0x00007ff8e58e0000 - 0x00007ff8e5cb1000 	C:\WINDOWS\System32\KERNELBASE.dll
0x00007ff8e5650000 - 0x00007ff8e5761000 	C:\WINDOWS\System32\ucrtbase.dll
0x00007ff8d0eb0000 - 0x00007ff8d0ecb000 	C:\Program Files\Android\Android Studio\jbr\bin\VCRUNTIME140.dll
0x00007ff8d0e40000 - 0x00007ff8d0e58000 	C:\Program Files\Android\Android Studio\jbr\bin\jli.dll
0x00007ff8e6cb0000 - 0x00007ff8e6e61000 	C:\WINDOWS\System32\USER32.dll
0x00007ff8e5770000 - 0x00007ff8e5796000 	C:\WINDOWS\System32\win32u.dll
0x00007ff8cfdc0000 - 0x00007ff8d0052000 	C:\WINDOWS\WinSxS\amd64_microsoft.windows.common-controls_6595b64144ccf1df_6.0.22621.4830_none_270fe7d773858e80\COMCTL32.dll
0x00007ff8e8180000 - 0x00007ff8e81a9000 	C:\WINDOWS\System32\GDI32.dll
0x00007ff8e8010000 - 0x00007ff8e80b7000 	C:\WINDOWS\System32\msvcrt.dll
0x00007ff8e5500000 - 0x00007ff8e561b000 	C:\WINDOWS\System32\gdi32full.dll
0x00007ff8e5d40000 - 0x00007ff8e5dda000 	C:\WINDOWS\System32\msvcp_win.dll
0x00007ff8e7fd0000 - 0x00007ff8e8001000 	C:\WINDOWS\System32\IMM32.DLL
0x00007ff8de240000 - 0x00007ff8de24c000 	C:\Program Files\Android\Android Studio\jbr\bin\vcruntime140_1.dll
0x00007ff87eb80000 - 0x00007ff87ec0d000 	C:\Program Files\Android\Android Studio\jbr\bin\msvcp140.dll
0x00007ff8752c0000 - 0x00007ff875f3d000 	C:\Program Files\Android\Android Studio\jbr\bin\server\jvm.dll
0x00007ff8e80c0000 - 0x00007ff8e8171000 	C:\WINDOWS\System32\ADVAPI32.dll
0x00007ff8e6b30000 - 0x00007ff8e6bd7000 	C:\WINDOWS\System32\sechost.dll
0x00007ff8e5620000 - 0x00007ff8e5648000 	C:\WINDOWS\System32\bcrypt.dll
0x00007ff8e5f20000 - 0x00007ff8e6034000 	C:\WINDOWS\System32\RPCRT4.dll
0x00007ff8e6c30000 - 0x00007ff8e6ca1000 	C:\WINDOWS\System32\WS2_32.dll
0x00007ff8e4260000 - 0x00007ff8e42ad000 	C:\WINDOWS\SYSTEM32\POWRPROF.dll
0x00007ff8dd310000 - 0x00007ff8dd344000 	C:\WINDOWS\SYSTEM32\WINMM.dll
0x00007ff8dd040000 - 0x00007ff8dd04a000 	C:\WINDOWS\SYSTEM32\VERSION.dll
0x00007ff8e4220000 - 0x00007ff8e4233000 	C:\WINDOWS\SYSTEM32\UMPDC.dll
0x00007ff8e44d0000 - 0x00007ff8e44e8000 	C:\WINDOWS\SYSTEM32\kernel.appcore.dll
0x00007ff8dab90000 - 0x00007ff8dab9a000 	C:\Program Files\Android\Android Studio\jbr\bin\jimage.dll
0x00007ff8e2700000 - 0x00007ff8e2932000 	C:\WINDOWS\SYSTEM32\DBGHELP.DLL
0x00007ff8e7c10000 - 0x00007ff8e7fa0000 	C:\WINDOWS\System32\combase.dll
0x00007ff8e68d0000 - 0x00007ff8e69a7000 	C:\WINDOWS\System32\OLEAUT32.dll
0x00007ff8d36e0000 - 0x00007ff8d3712000 	C:\WINDOWS\SYSTEM32\dbgcore.DLL
0x00007ff8e5cc0000 - 0x00007ff8e5d3b000 	C:\WINDOWS\System32\bcryptPrimitives.dll
0x00007ff8d0400000 - 0x00007ff8d040e000 	C:\Program Files\Android\Android Studio\jbr\bin\instrument.dll
0x00007ff8cf360000 - 0x00007ff8cf37f000 	C:\Program Files\Android\Android Studio\jbr\bin\java.dll
0x00007ff8cf1d0000 - 0x00007ff8cf1e8000 	C:\Program Files\Android\Android Studio\jbr\bin\zip.dll
0x00007ff8e6040000 - 0x00007ff8e68c8000 	C:\WINDOWS\System32\SHELL32.dll
0x00007ff8e57a0000 - 0x00007ff8e58df000 	C:\WINDOWS\System32\wintypes.dll
0x00007ff8e3300000 - 0x00007ff8e3c0d000 	C:\WINDOWS\SYSTEM32\windows.storage.dll
0x00007ff8e6f70000 - 0x00007ff8e707a000 	C:\WINDOWS\System32\SHCORE.dll
0x00007ff8e6e80000 - 0x00007ff8e6ede000 	C:\WINDOWS\System32\shlwapi.dll
0x00007ff8e52c0000 - 0x00007ff8e52eb000 	C:\WINDOWS\SYSTEM32\profapi.dll
0x00007ff8d6d60000 - 0x00007ff8d6d70000 	C:\Program Files\Android\Android Studio\jbr\bin\net.dll
0x00007ff8de490000 - 0x00007ff8de5bc000 	C:\WINDOWS\SYSTEM32\WINHTTP.dll
0x00007ff8e4940000 - 0x00007ff8e49aa000 	C:\WINDOWS\system32\mswsock.dll
0x00007ff8c7210000 - 0x00007ff8c7226000 	C:\Program Files\Android\Android Studio\jbr\bin\nio.dll
0x00007ff8d0e90000 - 0x00007ff8d0ea0000 	C:\Program Files\Android\Android Studio\jbr\bin\verify.dll
0x00007ff8cf380000 - 0x00007ff8cf3a7000 	C:\Users\DELL\.gradle\native\c067742578af261105cb4f569cf0c3c89f3d7b1fecec35dd04571415982c5e48\windows-amd64\native-platform.dll
0x00007ff87cc00000 - 0x00007ff87cd44000 	C:\Users\DELL\.gradle\native\100fb08df4bc3b14c8652ba06237920a3bd2aa13389f12d3474272988ae205f9\windows-amd64\native-platform-file-events.dll
0x00007ff8d6480000 - 0x00007ff8d6489000 	C:\Program Files\Android\Android Studio\jbr\bin\management.dll
0x00007ff8d5dc0000 - 0x00007ff8d5dcb000 	C:\Program Files\Android\Android Studio\jbr\bin\management_ext.dll
0x00007ff8e7fc0000 - 0x00007ff8e7fc8000 	C:\WINDOWS\System32\PSAPI.DLL
0x00007ff8e4b90000 - 0x00007ff8e4bab000 	C:\WINDOWS\SYSTEM32\CRYPTSP.dll
0x00007ff8e4430000 - 0x00007ff8e4467000 	C:\WINDOWS\system32\rsaenh.dll
0x00007ff8e4a30000 - 0x00007ff8e4a58000 	C:\WINDOWS\SYSTEM32\USERENV.dll
0x00007ff8e4bb0000 - 0x00007ff8e4bbc000 	C:\WINDOWS\SYSTEM32\CRYPTBASE.dll
0x00007ff8e3e60000 - 0x00007ff8e3e8d000 	C:\WINDOWS\SYSTEM32\IPHLPAPI.DLL
0x00007ff8e7640000 - 0x00007ff8e7649000 	C:\WINDOWS\System32\NSI.dll
0x00007ff8d6b00000 - 0x00007ff8d6b09000 	C:\Program Files\Android\Android Studio\jbr\bin\extnet.dll
0x00007ff8a0470000 - 0x00007ff8a0478000 	C:\WINDOWS\system32\wshunix.dll

dbghelp: loaded successfully - version: 4.0.5 - missing functions: none
symbol engine: initialized successfully - sym options: 0x614 - pdb path: .;C:\Program Files\Android\Android Studio\jbr\bin;C:\WINDOWS\SYSTEM32;C:\WINDOWS\WinSxS\amd64_microsoft.windows.common-controls_6595b64144ccf1df_6.0.22621.4830_none_270fe7d773858e80;C:\Program Files\Android\Android Studio\jbr\bin\server;C:\Users\DELL\.gradle\native\c067742578af261105cb4f569cf0c3c89f3d7b1fecec35dd04571415982c5e48\windows-amd64;C:\Users\DELL\.gradle\native\100fb08df4bc3b14c8652ba06237920a3bd2aa13389f12d3474272988ae205f9\windows-amd64

VM Arguments:
jvm_args: --add-opens=java.base/java.util=ALL-UNNAMED --add-opens=java.base/java.lang=ALL-UNNAMED --add-opens=java.base/java.lang.invoke=ALL-UNNAMED --add-opens=java.prefs/java.util.prefs=ALL-UNNAMED --add-exports=jdk.compiler/com.sun.tools.javac.api=ALL-UNNAMED --add-exports=jdk.compiler/com.sun.tools.javac.util=ALL-UNNAMED --add-opens=java.base/java.nio.charset=ALL-UNNAMED --add-opens=java.base/java.net=ALL-UNNAMED --add-opens=java.base/java.util.concurrent.atomic=ALL-UNNAMED -Xmx2048m -Dfile.encoding=UTF-8 -Duser.country=GB -Duser.language=en -Duser.variant -javaagent:C:\Users\DELL\.gradle\wrapper\dists\gradle-8.9-bin\90cnw93cvbtalezasaz0blq0a\gradle-8.9\lib\agents\gradle-instrumentation-agent-8.9.jar 
java_command: org.gradle.launcher.daemon.bootstrap.GradleDaemon 8.9
java_class_path (initial): C:\Users\DELL\.gradle\wrapper\dists\gradle-8.9-bin\90cnw93cvbtalezasaz0blq0a\gradle-8.9\lib\gradle-daemon-main-8.9.jar
Launcher Type: SUN_STANDARD

[Global flags]
     intx CICompilerCount                          = 4                                         {product} {ergonomic}
     uint ConcGCThreads                            = 2                                         {product} {ergonomic}
     uint G1ConcRefinementThreads                  = 8                                         {product} {ergonomic}
   size_t G1HeapRegionSize                         = 1048576                                   {product} {ergonomic}
    uintx GCDrainStackTargetSize                   = 64                                        {product} {ergonomic}
   size_t InitialHeapSize                          = 130023424                                 {product} {ergonomic}
   size_t MarkStackSize                            = 4194304                                   {product} {ergonomic}
   size_t MaxHeapSize                              = 2147483648                                {product} {command line}
   size_t MaxNewSize                               = 1287651328                                {product} {ergonomic}
   size_t MinHeapDeltaBytes                        = 1048576                                   {product} {ergonomic}
   size_t MinHeapSize                              = 8388608                                   {product} {ergonomic}
    uintx NonNMethodCodeHeapSize                   = 5839372                                {pd product} {ergonomic}
    uintx NonProfiledCodeHeapSize                  = 122909434                              {pd product} {ergonomic}
    uintx ProfiledCodeHeapSize                     = 122909434                              {pd product} {ergonomic}
    uintx ReservedCodeCacheSize                    = 251658240                              {pd product} {ergonomic}
     bool SegmentedCodeCache                       = true                                      {product} {ergonomic}
   size_t SoftMaxHeapSize                          = 2147483648                             {manageable} {ergonomic}
     bool UseCompressedOops                        = true                           {product lp64_product} {ergonomic}
     bool UseG1GC                                  = true                                      {product} {ergonomic}
     bool UseLargePagesIndividualAllocation        = false                                  {pd product} {ergonomic}

Logging:
Log output configuration:
 #0: stdout all=warning uptime,level,tags foldmultilines=false
 #1: stderr all=off uptime,level,tags foldmultilines=false

Environment Variables:
PATH=C:\Program Files\Microsoft MPI\Bin\;C:\Program Files\Python39\Scripts\;C:\Program Files\Python39\;C:\Windows\system32;C:\Windows;C:\Windows\System32\Wbem;C:\Windows\System32\WindowsPowerShell\v1.0\;C:\Windows\System32\OpenSSH\;C:\Program Files\NVIDIA Corporation\NVIDIA NvDLISR;C:\Program Files\dotnet\;C:\WINDOWS\system32;C:\WINDOWS;C:\WINDOWS\System32\Wbem;C:\WINDOWS\System32\WindowsPowerShell\v1.0\;C:\WINDOWS\System32\OpenSSH\;C:\Program Files\Git\cmd;C:\Program Files (x86)\Microsoft SQL Server\130\Tools\Binn\;C:\Program Files\Microsoft SQL Server\130\Tools\Binn\;C:\Program Files (x86)\Microsoft SQL Server\130\DTS\Binn\;C:\Program Files\Microsoft SQL Server\130\DTS\Binn\;C:\Program Files\Microsoft SQL Server\Client SDK\ODBC\130\Tools\Binn\;C:\Program Files (x86)\Microsoft SQL Server\160\DTS\Binn\;C:\Program Files\Azure Data Studio\bin;C:\Program Files\Microsoft SQL Server\Client SDK\ODBC\170\Tools\Binn\;C:\Program Files (x86)\Microsoft SQL Server\150\Tools\Binn\;C:\Program Files\Microsoft SQL Server\150\Tools\Binn\;C:\Program Files\Microsoft SQL Server\150\DTS\Binn\;C:\Program Files (x86)\Microsoft SQL Server\160\Tools\Binn\;C:\Program Files\Microsoft SQL Server\160\Tools\Binn\;C:\Program Files\Microsoft SQL Server\160\DTS\Binn\;C:\Program Files\nodejs\;C:\Users\DELL\AppData\Local\Microsoft\WindowsApps;C:\Program Files\Microsoft VS Code\bin;C:\Users\DELL\.dotnet\tools;C:\Program Files\Azure Data Studio\bin;C:\Users\DELL\AppData\Local\GitHubDesktop\bin;C:\Program Files\JetBrains\PyCharm Community Edition 2024.3.1.1\bin;;C:\Users\DELL\AppData\Roaming\npm;C:\flutter\bin;
USERNAME=DELL
OS=Windows_NT
PROCESSOR_IDENTIFIER=Intel64 Family 6 Model 140 Stepping 1, GenuineIntel
TMP=C:\Users\DELL\AppData\Local\Temp
TEMP=C:\Users\DELL\AppData\Local\Temp




Periodic native trim disabled

JNI global refs:
JNI global refs: 29, weak refs: 4

JNI global refs memory usage: 835, weak refs: 833

Process memory usage:
Resident Set Size: 395172K (4% of 8104744K total physical memory with 485928K free physical memory)

OOME stack traces (most recent first):
Classloader memory used:
Loader org.gradle.internal.classloader.VisitableURLClassLoader                         : 37221K
Loader bootstrap                                                                       : 26810K
Loader org.gradle.internal.classloader.VisitableURLClassLoader$InstrumentingVisitableURLClassLoader: 21885K
Loader org.gradle.initialization.MixInLegacyTypesClassLoader                           : 10879K
Loader jdk.internal.loader.ClassLoaders$PlatformClassLoader                            : 530K
Loader jdk.internal.loader.ClassLoaders$AppClassLoader                                 : 230K
Loader jdk.internal.reflect.DelegatingClassLoader                                      : 178K
Loader org.gradle.internal.classloader.VisitableURLClassLoader                         : 163K


[error occurred during error reporting (Classloader stats), id 0xe0000001, Out of Memory Error (s\src\hotspot\share\memory\arena.cpp:168)]
---------------  S Y S T E M  ---------------

OS:
 Windows 11 , 64 bit Build 22621 (10.0.22621.4974)
OS uptime: 0 days 8:12 hours

CPU: total 8 (initial active 8) (4 cores per cpu, 2 threads per core) family 6 model 140 stepping 1 microcode 0xba, cx8, cmov, fxsr, ht, mmx, 3dnowpref, sse, sse2, sse3, ssse3, sse4.1, sse4.2, popcnt, lzcnt, tsc, tscinvbit, avx, avx2, aes, erms, clmul, bmi1, bmi2, adx, avx512f, avx512dq, avx512cd, avx512bw, avx512vl, sha, fma, vzeroupper, avx512_vpopcntdq, avx512_vpclmulqdq, avx512_vaes, avx512_vnni, clflush, clflushopt, clwb, avx512_vbmi2, avx512_vbmi, rdtscp, rdpid, fsrm, gfni, avx512_bitalg, f16c, pku, cet_ibt, cet_ss, avx512_ifma
Processor Information for processor 0
  Max Mhz: 2419, Current Mhz: 2419, Mhz Limit: 2419
Processor Information for processor 1
  Max Mhz: 2419, Current Mhz: 2419, Mhz Limit: 2419
Processor Information for processor 2
  Max Mhz: 2419, Current Mhz: 1209, Mhz Limit: 2419
Processor Information for processor 3
  Max Mhz: 2419, Current Mhz: 2419, Mhz Limit: 2419
Processor Information for processor 4
  Max Mhz: 2419, Current Mhz: 1209, Mhz Limit: 2419
Processor Information for processor 5
  Max Mhz: 2419, Current Mhz: 1209, Mhz Limit: 2419
Processor Information for processor 6
  Max Mhz: 2419, Current Mhz: 1209, Mhz Limit: 2419
Processor Information for processor 7
  Max Mhz: 2419, Current Mhz: 1209, Mhz Limit: 2419

Memory: 4k page, system-wide physical 7914M (474M free)
TotalPageFile size 15732M (AvailPageFile size 1M)
current process WorkingSet (physical memory assigned to process): 386M, peak: 393M
current process commit charge ("private bytes"): 421M, peak: 429M

vm_info: OpenJDK 64-Bit Server VM (21.0.3+-12282718-b509.11) for windows-amd64 JRE (21.0.3+-12282718-b509.11), built on 2024-08-27T17:34:15Z by "builder" with MS VC++ 16.10 / 16.11 (VS2019)

END.
