#
# There is insufficient memory for the Java Runtime Environment to continue.
# Native memory allocation (malloc) failed to allocate 1931856 bytes. Error detail: Chunk::new
# Possible reasons:
#   The system is out of physical RAM or swap space
#   This process is running with CompressedOops enabled, and the Java Heap may be blocking the growth of the native heap
# Possible solutions:
#   Reduce memory load on the system
#   Increase physical memory or swap space
#   Check if swap backing store is full
#   Decrease Java heap size (-Xmx/-Xms)
#   Decrease number of Java threads
#   Decrease Java thread stack sizes (-Xss)
#   Set larger code cache with -XX:ReservedCodeCacheSize=
#   JVM is running with Unscaled Compressed Oops mode in which the Java heap is
#     placed in the first 4GB address space. The Java Heap base address is the
#     maximum limit for the native heap growth. Please use -XX:HeapBaseMinAddress
#     to set the Java Heap base and to place the Java Heap above 4GB virtual address.
# This output file may be truncated or incomplete.
#
#  Out of Memory Error (arena.cpp:168), pid=11620, tid=20376
#
# JRE version: OpenJDK Runtime Environment (21.0.3) (build 21.0.3+-12282718-b509.11)
# Java VM: OpenJDK 64-Bit Server VM (21.0.3+-12282718-b509.11, mixed mode, tiered, compressed oops, compressed class ptrs, g1 gc, windows-amd64)
# No core dump will be written. Minidumps are not enabled by default on client versions of Windows
#

---------------  S U M M A R Y ------------

Command Line: --add-opens=java.base/java.util=ALL-UNNAMED --add-opens=java.base/java.lang=ALL-UNNAMED --add-opens=java.base/java.lang.invoke=ALL-UNNAMED --add-opens=java.prefs/java.util.prefs=ALL-UNNAMED --add-exports=jdk.compiler/com.sun.tools.javac.api=ALL-UNNAMED --add-exports=jdk.compiler/com.sun.tools.javac.util=ALL-UNNAMED --add-opens=java.base/java.nio.charset=ALL-UNNAMED --add-opens=java.base/java.net=ALL-UNNAMED --add-opens=java.base/java.util.concurrent.atomic=ALL-UNNAMED -Xmx2048m -Dfile.encoding=UTF-8 -Duser.country=GB -Duser.language=en -Duser.variant -javaagent:C:\Users\DELL\.gradle\wrapper\dists\gradle-8.9-bin\90cnw93cvbtalezasaz0blq0a\gradle-8.9\lib\agents\gradle-instrumentation-agent-8.9.jar org.gradle.launcher.daemon.bootstrap.GradleDaemon 8.9

Host: 11th Gen Intel(R) Core(TM) i5-1135G7 @ 2.40GHz, 8 cores, 7G,  Windows 11 , 64 bit Build 22621 (10.0.22621.4974)
Time: Sat Mar 29 22:46:43 2025 SE Asia Standard Time elapsed time: 6.248720 seconds (0d 0h 0m 6s)

---------------  T H R E A D  ---------------

Current thread (0x0000016f6d784660):  JavaThread "C2 CompilerThread0" daemon [_thread_in_native, id=20376, stack(0x00000014ebf00000,0x00000014ec000000) (1024K)]


Current CompileTask:
C2:   6248 4595   !   4       java.net.URLClassLoader::findClass (47 bytes)

Stack: [0x00000014ebf00000,0x00000014ec000000]
Native frames: (J=compiled Java code, j=interpreted, Vv=VM code, C=native code)
V  [jvm.dll+0x6cafb9]
V  [jvm.dll+0x858523]
V  [jvm.dll+0x85aa7e]
V  [jvm.dll+0x85b163]
V  [jvm.dll+0x27d356]
V  [jvm.dll+0xbf93d]
V  [jvm.dll+0xbfe73]
V  [jvm.dll+0x3b1cb1]
V  [jvm.dll+0x37e787]
V  [jvm.dll+0x37dbfa]
V  [jvm.dll+0x246b02]
V  [jvm.dll+0x2460d1]
V  [jvm.dll+0x1c5804]
V  [jvm.dll+0x25575c]
V  [jvm.dll+0x253c36]
V  [jvm.dll+0x3ec996]
V  [jvm.dll+0x800d78]
V  [jvm.dll+0x6c98cd]
C  [ucrtbase.dll+0x29333]
C  [KERNEL32.DLL+0x1259d]
C  [ntdll.dll+0x5af38]


---------------  P R O C E S S  ---------------

Threads class SMR info:
_java_thread_list=0x0000016f75863ab0, length=32, elements={
0x0000016f53cc3e60, 0x0000016f6d72ae90, 0x0000016f6d72b8c0, 0x0000016f6d75c540,
0x0000016f6d77ce80, 0x0000016f6d77f510, 0x0000016f6d783b90, 0x0000016f6d784660,
0x0000016f6d743740, 0x0000016f6d8bb230, 0x0000016f6da874f0, 0x0000016f73927e40,
0x0000016f73904820, 0x0000016f73a347b0, 0x0000016f73903d60, 0x0000016f73aaf030,
0x0000016f73bbb630, 0x0000016f738fb1d0, 0x0000016f73c3ac80, 0x0000016f73c3b310,
0x0000016f73c3a5f0, 0x0000016f73c39f60, 0x0000016f73d42e50, 0x0000016f73d3d900,
0x0000016f73d40060, 0x0000016f73d3f340, 0x0000016f73d3bec0, 0x0000016f73d406f0,
0x0000016f73d3df90, 0x0000016f73d3d270, 0x0000016f73d3c550, 0x0000016f73d40d80
}

Java Threads: ( => current thread )
  0x0000016f53cc3e60 JavaThread "main"                              [_thread_blocked, id=4804, stack(0x00000014eb100000,0x00000014eb200000) (1024K)]
  0x0000016f6d72ae90 JavaThread "Reference Handler"          daemon [_thread_blocked, id=16920, stack(0x00000014eb900000,0x00000014eba00000) (1024K)]
  0x0000016f6d72b8c0 JavaThread "Finalizer"                  daemon [_thread_blocked, id=19948, stack(0x00000014eba00000,0x00000014ebb00000) (1024K)]
  0x0000016f6d75c540 JavaThread "Signal Dispatcher"          daemon [_thread_blocked, id=16776, stack(0x00000014ebb00000,0x00000014ebc00000) (1024K)]
  0x0000016f6d77ce80 JavaThread "Attach Listener"            daemon [_thread_blocked, id=14640, stack(0x00000014ebc00000,0x00000014ebd00000) (1024K)]
  0x0000016f6d77f510 JavaThread "Service Thread"             daemon [_thread_blocked, id=19604, stack(0x00000014ebd00000,0x00000014ebe00000) (1024K)]
  0x0000016f6d783b90 JavaThread "Monitor Deflation Thread"   daemon [_thread_blocked, id=4856, stack(0x00000014ebe00000,0x00000014ebf00000) (1024K)]
=>0x0000016f6d784660 JavaThread "C2 CompilerThread0"         daemon [_thread_in_native, id=20376, stack(0x00000014ebf00000,0x00000014ec000000) (1024K)]
  0x0000016f6d743740 JavaThread "C1 CompilerThread0"         daemon [_thread_blocked, id=20384, stack(0x00000014ec000000,0x00000014ec100000) (1024K)]
  0x0000016f6d8bb230 JavaThread "Common-Cleaner"             daemon [_thread_blocked, id=12948, stack(0x00000014ec100000,0x00000014ec200000) (1024K)]
  0x0000016f6da874f0 JavaThread "Notification Thread"        daemon [_thread_blocked, id=17824, stack(0x00000014ec200000,0x00000014ec300000) (1024K)]
  0x0000016f73927e40 JavaThread "Daemon health stats"               [_thread_blocked, id=1644, stack(0x00000014ec700000,0x00000014ec800000) (1024K)]
  0x0000016f73904820 JavaThread "Incoming local TCP Connector on port 51356"        [_thread_in_native, id=17652, stack(0x00000014ec800000,0x00000014ec900000) (1024K)]
  0x0000016f73a347b0 JavaThread "Daemon periodic checks"            [_thread_blocked, id=14372, stack(0x00000014ec900000,0x00000014eca00000) (1024K)]
  0x0000016f73903d60 JavaThread "Daemon"                            [_thread_blocked, id=12076, stack(0x00000014eca00000,0x00000014ecb00000) (1024K)]
  0x0000016f73aaf030 JavaThread "Handler for socket connection from /127.0.0.1:51356 to /127.0.0.1:51357"        [_thread_in_native, id=6644, stack(0x00000014ecb00000,0x00000014ecc00000) (1024K)]
  0x0000016f73bbb630 JavaThread "Cancel handler"                    [_thread_blocked, id=15044, stack(0x00000014ecc00000,0x00000014ecd00000) (1024K)]
  0x0000016f738fb1d0 JavaThread "Daemon worker"                     [_thread_in_Java, id=12636, stack(0x00000014ecd00000,0x00000014ece00000) (1024K)]
  0x0000016f73c3ac80 JavaThread "Asynchronous log dispatcher for DefaultDaemonConnection: socket connection from /127.0.0.1:51356 to /127.0.0.1:51357"        [_thread_blocked, id=8204, stack(0x00000014ece00000,0x00000014ecf00000) (1024K)]
  0x0000016f73c3b310 JavaThread "Stdin handler"                     [_thread_blocked, id=4184, stack(0x00000014ecf00000,0x00000014ed000000) (1024K)]
  0x0000016f73c3a5f0 JavaThread "Daemon client event forwarder"        [_thread_blocked, id=18000, stack(0x00000014ed000000,0x00000014ed100000) (1024K)]
  0x0000016f73c39f60 JavaThread "Cache worker for journal cache (C:\Users\DELL\.gradle\caches\journal-1)"        [_thread_blocked, id=19904, stack(0x00000014ed500000,0x00000014ed600000) (1024K)]
  0x0000016f73d42e50 JavaThread "File lock request listener"        [_thread_in_native, id=17164, stack(0x00000014ed600000,0x00000014ed700000) (1024K)]
  0x0000016f73d3d900 JavaThread "Cache worker for file hash cache (C:\Users\DELL\.gradle\caches\8.9\fileHashes)"        [_thread_blocked, id=6340, stack(0x00000014ed700000,0x00000014ed800000) (1024K)]
  0x0000016f73d40060 JavaThread "Cache worker for file hash cache (E:\HocTap\social-media-micro-project\frontend\.gradle\8.9\fileHashes)"        [_thread_blocked, id=16480, stack(0x00000014ed800000,0x00000014ed900000) (1024K)]
  0x0000016f73d3f340 JavaThread "Cache worker for Build Output Cleanup Cache (E:\HocTap\social-media-micro-project\frontend\.gradle\buildOutputCleanup)"        [_thread_blocked, id=15052, stack(0x00000014ed900000,0x00000014eda00000) (1024K)]
  0x0000016f73d3bec0 JavaThread "File watcher server"        daemon [_thread_in_native, id=19812, stack(0x00000014eda00000,0x00000014edb00000) (1024K)]
  0x0000016f73d406f0 JavaThread "File watcher consumer"      daemon [_thread_blocked, id=15968, stack(0x00000014edb00000,0x00000014edc00000) (1024K)]
  0x0000016f73d3df90 JavaThread "Cache worker for checksums cache (E:\HocTap\social-media-micro-project\frontend\.gradle\8.9\checksums)"        [_thread_blocked, id=15056, stack(0x00000014edc00000,0x00000014edd00000) (1024K)]
  0x0000016f73d3d270 JavaThread "Cache worker for file content cache (C:\Users\DELL\.gradle\caches\8.9\fileContent)"        [_thread_blocked, id=15824, stack(0x00000014edd00000,0x00000014ede00000) (1024K)]
  0x0000016f73d3c550 JavaThread "Cache worker for cache directory md-rule (C:\Users\DELL\.gradle\caches\8.9\md-rule)"        [_thread_blocked, id=16436, stack(0x00000014ede00000,0x00000014edf00000) (1024K)]
  0x0000016f73d40d80 JavaThread "Cache worker for cache directory md-supplier (C:\Users\DELL\.gradle\caches\8.9\md-supplier)"        [_thread_blocked, id=1028, stack(0x00000014edf00000,0x00000014ee000000) (1024K)]
Total: 32

Other Threads:
  0x0000016f6d553590 VMThread "VM Thread"                           [id=19468, stack(0x00000014eb800000,0x00000014eb900000) (1024K)]
  0x0000016f6d509a60 WatcherThread "VM Periodic Task Thread"        [id=12696, stack(0x00000014eb700000,0x00000014eb800000) (1024K)]
  0x0000016f55ef42c0 WorkerThread "GC Thread#0"                     [id=20084, stack(0x00000014eb200000,0x00000014eb300000) (1024K)]
  0x0000016f72a97a80 WorkerThread "GC Thread#1"                     [id=16784, stack(0x00000014ec300000,0x00000014ec400000) (1024K)]
  0x0000016f72415bb0 WorkerThread "GC Thread#2"                     [id=9672, stack(0x00000014ec400000,0x00000014ec500000) (1024K)]
  0x0000016f7245b320 WorkerThread "GC Thread#3"                     [id=19992, stack(0x00000014ec500000,0x00000014ec600000) (1024K)]
  0x0000016f72a53700 WorkerThread "GC Thread#4"                     [id=18024, stack(0x00000014ec600000,0x00000014ec700000) (1024K)]
  0x0000016f73a073f0 WorkerThread "GC Thread#5"                     [id=1104, stack(0x00000014ed100000,0x00000014ed200000) (1024K)]
  0x0000016f73a07790 WorkerThread "GC Thread#6"                     [id=9472, stack(0x00000014ed200000,0x00000014ed300000) (1024K)]
  0x0000016f73a0e8d0 WorkerThread "GC Thread#7"                     [id=19844, stack(0x00000014ed300000,0x00000014ed400000) (1024K)]
  0x0000016f55f052a0 ConcurrentGCThread "G1 Main Marker"            [id=15200, stack(0x00000014eb300000,0x00000014eb400000) (1024K)]
  0x0000016f55f05da0 WorkerThread "G1 Conc#0"                       [id=15196, stack(0x00000014eb400000,0x00000014eb500000) (1024K)]
  0x0000016f73a0f750 WorkerThread "G1 Conc#1"                       [id=11076, stack(0x00000014ed400000,0x00000014ed500000) (1024K)]
  0x0000016f55f5e1f0 ConcurrentGCThread "G1 Refine#0"               [id=19740, stack(0x00000014eb500000,0x00000014eb600000) (1024K)]
  0x0000016f55f5e970 ConcurrentGCThread "G1 Service"                [id=6316, stack(0x00000014eb600000,0x00000014eb700000) (1024K)]
Total: 15

Threads with active compile tasks:
C2 CompilerThread0     6272 4595   !   4       java.net.URLClassLoader::findClass (47 bytes)
Total: 1

VM state: not at safepoint (normal execution)

VM Mutex/Monitor currently owned by a thread: None

Heap address: 0x0000000080000000, size: 2048 MB, Compressed Oops mode: 32-bit

CDS archive(s) not mapped
Compressed class space mapped at: 0x0000000100000000-0x0000000140000000, reserved size: 1073741824
Narrow klass base: 0x0000000000000000, Narrow klass shift: 3, Narrow klass range: 0x140000000

GC Precious Log:
 CardTable entry size: 512
 Card Set container configuration: InlinePtr #cards 5 size 8 Array Of Cards #cards 12 size 40 Howl #buckets 4 coarsen threshold 1843 Howl Bitmap #cards 512 size 80 coarsen threshold 460 Card regions per heap region 1 cards per card region 2048
 CPUs: 8 total, 8 available
 Memory: 7914M
 Large Page Support: Disabled
 NUMA Support: Disabled
 Compressed Oops: Enabled (32-bit)
 Heap Region Size: 1M
 Heap Min Capacity: 8M
 Heap Initial Capacity: 124M
 Heap Max Capacity: 2G
 Pre-touch: Disabled
 Parallel Workers: 8
 Concurrent Workers: 2
 Concurrent Refinement Workers: 8
 Periodic GC: Disabled

Heap:
 garbage-first heap   total 95232K, used 81270K [0x0000000080000000, 0x0000000100000000)
  region size 1024K, 46 young (47104K), 3 survivors (3072K)
 Metaspace       used 53678K, committed 55104K, reserved 1114112K
  class space    used 7299K, committed 8000K, reserved 1048576K

Heap Regions: E=young(eden), S=young(survivor), O=old, HS=humongous(starts), HC=humongous(continues), CS=collection set, F=free, TAMS=top-at-mark-start, PB=parsable bottom
|   0|0x0000000080000000, 0x0000000080100000, 0x0000000080100000|100%|HS|  |TAMS 0x0000000080000000| PB 0x0000000080000000| Complete 
|   1|0x0000000080100000, 0x0000000080200000, 0x0000000080200000|100%|HC|  |TAMS 0x0000000080100000| PB 0x0000000080100000| Complete 
|   2|0x0000000080200000, 0x0000000080300000, 0x0000000080300000|100%|HC|  |TAMS 0x0000000080200000| PB 0x0000000080200000| Complete 
|   3|0x0000000080300000, 0x0000000080400000, 0x0000000080400000|100%|HC|  |TAMS 0x0000000080300000| PB 0x0000000080300000| Complete 
|   4|0x0000000080400000, 0x0000000080500000, 0x0000000080500000|100%| O|  |TAMS 0x0000000080400000| PB 0x0000000080400000| Untracked 
|   5|0x0000000080500000, 0x0000000080600000, 0x0000000080600000|100%| O|  |TAMS 0x0000000080500000| PB 0x0000000080500000| Untracked 
|   6|0x0000000080600000, 0x0000000080700000, 0x0000000080700000|100%| O|  |TAMS 0x0000000080600000| PB 0x0000000080600000| Untracked 
|   7|0x0000000080700000, 0x0000000080800000, 0x0000000080800000|100%| O|  |TAMS 0x0000000080700000| PB 0x0000000080700000| Untracked 
|   8|0x0000000080800000, 0x0000000080900000, 0x0000000080900000|100%| O|  |TAMS 0x0000000080800000| PB 0x0000000080800000| Untracked 
|   9|0x0000000080900000, 0x0000000080a00000, 0x0000000080a00000|100%| O|  |TAMS 0x0000000080900000| PB 0x0000000080900000| Untracked 
|  10|0x0000000080a00000, 0x0000000080b00000, 0x0000000080b00000|100%| O|  |TAMS 0x0000000080a00000| PB 0x0000000080a00000| Untracked 
|  11|0x0000000080b00000, 0x0000000080c00000, 0x0000000080c00000|100%|HS|  |TAMS 0x0000000080b00000| PB 0x0000000080b00000| Complete 
|  12|0x0000000080c00000, 0x0000000080d00000, 0x0000000080d00000|100%| O|  |TAMS 0x0000000080c00000| PB 0x0000000080c00000| Untracked 
|  13|0x0000000080d00000, 0x0000000080e00000, 0x0000000080e00000|100%| O|  |TAMS 0x0000000080d00000| PB 0x0000000080d00000| Untracked 
|  14|0x0000000080e00000, 0x0000000080f00000, 0x0000000080f00000|100%| O|  |TAMS 0x0000000080e00000| PB 0x0000000080e00000| Untracked 
|  15|0x0000000080f00000, 0x0000000081000000, 0x0000000081000000|100%| O|  |TAMS 0x0000000080f00000| PB 0x0000000080f00000| Untracked 
|  16|0x0000000081000000, 0x0000000081100000, 0x0000000081100000|100%| O|  |TAMS 0x0000000081000000| PB 0x0000000081000000| Untracked 
|  17|0x0000000081100000, 0x0000000081200000, 0x0000000081200000|100%| O|  |TAMS 0x0000000081100000| PB 0x0000000081100000| Untracked 
|  18|0x0000000081200000, 0x0000000081300000, 0x0000000081300000|100%| O|  |TAMS 0x0000000081200000| PB 0x0000000081200000| Untracked 
|  19|0x0000000081300000, 0x0000000081400000, 0x0000000081400000|100%| O|  |TAMS 0x0000000081300000| PB 0x0000000081300000| Untracked 
|  20|0x0000000081400000, 0x0000000081500000, 0x0000000081500000|100%| O|  |TAMS 0x0000000081400000| PB 0x0000000081400000| Untracked 
|  21|0x0000000081500000, 0x0000000081600000, 0x0000000081600000|100%| O|  |TAMS 0x0000000081500000| PB 0x0000000081500000| Untracked 
|  22|0x0000000081600000, 0x0000000081700000, 0x0000000081700000|100%| O|  |TAMS 0x0000000081600000| PB 0x0000000081600000| Untracked 
|  23|0x0000000081700000, 0x0000000081800000, 0x0000000081800000|100%| O|  |TAMS 0x0000000081700000| PB 0x0000000081700000| Untracked 
|  24|0x0000000081800000, 0x0000000081900000, 0x0000000081900000|100%| O|  |TAMS 0x0000000081800000| PB 0x0000000081800000| Untracked 
|  25|0x0000000081900000, 0x0000000081a00000, 0x0000000081a00000|100%| O|  |TAMS 0x0000000081900000| PB 0x0000000081900000| Untracked 
|  26|0x0000000081a00000, 0x0000000081b00000, 0x0000000081b00000|100%| O|  |TAMS 0x0000000081a00000| PB 0x0000000081a00000| Untracked 
|  27|0x0000000081b00000, 0x0000000081c00000, 0x0000000081c00000|100%| O|  |TAMS 0x0000000081b00000| PB 0x0000000081b00000| Untracked 
|  28|0x0000000081c00000, 0x0000000081d00000, 0x0000000081d00000|100%| O|  |TAMS 0x0000000081c00000| PB 0x0000000081c00000| Untracked 
|  29|0x0000000081d00000, 0x0000000081e00000, 0x0000000081e00000|100%| O|  |TAMS 0x0000000081d00000| PB 0x0000000081d00000| Untracked 
|  30|0x0000000081e00000, 0x0000000081f00000, 0x0000000081f00000|100%| O|  |TAMS 0x0000000081e00000| PB 0x0000000081e00000| Untracked 
|  31|0x0000000081f00000, 0x0000000082000000, 0x0000000082000000|100%| O|  |TAMS 0x0000000081f00000| PB 0x0000000081f00000| Untracked 
|  32|0x0000000082000000, 0x00000000820ecc90, 0x0000000082100000| 92%| O|  |TAMS 0x0000000082000000| PB 0x0000000082000000| Untracked 
|  33|0x0000000082100000, 0x0000000082200000, 0x0000000082200000|100%|HS|  |TAMS 0x0000000082100000| PB 0x0000000082100000| Complete 
|  34|0x0000000082200000, 0x0000000082300000, 0x0000000082300000|100%|HS|  |TAMS 0x0000000082200000| PB 0x0000000082200000| Complete 
|  35|0x0000000082300000, 0x0000000082370e80, 0x0000000082400000| 44%| S|CS|TAMS 0x0000000082300000| PB 0x0000000082300000| Complete 
|  36|0x0000000082400000, 0x0000000082400000, 0x0000000082500000|  0%| F|  |TAMS 0x0000000082400000| PB 0x0000000082400000| Untracked 
|  37|0x0000000082500000, 0x0000000082500000, 0x0000000082600000|  0%| F|  |TAMS 0x0000000082500000| PB 0x0000000082500000| Untracked 
|  38|0x0000000082600000, 0x0000000082600000, 0x0000000082700000|  0%| F|  |TAMS 0x0000000082600000| PB 0x0000000082600000| Untracked 
|  39|0x0000000082700000, 0x0000000082700000, 0x0000000082800000|  0%| F|  |TAMS 0x0000000082700000| PB 0x0000000082700000| Untracked 
|  40|0x0000000082800000, 0x0000000082800000, 0x0000000082900000|  0%| F|  |TAMS 0x0000000082800000| PB 0x0000000082800000| Untracked 
|  41|0x0000000082900000, 0x0000000082a00000, 0x0000000082a00000|100%| S|CS|TAMS 0x0000000082900000| PB 0x0000000082900000| Complete 
|  42|0x0000000082a00000, 0x0000000082b00000, 0x0000000082b00000|100%| S|CS|TAMS 0x0000000082a00000| PB 0x0000000082a00000| Complete 
|  43|0x0000000082b00000, 0x0000000082b00000, 0x0000000082c00000|  0%| F|  |TAMS 0x0000000082b00000| PB 0x0000000082b00000| Untracked 
|  44|0x0000000082c00000, 0x0000000082c00000, 0x0000000082d00000|  0%| F|  |TAMS 0x0000000082c00000| PB 0x0000000082c00000| Untracked 
|  45|0x0000000082d00000, 0x0000000082d00000, 0x0000000082e00000|  0%| F|  |TAMS 0x0000000082d00000| PB 0x0000000082d00000| Untracked 
|  46|0x0000000082e00000, 0x0000000082e00000, 0x0000000082f00000|  0%| F|  |TAMS 0x0000000082e00000| PB 0x0000000082e00000| Untracked 
|  47|0x0000000082f00000, 0x0000000082f00000, 0x0000000083000000|  0%| F|  |TAMS 0x0000000082f00000| PB 0x0000000082f00000| Untracked 
|  48|0x0000000083000000, 0x0000000083000000, 0x0000000083100000|  0%| F|  |TAMS 0x0000000083000000| PB 0x0000000083000000| Untracked 
|  49|0x0000000083100000, 0x0000000083100000, 0x0000000083200000|  0%| F|  |TAMS 0x0000000083100000| PB 0x0000000083100000| Untracked 
|  50|0x0000000083200000, 0x0000000083282d98, 0x0000000083300000| 51%| E|  |TAMS 0x0000000083200000| PB 0x0000000083200000| Complete 
|  51|0x0000000083300000, 0x0000000083400000, 0x0000000083400000|100%| E|CS|TAMS 0x0000000083300000| PB 0x0000000083300000| Complete 
|  52|0x0000000083400000, 0x0000000083500000, 0x0000000083500000|100%| E|CS|TAMS 0x0000000083400000| PB 0x0000000083400000| Complete 
|  53|0x0000000083500000, 0x0000000083600000, 0x0000000083600000|100%| E|CS|TAMS 0x0000000083500000| PB 0x0000000083500000| Complete 
|  54|0x0000000083600000, 0x0000000083700000, 0x0000000083700000|100%| E|CS|TAMS 0x0000000083600000| PB 0x0000000083600000| Complete 
|  55|0x0000000083700000, 0x0000000083800000, 0x0000000083800000|100%| E|CS|TAMS 0x0000000083700000| PB 0x0000000083700000| Complete 
|  56|0x0000000083800000, 0x0000000083900000, 0x0000000083900000|100%| E|CS|TAMS 0x0000000083800000| PB 0x0000000083800000| Complete 
|  57|0x0000000083900000, 0x0000000083a00000, 0x0000000083a00000|100%| E|CS|TAMS 0x0000000083900000| PB 0x0000000083900000| Complete 
|  58|0x0000000083a00000, 0x0000000083b00000, 0x0000000083b00000|100%| E|CS|TAMS 0x0000000083a00000| PB 0x0000000083a00000| Complete 
|  59|0x0000000083b00000, 0x0000000083c00000, 0x0000000083c00000|100%| E|CS|TAMS 0x0000000083b00000| PB 0x0000000083b00000| Complete 
|  60|0x0000000083c00000, 0x0000000083d00000, 0x0000000083d00000|100%| E|CS|TAMS 0x0000000083c00000| PB 0x0000000083c00000| Complete 
|  61|0x0000000083d00000, 0x0000000083e00000, 0x0000000083e00000|100%| E|CS|TAMS 0x0000000083d00000| PB 0x0000000083d00000| Complete 
|  62|0x0000000083e00000, 0x0000000083f00000, 0x0000000083f00000|100%| E|CS|TAMS 0x0000000083e00000| PB 0x0000000083e00000| Complete 
|  63|0x0000000083f00000, 0x0000000084000000, 0x0000000084000000|100%| E|CS|TAMS 0x0000000083f00000| PB 0x0000000083f00000| Complete 
|  64|0x0000000084000000, 0x0000000084100000, 0x0000000084100000|100%| E|CS|TAMS 0x0000000084000000| PB 0x0000000084000000| Complete 
|  65|0x0000000084100000, 0x0000000084200000, 0x0000000084200000|100%| E|CS|TAMS 0x0000000084100000| PB 0x0000000084100000| Complete 
|  66|0x0000000084200000, 0x0000000084300000, 0x0000000084300000|100%| E|CS|TAMS 0x0000000084200000| PB 0x0000000084200000| Complete 
|  67|0x0000000084300000, 0x0000000084400000, 0x0000000084400000|100%| E|CS|TAMS 0x0000000084300000| PB 0x0000000084300000| Complete 
|  68|0x0000000084400000, 0x0000000084500000, 0x0000000084500000|100%| E|CS|TAMS 0x0000000084400000| PB 0x0000000084400000| Complete 
|  69|0x0000000084500000, 0x0000000084600000, 0x0000000084600000|100%| E|CS|TAMS 0x0000000084500000| PB 0x0000000084500000| Complete 
|  70|0x0000000084600000, 0x0000000084700000, 0x0000000084700000|100%| E|CS|TAMS 0x0000000084600000| PB 0x0000000084600000| Complete 
|  71|0x0000000084700000, 0x0000000084800000, 0x0000000084800000|100%| E|CS|TAMS 0x0000000084700000| PB 0x0000000084700000| Complete 
|  72|0x0000000084800000, 0x0000000084900000, 0x0000000084900000|100%| E|CS|TAMS 0x0000000084800000| PB 0x0000000084800000| Complete 
|  73|0x0000000084900000, 0x0000000084a00000, 0x0000000084a00000|100%| E|CS|TAMS 0x0000000084900000| PB 0x0000000084900000| Complete 
|  74|0x0000000084a00000, 0x0000000084b00000, 0x0000000084b00000|100%| E|CS|TAMS 0x0000000084a00000| PB 0x0000000084a00000| Complete 
|  75|0x0000000084b00000, 0x0000000084c00000, 0x0000000084c00000|100%| E|CS|TAMS 0x0000000084b00000| PB 0x0000000084b00000| Complete 
|  76|0x0000000084c00000, 0x0000000084d00000, 0x0000000084d00000|100%| E|CS|TAMS 0x0000000084c00000| PB 0x0000000084c00000| Complete 
|  77|0x0000000084d00000, 0x0000000084e00000, 0x0000000084e00000|100%| E|CS|TAMS 0x0000000084d00000| PB 0x0000000084d00000| Complete 
|  78|0x0000000084e00000, 0x0000000084f00000, 0x0000000084f00000|100%| E|CS|TAMS 0x0000000084e00000| PB 0x0000000084e00000| Complete 
|  79|0x0000000084f00000, 0x0000000085000000, 0x0000000085000000|100%| E|CS|TAMS 0x0000000084f00000| PB 0x0000000084f00000| Complete 
|  80|0x0000000085000000, 0x0000000085100000, 0x0000000085100000|100%| E|CS|TAMS 0x0000000085000000| PB 0x0000000085000000| Complete 
|  81|0x0000000085100000, 0x0000000085200000, 0x0000000085200000|100%| E|CS|TAMS 0x0000000085100000| PB 0x0000000085100000| Complete 
|  82|0x0000000085200000, 0x0000000085300000, 0x0000000085300000|100%| E|CS|TAMS 0x0000000085200000| PB 0x0000000085200000| Complete 
|  83|0x0000000085300000, 0x0000000085400000, 0x0000000085400000|100%| E|CS|TAMS 0x0000000085300000| PB 0x0000000085300000| Complete 
|  84|0x0000000085400000, 0x0000000085500000, 0x0000000085500000|100%| E|CS|TAMS 0x0000000085400000| PB 0x0000000085400000| Complete 
|  85|0x0000000085500000, 0x0000000085600000, 0x0000000085600000|100%| E|CS|TAMS 0x0000000085500000| PB 0x0000000085500000| Complete 
|  86|0x0000000085600000, 0x0000000085700000, 0x0000000085700000|100%| E|CS|TAMS 0x0000000085600000| PB 0x0000000085600000| Complete 
|  87|0x0000000085700000, 0x0000000085800000, 0x0000000085800000|100%| E|CS|TAMS 0x0000000085700000| PB 0x0000000085700000| Complete 
|  88|0x0000000085800000, 0x0000000085900000, 0x0000000085900000|100%| E|CS|TAMS 0x0000000085800000| PB 0x0000000085800000| Complete 
|  89|0x0000000085900000, 0x0000000085a00000, 0x0000000085a00000|100%| E|CS|TAMS 0x0000000085900000| PB 0x0000000085900000| Complete 
|  90|0x0000000085a00000, 0x0000000085b00000, 0x0000000085b00000|100%| E|CS|TAMS 0x0000000085a00000| PB 0x0000000085a00000| Complete 
|  91|0x0000000085b00000, 0x0000000085c00000, 0x0000000085c00000|100%| E|CS|TAMS 0x0000000085b00000| PB 0x0000000085b00000| Complete 
| 123|0x0000000087b00000, 0x0000000087c00000, 0x0000000087c00000|100%| E|CS|TAMS 0x0000000087b00000| PB 0x0000000087b00000| Complete 

Card table byte_map: [0x0000016f68710000,0x0000016f68b10000] _byte_map_base: 0x0000016f68310000

Marking Bits: (CMBitMap*) 0x0000016f55ef49c0
 Bits: [0x0000016f68b10000, 0x0000016f6ab10000)

Polling page: 0x0000016f55660000

Metaspace:

Usage:
  Non-class:     45.32 MB used.
      Class:      7.13 MB used.
       Both:     52.45 MB used.

Virtual space:
  Non-class space:       64.00 MB reserved,      46.00 MB ( 72%) committed,  1 nodes.
      Class space:        1.00 GB reserved,       7.81 MB ( <1%) committed,  1 nodes.
             Both:        1.06 GB reserved,      53.81 MB (  5%) committed. 

Chunk freelists:
   Non-Class:  1.33 MB
       Class:  8.12 MB
        Both:  9.45 MB

MaxMetaspaceSize: unlimited
CompressedClassSpaceSize: 1.00 GB
Initial GC threshold: 21.00 MB
Current GC threshold: 58.69 MB
CDS: off
 - commit_granule_bytes: 65536.
 - commit_granule_words: 8192.
 - virtual_space_node_default_size: 8388608.
 - enlarge_chunks_in_place: 1.
 - use_allocation_guard: 0.


Internal statistics:

num_allocs_failed_limit: 6.
num_arena_births: 2672.
num_arena_deaths: 0.
num_vsnodes_births: 2.
num_vsnodes_deaths: 0.
num_space_committed: 861.
num_space_uncommitted: 0.
num_chunks_returned_to_freelist: 6.
num_chunks_taken_from_freelist: 4710.
num_chunk_merges: 6.
num_chunk_splits: 3081.
num_chunks_enlarged: 1934.
num_inconsistent_stats: 0.

CodeHeap 'non-profiled nmethods': size=120000Kb used=2075Kb max_used=2075Kb free=117924Kb
 bounds [0x0000016f60ab0000, 0x0000016f60d20000, 0x0000016f67fe0000]
CodeHeap 'profiled nmethods': size=120000Kb used=8386Kb max_used=8386Kb free=111613Kb
 bounds [0x0000016f58fe0000, 0x0000016f59820000, 0x0000016f60510000]
CodeHeap 'non-nmethods': size=5760Kb used=2123Kb max_used=2133Kb free=3636Kb
 bounds [0x0000016f60510000, 0x0000016f60780000, 0x0000016f60ab0000]
 total_blobs=4946 nmethods=4234 adapters=615
 compilation: enabled
              stopped_count=0, restarted_count=0
 full_count=0

Compilation events (20 events):
Event: 6.181 Thread 0x0000016f6d743740 4629       3       kotlin.reflect.jvm.internal.impl.name.Name::asString (13 bytes)
Event: 6.182 Thread 0x0000016f6d743740 nmethod 4629 0x0000016f5980a210 code [0x0000016f5980a3c0, 0x0000016f5980a540]
Event: 6.184 Thread 0x0000016f6d743740 4630       3       kotlin.reflect.jvm.internal.impl.name.FqNameUnsafe::isRoot (8 bytes)
Event: 6.184 Thread 0x0000016f6d743740 nmethod 4630 0x0000016f5980a610 code [0x0000016f5980a7c0, 0x0000016f5980a998]
Event: 6.184 Thread 0x0000016f6d743740 4631       3       kotlin.reflect.jvm.internal.impl.name.FqNameUnsafe::hashCode (8 bytes)
Event: 6.184 Thread 0x0000016f6d743740 nmethod 4631 0x0000016f5980aa90 code [0x0000016f5980ac40, 0x0000016f5980ad80]
Event: 6.184 Thread 0x0000016f6d743740 4632       3       kotlin.reflect.jvm.internal.impl.name.FqNameUnsafe::<init> (28 bytes)
Event: 6.184 Thread 0x0000016f6d743740 nmethod 4632 0x0000016f5980ae90 code [0x0000016f5980b060, 0x0000016f5980b368]
Event: 6.186 Thread 0x0000016f6d743740 4633       3       kotlin.reflect.jvm.internal.impl.name.Name::<init> (23 bytes)
Event: 6.187 Thread 0x0000016f6d743740 nmethod 4633 0x0000016f5980b490 code [0x0000016f5980b640, 0x0000016f5980b888]
Event: 6.187 Thread 0x0000016f6d743740 4636       3       kotlin.reflect.jvm.internal.impl.name.FqName::toUnsafe (13 bytes)
Event: 6.187 Thread 0x0000016f6d743740 nmethod 4636 0x0000016f5980b990 code [0x0000016f5980bb40, 0x0000016f5980bcc0]
Event: 6.187 Thread 0x0000016f6d743740 4635       3       kotlin.reflect.jvm.internal.impl.name.FqName::asString (16 bytes)
Event: 6.187 Thread 0x0000016f6d743740 nmethod 4635 0x0000016f5980bd90 code [0x0000016f5980bf60, 0x0000016f5980c1c0]
Event: 6.187 Thread 0x0000016f6d743740 4634       3       kotlin.reflect.jvm.internal.impl.name.Name::identifier (18 bytes)
Event: 6.187 Thread 0x0000016f6d743740 nmethod 4634 0x0000016f5980c310 code [0x0000016f5980c4e0, 0x0000016f5980c828]
Event: 6.190 Thread 0x0000016f6d743740 4637       3       java.util.jar.JarFile::getEntry (35 bytes)
Event: 6.191 Thread 0x0000016f6d743740 nmethod 4637 0x0000016f5980c990 code [0x0000016f5980cba0, 0x0000016f5980d028]
Event: 6.191 Thread 0x0000016f6d743740 4638       2       java.util.jar.JarFile::getVersionedEntry (133 bytes)
Event: 6.192 Thread 0x0000016f6d743740 nmethod 4638 0x0000016f5980d190 code [0x0000016f5980d3e0, 0x0000016f5980da38]

GC Heap History (18 events):
Event: 0.671 GC heap before
{Heap before GC invocations=0 (full 0):
 garbage-first heap   total 126976K, used 26624K [0x0000000080000000, 0x0000000100000000)
  region size 1024K, 23 young (23552K), 0 survivors (0K)
 Metaspace       used 8138K, committed 8320K, reserved 1114112K
  class space    used 739K, committed 832K, reserved 1048576K
}
Event: 0.677 GC heap after
{Heap after GC invocations=1 (full 0):
 garbage-first heap   total 126976K, used 10240K [0x0000000080000000, 0x0000000100000000)
  region size 1024K, 3 young (3072K), 3 survivors (3072K)
 Metaspace       used 8138K, committed 8320K, reserved 1114112K
  class space    used 739K, committed 832K, reserved 1048576K
}
Event: 1.358 GC heap before
{Heap before GC invocations=1 (full 0):
 garbage-first heap   total 126976K, used 39936K [0x0000000080000000, 0x0000000100000000)
  region size 1024K, 33 young (33792K), 3 survivors (3072K)
 Metaspace       used 12046K, committed 12224K, reserved 1114112K
  class space    used 1280K, committed 1408K, reserved 1048576K
}
Event: 1.366 GC heap after
{Heap after GC invocations=2 (full 0):
 garbage-first heap   total 126976K, used 11892K [0x0000000080000000, 0x0000000100000000)
  region size 1024K, 2 young (2048K), 2 survivors (2048K)
 Metaspace       used 12046K, committed 12224K, reserved 1114112K
  class space    used 1280K, committed 1408K, reserved 1048576K
}
Event: 2.873 GC heap before
{Heap before GC invocations=2 (full 0):
 garbage-first heap   total 126976K, used 75380K [0x0000000080000000, 0x0000000100000000)
  region size 1024K, 64 young (65536K), 2 survivors (2048K)
 Metaspace       used 21194K, committed 21504K, reserved 1114112K
  class space    used 2456K, committed 2624K, reserved 1048576K
}
Event: 2.880 GC heap after
{Heap after GC invocations=3 (full 0):
 garbage-first heap   total 126976K, used 20677K [0x0000000080000000, 0x0000000100000000)
  region size 1024K, 10 young (10240K), 10 survivors (10240K)
 Metaspace       used 21194K, committed 21504K, reserved 1114112K
  class space    used 2456K, committed 2624K, reserved 1048576K
}
Event: 3.689 GC heap before
{Heap before GC invocations=4 (full 0):
 garbage-first heap   total 78848K, used 56517K [0x0000000080000000, 0x0000000100000000)
  region size 1024K, 46 young (47104K), 10 survivors (10240K)
 Metaspace       used 27779K, committed 28288K, reserved 1114112K
  class space    used 3490K, committed 3712K, reserved 1048576K
}
Event: 3.697 GC heap after
{Heap after GC invocations=5 (full 0):
 garbage-first heap   total 78848K, used 22884K [0x0000000080000000, 0x0000000100000000)
  region size 1024K, 2 young (2048K), 2 survivors (2048K)
 Metaspace       used 27779K, committed 28288K, reserved 1114112K
  class space    used 3490K, committed 3712K, reserved 1048576K
}
Event: 4.259 GC heap before
{Heap before GC invocations=5 (full 0):
 garbage-first heap   total 78848K, used 59748K [0x0000000080000000, 0x0000000100000000)
  region size 1024K, 38 young (38912K), 2 survivors (2048K)
 Metaspace       used 32733K, committed 33472K, reserved 1114112K
  class space    used 4336K, committed 4672K, reserved 1048576K
}
Event: 4.263 GC heap after
{Heap after GC invocations=6 (full 0):
 garbage-first heap   total 78848K, used 25858K [0x0000000080000000, 0x0000000100000000)
  region size 1024K, 5 young (5120K), 5 survivors (5120K)
 Metaspace       used 32733K, committed 33472K, reserved 1114112K
  class space    used 4336K, committed 4672K, reserved 1048576K
}
Event: 4.483 GC heap before
{Heap before GC invocations=6 (full 0):
 garbage-first heap   total 78848K, used 42242K [0x0000000080000000, 0x0000000100000000)
  region size 1024K, 23 young (23552K), 5 survivors (5120K)
 Metaspace       used 35199K, committed 35968K, reserved 1114112K
  class space    used 4746K, committed 5120K, reserved 1048576K
}
Event: 4.487 GC heap after
{Heap after GC invocations=7 (full 0):
 garbage-first heap   total 78848K, used 26853K [0x0000000080000000, 0x0000000100000000)
  region size 1024K, 4 young (4096K), 4 survivors (4096K)
 Metaspace       used 35199K, committed 35968K, reserved 1114112K
  class space    used 4746K, committed 5120K, reserved 1048576K
}
Event: 5.024 GC heap before
{Heap before GC invocations=8 (full 0):
 garbage-first heap   total 78848K, used 63717K [0x0000000080000000, 0x0000000100000000)
  region size 1024K, 41 young (41984K), 4 survivors (4096K)
 Metaspace       used 40410K, committed 41600K, reserved 1114112K
  class space    used 5593K, committed 6208K, reserved 1048576K
}
Event: 5.029 GC heap after
{Heap after GC invocations=9 (full 0):
 garbage-first heap   total 78848K, used 28965K [0x0000000080000000, 0x0000000100000000)
  region size 1024K, 4 young (4096K), 4 survivors (4096K)
 Metaspace       used 40410K, committed 41600K, reserved 1114112K
  class space    used 5593K, committed 6208K, reserved 1048576K
}
Event: 5.360 GC heap before
{Heap before GC invocations=9 (full 0):
 garbage-first heap   total 78848K, used 64805K [0x0000000080000000, 0x0000000100000000)
  region size 1024K, 40 young (40960K), 4 survivors (4096K)
 Metaspace       used 45388K, committed 46528K, reserved 1114112K
  class space    used 6088K, committed 6656K, reserved 1048576K
}
Event: 5.367 GC heap after
{Heap after GC invocations=10 (full 0):
 garbage-first heap   total 78848K, used 33240K [0x0000000080000000, 0x0000000100000000)
  region size 1024K, 5 young (5120K), 5 survivors (5120K)
 Metaspace       used 45388K, committed 46528K, reserved 1114112K
  class space    used 6088K, committed 6656K, reserved 1048576K
}
Event: 5.617 GC heap before
{Heap before GC invocations=10 (full 0):
 garbage-first heap   total 78848K, used 68056K [0x0000000080000000, 0x0000000100000000)
  region size 1024K, 39 young (39936K), 5 survivors (5120K)
 Metaspace       used 47614K, committed 48896K, reserved 1114112K
  class space    used 6444K, committed 7040K, reserved 1048576K
}
Event: 5.621 GC heap after
{Heap after GC invocations=11 (full 0):
 garbage-first heap   total 95232K, used 36214K [0x0000000080000000, 0x0000000100000000)
  region size 1024K, 3 young (3072K), 3 survivors (3072K)
 Metaspace       used 47614K, committed 48896K, reserved 1114112K
  class space    used 6444K, committed 7040K, reserved 1048576K
}

Dll operation events (3 events):
Event: 0.010 Loaded shared library C:\Program Files\Android\Android Studio\jbr\bin\java.dll
Event: 0.016 Loaded shared library C:\Program Files\Android\Android Studio\jbr\bin\zip.dll
Event: 0.659 Loaded shared library C:\Program Files\Android\Android Studio\jbr\bin\verify.dll

Deoptimization events (20 events):
Event: 6.084 Thread 0x0000016f738fb1d0 Uncommon trap: trap_request=0xffffffde fr.pc=0x0000016f60aded08 relative=0x00000000000002c8
Event: 6.084 Thread 0x0000016f738fb1d0 Uncommon trap: reason=class_check action=maybe_recompile pc=0x0000016f60aded08 method=java.util.Collections$SetFromMap.remove(Ljava/lang/Object;)Z @ 5 c2
Event: 6.084 Thread 0x0000016f738fb1d0 DEOPT PACKING pc=0x0000016f60aded08 sp=0x00000014ecdf8c50
Event: 6.084 Thread 0x0000016f738fb1d0 DEOPT UNPACKING pc=0x0000016f60567da2 sp=0x00000014ecdf8c28 mode 2
Event: 6.113 Thread 0x0000016f738fb1d0 DEOPT PACKING pc=0x0000016f597eaa80 sp=0x00000014ecdf8e50
Event: 6.113 Thread 0x0000016f738fb1d0 DEOPT UNPACKING pc=0x0000016f605688e2 sp=0x00000014ecdf82d8 mode 0
Event: 6.170 Thread 0x0000016f738fb1d0 DEOPT PACKING pc=0x0000016f597eaa80 sp=0x00000014ecdf7930
Event: 6.170 Thread 0x0000016f738fb1d0 DEOPT UNPACKING pc=0x0000016f605688e2 sp=0x00000014ecdf6db8 mode 0
Event: 6.190 Thread 0x0000016f738fb1d0 Uncommon trap: trap_request=0xffffff54 fr.pc=0x0000016f60b6746c relative=0x00000000000016ec
Event: 6.190 Thread 0x0000016f738fb1d0 Uncommon trap: reason=speculate_null_assert action=make_not_entrant pc=0x0000016f60b6746c method=java.util.jar.JarFile.getVersionedEntry(Ljava/lang/String;Ljava/util/jar/JarEntry;)Ljava/util/jar/JarEntry; @ 115 c2
Event: 6.190 Thread 0x0000016f738fb1d0 DEOPT PACKING pc=0x0000016f60b6746c sp=0x00000014ecdf8690
Event: 6.190 Thread 0x0000016f738fb1d0 DEOPT UNPACKING pc=0x0000016f60567da2 sp=0x00000014ecdf8688 mode 2
Event: 6.190 Thread 0x0000016f738fb1d0 Uncommon trap: trap_request=0xffffff45 fr.pc=0x0000016f60b001a4 relative=0x0000000000000fc4
Event: 6.190 Thread 0x0000016f738fb1d0 Uncommon trap: reason=unstable_if action=reinterpret pc=0x0000016f60b001a4 method=java.util.jar.JarFile.getEntry(Ljava/lang/String;)Ljava/util/zip/ZipEntry; @ 15 c2
Event: 6.190 Thread 0x0000016f738fb1d0 DEOPT PACKING pc=0x0000016f60b001a4 sp=0x00000014ecdf8750
Event: 6.190 Thread 0x0000016f738fb1d0 DEOPT UNPACKING pc=0x0000016f60567da2 sp=0x00000014ecdf8748 mode 2
Event: 6.212 Thread 0x0000016f738fb1d0 DEOPT PACKING pc=0x0000016f597eaa80 sp=0x00000014ecdf8220
Event: 6.212 Thread 0x0000016f738fb1d0 DEOPT UNPACKING pc=0x0000016f605688e2 sp=0x00000014ecdf76a8 mode 0
Event: 6.242 Thread 0x0000016f738fb1d0 DEOPT PACKING pc=0x0000016f597eaa80 sp=0x00000014ecdf85d0
Event: 6.242 Thread 0x0000016f738fb1d0 DEOPT UNPACKING pc=0x0000016f605688e2 sp=0x00000014ecdf7a58 mode 0

Classes loaded (20 events):
Event: 5.923 Loading class java/util/concurrent/atomic/AtomicReferenceFieldUpdater$AtomicReferenceFieldUpdaterImpl$1
Event: 5.923 Loading class java/util/concurrent/atomic/AtomicReferenceFieldUpdater$AtomicReferenceFieldUpdaterImpl$1 done
Event: 6.047 Loading class java/lang/StringIndexOutOfBoundsException
Event: 6.047 Loading class java/lang/StringIndexOutOfBoundsException done
Event: 6.086 Loading class java/util/stream/DistinctOps
Event: 6.087 Loading class java/util/stream/DistinctOps done
Event: 6.087 Loading class java/util/stream/DistinctOps$1
Event: 6.087 Loading class java/util/stream/ReferencePipeline$StatefulOp
Event: 6.087 Loading class java/util/stream/ReferencePipeline$StatefulOp done
Event: 6.087 Loading class java/util/stream/DistinctOps$1 done
Event: 6.088 Loading class java/util/stream/DistinctOps$1$2
Event: 6.088 Loading class java/util/stream/DistinctOps$1$2 done
Event: 6.091 Loading class java/util/stream/SortedOps
Event: 6.091 Loading class java/util/stream/SortedOps done
Event: 6.091 Loading class java/util/stream/SortedOps$OfRef
Event: 6.091 Loading class java/util/stream/SortedOps$OfRef done
Event: 6.092 Loading class java/util/stream/SortedOps$SizedRefSortingSink
Event: 6.092 Loading class java/util/stream/SortedOps$AbstractRefSortingSink
Event: 6.092 Loading class java/util/stream/SortedOps$AbstractRefSortingSink done
Event: 6.092 Loading class java/util/stream/SortedOps$SizedRefSortingSink done

Classes unloaded (0 events):
No events

Classes redefined (0 events):
No events

Internal exceptions (20 events):
Event: 5.785 Thread 0x0000016f738fb1d0 Exception <a 'java/lang/NoSuchMethodError'{0x00000000853f57d8}: 'java.lang.Object java.lang.invoke.DirectMethodHandle$Holder.invokeStatic(java.lang.Object, long, java.lang.Object)'> (0x00000000853f57d8) 
thrown [s\src\hotspot\share\interpreter\linkResolver.cpp, line 784]
Event: 5.786 Thread 0x0000016f738fb1d0 Exception <a 'java/lang/NoSuchMethodError'{0x00000000853fc9a0}: 'java.lang.Object java.lang.invoke.DirectMethodHandle$Holder.newInvokeSpecial(java.lang.Object, long)'> (0x00000000853fc9a0) 
thrown [s\src\hotspot\share\interpreter\linkResolver.cpp, line 784]
Event: 5.793 Thread 0x0000016f738fb1d0 Exception <a 'java/lang/NoSuchMethodError'{0x00000000852573b8}: 'java.lang.Object java.lang.invoke.DirectMethodHandle$Holder.newInvokeSpecial(java.lang.Object, java.lang.Object, java.lang.Object, java.lang.Object, java.lang.Object, long)'> (0x00000000852573b8) 
thrown [s\src\hotspot\share\interpreter\linkResolver.cpp, line 784]
Event: 5.793 Thread 0x0000016f738fb1d0 Exception <a 'java/lang/NoSuchMethodError'{0x000000008525c258}: 'java.lang.Object java.lang.invoke.DirectMethodHandle$Holder.invokeSpecial(java.lang.Object, java.lang.Object, java.lang.Object, java.lang.Object, java.lang.Object, java.lang.Object, long)'> (0x000000008525c258) 
thrown [s\src\hotspot\share\interpreter\linkResolver.cpp, line 784]
Event: 5.794 Thread 0x0000016f738fb1d0 Exception <a 'java/lang/NoSuchMethodError'{0x0000000085260898}: 'java.lang.Object java.lang.invoke.Invokers$Holder.linkToTargetMethod(java.lang.Object, java.lang.Object, java.lang.Object, java.lang.Object, long, java.lang.Object)'> (0x0000000085260898) 
thrown [s\src\hotspot\share\interpreter\linkResolver.cpp, line 784]
Event: 5.799 Thread 0x0000016f738fb1d0 Exception <a 'java/lang/NoSuchMethodError'{0x00000000852a9b60}: 'java.lang.Object java.lang.invoke.DirectMethodHandle$Holder.newInvokeSpecial(java.lang.Object, java.lang.Object, java.lang.Object, long)'> (0x00000000852a9b60) 
thrown [s\src\hotspot\share\interpreter\linkResolver.cpp, line 784]
Event: 5.799 Thread 0x0000016f738fb1d0 Exception <a 'java/lang/NoSuchMethodError'{0x00000000852ae690}: 'java.lang.Object java.lang.invoke.DirectMethodHandle$Holder.invokeSpecial(java.lang.Object, java.lang.Object, java.lang.Object, java.lang.Object, long)'> (0x00000000852ae690) 
thrown [s\src\hotspot\share\interpreter\linkResolver.cpp, line 784]
Event: 5.799 Thread 0x0000016f738fb1d0 Exception <a 'java/lang/NoSuchMethodError'{0x00000000852b28b0}: 'java.lang.Object java.lang.invoke.Invokers$Holder.linkToTargetMethod(java.lang.Object, java.lang.Object, long, java.lang.Object)'> (0x00000000852b28b0) 
thrown [s\src\hotspot\share\interpreter\linkResolver.cpp, line 784]
Event: 5.849 Thread 0x0000016f738fb1d0 Exception <a 'java/lang/NoSuchMethodError'{0x00000000850de0c8}: 'java.lang.Object java.lang.invoke.DirectMethodHandle$Holder.newInvokeSpecial(java.lang.Object, java.lang.Object, java.lang.Object, java.lang.Object, java.lang.Object, java.lang.Object, java.lang.Object, java.lang.Object, java.lang.Object, java.lang.Object, java.lang.Object, java.lang.Object, java.lang.Object, java.lang.Object, java.lang.Object, java.lang.Object, java.lang.Object, java.lang.Object, java.lang.Object, java.lang.Object, java.lang
Event: 5.850 Thread 0x0000016f738fb1d0 Exception <a 'java/lang/NoSuchMethodError'{0x00000000850e5c38}: 'java.lang.Object java.lang.invoke.DirectMethodHandle$Holder.invokeSpecial(java.lang.Object, java.lang.Object, java.lang.Object, java.lang.Object, java.lang.Object, java.lang.Object, java.lang.Object, java.lang.Object, java.lang.Object, java.lang.Object, java.lang.Object, java.lang.Object, java.lang.Object, java.lang.Object, java.lang.Object, java.lang.Object, java.lang.Object, java.lang.Object, java.lang.Object, java.lang.Object, java.lang.Ob
Event: 5.850 Thread 0x0000016f738fb1d0 Exception <a 'java/lang/NoSuchMethodError'{0x00000000850ec1d8}: 'java.lang.Object java.lang.invoke.DelegatingMethodHandle$Holder.reinvoke_L(java.lang.Object, java.lang.Object, java.lang.Object, java.lang.Object, java.lang.Object, java.lang.Object, java.lang.Object, java.lang.Object, java.lang.Object, java.lang.Object, java.lang.Object, java.lang.Object, java.lang.Object, java.lang.Object, java.lang.Object, java.lang.Object, java.lang.Object, java.lang.Object, java.lang.Object, java.lang.Object, java.lang.O
Event: 5.891 Thread 0x0000016f738fb1d0 Implicit null exception at 0x0000016f60b3f26f to 0x0000016f60b3f320
Event: 5.970 Thread 0x0000016f738fb1d0 Exception <a 'java/lang/NoSuchMethodError'{0x00000000847d40e0}: 'java.lang.Object java.lang.invoke.DirectMethodHandle$Holder.newInvokeSpecial(java.lang.Object, java.lang.Object, java.lang.Object, java.lang.Object, java.lang.Object, java.lang.Object, java.lang.Object, java.lang.Object, java.lang.Object, java.lang.Object, java.lang.Object, java.lang.Object, java.lang.Object, java.lang.Object, java.lang.Object, java.lang.Object, java.lang.Object, java.lang.Object, java.lang.Object)'> (0x00000000847d40e0) 
thr
Event: 5.970 Thread 0x0000016f738fb1d0 Exception <a 'java/lang/NoSuchMethodError'{0x00000000847da9a8}: 'java.lang.Object java.lang.invoke.DirectMethodHandle$Holder.invokeSpecial(java.lang.Object, java.lang.Object, java.lang.Object, java.lang.Object, java.lang.Object, java.lang.Object, java.lang.Object, java.lang.Object, java.lang.Object, java.lang.Object, java.lang.Object, java.lang.Object, java.lang.Object, java.lang.Object, java.lang.Object, java.lang.Object, java.lang.Object, java.lang.Object, java.lang.Object, java.lang.Object)'> (0x0000000
Event: 5.970 Thread 0x0000016f738fb1d0 Exception <a 'java/lang/NoSuchMethodError'{0x00000000847e0258}: 'java.lang.Object java.lang.invoke.DelegatingMethodHandle$Holder.reinvoke_L(java.lang.Object, java.lang.Object, java.lang.Object, java.lang.Object, java.lang.Object, java.lang.Object, java.lang.Object, java.lang.Object, java.lang.Object, java.lang.Object, java.lang.Object, java.lang.Object, java.lang.Object, java.lang.Object, java.lang.Object, java.lang.Object, java.lang.Object, java.lang.Object, java.lang.Object)'> (0x00000000847e0258) 
throw
Event: 5.977 Thread 0x0000016f738fb1d0 Exception <a 'java/lang/IncompatibleClassChangeError'{0x00000000846a9d18}: Found class java.lang.Object, but interface was expected> (0x00000000846a9d18) 
thrown [s\src\hotspot\share\interpreter\linkResolver.cpp, line 851]
Event: 6.018 Thread 0x0000016f738fb1d0 Exception <a 'java/lang/NoSuchMethodError'{0x0000000084254770}: 'java.lang.Object java.lang.invoke.DirectMethodHandle$Holder.newInvokeSpecial(java.lang.Object, int, java.lang.Object)'> (0x0000000084254770) 
thrown [s\src\hotspot\share\interpreter\linkResolver.cpp, line 784]
Event: 6.058 Thread 0x0000016f738fb1d0 Exception <a 'java/lang/NoSuchMethodError'{0x000000008405aeb0}: 'java.lang.Object java.lang.invoke.DirectMethodHandle$Holder.invokeSpecial(java.lang.Object, java.lang.Object, long, java.lang.Object, java.lang.Object)'> (0x000000008405aeb0) 
thrown [s\src\hotspot\share\interpreter\linkResolver.cpp, line 784]
Event: 6.072 Thread 0x0000016f738fb1d0 Exception <a 'java/lang/NoSuchMethodError'{0x0000000083f2a668}: 'java.lang.Object java.lang.invoke.DirectMethodHandle$Holder.newInvokeSpecial(java.lang.Object, java.lang.Object, int, java.lang.Object)'> (0x0000000083f2a668) 
thrown [s\src\hotspot\share\interpreter\linkResolver.cpp, line 784]
Event: 6.072 Thread 0x0000016f738fb1d0 Exception <a 'java/lang/NoSuchMethodError'{0x0000000083f2eec8}: 'java.lang.Object java.lang.invoke.DirectMethodHandle$Holder.invokeSpecial(java.lang.Object, java.lang.Object, java.lang.Object, int, java.lang.Object)'> (0x0000000083f2eec8) 
thrown [s\src\hotspot\share\interpreter\linkResolver.cpp, line 784]

ZGC Phase Switch (0 events):
No events

VM Operations (20 events):
Event: 5.299 Executing VM operation: HandshakeAllThreads (Deoptimize)
Event: 5.299 Executing VM operation: HandshakeAllThreads (Deoptimize) done
Event: 5.360 Executing VM operation: G1CollectForAllocation (G1 Evacuation Pause)
Event: 5.367 Executing VM operation: G1CollectForAllocation (G1 Evacuation Pause) done
Event: 5.391 Executing VM operation: HandshakeAllThreads (Deoptimize)
Event: 5.391 Executing VM operation: HandshakeAllThreads (Deoptimize) done
Event: 5.495 Executing VM operation: HandshakeAllThreads (Deoptimize)
Event: 5.495 Executing VM operation: HandshakeAllThreads (Deoptimize) done
Event: 5.511 Executing VM operation: HandshakeAllThreads (Deoptimize)
Event: 5.511 Executing VM operation: HandshakeAllThreads (Deoptimize) done
Event: 5.511 Executing VM operation: HandshakeAllThreads (Deoptimize)
Event: 5.511 Executing VM operation: HandshakeAllThreads (Deoptimize) done
Event: 5.617 Executing VM operation: G1CollectForAllocation (G1 Evacuation Pause)
Event: 5.621 Executing VM operation: G1CollectForAllocation (G1 Evacuation Pause) done
Event: 5.690 Executing VM operation: HandshakeAllThreads (Deoptimize)
Event: 5.691 Executing VM operation: HandshakeAllThreads (Deoptimize) done
Event: 5.743 Executing VM operation: HandshakeAllThreads (Deoptimize)
Event: 5.743 Executing VM operation: HandshakeAllThreads (Deoptimize) done
Event: 6.088 Executing VM operation: HandshakeAllThreads (Deoptimize)
Event: 6.088 Executing VM operation: HandshakeAllThreads (Deoptimize) done

Events (20 events):
Event: 4.500 Thread 0x0000016f6d553590 flushing nmethod 0x0000016f60acd290
Event: 4.500 Thread 0x0000016f6d553590 flushing nmethod 0x0000016f60ae8710
Event: 4.500 Thread 0x0000016f6d553590 flushing nmethod 0x0000016f60aeb890
Event: 4.500 Thread 0x0000016f6d553590 flushing nmethod 0x0000016f60aeae90
Event: 4.500 Thread 0x0000016f6d553590 flushing nmethod 0x0000016f60ae9790
Event: 4.500 Thread 0x0000016f6d553590 flushing nmethod 0x0000016f60ad9990
Event: 4.500 Thread 0x0000016f6d553590 flushing nmethod 0x0000016f60abdd90
Event: 4.500 Thread 0x0000016f6d553590 flushing nmethod 0x0000016f60abc390
Event: 4.500 Thread 0x0000016f6d553590 flushing nmethod 0x0000016f60ad7b90
Event: 4.500 Thread 0x0000016f6d553590 flushing nmethod 0x0000016f60adb210
Event: 4.500 Thread 0x0000016f6d553590 flushing nmethod 0x0000016f60acaf90
Event: 4.500 Thread 0x0000016f6d553590 flushing nmethod 0x0000016f60acef90
Event: 4.500 Thread 0x0000016f6d553590 flushing nmethod 0x0000016f60ad5e10
Event: 4.500 Thread 0x0000016f6d553590 flushing nmethod 0x0000016f60ace290
Event: 4.500 Thread 0x0000016f6d553590 flushing nmethod 0x0000016f60ab8b90
Event: 4.500 Thread 0x0000016f6d553590 flushing nmethod 0x0000016f60ab8290
Event: 4.523 Thread 0x0000016f73d3df90 Thread added: 0x0000016f73d3df90
Event: 4.552 Thread 0x0000016f73d3d270 Thread added: 0x0000016f73d3d270
Event: 4.677 Thread 0x0000016f73d3c550 Thread added: 0x0000016f73d3c550
Event: 4.827 Thread 0x0000016f73d40d80 Thread added: 0x0000016f73d40d80


Dynamic libraries:
0x00007ff765e90000 - 0x00007ff765e9a000 	C:\Program Files\Android\Android Studio\jbr\bin\java.exe
0x00007ffe6b7d0000 - 0x00007ffe6b9e7000 	C:\WINDOWS\SYSTEM32\ntdll.dll
0x00007ffe6aa50000 - 0x00007ffe6ab14000 	C:\WINDOWS\System32\KERNEL32.DLL
0x00007ffe68b30000 - 0x00007ffe68f01000 	C:\WINDOWS\System32\KERNELBASE.dll
0x00007ffe691a0000 - 0x00007ffe692b1000 	C:\WINDOWS\System32\ucrtbase.dll
0x00007ffe4ce40000 - 0x00007ffe4ce58000 	C:\Program Files\Android\Android Studio\jbr\bin\jli.dll
0x00007ffe4e010000 - 0x00007ffe4e02b000 	C:\Program Files\Android\Android Studio\jbr\bin\VCRUNTIME140.dll
0x00007ffe6a840000 - 0x00007ffe6a9f1000 	C:\WINDOWS\System32\USER32.dll
0x00007ffe68990000 - 0x00007ffe689b6000 	C:\WINDOWS\System32\win32u.dll
0x00007ffe6a3a0000 - 0x00007ffe6a3c9000 	C:\WINDOWS\System32\GDI32.dll
0x00007ffe692c0000 - 0x00007ffe693db000 	C:\WINDOWS\System32\gdi32full.dll
0x00007ffe690d0000 - 0x00007ffe6916a000 	C:\WINDOWS\System32\msvcp_win.dll
0x00007ffe4dd30000 - 0x00007ffe4dfc2000 	C:\WINDOWS\WinSxS\amd64_microsoft.windows.common-controls_6595b64144ccf1df_6.0.22621.4830_none_270fe7d773858e80\COMCTL32.dll
0x00007ffe69930000 - 0x00007ffe699d7000 	C:\WINDOWS\System32\msvcrt.dll
0x00007ffe69880000 - 0x00007ffe698b1000 	C:\WINDOWS\System32\IMM32.DLL
0x00007ffe59210000 - 0x00007ffe5921c000 	C:\Program Files\Android\Android Studio\jbr\bin\vcruntime140_1.dll
0x00007ffdf3170000 - 0x00007ffdf31fd000 	C:\Program Files\Android\Android Studio\jbr\bin\msvcp140.dll
0x00007ffdf0150000 - 0x00007ffdf0dcd000 	C:\Program Files\Android\Android Studio\jbr\bin\server\jvm.dll
0x00007ffe6a770000 - 0x00007ffe6a821000 	C:\WINDOWS\System32\ADVAPI32.dll
0x00007ffe6a270000 - 0x00007ffe6a317000 	C:\WINDOWS\System32\sechost.dll
0x00007ffe69170000 - 0x00007ffe69198000 	C:\WINDOWS\System32\bcrypt.dll
0x00007ffe6afd0000 - 0x00007ffe6b0e4000 	C:\WINDOWS\System32\RPCRT4.dll
0x00007ffe6a610000 - 0x00007ffe6a681000 	C:\WINDOWS\System32\WS2_32.dll
0x00007ffe677c0000 - 0x00007ffe6780d000 	C:\WINDOWS\SYSTEM32\POWRPROF.dll
0x00007ffe607c0000 - 0x00007ffe607f4000 	C:\WINDOWS\SYSTEM32\WINMM.dll
0x00007ffe60590000 - 0x00007ffe6059a000 	C:\WINDOWS\SYSTEM32\VERSION.dll
0x00007ffe677a0000 - 0x00007ffe677b3000 	C:\WINDOWS\SYSTEM32\UMPDC.dll
0x00007ffe67a50000 - 0x00007ffe67a68000 	C:\WINDOWS\SYSTEM32\kernel.appcore.dll
0x00007ffe4d820000 - 0x00007ffe4d82a000 	C:\Program Files\Android\Android Studio\jbr\bin\jimage.dll
0x00007ffe65d30000 - 0x00007ffe65f62000 	C:\WINDOWS\SYSTEM32\DBGHELP.DLL
0x00007ffe6ab20000 - 0x00007ffe6aeb0000 	C:\WINDOWS\System32\combase.dll
0x00007ffe6a690000 - 0x00007ffe6a767000 	C:\WINDOWS\System32\OLEAUT32.dll
0x00007ffe5d170000 - 0x00007ffe5d1a2000 	C:\WINDOWS\SYSTEM32\dbgcore.DLL
0x00007ffe68910000 - 0x00007ffe6898b000 	C:\WINDOWS\System32\bcryptPrimitives.dll
0x00007ffe4ba70000 - 0x00007ffe4ba7e000 	C:\Program Files\Android\Android Studio\jbr\bin\instrument.dll
0x00007ffe4b710000 - 0x00007ffe4b72f000 	C:\Program Files\Android\Android Studio\jbr\bin\java.dll
0x00007ffe4b6f0000 - 0x00007ffe4b708000 	C:\Program Files\Android\Android Studio\jbr\bin\zip.dll
0x00007ffe699e0000 - 0x00007ffe6a268000 	C:\WINDOWS\System32\SHELL32.dll
0x00007ffe68f90000 - 0x00007ffe690cf000 	C:\WINDOWS\System32\wintypes.dll
0x00007ffe66880000 - 0x00007ffe6718d000 	C:\WINDOWS\SYSTEM32\windows.storage.dll
0x00007ffe6aec0000 - 0x00007ffe6afca000 	C:\WINDOWS\System32\SHCORE.dll
0x00007ffe6a340000 - 0x00007ffe6a39e000 	C:\WINDOWS\System32\shlwapi.dll
0x00007ffe68840000 - 0x00007ffe6886b000 	C:\WINDOWS\SYSTEM32\profapi.dll
0x00007ffe4d810000 - 0x00007ffe4d820000 	C:\Program Files\Android\Android Studio\jbr\bin\net.dll
0x00007ffe61560000 - 0x00007ffe6168c000 	C:\WINDOWS\SYSTEM32\WINHTTP.dll
0x00007ffe67ec0000 - 0x00007ffe67f2a000 	C:\WINDOWS\system32\mswsock.dll
0x00007ffe479f0000 - 0x00007ffe47a06000 	C:\Program Files\Android\Android Studio\jbr\bin\nio.dll
0x00007ffe5a490000 - 0x00007ffe5a4a0000 	C:\Program Files\Android\Android Studio\jbr\bin\verify.dll
0x00007ffe47cc0000 - 0x00007ffe47ce7000 	C:\Users\DELL\.gradle\native\c067742578af261105cb4f569cf0c3c89f3d7b1fecec35dd04571415982c5e48\windows-amd64\native-platform.dll
0x00007ffdf2e20000 - 0x00007ffdf2f64000 	C:\Users\DELL\.gradle\native\100fb08df4bc3b14c8652ba06237920a3bd2aa13389f12d3474272988ae205f9\windows-amd64\native-platform-file-events.dll
0x00007ffe5e2b0000 - 0x00007ffe5e2b9000 	C:\Program Files\Android\Android Studio\jbr\bin\management.dll
0x00007ffe5e070000 - 0x00007ffe5e07b000 	C:\Program Files\Android\Android Studio\jbr\bin\management_ext.dll
0x00007ffe6b5d0000 - 0x00007ffe6b5d8000 	C:\WINDOWS\System32\PSAPI.DLL
0x00007ffe68110000 - 0x00007ffe6812b000 	C:\WINDOWS\SYSTEM32\CRYPTSP.dll
0x00007ffe679b0000 - 0x00007ffe679e7000 	C:\WINDOWS\system32\rsaenh.dll
0x00007ffe67fb0000 - 0x00007ffe67fd8000 	C:\WINDOWS\SYSTEM32\USERENV.dll
0x00007ffe68130000 - 0x00007ffe6813c000 	C:\WINDOWS\SYSTEM32\CRYPTBASE.dll
0x00007ffe67460000 - 0x00007ffe6748d000 	C:\WINDOWS\SYSTEM32\IPHLPAPI.DLL
0x00007ffe6a830000 - 0x00007ffe6a839000 	C:\WINDOWS\System32\NSI.dll
0x00007ffe4cf60000 - 0x00007ffe4cf69000 	C:\Program Files\Android\Android Studio\jbr\bin\extnet.dll
0x00007ffe59030000 - 0x00007ffe59038000 	C:\WINDOWS\system32\wshunix.dll

dbghelp: loaded successfully - version: 4.0.5 - missing functions: none
symbol engine: initialized successfully - sym options: 0x614 - pdb path: .;C:\Program Files\Android\Android Studio\jbr\bin;C:\WINDOWS\SYSTEM32;C:\WINDOWS\WinSxS\amd64_microsoft.windows.common-controls_6595b64144ccf1df_6.0.22621.4830_none_270fe7d773858e80;C:\Program Files\Android\Android Studio\jbr\bin\server;C:\Users\DELL\.gradle\native\c067742578af261105cb4f569cf0c3c89f3d7b1fecec35dd04571415982c5e48\windows-amd64;C:\Users\DELL\.gradle\native\100fb08df4bc3b14c8652ba06237920a3bd2aa13389f12d3474272988ae205f9\windows-amd64

VM Arguments:
jvm_args: --add-opens=java.base/java.util=ALL-UNNAMED --add-opens=java.base/java.lang=ALL-UNNAMED --add-opens=java.base/java.lang.invoke=ALL-UNNAMED --add-opens=java.prefs/java.util.prefs=ALL-UNNAMED --add-exports=jdk.compiler/com.sun.tools.javac.api=ALL-UNNAMED --add-exports=jdk.compiler/com.sun.tools.javac.util=ALL-UNNAMED --add-opens=java.base/java.nio.charset=ALL-UNNAMED --add-opens=java.base/java.net=ALL-UNNAMED --add-opens=java.base/java.util.concurrent.atomic=ALL-UNNAMED -Xmx2048m -Dfile.encoding=UTF-8 -Duser.country=GB -Duser.language=en -Duser.variant -javaagent:C:\Users\DELL\.gradle\wrapper\dists\gradle-8.9-bin\90cnw93cvbtalezasaz0blq0a\gradle-8.9\lib\agents\gradle-instrumentation-agent-8.9.jar 
java_command: org.gradle.launcher.daemon.bootstrap.GradleDaemon 8.9
java_class_path (initial): C:\Users\DELL\.gradle\wrapper\dists\gradle-8.9-bin\90cnw93cvbtalezasaz0blq0a\gradle-8.9\lib\gradle-daemon-main-8.9.jar
Launcher Type: SUN_STANDARD

[Global flags]
     intx CICompilerCount                          = 4                                         {product} {ergonomic}
     uint ConcGCThreads                            = 2                                         {product} {ergonomic}
     uint G1ConcRefinementThreads                  = 8                                         {product} {ergonomic}
   size_t G1HeapRegionSize                         = 1048576                                   {product} {ergonomic}
    uintx GCDrainStackTargetSize                   = 64                                        {product} {ergonomic}
   size_t InitialHeapSize                          = 130023424                                 {product} {ergonomic}
   size_t MarkStackSize                            = 4194304                                   {product} {ergonomic}
   size_t MaxHeapSize                              = 2147483648                                {product} {command line}
   size_t MaxNewSize                               = 1287651328                                {product} {ergonomic}
   size_t MinHeapDeltaBytes                        = 1048576                                   {product} {ergonomic}
   size_t MinHeapSize                              = 8388608                                   {product} {ergonomic}
    uintx NonNMethodCodeHeapSize                   = 5839372                                {pd product} {ergonomic}
    uintx NonProfiledCodeHeapSize                  = 122909434                              {pd product} {ergonomic}
    uintx ProfiledCodeHeapSize                     = 122909434                              {pd product} {ergonomic}
    uintx ReservedCodeCacheSize                    = 251658240                              {pd product} {ergonomic}
     bool SegmentedCodeCache                       = true                                      {product} {ergonomic}
   size_t SoftMaxHeapSize                          = 2147483648                             {manageable} {ergonomic}
     bool UseCompressedOops                        = true                           {product lp64_product} {ergonomic}
     bool UseG1GC                                  = true                                      {product} {ergonomic}
     bool UseLargePagesIndividualAllocation        = false                                  {pd product} {ergonomic}

Logging:
Log output configuration:
 #0: stdout all=warning uptime,level,tags foldmultilines=false
 #1: stderr all=off uptime,level,tags foldmultilines=false

Environment Variables:
PATH=C:\Program Files\Microsoft MPI\Bin\;C:\Program Files\Python39\Scripts\;C:\Program Files\Python39\;C:\Windows\system32;C:\Windows;C:\Windows\System32\Wbem;C:\Windows\System32\WindowsPowerShell\v1.0\;C:\Windows\System32\OpenSSH\;C:\Program Files\NVIDIA Corporation\NVIDIA NvDLISR;C:\Program Files\dotnet\;C:\WINDOWS\system32;C:\WINDOWS;C:\WINDOWS\System32\Wbem;C:\WINDOWS\System32\WindowsPowerShell\v1.0\;C:\WINDOWS\System32\OpenSSH\;C:\Program Files\Git\cmd;C:\Program Files (x86)\Microsoft SQL Server\130\Tools\Binn\;C:\Program Files\Microsoft SQL Server\130\Tools\Binn\;C:\Program Files (x86)\Microsoft SQL Server\130\DTS\Binn\;C:\Program Files\Microsoft SQL Server\130\DTS\Binn\;C:\Program Files\Microsoft SQL Server\Client SDK\ODBC\130\Tools\Binn\;C:\Program Files (x86)\Microsoft SQL Server\160\DTS\Binn\;C:\Program Files\Azure Data Studio\bin;C:\Program Files\Microsoft SQL Server\Client SDK\ODBC\170\Tools\Binn\;C:\Program Files (x86)\Microsoft SQL Server\150\Tools\Binn\;C:\Program Files\Microsoft SQL Server\150\Tools\Binn\;C:\Program Files\Microsoft SQL Server\150\DTS\Binn\;C:\Program Files (x86)\Microsoft SQL Server\160\Tools\Binn\;C:\Program Files\Microsoft SQL Server\160\Tools\Binn\;C:\Program Files\Microsoft SQL Server\160\DTS\Binn\;C:\Program Files\nodejs\;C:\Users\DELL\AppData\Local\Microsoft\WindowsApps;C:\Program Files\Microsoft VS Code\bin;C:\Users\DELL\.dotnet\tools;C:\Program Files\Azure Data Studio\bin;C:\Users\DELL\AppData\Local\GitHubDesktop\bin;C:\Program Files\JetBrains\PyCharm Community Edition 2024.3.1.1\bin;;C:\Users\DELL\AppData\Roaming\npm;C:\flutter\bin;
USERNAME=DELL
OS=Windows_NT
PROCESSOR_IDENTIFIER=Intel64 Family 6 Model 140 Stepping 1, GenuineIntel
TMP=C:\Users\DELL\AppData\Local\Temp
TEMP=C:\Users\DELL\AppData\Local\Temp




Periodic native trim disabled

JNI global refs:
JNI global refs: 25, weak refs: 1

JNI global refs memory usage: 835, weak refs: 833

Process memory usage:
Resident Set Size: 262096K (3% of 8104744K total physical memory with 301932K free physical memory)

OOME stack traces (most recent first):
Classloader memory used:
Loader org.gradle.internal.classloader.VisitableURLClassLoader                         : 26051K
Loader bootstrap                                                                       : 21569K
Loader org.gradle.initialization.MixInLegacyTypesClassLoader                           : 5381K
Loader jdk.internal.loader.ClassLoaders$PlatformClassLoader                            : 512K
Loader jdk.internal.loader.ClassLoaders$AppClassLoader                                 : 230K
Loader org.gradle.internal.classloader.VisitableURLClassLoader                         : 19144B

Classes loaded by more than one classloader:
Class org.gradle.internal.classloader.FilteringClassLoader                            : loaded 2 times (x 102B)
Class org.gradle.internal.classloader.ClassLoaderHierarchy                            : loaded 2 times (x 67B)
Class org.gradle.api.internal.classpath.ManifestUtil                                  : loaded 2 times (x 68B)
Class org.gradle.internal.classloader.DefaultClassLoaderFactory                       : loaded 2 times (x 79B)
Class org.gradle.internal.classloader.ClassLoaderVisitor                              : loaded 2 times (x 73B)
Class org.gradle.api.internal.classpath.EffectiveClassPath                            : loaded 2 times (x 87B)
Class org.gradle.api.internal.DefaultClassPathProvider                                : loaded 2 times (x 73B)
Class [Lorg.gradle.api.internal.ClassPathProvider;                                    : loaded 2 times (x 66B)
Class org.gradle.api.internal.ClassPathProvider                                       : loaded 2 times (x 67B)
Class org.gradle.internal.service.UnknownServiceException                             : loaded 2 times (x 80B)
Class org.gradle.internal.classpath.TransformedClassPath                              : loaded 2 times (x 93B)
Class org.gradle.internal.service.ServiceLocator                                      : loaded 2 times (x 67B)
Class org.gradle.internal.InternalTransformer                                         : loaded 2 times (x 67B)
Class org.gradle.internal.classloader.ClasspathUtil$1                                 : loaded 2 times (x 73B)
Class org.gradle.api.internal.classpath.DefaultModuleRegistry$DefaultModule           : loaded 2 times (x 83B)
Class org.gradle.api.internal.classpath.Module                                        : loaded 2 times (x 67B)
Class org.gradle.api.internal.classpath.UnknownModuleException                        : loaded 2 times (x 79B)
Class org.gradle.api.internal.DefaultClassPathRegistry                                : loaded 2 times (x 73B)
Class org.gradle.api.internal.ClassPathRegistry                                       : loaded 2 times (x 67B)
Class org.gradle.internal.classpath.DefaultClassPath$ImmutableUniqueList              : loaded 2 times (x 196B)
Class org.gradle.internal.classpath.ClassPath                                         : loaded 2 times (x 67B)
Class org.gradle.api.UncheckedIOException                                             : loaded 2 times (x 79B)
Class org.gradle.internal.installation.GradleInstallation$1                           : loaded 2 times (x 72B)
Class org.gradle.api.internal.classpath.ModuleRegistry                                : loaded 2 times (x 67B)
Class org.gradle.api.internal.classpath.DefaultModuleRegistry                         : loaded 2 times (x 80B)
Class org.gradle.internal.service.ServiceLookupException                              : loaded 2 times (x 79B)
Class org.gradle.internal.classloader.ClassLoaderFactory                              : loaded 2 times (x 67B)
Class org.gradle.internal.service.CachingServiceLocator                               : loaded 2 times (x 79B)
Class org.gradle.internal.classloader.ClasspathUtil                                   : loaded 2 times (x 68B)
Class org.gradle.api.specs.Spec                                                       : loaded 2 times (x 67B)
Class org.gradle.internal.classloader.VisitableURLClassLoader$InstrumentingVisitableURLClassLoader: loaded 2 times (x 120B)
Class org.gradle.internal.classloader.VisitableURLClassLoader$Spec                    : loaded 2 times (x 71B)
Class org.gradle.internal.classpath.DefaultClassPath                                  : loaded 2 times (x 87B)
Class org.gradle.internal.classloader.ClassLoaderSpec                                 : loaded 2 times (x 68B)
Class org.gradle.internal.classloader.VisitableURLClassLoader                         : loaded 2 times (x 114B)
Class org.gradle.internal.Cast                                                        : loaded 2 times (x 68B)
Class org.gradle.api.Action                                                           : loaded 2 times (x 67B)
Class org.gradle.internal.agents.InstrumentingClassLoader                             : loaded 2 times (x 67B)
Class org.gradle.internal.classpath.DefaultClassPath$ImmutableUniqueList$Builder      : loaded 2 times (x 72B)
Class org.gradle.api.GradleException                                                  : loaded 2 times (x 79B)
Class org.gradle.internal.IoActions                                                   : loaded 2 times (x 68B)
Class org.gradle.internal.classloader.SystemClassLoaderSpec                           : loaded 2 times (x 68B)
Class org.gradle.internal.installation.CurrentGradleInstallationLocator               : loaded 2 times (x 68B)
Class org.gradle.internal.service.DefaultServiceLocator                               : loaded 2 times (x 80B)
Class org.gradle.internal.installation.CurrentGradleInstallation                      : loaded 2 times (x 70B)
Class org.gradle.util.internal.GUtil                                                  : loaded 2 times (x 68B)
Class org.gradle.internal.installation.GradleInstallation                             : loaded 2 times (x 72B)

---------------  S Y S T E M  ---------------

OS:
 Windows 11 , 64 bit Build 22621 (10.0.22621.4974)
OS uptime: 0 days 0:20 hours

CPU: total 8 (initial active 8) (4 cores per cpu, 2 threads per core) family 6 model 140 stepping 1 microcode 0xba, cx8, cmov, fxsr, ht, mmx, 3dnowpref, sse, sse2, sse3, ssse3, sse4.1, sse4.2, popcnt, lzcnt, tsc, tscinvbit, avx, avx2, aes, erms, clmul, bmi1, bmi2, adx, avx512f, avx512dq, avx512cd, avx512bw, avx512vl, sha, fma, vzeroupper, avx512_vpopcntdq, avx512_vpclmulqdq, avx512_vaes, avx512_vnni, clflush, clflushopt, clwb, avx512_vbmi2, avx512_vbmi, rdtscp, rdpid, fsrm, gfni, avx512_bitalg, f16c, pku, cet_ibt, cet_ss, avx512_ifma
Processor Information for all 8 processors :
  Max Mhz: 2419, Current Mhz: 2419, Mhz Limit: 2419

Memory: 4k page, system-wide physical 7914M (294M free)
TotalPageFile size 14888M (AvailPageFile size 6M)
current process WorkingSet (physical memory assigned to process): 256M, peak: 256M
current process commit charge ("private bytes"): 291M, peak: 294M

vm_info: OpenJDK 64-Bit Server VM (21.0.3+-12282718-b509.11) for windows-amd64 JRE (21.0.3+-12282718-b509.11), built on 2024-08-27T17:34:15Z by "builder" with MS VC++ 16.10 / 16.11 (VS2019)

END.
