#
# There is insufficient memory for the Java Runtime Environment to continue.
# Native memory allocation (mmap) failed to map 18874368 bytes. Error detail: G1 virtual space
# Possible reasons:
#   The system is out of physical RAM or swap space
#   This process is running with CompressedOops enabled, and the Java Heap may be blocking the growth of the native heap
# Possible solutions:
#   Reduce memory load on the system
#   Increase physical memory or swap space
#   Check if swap backing store is full
#   Decrease Java heap size (-Xmx/-Xms)
#   Decrease number of Java threads
#   Decrease Java thread stack sizes (-Xss)
#   Set larger code cache with -XX:ReservedCodeCacheSize=
#   JVM is running with Unscaled Compressed Oops mode in which the Java heap is
#     placed in the first 4GB address space. The Java Heap base address is the
#     maximum limit for the native heap growth. Please use -XX:HeapBaseMinAddress
#     to set the Java Heap base and to place the Java Heap above 4GB virtual address.
# This output file may be truncated or incomplete.
#
#  Out of Memory Error (os_windows.cpp:3815), pid=10544, tid=9188
#
# JRE version: OpenJDK Runtime Environment (21.0.3) (build 21.0.3+-12282718-b509.11)
# Java VM: OpenJDK 64-Bit Server VM (21.0.3+-12282718-b509.11, mixed mode, tiered, compressed oops, compressed class ptrs, g1 gc, windows-amd64)
# No core dump will be written. Minidumps are not enabled by default on client versions of Windows
#

---------------  S U M M A R Y ------------

Command Line: --add-opens=java.base/java.util=ALL-UNNAMED --add-opens=java.base/java.lang=ALL-UNNAMED --add-opens=java.base/java.lang.invoke=ALL-UNNAMED --add-opens=java.prefs/java.util.prefs=ALL-UNNAMED --add-exports=jdk.compiler/com.sun.tools.javac.api=ALL-UNNAMED --add-exports=jdk.compiler/com.sun.tools.javac.util=ALL-UNNAMED --add-opens=java.base/java.nio.charset=ALL-UNNAMED --add-opens=java.base/java.net=ALL-UNNAMED --add-opens=java.base/java.util.concurrent.atomic=ALL-UNNAMED -Xmx2048m -Dfile.encoding=UTF-8 -Duser.country=GB -Duser.language=en -Duser.variant -javaagent:C:\Users\DELL\.gradle\wrapper\dists\gradle-8.9-bin\90cnw93cvbtalezasaz0blq0a\gradle-8.9\lib\agents\gradle-instrumentation-agent-8.9.jar org.gradle.launcher.daemon.bootstrap.GradleDaemon 8.9

Host: 11th Gen Intel(R) Core(TM) i5-1135G7 @ 2.40GHz, 8 cores, 7G,  Windows 11 , 64 bit Build 22621 (10.0.22621.4974)
Time: Sun Mar 30 12:23:03 2025 SE Asia Standard Time elapsed time: 4.561500 seconds (0d 0h 0m 4s)

---------------  T H R E A D  ---------------

Current thread (0x0000012e4509f0b0):  VMThread "VM Thread"          [id=9188, stack(0x00000019f7000000,0x00000019f7100000) (1024K)]

Stack: [0x00000019f7000000,0x00000019f7100000]
Native frames: (J=compiled Java code, j=interpreted, Vv=VM code, C=native code)
V  [jvm.dll+0x6cafb9]
V  [jvm.dll+0x858523]
V  [jvm.dll+0x85aa7e]
V  [jvm.dll+0x85b163]
V  [jvm.dll+0x27d356]
V  [jvm.dll+0x6c7865]
V  [jvm.dll+0x6bbd3a]
V  [jvm.dll+0x35199b]
V  [jvm.dll+0x3595d6]
V  [jvm.dll+0x3aa826]
V  [jvm.dll+0x3aaaf8]
V  [jvm.dll+0x3240bc]
V  [jvm.dll+0x324147]
V  [jvm.dll+0x36a00c]
V  [jvm.dll+0x36879e]
V  [jvm.dll+0x3237c1]
V  [jvm.dll+0x367eb0]
V  [jvm.dll+0x860ac8]
V  [jvm.dll+0x861bc4]
V  [jvm.dll+0x862100]
V  [jvm.dll+0x862393]
V  [jvm.dll+0x800d78]
V  [jvm.dll+0x6c98cd]
C  [ucrtbase.dll+0x29333]
C  [KERNEL32.DLL+0x1259d]
C  [ntdll.dll+0x5af38]

VM_Operation (0x00000019f86f6590): G1CollectForAllocation, mode: safepoint, requested by thread 0x0000012e64b8ca60


---------------  P R O C E S S  ---------------

Threads class SMR info:
_java_thread_list=0x0000012e65ff5c20, length=33, elements={
0x0000012e450c3ab0, 0x0000012e5ec29040, 0x0000012e5ec2a470, 0x0000012e5ec2d220,
0x0000012e5ec41100, 0x0000012e5ec7ad10, 0x0000012e5ec7d780, 0x0000012e5ec861f0,
0x0000012e5ec8b5b0, 0x0000012e5ede8620, 0x0000012e5ef19490, 0x0000012e632015e0,
0x0000012e64aa08b0, 0x0000012e64a1c880, 0x0000012e64c41570, 0x0000012e64a612a0,
0x0000012e64b247e0, 0x0000012e64a58670, 0x0000012e64b8ca60, 0x0000012e64af4c70,
0x0000012e64af45e0, 0x0000012e64af5990, 0x0000012e64af2ba0, 0x0000012e64af38c0,
0x0000012e64af5300, 0x0000012e64af3230, 0x0000012e64af3f50, 0x0000012e6800ce50,
0x0000012e6800c7c0, 0x0000012e6800a6f0, 0x0000012e6800ad80, 0x0000012e6800c130,
0x0000012e6800a060
}

Java Threads: ( => current thread )
  0x0000012e450c3ab0 JavaThread "main"                              [_thread_blocked, id=13496, stack(0x00000019f6900000,0x00000019f6a00000) (1024K)]
  0x0000012e5ec29040 JavaThread "Reference Handler"          daemon [_thread_blocked, id=8764, stack(0x00000019f7100000,0x00000019f7200000) (1024K)]
  0x0000012e5ec2a470 JavaThread "Finalizer"                  daemon [_thread_blocked, id=5480, stack(0x00000019f7200000,0x00000019f7300000) (1024K)]
  0x0000012e5ec2d220 JavaThread "Signal Dispatcher"          daemon [_thread_blocked, id=6244, stack(0x00000019f7300000,0x00000019f7400000) (1024K)]
  0x0000012e5ec41100 JavaThread "Attach Listener"            daemon [_thread_blocked, id=20068, stack(0x00000019f7400000,0x00000019f7500000) (1024K)]
  0x0000012e5ec7ad10 JavaThread "Service Thread"             daemon [_thread_blocked, id=2244, stack(0x00000019f7500000,0x00000019f7600000) (1024K)]
  0x0000012e5ec7d780 JavaThread "Monitor Deflation Thread"   daemon [_thread_blocked, id=17316, stack(0x00000019f7600000,0x00000019f7700000) (1024K)]
  0x0000012e5ec861f0 JavaThread "C2 CompilerThread0"         daemon [_thread_blocked, id=14680, stack(0x00000019f7700000,0x00000019f7800000) (1024K)]
  0x0000012e5ec8b5b0 JavaThread "C1 CompilerThread0"         daemon [_thread_blocked, id=17988, stack(0x00000019f7800000,0x00000019f7900000) (1024K)]
  0x0000012e5ede8620 JavaThread "Common-Cleaner"             daemon [_thread_blocked, id=14784, stack(0x00000019f7900000,0x00000019f7a00000) (1024K)]
  0x0000012e5ef19490 JavaThread "Notification Thread"        daemon [_thread_blocked, id=5392, stack(0x00000019f7a00000,0x00000019f7b00000) (1024K)]
  0x0000012e632015e0 JavaThread "C2 CompilerThread1"         daemon [_thread_blocked, id=6396, stack(0x00000019f7b00000,0x00000019f7c00000) (1024K)]
  0x0000012e64aa08b0 JavaThread "Daemon health stats"               [_thread_blocked, id=16556, stack(0x00000019f7c00000,0x00000019f7d00000) (1024K)]
  0x0000012e64a1c880 JavaThread "Incoming local TCP Connector on port 51748"        [_thread_in_native, id=6628, stack(0x00000019f8100000,0x00000019f8200000) (1024K)]
  0x0000012e64c41570 JavaThread "Daemon periodic checks"            [_thread_blocked, id=18696, stack(0x00000019f8200000,0x00000019f8300000) (1024K)]
  0x0000012e64a612a0 JavaThread "Daemon"                            [_thread_blocked, id=288, stack(0x00000019f8300000,0x00000019f8400000) (1024K)]
  0x0000012e64b247e0 JavaThread "Handler for socket connection from /127.0.0.1:51748 to /127.0.0.1:51749"        [_thread_in_native, id=2004, stack(0x00000019f8400000,0x00000019f8500000) (1024K)]
  0x0000012e64a58670 JavaThread "Cancel handler"                    [_thread_blocked, id=17680, stack(0x00000019f8500000,0x00000019f8600000) (1024K)]
  0x0000012e64b8ca60 JavaThread "Daemon worker"                     [_thread_blocked, id=10896, stack(0x00000019f8600000,0x00000019f8700000) (1024K)]
  0x0000012e64af4c70 JavaThread "Asynchronous log dispatcher for DefaultDaemonConnection: socket connection from /127.0.0.1:51748 to /127.0.0.1:51749"        [_thread_blocked, id=3516, stack(0x00000019f8700000,0x00000019f8800000) (1024K)]
  0x0000012e64af45e0 JavaThread "Stdin handler"                     [_thread_blocked, id=4804, stack(0x00000019f8800000,0x00000019f8900000) (1024K)]
  0x0000012e64af5990 JavaThread "Daemon client event forwarder"        [_thread_blocked, id=17800, stack(0x00000019f8900000,0x00000019f8a00000) (1024K)]
  0x0000012e64af2ba0 JavaThread "Cache worker for journal cache (C:\Users\DELL\.gradle\caches\journal-1)"        [_thread_blocked, id=10572, stack(0x00000019f8e00000,0x00000019f8f00000) (1024K)]
  0x0000012e64af38c0 JavaThread "File lock request listener"        [_thread_in_native, id=5468, stack(0x00000019f8f00000,0x00000019f9000000) (1024K)]
  0x0000012e64af5300 JavaThread "Cache worker for file hash cache (C:\Users\DELL\.gradle\caches\8.9\fileHashes)"        [_thread_blocked, id=12200, stack(0x00000019f9000000,0x00000019f9100000) (1024K)]
  0x0000012e64af3230 JavaThread "Cache worker for file hash cache (E:\HocTap\social-media-micro-project\frontend\.gradle\8.9\fileHashes)"        [_thread_blocked, id=1244, stack(0x00000019f9200000,0x00000019f9300000) (1024K)]
  0x0000012e64af3f50 JavaThread "Cache worker for Build Output Cleanup Cache (E:\HocTap\social-media-micro-project\frontend\.gradle\buildOutputCleanup)"        [_thread_blocked, id=2060, stack(0x00000019f9300000,0x00000019f9400000) (1024K)]
  0x0000012e6800ce50 JavaThread "File watcher server"        daemon [_thread_in_native, id=7848, stack(0x00000019f9400000,0x00000019f9500000) (1024K)]
  0x0000012e6800c7c0 JavaThread "File watcher consumer"      daemon [_thread_blocked, id=11684, stack(0x00000019f9500000,0x00000019f9600000) (1024K)]
  0x0000012e6800a6f0 JavaThread "Cache worker for checksums cache (E:\HocTap\social-media-micro-project\frontend\.gradle\8.9\checksums)"        [_thread_blocked, id=14348, stack(0x00000019f9100000,0x00000019f9200000) (1024K)]
  0x0000012e6800ad80 JavaThread "Cache worker for file content cache (C:\Users\DELL\.gradle\caches\8.9\fileContent)"        [_thread_blocked, id=13568, stack(0x00000019f9600000,0x00000019f9700000) (1024K)]
  0x0000012e6800c130 JavaThread "Cache worker for cache directory md-rule (C:\Users\DELL\.gradle\caches\8.9\md-rule)"        [_thread_blocked, id=4624, stack(0x00000019f9700000,0x00000019f9800000) (1024K)]
  0x0000012e6800a060 JavaThread "Cache worker for cache directory md-supplier (C:\Users\DELL\.gradle\caches\8.9\md-supplier)"        [_thread_blocked, id=15236, stack(0x00000019f9800000,0x00000019f9900000) (1024K)]
Total: 33

Other Threads:
=>0x0000012e4509f0b0 VMThread "VM Thread"                           [id=9188, stack(0x00000019f7000000,0x00000019f7100000) (1024K)]
  0x0000012e5e5c7450 WatcherThread "VM Periodic Task Thread"        [id=5692, stack(0x00000019f6f00000,0x00000019f7000000) (1024K)]
  0x0000012e4509ed10 WorkerThread "GC Thread#0"                     [id=13580, stack(0x00000019f6a00000,0x00000019f6b00000) (1024K)]
  0x0000012e4509f450 WorkerThread "GC Thread#1"                     [id=15640, stack(0x00000019f7d00000,0x00000019f7e00000) (1024K)]
  0x0000012e4509f7f0 WorkerThread "GC Thread#2"                     [id=15564, stack(0x00000019f7e00000,0x00000019f7f00000) (1024K)]
  0x0000012e4509e230 WorkerThread "GC Thread#3"                     [id=19948, stack(0x00000019f7f00000,0x00000019f8000000) (1024K)]
  0x0000012e639f5f80 WorkerThread "GC Thread#4"                     [id=3856, stack(0x00000019f8000000,0x00000019f8100000) (1024K)]
  0x0000012e639f5100 WorkerThread "GC Thread#5"                     [id=16040, stack(0x00000019f8a00000,0x00000019f8b00000) (1024K)]
  0x0000012e639f5be0 WorkerThread "GC Thread#6"                     [id=9392, stack(0x00000019f8b00000,0x00000019f8c00000) (1024K)]
  0x0000012e639f54a0 WorkerThread "GC Thread#7"                     [id=19700, stack(0x00000019f8c00000,0x00000019f8d00000) (1024K)]
  0x0000012e473d46d0 ConcurrentGCThread "G1 Main Marker"            [id=13304, stack(0x00000019f6b00000,0x00000019f6c00000) (1024K)]
  0x0000012e4509fb90 WorkerThread "G1 Conc#0"                       [id=12344, stack(0x00000019f6c00000,0x00000019f6d00000) (1024K)]
  0x0000012e64ccfe40 WorkerThread "G1 Conc#1"                       [id=19868, stack(0x00000019f8d00000,0x00000019f8e00000) (1024K)]
  0x0000012e4742e9b0 ConcurrentGCThread "G1 Refine#0"               [id=2680, stack(0x00000019f6d00000,0x00000019f6e00000) (1024K)]
  0x0000012e5e49d540 ConcurrentGCThread "G1 Service"                [id=4312, stack(0x00000019f6e00000,0x00000019f6f00000) (1024K)]
Total: 15

Threads with active compile tasks:
Total: 0

VM state: at safepoint (normal execution)

VM Mutex/Monitor currently owned by a thread:  ([mutex/lock_event])
[0x00007ffac52420c8] Threads_lock - owner thread: 0x0000012e4509f0b0
[0x00007ffac52421c8] Heap_lock - owner thread: 0x0000012e64b8ca60

Heap address: 0x0000000080000000, size: 2048 MB, Compressed Oops mode: 32-bit

CDS archive(s) not mapped
Compressed class space mapped at: 0x0000000100000000-0x0000000140000000, reserved size: 1073741824
Narrow klass base: 0x0000000000000000, Narrow klass shift: 3, Narrow klass range: 0x140000000

GC Precious Log:
 CardTable entry size: 512
 Card Set container configuration: InlinePtr #cards 5 size 8 Array Of Cards #cards 12 size 40 Howl #buckets 4 coarsen threshold 1843 Howl Bitmap #cards 512 size 80 coarsen threshold 460 Card regions per heap region 1 cards per card region 2048
 CPUs: 8 total, 8 available
 Memory: 7914M
 Large Page Support: Disabled
 NUMA Support: Disabled
 Compressed Oops: Enabled (32-bit)
 Heap Region Size: 1M
 Heap Min Capacity: 8M
 Heap Initial Capacity: 124M
 Heap Max Capacity: 2G
 Pre-touch: Disabled
 Parallel Workers: 8
 Concurrent Workers: 2
 Concurrent Refinement Workers: 8
 Periodic GC: Disabled

Heap:
 garbage-first heap   total 92160K, used 30162K [0x0000000080000000, 0x0000000100000000)
  region size 1024K, 7 young (7168K), 7 survivors (7168K)
 Metaspace       used 44256K, committed 45376K, reserved 1114112K
  class space    used 5990K, committed 6528K, reserved 1048576K

Heap Regions: E=young(eden), S=young(survivor), O=old, HS=humongous(starts), HC=humongous(continues), CS=collection set, F=free, TAMS=top-at-mark-start, PB=parsable bottom
|   0|0x0000000080000000, 0x0000000080100000, 0x0000000080100000|100%|HS|  |TAMS 0x0000000080000000| PB 0x0000000080000000| Complete 
|   1|0x0000000080100000, 0x0000000080200000, 0x0000000080200000|100%|HC|  |TAMS 0x0000000080100000| PB 0x0000000080100000| Complete 
|   2|0x0000000080200000, 0x0000000080300000, 0x0000000080300000|100%|HC|  |TAMS 0x0000000080200000| PB 0x0000000080200000| Complete 
|   3|0x0000000080300000, 0x0000000080400000, 0x0000000080400000|100%|HC|  |TAMS 0x0000000080300000| PB 0x0000000080300000| Complete 
|   4|0x0000000080400000, 0x0000000080500000, 0x0000000080500000|100%| O|  |TAMS 0x0000000080400000| PB 0x0000000080400000| Untracked 
|   5|0x0000000080500000, 0x0000000080600000, 0x0000000080600000|100%| O|  |TAMS 0x0000000080500000| PB 0x0000000080500000| Untracked 
|   6|0x0000000080600000, 0x0000000080700000, 0x0000000080700000|100%| O|  |TAMS 0x0000000080600000| PB 0x0000000080600000| Untracked 
|   7|0x0000000080700000, 0x0000000080800000, 0x0000000080800000|100%| O|  |TAMS 0x0000000080700000| PB 0x0000000080700000| Untracked 
|   8|0x0000000080800000, 0x0000000080900000, 0x0000000080900000|100%| O|  |TAMS 0x0000000080800000| PB 0x0000000080800000| Untracked 
|   9|0x0000000080900000, 0x0000000080a00000, 0x0000000080a00000|100%| O|  |TAMS 0x0000000080900000| PB 0x0000000080900000| Untracked 
|  10|0x0000000080a00000, 0x0000000080a00000, 0x0000000080b00000|  0%| F|  |TAMS 0x0000000080a00000| PB 0x0000000080a00000| Untracked 
|  11|0x0000000080b00000, 0x0000000080c00000, 0x0000000080c00000|100%|HS|  |TAMS 0x0000000080b00000| PB 0x0000000080b00000| Complete 
|  12|0x0000000080c00000, 0x0000000080d00000, 0x0000000080d00000|100%| O|  |TAMS 0x0000000080c00000| PB 0x0000000080c00000| Untracked 
|  13|0x0000000080d00000, 0x0000000080e00000, 0x0000000080e00000|100%| O|  |TAMS 0x0000000080d00000| PB 0x0000000080d00000| Untracked 
|  14|0x0000000080e00000, 0x0000000080f00000, 0x0000000080f00000|100%| O|  |TAMS 0x0000000080e00000| PB 0x0000000080e00000| Untracked 
|  15|0x0000000080f00000, 0x0000000080f3cab0, 0x0000000081000000| 23%| O|  |TAMS 0x0000000080f00000| PB 0x0000000080f00000| Untracked 
|  16|0x0000000081000000, 0x0000000081000000, 0x0000000081100000|  0%| F|  |TAMS 0x0000000081000000| PB 0x0000000081000000| Untracked 
|  17|0x0000000081100000, 0x0000000081100000, 0x0000000081200000|  0%| F|  |TAMS 0x0000000081100000| PB 0x0000000081100000| Untracked 
|  18|0x0000000081200000, 0x0000000081200000, 0x0000000081300000|  0%| F|  |TAMS 0x0000000081200000| PB 0x0000000081200000| Untracked 
|  19|0x0000000081300000, 0x0000000081300000, 0x0000000081400000|  0%| F|  |TAMS 0x0000000081300000| PB 0x0000000081300000| Untracked 
|  20|0x0000000081400000, 0x0000000081400000, 0x0000000081500000|  0%| F|  |TAMS 0x0000000081400000| PB 0x0000000081400000| Untracked 
|  21|0x0000000081500000, 0x0000000081500000, 0x0000000081600000|  0%| F|  |TAMS 0x0000000081500000| PB 0x0000000081500000| Untracked 
|  22|0x0000000081600000, 0x0000000081600000, 0x0000000081700000|  0%| F|  |TAMS 0x0000000081600000| PB 0x0000000081600000| Untracked 
|  23|0x0000000081700000, 0x0000000081700000, 0x0000000081800000|  0%| F|  |TAMS 0x0000000081700000| PB 0x0000000081700000| Untracked 
|  24|0x0000000081800000, 0x0000000081800000, 0x0000000081900000|  0%| F|  |TAMS 0x0000000081800000| PB 0x0000000081800000| Untracked 
|  25|0x0000000081900000, 0x0000000081937ec0, 0x0000000081a00000| 21%| S|CS|TAMS 0x0000000081900000| PB 0x0000000081900000| Complete 
|  26|0x0000000081a00000, 0x0000000081b00000, 0x0000000081b00000|100%| S|CS|TAMS 0x0000000081a00000| PB 0x0000000081a00000| Complete 
|  27|0x0000000081b00000, 0x0000000081c00000, 0x0000000081c00000|100%| S|CS|TAMS 0x0000000081b00000| PB 0x0000000081b00000| Complete 
|  28|0x0000000081c00000, 0x0000000081d00000, 0x0000000081d00000|100%| S|CS|TAMS 0x0000000081c00000| PB 0x0000000081c00000| Complete 
|  29|0x0000000081d00000, 0x0000000081e00000, 0x0000000081e00000|100%| S|CS|TAMS 0x0000000081d00000| PB 0x0000000081d00000| Complete 
|  30|0x0000000081e00000, 0x0000000081f00000, 0x0000000081f00000|100%| S|CS|TAMS 0x0000000081e00000| PB 0x0000000081e00000| Complete 
|  31|0x0000000081f00000, 0x0000000082000000, 0x0000000082000000|100%| S|CS|TAMS 0x0000000081f00000| PB 0x0000000081f00000| Complete 
|  32|0x0000000082000000, 0x0000000082000000, 0x0000000082100000|  0%| F|  |TAMS 0x0000000082000000| PB 0x0000000082000000| Untracked 
|  33|0x0000000082100000, 0x0000000082100000, 0x0000000082200000|  0%| F|  |TAMS 0x0000000082100000| PB 0x0000000082100000| Untracked 
|  34|0x0000000082200000, 0x0000000082200000, 0x0000000082300000|  0%| F|  |TAMS 0x0000000082200000| PB 0x0000000082200000| Untracked 
|  35|0x0000000082300000, 0x0000000082300000, 0x0000000082400000|  0%| F|  |TAMS 0x0000000082300000| PB 0x0000000082300000| Untracked 
|  36|0x0000000082400000, 0x0000000082400000, 0x0000000082500000|  0%| F|  |TAMS 0x0000000082400000| PB 0x0000000082400000| Untracked 
|  37|0x0000000082500000, 0x0000000082500000, 0x0000000082600000|  0%| F|  |TAMS 0x0000000082500000| PB 0x0000000082500000| Untracked 
|  38|0x0000000082600000, 0x0000000082600000, 0x0000000082700000|  0%| F|  |TAMS 0x0000000082600000| PB 0x0000000082600000| Untracked 
|  39|0x0000000082700000, 0x0000000082700000, 0x0000000082800000|  0%| F|  |TAMS 0x0000000082700000| PB 0x0000000082700000| Untracked 
|  40|0x0000000082800000, 0x0000000082800000, 0x0000000082900000|  0%| F|  |TAMS 0x0000000082800000| PB 0x0000000082800000| Untracked 
|  41|0x0000000082900000, 0x0000000082900000, 0x0000000082a00000|  0%| F|  |TAMS 0x0000000082900000| PB 0x0000000082900000| Untracked 
|  42|0x0000000082a00000, 0x0000000082a00000, 0x0000000082b00000|  0%| F|  |TAMS 0x0000000082a00000| PB 0x0000000082a00000| Untracked 
|  43|0x0000000082b00000, 0x0000000082b00000, 0x0000000082c00000|  0%| F|  |TAMS 0x0000000082b00000| PB 0x0000000082b00000| Untracked 
|  44|0x0000000082c00000, 0x0000000082c00000, 0x0000000082d00000|  0%| F|  |TAMS 0x0000000082c00000| PB 0x0000000082c00000| Untracked 
|  45|0x0000000082d00000, 0x0000000082d00000, 0x0000000082e00000|  0%| F|  |TAMS 0x0000000082d00000| PB 0x0000000082d00000| Untracked 
|  46|0x0000000082e00000, 0x0000000082e00000, 0x0000000082f00000|  0%| F|  |TAMS 0x0000000082e00000| PB 0x0000000082e00000| Untracked 
|  47|0x0000000082f00000, 0x0000000082f00000, 0x0000000083000000|  0%| F|  |TAMS 0x0000000082f00000| PB 0x0000000082f00000| Untracked 
|  48|0x0000000083000000, 0x0000000083000000, 0x0000000083100000|  0%| F|  |TAMS 0x0000000083000000| PB 0x0000000083000000| Untracked 
|  49|0x0000000083100000, 0x0000000083100000, 0x0000000083200000|  0%| F|  |TAMS 0x0000000083100000| PB 0x0000000083100000| Untracked 
|  50|0x0000000083200000, 0x0000000083200000, 0x0000000083300000|  0%| F|  |TAMS 0x0000000083200000| PB 0x0000000083200000| Untracked 
|  51|0x0000000083300000, 0x0000000083300000, 0x0000000083400000|  0%| F|  |TAMS 0x0000000083300000| PB 0x0000000083300000| Untracked 
|  52|0x0000000083400000, 0x0000000083400000, 0x0000000083500000|  0%| F|  |TAMS 0x0000000083400000| PB 0x0000000083400000| Untracked 
|  53|0x0000000083500000, 0x0000000083500000, 0x0000000083600000|  0%| F|  |TAMS 0x0000000083500000| PB 0x0000000083500000| Untracked 
|  54|0x0000000083600000, 0x0000000083600000, 0x0000000083700000|  0%| F|  |TAMS 0x0000000083600000| PB 0x0000000083600000| Untracked 
|  55|0x0000000083700000, 0x0000000083700000, 0x0000000083800000|  0%| F|  |TAMS 0x0000000083700000| PB 0x0000000083700000| Untracked 
|  56|0x0000000083800000, 0x0000000083800000, 0x0000000083900000|  0%| F|  |TAMS 0x0000000083800000| PB 0x0000000083800000| Untracked 
|  57|0x0000000083900000, 0x0000000083900000, 0x0000000083a00000|  0%| F|  |TAMS 0x0000000083900000| PB 0x0000000083900000| Untracked 
|  58|0x0000000083a00000, 0x0000000083a00000, 0x0000000083b00000|  0%| F|  |TAMS 0x0000000083a00000| PB 0x0000000083a00000| Untracked 
|  59|0x0000000083b00000, 0x0000000083b00000, 0x0000000083c00000|  0%| F|  |TAMS 0x0000000083b00000| PB 0x0000000083b00000| Untracked 
|  60|0x0000000083c00000, 0x0000000083c00000, 0x0000000083d00000|  0%| F|  |TAMS 0x0000000083c00000| PB 0x0000000083c00000| Untracked 
|  61|0x0000000083d00000, 0x0000000083d00000, 0x0000000083e00000|  0%| F|  |TAMS 0x0000000083d00000| PB 0x0000000083d00000| Untracked 
|  62|0x0000000083e00000, 0x0000000083e00000, 0x0000000083f00000|  0%| F|  |TAMS 0x0000000083e00000| PB 0x0000000083e00000| Untracked 
|  63|0x0000000083f00000, 0x0000000083f00000, 0x0000000084000000|  0%| F|  |TAMS 0x0000000083f00000| PB 0x0000000083f00000| Untracked 
|  64|0x0000000084000000, 0x0000000084000000, 0x0000000084100000|  0%| F|  |TAMS 0x0000000084000000| PB 0x0000000084000000| Untracked 
|  65|0x0000000084100000, 0x0000000084100000, 0x0000000084200000|  0%| F|  |TAMS 0x0000000084100000| PB 0x0000000084100000| Untracked 
|  66|0x0000000084200000, 0x0000000084200000, 0x0000000084300000|  0%| F|  |TAMS 0x0000000084200000| PB 0x0000000084200000| Untracked 
|  67|0x0000000084300000, 0x0000000084300000, 0x0000000084400000|  0%| F|  |TAMS 0x0000000084300000| PB 0x0000000084300000| Untracked 
|  68|0x0000000084400000, 0x0000000084400000, 0x0000000084500000|  0%| F|  |TAMS 0x0000000084400000| PB 0x0000000084400000| Untracked 
|  69|0x0000000084500000, 0x0000000084500000, 0x0000000084600000|  0%| F|  |TAMS 0x0000000084500000| PB 0x0000000084500000| Untracked 
|  70|0x0000000084600000, 0x0000000084600000, 0x0000000084700000|  0%| F|  |TAMS 0x0000000084600000| PB 0x0000000084600000| Untracked 
|  71|0x0000000084700000, 0x0000000084700000, 0x0000000084800000|  0%| F|  |TAMS 0x0000000084700000| PB 0x0000000084700000| Untracked 
|  72|0x0000000084800000, 0x0000000084800000, 0x0000000084900000|  0%| F|  |TAMS 0x0000000084800000| PB 0x0000000084800000| Untracked 
|  73|0x0000000084900000, 0x0000000084900000, 0x0000000084a00000|  0%| F|  |TAMS 0x0000000084900000| PB 0x0000000084900000| Untracked 
|  74|0x0000000084a00000, 0x0000000084a00000, 0x0000000084b00000|  0%| F|  |TAMS 0x0000000084a00000| PB 0x0000000084a00000| Untracked 
|  75|0x0000000084b00000, 0x0000000084b00000, 0x0000000084c00000|  0%| F|  |TAMS 0x0000000084b00000| PB 0x0000000084b00000| Untracked 
|  76|0x0000000084c00000, 0x0000000084c00000, 0x0000000084d00000|  0%| F|  |TAMS 0x0000000084c00000| PB 0x0000000084c00000| Untracked 
|  77|0x0000000084d00000, 0x0000000084d00000, 0x0000000084e00000|  0%| F|  |TAMS 0x0000000084d00000| PB 0x0000000084d00000| Untracked 
|  78|0x0000000084e00000, 0x0000000084e00000, 0x0000000084f00000|  0%| F|  |TAMS 0x0000000084e00000| PB 0x0000000084e00000| Untracked 
|  79|0x0000000084f00000, 0x0000000084f00000, 0x0000000085000000|  0%| F|  |TAMS 0x0000000084f00000| PB 0x0000000084f00000| Untracked 
| 123|0x0000000087b00000, 0x0000000087b00000, 0x0000000087c00000|  0%| F|  |TAMS 0x0000000087b00000| PB 0x0000000087b00000| Untracked 
|2039|0x00000000ff700000, 0x00000000ff800000, 0x00000000ff800000|100%| O|Cm|TAMS 0x00000000ff700000| PB 0x00000000ff700000| Complete 
|2040|0x00000000ff800000, 0x00000000ff900000, 0x00000000ff900000|100%| O|  |TAMS 0x00000000ff800000| PB 0x00000000ff800000| Untracked 
|2041|0x00000000ff900000, 0x00000000ffa00000, 0x00000000ffa00000|100%| O|  |TAMS 0x00000000ff900000| PB 0x00000000ff900000| Untracked 
|2042|0x00000000ffa00000, 0x00000000ffb00000, 0x00000000ffb00000|100%| O|  |TAMS 0x00000000ffa00000| PB 0x00000000ffa00000| Untracked 
|2043|0x00000000ffb00000, 0x00000000ffc00000, 0x00000000ffc00000|100%| O|  |TAMS 0x00000000ffb00000| PB 0x00000000ffb00000| Untracked 
|2044|0x00000000ffc00000, 0x00000000ffd00000, 0x00000000ffd00000|100%| O|  |TAMS 0x00000000ffc00000| PB 0x00000000ffc00000| Untracked 
|2045|0x00000000ffd00000, 0x00000000ffe00000, 0x00000000ffe00000|100%| O|  |TAMS 0x00000000ffd00000| PB 0x00000000ffd00000| Untracked 
|2046|0x00000000ffe00000, 0x00000000fff00000, 0x00000000fff00000|100%| O|  |TAMS 0x00000000ffe00000| PB 0x00000000ffe00000| Untracked 
|2047|0x00000000fff00000, 0x0000000100000000, 0x0000000100000000|100%| O|  |TAMS 0x00000000fff00000| PB 0x00000000fff00000| Untracked 

Card table byte_map: [0x0000012e59be0000,0x0000012e59fe0000] _byte_map_base: 0x0000012e597e0000

Marking Bits: (CMBitMap*) 0x0000012e473c3c80
 Bits: [0x0000012e59fe0000, 0x0000012e5bfe0000)

Polling page: 0x0000012e452b0000

Metaspace:

Usage:
  Non-class:     37.37 MB used.
      Class:      5.85 MB used.
       Both:     43.22 MB used.

Virtual space:
  Non-class space:       64.00 MB reserved,      37.94 MB ( 59%) committed,  1 nodes.
      Class space:        1.00 GB reserved,       6.38 MB ( <1%) committed,  1 nodes.
             Both:        1.06 GB reserved,      44.31 MB (  4%) committed. 

Chunk freelists:
   Non-Class:  9.83 MB
       Class:  9.50 MB
        Both:  19.33 MB

MaxMetaspaceSize: unlimited
CompressedClassSpaceSize: 1.00 GB
Initial GC threshold: 21.00 MB
Current GC threshold: 59.38 MB
CDS: off
 - commit_granule_bytes: 65536.
 - commit_granule_words: 8192.
 - virtual_space_node_default_size: 8388608.
 - enlarge_chunks_in_place: 1.
 - use_allocation_guard: 0.


Internal statistics:

num_allocs_failed_limit: 9.
num_arena_births: 2050.
num_arena_deaths: 0.
num_vsnodes_births: 2.
num_vsnodes_deaths: 0.
num_space_committed: 709.
num_space_uncommitted: 0.
num_chunks_returned_to_freelist: 9.
num_chunks_taken_from_freelist: 3607.
num_chunk_merges: 9.
num_chunk_splits: 2336.
num_chunks_enlarged: 1450.
num_inconsistent_stats: 0.

CodeHeap 'non-profiled nmethods': size=120000Kb used=1916Kb max_used=1916Kb free=118083Kb
 bounds [0x0000012e51f80000, 0x0000012e521f0000, 0x0000012e594b0000]
CodeHeap 'profiled nmethods': size=120000Kb used=6731Kb max_used=6731Kb free=113268Kb
 bounds [0x0000012e4a4b0000, 0x0000012e4ab50000, 0x0000012e519e0000]
CodeHeap 'non-nmethods': size=5760Kb used=1674Kb max_used=1697Kb free=4085Kb
 bounds [0x0000012e519e0000, 0x0000012e51c50000, 0x0000012e51f80000]
 total_blobs=4066 nmethods=3471 adapters=499
 compilation: enabled
              stopped_count=0, restarted_count=0
 full_count=0

Compilation events (20 events):
Event: 4.536 Thread 0x0000012e5ec8b5b0 3868       1       java.lang.reflect.Modifier::methodModifiers (4 bytes)
Event: 4.536 Thread 0x0000012e5ec8b5b0 nmethod 3868 0x0000012e5215db90 code [0x0000012e5215dd20, 0x0000012e5215ddc8]
Event: 4.536 Thread 0x0000012e5ec8b5b0 3865       1       java.util.TreeMap$Entry::getValue (5 bytes)
Event: 4.536 Thread 0x0000012e5ec8b5b0 nmethod 3865 0x0000012e5215de90 code [0x0000012e5215e020, 0x0000012e5215e0e8]
Event: 4.536 Thread 0x0000012e5ec8b5b0 3869       1       java.beans.FeatureDescriptor::setName (6 bytes)
Event: 4.536 Thread 0x0000012e5ec8b5b0 nmethod 3869 0x0000012e5215e190 code [0x0000012e5215e320, 0x0000012e5215e430]
Event: 4.536 Thread 0x0000012e5ec8b5b0 3870       1       java.util.TreeMap$Entry::getKey (5 bytes)
Event: 4.536 Thread 0x0000012e5ec8b5b0 nmethod 3870 0x0000012e5215e490 code [0x0000012e5215e620, 0x0000012e5215e6e8]
Event: 4.538 Thread 0x0000012e5ec8b5b0 3871       1       java.lang.reflect.Field::getDeclaringClass (5 bytes)
Event: 4.538 Thread 0x0000012e632015e0 3872       4       java.lang.reflect.Modifier::isPublic (12 bytes)
Event: 4.538 Thread 0x0000012e5ec8b5b0 nmethod 3871 0x0000012e5215e790 code [0x0000012e5215e920, 0x0000012e5215e9e8]
Event: 4.538 Thread 0x0000012e632015e0 nmethod 3872 0x0000012e5215ea90 code [0x0000012e5215ec00, 0x0000012e5215ec70]
Event: 4.539 Thread 0x0000012e5ec8b5b0 3873       3       org.codehaus.groovy.reflection.CachedMethod::getReturnType (8 bytes)
Event: 4.539 Thread 0x0000012e5ec8b5b0 nmethod 3873 0x0000012e4a4e8e90 code [0x0000012e4a4e9020, 0x0000012e4a4e9150]
Event: 4.539 Thread 0x0000012e5ec8b5b0 3874       3       java.beans.MethodRef::get (91 bytes)
Event: 4.540 Thread 0x0000012e5ec8b5b0 nmethod 3874 0x0000012e4a4e7e10 code [0x0000012e4a4e8060, 0x0000012e4a4e8bb8]
Event: 4.540 Thread 0x0000012e5ec8b5b0 3876       3       org.codehaus.groovy.util.ComplexKeyHashMap::hash (31 bytes)
Event: 4.540 Thread 0x0000012e5ec8b5b0 nmethod 3876 0x0000012e4a4e7a90 code [0x0000012e4a4e7c20, 0x0000012e4a4e7d30]
Event: 4.540 Thread 0x0000012e5ec8b5b0 3875       1       groovy.lang.MetaProperty::getName (5 bytes)
Event: 4.540 Thread 0x0000012e5ec8b5b0 nmethod 3875 0x0000012e5215ed90 code [0x0000012e5215ef20, 0x0000012e5215efe8]

GC Heap History (13 events):
Event: 0.569 GC heap before
{Heap before GC invocations=0 (full 0):
 garbage-first heap   total 126976K, used 26624K [0x0000000080000000, 0x0000000100000000)
  region size 1024K, 23 young (23552K), 0 survivors (0K)
 Metaspace       used 8127K, committed 8320K, reserved 1114112K
  class space    used 738K, committed 832K, reserved 1048576K
}
Event: 0.576 GC heap after
{Heap after GC invocations=1 (full 0):
 garbage-first heap   total 126976K, used 10240K [0x0000000080000000, 0x0000000100000000)
  region size 1024K, 3 young (3072K), 3 survivors (3072K)
 Metaspace       used 8127K, committed 8320K, reserved 1114112K
  class space    used 738K, committed 832K, reserved 1048576K
}
Event: 1.167 GC heap before
{Heap before GC invocations=1 (full 0):
 garbage-first heap   total 126976K, used 38912K [0x0000000080000000, 0x0000000100000000)
  region size 1024K, 32 young (32768K), 3 survivors (3072K)
 Metaspace       used 12018K, committed 12224K, reserved 1114112K
  class space    used 1280K, committed 1408K, reserved 1048576K
}
Event: 1.175 GC heap after
{Heap after GC invocations=2 (full 0):
 garbage-first heap   total 126976K, used 11971K [0x0000000080000000, 0x0000000100000000)
  region size 1024K, 2 young (2048K), 2 survivors (2048K)
 Metaspace       used 12018K, committed 12224K, reserved 1114112K
  class space    used 1280K, committed 1408K, reserved 1048576K
}
Event: 2.411 GC heap before
{Heap before GC invocations=2 (full 0):
 garbage-first heap   total 126976K, used 77507K [0x0000000080000000, 0x0000000100000000)
  region size 1024K, 66 young (67584K), 2 survivors (2048K)
 Metaspace       used 21186K, committed 21504K, reserved 1114112K
  class space    used 2460K, committed 2624K, reserved 1048576K
}
Event: 2.419 GC heap after
{Heap after GC invocations=3 (full 0):
 garbage-first heap   total 126976K, used 21051K [0x0000000080000000, 0x0000000100000000)
  region size 1024K, 10 young (10240K), 10 survivors (10240K)
 Metaspace       used 21186K, committed 21504K, reserved 1114112K
  class space    used 2460K, committed 2624K, reserved 1048576K
}
Event: 3.464 GC heap before
{Heap before GC invocations=4 (full 0):
 garbage-first heap   total 78848K, used 76347K [0x0000000080000000, 0x0000000100000000)
  region size 1024K, 65 young (66560K), 10 survivors (10240K)
 Metaspace       used 30348K, committed 30912K, reserved 1114112K
  class space    used 3939K, committed 4224K, reserved 1048576K
}
Event: 3.473 GC heap after
{Heap after GC invocations=5 (full 0):
 garbage-first heap   total 92160K, used 24239K [0x0000000080000000, 0x0000000100000000)
  region size 1024K, 4 young (4096K), 4 survivors (4096K)
 Metaspace       used 30348K, committed 30912K, reserved 1114112K
  class space    used 3939K, committed 4224K, reserved 1048576K
}
Event: 3.955 GC heap before
{Heap before GC invocations=5 (full 0):
 garbage-first heap   total 92160K, used 60079K [0x0000000080000000, 0x0000000100000000)
  region size 1024K, 40 young (40960K), 4 survivors (4096K)
 Metaspace       used 35326K, committed 36096K, reserved 1114112K
  class space    used 4763K, committed 5120K, reserved 1048576K
}
Event: 3.959 GC heap after
{Heap after GC invocations=6 (full 0):
 garbage-first heap   total 92160K, used 26216K [0x0000000080000000, 0x0000000100000000)
  region size 1024K, 3 young (3072K), 3 survivors (3072K)
 Metaspace       used 35326K, committed 36096K, reserved 1114112K
  class space    used 4763K, committed 5120K, reserved 1048576K
}
Event: 3.989 GC heap before
{Heap before GC invocations=6 (full 0):
 garbage-first heap   total 92160K, used 28264K [0x0000000080000000, 0x0000000100000000)
  region size 1024K, 6 young (6144K), 3 survivors (3072K)
 Metaspace       used 35587K, committed 36416K, reserved 1114112K
  class space    used 4815K, committed 5248K, reserved 1048576K
}
Event: 3.992 GC heap after
{Heap after GC invocations=7 (full 0):
 garbage-first heap   total 92160K, used 26167K [0x0000000080000000, 0x0000000100000000)
  region size 1024K, 3 young (3072K), 3 survivors (3072K)
 Metaspace       used 35587K, committed 36416K, reserved 1114112K
  class space    used 4815K, committed 5248K, reserved 1048576K
}
Event: 4.555 GC heap before
{Heap before GC invocations=8 (full 0):
 garbage-first heap   total 92160K, used 73271K [0x0000000080000000, 0x0000000100000000)
  region size 1024K, 49 young (50176K), 3 survivors (3072K)
 Metaspace       used 44256K, committed 45376K, reserved 1114112K
  class space    used 5990K, committed 6528K, reserved 1048576K
}

Dll operation events (3 events):
Event: 0.007 Loaded shared library C:\Program Files\Android\Android Studio\jbr\bin\java.dll
Event: 0.012 Loaded shared library C:\Program Files\Android\Android Studio\jbr\bin\zip.dll
Event: 0.557 Loaded shared library C:\Program Files\Android\Android Studio\jbr\bin\verify.dll

Deoptimization events (20 events):
Event: 4.360 Thread 0x0000012e64b8ca60 Uncommon trap: trap_request=0xffffff45 fr.pc=0x0000012e52137fa0 relative=0x0000000000000480
Event: 4.360 Thread 0x0000012e64b8ca60 Uncommon trap: reason=unstable_if action=reinterpret pc=0x0000012e52137fa0 method=jdk.internal.org.objectweb.asm.MethodWriter.visitMethodInsn(ILjava/lang/String;Ljava/lang/String;Ljava/lang/String;Z)V @ 81 c2
Event: 4.360 Thread 0x0000012e64b8ca60 DEOPT PACKING pc=0x0000012e52137fa0 sp=0x00000019f86f0800
Event: 4.360 Thread 0x0000012e64b8ca60 DEOPT UNPACKING pc=0x0000012e51a37da2 sp=0x00000019f86f07a0 mode 2
Event: 4.360 Thread 0x0000012e64b8ca60 Uncommon trap: trap_request=0xffffff45 fr.pc=0x0000012e5213d104 relative=0x0000000000000964
Event: 4.360 Thread 0x0000012e64b8ca60 Uncommon trap: reason=unstable_if action=reinterpret pc=0x0000012e5213d104 method=jdk.internal.org.objectweb.asm.MethodWriter.visitInsn(I)V @ 24 c2
Event: 4.360 Thread 0x0000012e64b8ca60 DEOPT PACKING pc=0x0000012e5213d104 sp=0x00000019f86f07f0
Event: 4.360 Thread 0x0000012e64b8ca60 DEOPT UNPACKING pc=0x0000012e51a37da2 sp=0x00000019f86f07d8 mode 2
Event: 4.362 Thread 0x0000012e64b8ca60 Uncommon trap: trap_request=0xffffff45 fr.pc=0x0000012e520e81fc relative=0x0000000000000c7c
Event: 4.362 Thread 0x0000012e64b8ca60 Uncommon trap: reason=unstable_if action=reinterpret pc=0x0000012e520e81fc method=java.lang.invoke.LambdaForm.useCount(Ljava/lang/invoke/LambdaForm$Name;)I @ 8 c2
Event: 4.362 Thread 0x0000012e64b8ca60 DEOPT PACKING pc=0x0000012e520e81fc sp=0x00000019f86f61e0
Event: 4.362 Thread 0x0000012e64b8ca60 DEOPT UNPACKING pc=0x0000012e51a37da2 sp=0x00000019f86f60b0 mode 2
Event: 4.438 Thread 0x0000012e64b8ca60 Uncommon trap: trap_request=0xffffffc6 fr.pc=0x0000012e52148298 relative=0x0000000000000238
Event: 4.438 Thread 0x0000012e64b8ca60 Uncommon trap: reason=bimorphic_or_optimized_type_check action=maybe_recompile pc=0x0000012e52148298 method=java.util.regex.Pattern$BmpCharProperty.match(Ljava/util/regex/Matcher;ILjava/lang/CharSequence;)Z @ 19 c2
Event: 4.438 Thread 0x0000012e64b8ca60 DEOPT PACKING pc=0x0000012e52148298 sp=0x00000019f86f8870
Event: 4.438 Thread 0x0000012e64b8ca60 DEOPT UNPACKING pc=0x0000012e51a37da2 sp=0x00000019f86f8808 mode 2
Event: 4.438 Thread 0x0000012e64b8ca60 Uncommon trap: trap_request=0xffffffc6 fr.pc=0x0000012e52148298 relative=0x0000000000000238
Event: 4.438 Thread 0x0000012e64b8ca60 Uncommon trap: reason=bimorphic_or_optimized_type_check action=maybe_recompile pc=0x0000012e52148298 method=java.util.regex.Pattern$BmpCharProperty.match(Ljava/util/regex/Matcher;ILjava/lang/CharSequence;)Z @ 19 c2
Event: 4.438 Thread 0x0000012e64b8ca60 DEOPT PACKING pc=0x0000012e52148298 sp=0x00000019f86f8870
Event: 4.438 Thread 0x0000012e64b8ca60 DEOPT UNPACKING pc=0x0000012e51a37da2 sp=0x00000019f86f8808 mode 2

Classes loaded (20 events):
Event: 4.532 Loading class java/beans/SimpleBeanInfo done
Event: 4.532 Loading class java/beans/GenericBeanInfo done
Event: 4.533 Loading class java/util/Hashtable$EntrySet
Event: 4.533 Loading class java/util/Hashtable$EntrySet done
Event: 4.538 Loading class java/util/concurrent/locks/ReentrantReadWriteLock
Event: 4.538 Loading class java/util/concurrent/locks/ReadWriteLock
Event: 4.538 Loading class java/util/concurrent/locks/ReadWriteLock done
Event: 4.538 Loading class java/util/concurrent/locks/ReentrantReadWriteLock done
Event: 4.541 Loading class java/util/ServiceConfigurationError
Event: 4.541 Loading class java/util/ServiceConfigurationError done
Event: 4.541 Loading class java/util/concurrent/locks/ReentrantReadWriteLock$NonfairSync
Event: 4.541 Loading class java/util/concurrent/locks/ReentrantReadWriteLock$Sync
Event: 4.541 Loading class java/util/concurrent/locks/ReentrantReadWriteLock$Sync done
Event: 4.541 Loading class java/util/concurrent/locks/ReentrantReadWriteLock$NonfairSync done
Event: 4.541 Loading class java/util/concurrent/locks/ReentrantReadWriteLock$Sync$ThreadLocalHoldCounter
Event: 4.541 Loading class java/util/concurrent/locks/ReentrantReadWriteLock$Sync$ThreadLocalHoldCounter done
Event: 4.541 Loading class java/util/concurrent/locks/ReentrantReadWriteLock$ReadLock
Event: 4.541 Loading class java/util/concurrent/locks/ReentrantReadWriteLock$ReadLock done
Event: 4.541 Loading class java/util/concurrent/locks/ReentrantReadWriteLock$WriteLock
Event: 4.542 Loading class java/util/concurrent/locks/ReentrantReadWriteLock$WriteLock done

Classes unloaded (0 events):
No events

Classes redefined (0 events):
No events

Internal exceptions (20 events):
Event: 4.235 Thread 0x0000012e64b8ca60 Exception <a 'java/lang/NoSuchMethodError'{0x0000000083769cc8}: 'java.lang.Object java.lang.invoke.DirectMethodHandle$Holder.invokeStatic(java.lang.Object, java.lang.Object, java.lang.Object, java.lang.Object, java.lang.Object, java.lang.Object, java.lang.Object, java.lang.Object, java.lang.Object, java.lang.Object, java.lang.Object, java.lang.Object, java.lang.Object, java.lang.Object, java.lang.Object, java.lang.Object, java.lang.Object, java.lang.Object, java.lang.Object, java.lang.Object, java.lang.Obj
Event: 4.240 Thread 0x0000012e64b8ca60 Exception <a 'java/lang/NoSuchMethodError'{0x00000000837f86c0}: 'java.lang.Object java.lang.invoke.DirectMethodHandle$Holder.newInvokeSpecial(java.lang.Object, java.lang.Object, java.lang.Object, java.lang.Object, java.lang.Object, java.lang.Object, java.lang.Object, java.lang.Object, java.lang.Object, java.lang.Object, java.lang.Object, java.lang.Object, java.lang.Object, java.lang.Object, java.lang.Object, java.lang.Object, java.lang.Object, java.lang.Object, java.lang.Object, java.lang.Object)'> (0x0000
Event: 4.240 Thread 0x0000012e64b8ca60 Exception <a 'java/lang/NoSuchMethodError'{0x00000000837ff308}: 'java.lang.Object java.lang.invoke.DirectMethodHandle$Holder.invokeSpecial(java.lang.Object, java.lang.Object, java.lang.Object, java.lang.Object, java.lang.Object, java.lang.Object, java.lang.Object, java.lang.Object, java.lang.Object, java.lang.Object, java.lang.Object, java.lang.Object, java.lang.Object, java.lang.Object, java.lang.Object, java.lang.Object, java.lang.Object, java.lang.Object, java.lang.Object, java.lang.Object, java.lang.Ob
Event: 4.241 Thread 0x0000012e64b8ca60 Exception <a 'java/lang/NoSuchMethodError'{0x0000000083605308}: 'java.lang.Object java.lang.invoke.DelegatingMethodHandle$Holder.reinvoke_L(java.lang.Object, java.lang.Object, java.lang.Object, java.lang.Object, java.lang.Object, java.lang.Object, java.lang.Object, java.lang.Object, java.lang.Object, java.lang.Object, java.lang.Object, java.lang.Object, java.lang.Object, java.lang.Object, java.lang.Object, java.lang.Object, java.lang.Object, java.lang.Object, java.lang.Object, java.lang.Object)'> (0x000000
Event: 4.248 Thread 0x0000012e64b8ca60 Exception <a 'java/lang/NoSuchMethodError'{0x000000008354f900}: 'java.lang.Object java.lang.invoke.DirectMethodHandle$Holder.newInvokeSpecial(java.lang.Object, java.lang.Object, java.lang.Object, java.lang.Object, java.lang.Object, java.lang.Object, java.lang.Object, java.lang.Object, java.lang.Object, java.lang.Object, java.lang.Object, java.lang.Object)'> (0x000000008354f900) 
thrown [s\src\hotspot\share\interpreter\linkResolver.cpp, line 784]
Event: 4.285 Thread 0x0000012e64b8ca60 Exception <a 'java/lang/NoSuchMethodError'{0x00000000832b1aa8}: 'java.lang.Object java.lang.invoke.DirectMethodHandle$Holder.newInvokeSpecial(java.lang.Object, java.lang.Object, java.lang.Object, java.lang.Object, java.lang.Object, java.lang.Object, java.lang.Object, java.lang.Object, java.lang.Object)'> (0x00000000832b1aa8) 
thrown [s\src\hotspot\share\interpreter\linkResolver.cpp, line 784]
Event: 4.360 Thread 0x0000012e64b8ca60 Implicit null exception at 0x0000012e52097ab5 to 0x0000012e52097fec
Event: 4.360 Thread 0x0000012e64b8ca60 Implicit null exception at 0x0000012e52137c18 to 0x0000012e52137f94
Event: 4.360 Thread 0x0000012e64b8ca60 Implicit null exception at 0x0000012e5213c82c to 0x0000012e5213d0f4
Event: 4.361 Thread 0x0000012e64b8ca60 Exception <a 'java/lang/NoSuchMethodError'{0x0000000082c10850}: 'java.lang.reflect.Method[] java.lang.Class.getDeclaredMethods(java.lang.Class)'> (0x0000000082c10850) 
thrown [s\src\hotspot\share\interpreter\linkResolver.cpp, line 784]
Event: 4.380 Thread 0x0000012e64b8ca60 Exception <a 'java/lang/NoSuchMethodError'{0x0000000082b4f280}: 'void java.lang.invoke.DirectMethodHandle$Holder.invokeStaticInit(java.lang.Object, java.lang.Object, java.lang.Object)'> (0x0000000082b4f280) 
thrown [s\src\hotspot\share\interpreter\linkResolver.cpp, line 784]
Event: 4.383 Thread 0x0000012e64b8ca60 Exception <a 'java/lang/NoSuchMethodError'{0x0000000082b73238}: 'void java.lang.invoke.DirectMethodHandle$Holder.invokeStaticInit(java.lang.Object, java.lang.Object, java.lang.Object, java.lang.Object, java.lang.Object)'> (0x0000000082b73238) 
thrown [s\src\hotspot\share\interpreter\linkResolver.cpp, line 784]
Event: 4.391 Thread 0x0000012e64b8ca60 Exception <a 'java/lang/NoSuchMethodError'{0x0000000082bcab70}: 'int java.lang.invoke.DirectMethodHandle$Holder.invokeStaticInit(java.lang.Object, java.lang.Object, java.lang.Object, java.lang.Object)'> (0x0000000082bcab70) 
thrown [s\src\hotspot\share\interpreter\linkResolver.cpp, line 784]
Event: 4.527 Thread 0x0000012e64b8ca60 Exception <a 'java/lang/ClassNotFoundException'{0x00000000822d49c8}: groovy/lang/ExpandoMetaClassBeanInfo> (0x00000000822d49c8) 
thrown [s\src\hotspot\share\classfile\systemDictionary.cpp, line 312]
Event: 4.527 Thread 0x0000012e64b8ca60 Exception <a 'java/lang/ClassNotFoundException'{0x00000000822dca90}: groovy/lang/MetaClassImplBeanInfo> (0x00000000822dca90) 
thrown [s\src\hotspot\share\classfile\systemDictionary.cpp, line 312]
Event: 4.527 Thread 0x0000012e64b8ca60 Exception <a 'java/lang/ClassNotFoundException'{0x00000000822e1318}: java/lang/ObjectBeanInfo> (0x00000000822e1318) 
thrown [s\src\hotspot\share\classfile\systemDictionary.cpp, line 312]
Event: 4.527 Thread 0x0000012e64b8ca60 Exception <a 'java/lang/ClassNotFoundException'{0x00000000822e6be0}: java/lang/ObjectCustomizer> (0x00000000822e6be0) 
thrown [s\src\hotspot\share\classfile\systemDictionary.cpp, line 312]
Event: 4.530 Thread 0x0000012e64b8ca60 Exception <a 'java/lang/IncompatibleClassChangeError'{0x00000000822f4eb0}: Found class java.lang.Object, but interface was expected> (0x00000000822f4eb0) 
thrown [s\src\hotspot\share\interpreter\linkResolver.cpp, line 851]
Event: 4.532 Thread 0x0000012e64b8ca60 Exception <a 'java/lang/ClassNotFoundException'{0x000000008210efd0}: groovy/lang/MetaClassImplCustomizer> (0x000000008210efd0) 
thrown [s\src\hotspot\share\classfile\systemDictionary.cpp, line 312]
Event: 4.534 Thread 0x0000012e64b8ca60 Exception <a 'java/lang/ClassNotFoundException'{0x0000000082136d08}: groovy/lang/ExpandoMetaClassCustomizer> (0x0000000082136d08) 
thrown [s\src\hotspot\share\classfile\systemDictionary.cpp, line 312]

ZGC Phase Switch (0 events):
No events

VM Operations (20 events):
Event: 3.959 Executing VM operation: CollectForMetadataAllocation (Metadata GC Threshold) done
Event: 3.989 Executing VM operation: CollectForMetadataAllocation (Metadata GC Threshold)
Event: 3.992 Executing VM operation: CollectForMetadataAllocation (Metadata GC Threshold) done
Event: 4.006 Executing VM operation: G1PauseRemark
Event: 4.008 Executing VM operation: G1PauseRemark done
Event: 4.013 Executing VM operation: G1PauseCleanup
Event: 4.013 Executing VM operation: G1PauseCleanup done
Event: 4.056 Executing VM operation: HandshakeAllThreads (Deoptimize)
Event: 4.056 Executing VM operation: HandshakeAllThreads (Deoptimize) done
Event: 4.177 Executing VM operation: HandshakeAllThreads (Deoptimize)
Event: 4.177 Executing VM operation: HandshakeAllThreads (Deoptimize) done
Event: 4.353 Executing VM operation: HandshakeAllThreads (Deoptimize)
Event: 4.353 Executing VM operation: HandshakeAllThreads (Deoptimize) done
Event: 4.401 Executing VM operation: ICBufferFull
Event: 4.401 Executing VM operation: ICBufferFull done
Event: 4.457 Executing VM operation: HandshakeAllThreads (Deoptimize)
Event: 4.457 Executing VM operation: HandshakeAllThreads (Deoptimize) done
Event: 4.496 Executing VM operation: HandshakeAllThreads (Deoptimize)
Event: 4.496 Executing VM operation: HandshakeAllThreads (Deoptimize) done
Event: 4.555 Executing VM operation: G1CollectForAllocation (G1 Evacuation Pause)

Events (20 events):
Event: 4.008 Thread 0x0000012e4509f0b0 flushing nmethod 0x0000012e51f9ea10
Event: 4.008 Thread 0x0000012e4509f0b0 flushing nmethod 0x0000012e51fd5d90
Event: 4.008 Thread 0x0000012e4509f0b0 flushing nmethod 0x0000012e51f9e510
Event: 4.008 Thread 0x0000012e4509f0b0 flushing nmethod 0x0000012e51fbe790
Event: 4.008 Thread 0x0000012e4509f0b0 flushing nmethod 0x0000012e51f9d690
Event: 4.008 Thread 0x0000012e4509f0b0 flushing nmethod 0x0000012e51fac210
Event: 4.008 Thread 0x0000012e4509f0b0 flushing nmethod 0x0000012e51fbc890
Event: 4.008 Thread 0x0000012e4509f0b0 flushing nmethod 0x0000012e51f8d910
Event: 4.008 Thread 0x0000012e4509f0b0 flushing nmethod 0x0000012e51f8c390
Event: 4.008 Thread 0x0000012e4509f0b0 flushing nmethod 0x0000012e51fbfe10
Event: 4.008 Thread 0x0000012e4509f0b0 flushing nmethod 0x0000012e51fc6190
Event: 4.008 Thread 0x0000012e4509f0b0 flushing nmethod 0x0000012e51fb7d90
Event: 4.008 Thread 0x0000012e4509f0b0 flushing nmethod 0x0000012e51fb7310
Event: 4.008 Thread 0x0000012e4509f0b0 flushing nmethod 0x0000012e51f9ab10
Event: 4.008 Thread 0x0000012e4509f0b0 flushing nmethod 0x0000012e51f94310
Event: 4.008 Thread 0x0000012e4509f0b0 flushing nmethod 0x0000012e51fa4a90
Event: 4.008 Thread 0x0000012e4509f0b0 flushing nmethod 0x0000012e51f88890
Event: 4.008 Thread 0x0000012e4509f0b0 flushing nmethod 0x0000012e51f87c90
Event: 4.112 Thread 0x0000012e6800c130 Thread added: 0x0000012e6800c130
Event: 4.213 Thread 0x0000012e6800a060 Thread added: 0x0000012e6800a060


Dynamic libraries:
0x00007ff74c030000 - 0x00007ff74c03a000 	C:\Program Files\Android\Android Studio\jbr\bin\java.exe
0x00007ffb38af0000 - 0x00007ffb38d07000 	C:\WINDOWS\SYSTEM32\ntdll.dll
0x00007ffb37710000 - 0x00007ffb377d4000 	C:\WINDOWS\System32\KERNEL32.DLL
0x00007ffb35c60000 - 0x00007ffb36031000 	C:\WINDOWS\System32\KERNELBASE.dll
0x00007ffb36670000 - 0x00007ffb36781000 	C:\WINDOWS\System32\ucrtbase.dll
0x00007ffb28440000 - 0x00007ffb28458000 	C:\Program Files\Android\Android Studio\jbr\bin\jli.dll
0x00007ffb27a70000 - 0x00007ffb27a8b000 	C:\Program Files\Android\Android Studio\jbr\bin\VCRUNTIME140.dll
0x00007ffb369d0000 - 0x00007ffb36b81000 	C:\WINDOWS\System32\USER32.dll
0x00007ffb36790000 - 0x00007ffb367b6000 	C:\WINDOWS\System32\win32u.dll
0x00007ffb367c0000 - 0x00007ffb367e9000 	C:\WINDOWS\System32\GDI32.dll
0x00007ffb1aba0000 - 0x00007ffb1ae32000 	C:\WINDOWS\WinSxS\amd64_microsoft.windows.common-controls_6595b64144ccf1df_6.0.22621.4830_none_270fe7d773858e80\COMCTL32.dll
0x00007ffb362d0000 - 0x00007ffb363eb000 	C:\WINDOWS\System32\gdi32full.dll
0x00007ffb38180000 - 0x00007ffb38227000 	C:\WINDOWS\System32\msvcrt.dll
0x00007ffb36040000 - 0x00007ffb360da000 	C:\WINDOWS\System32\msvcp_win.dll
0x00007ffb38140000 - 0x00007ffb38171000 	C:\WINDOWS\System32\IMM32.DLL
0x00007ffb2b5b0000 - 0x00007ffb2b5bc000 	C:\Program Files\Android\Android Studio\jbr\bin\vcruntime140_1.dll
0x00007ffafb630000 - 0x00007ffafb6bd000 	C:\Program Files\Android\Android Studio\jbr\bin\msvcp140.dll
0x00007ffac46a0000 - 0x00007ffac531d000 	C:\Program Files\Android\Android Studio\jbr\bin\server\jvm.dll
0x00007ffb36b90000 - 0x00007ffb36c41000 	C:\WINDOWS\System32\ADVAPI32.dll
0x00007ffb38290000 - 0x00007ffb38337000 	C:\WINDOWS\System32\sechost.dll
0x00007ffb35c30000 - 0x00007ffb35c58000 	C:\WINDOWS\System32\bcrypt.dll
0x00007ffb368b0000 - 0x00007ffb369c4000 	C:\WINDOWS\System32\RPCRT4.dll
0x00007ffb38340000 - 0x00007ffb383b1000 	C:\WINDOWS\System32\WS2_32.dll
0x00007ffb34ae0000 - 0x00007ffb34b2d000 	C:\WINDOWS\SYSTEM32\POWRPROF.dll
0x00007ffb2d7c0000 - 0x00007ffb2d7f4000 	C:\WINDOWS\SYSTEM32\WINMM.dll
0x00007ffb2d4e0000 - 0x00007ffb2d4ea000 	C:\WINDOWS\SYSTEM32\VERSION.dll
0x00007ffb34ac0000 - 0x00007ffb34ad3000 	C:\WINDOWS\SYSTEM32\UMPDC.dll
0x00007ffb34d70000 - 0x00007ffb34d88000 	C:\WINDOWS\SYSTEM32\kernel.appcore.dll
0x00007ffb2b5a0000 - 0x00007ffb2b5aa000 	C:\Program Files\Android\Android Studio\jbr\bin\jimage.dll
0x00007ffb33510000 - 0x00007ffb33742000 	C:\WINDOWS\SYSTEM32\DBGHELP.DLL
0x00007ffb38720000 - 0x00007ffb38ab0000 	C:\WINDOWS\System32\combase.dll
0x00007ffb38060000 - 0x00007ffb38137000 	C:\WINDOWS\System32\OLEAUT32.dll
0x00007ffb1f3e0000 - 0x00007ffb1f412000 	C:\WINDOWS\SYSTEM32\dbgcore.DLL
0x00007ffb360e0000 - 0x00007ffb3615b000 	C:\WINDOWS\System32\bcryptPrimitives.dll
0x00007ffb26d20000 - 0x00007ffb26d2e000 	C:\Program Files\Android\Android Studio\jbr\bin\instrument.dll
0x00007ffb1f510000 - 0x00007ffb1f52f000 	C:\Program Files\Android\Android Studio\jbr\bin\java.dll
0x00007ffb1e990000 - 0x00007ffb1e9a8000 	C:\Program Files\Android\Android Studio\jbr\bin\zip.dll
0x00007ffb36c50000 - 0x00007ffb374d8000 	C:\WINDOWS\System32\SHELL32.dll
0x00007ffb36470000 - 0x00007ffb365af000 	C:\WINDOWS\System32\wintypes.dll
0x00007ffb33ae0000 - 0x00007ffb343ed000 	C:\WINDOWS\SYSTEM32\windows.storage.dll
0x00007ffb38610000 - 0x00007ffb3871a000 	C:\WINDOWS\System32\SHCORE.dll
0x00007ffb38230000 - 0x00007ffb3828e000 	C:\WINDOWS\System32\shlwapi.dll
0x00007ffb35b60000 - 0x00007ffb35b8b000 	C:\WINDOWS\SYSTEM32\profapi.dll
0x00007ffb2b0d0000 - 0x00007ffb2b0e0000 	C:\Program Files\Android\Android Studio\jbr\bin\net.dll
0x00007ffb2eaa0000 - 0x00007ffb2ebcc000 	C:\WINDOWS\SYSTEM32\WINHTTP.dll
0x00007ffb351e0000 - 0x00007ffb3524a000 	C:\WINDOWS\system32\mswsock.dll
0x00007ffb1e970000 - 0x00007ffb1e986000 	C:\Program Files\Android\Android Studio\jbr\bin\nio.dll
0x00007ffb1c3a0000 - 0x00007ffb1c3b0000 	C:\Program Files\Android\Android Studio\jbr\bin\verify.dll
0x00007ffb26e10000 - 0x00007ffb26e37000 	C:\Users\DELL\.gradle\native\c067742578af261105cb4f569cf0c3c89f3d7b1fecec35dd04571415982c5e48\windows-amd64\native-platform.dll
0x00007ffad3da0000 - 0x00007ffad3ee4000 	C:\Users\DELL\.gradle\native\100fb08df4bc3b14c8652ba06237920a3bd2aa13389f12d3474272988ae205f9\windows-amd64\native-platform-file-events.dll
0x00007ffb1e950000 - 0x00007ffb1e959000 	C:\Program Files\Android\Android Studio\jbr\bin\management.dll
0x00007ffb1e940000 - 0x00007ffb1e94b000 	C:\Program Files\Android\Android Studio\jbr\bin\management_ext.dll
0x00007ffb367f0000 - 0x00007ffb367f8000 	C:\WINDOWS\System32\PSAPI.DLL
0x00007ffb35440000 - 0x00007ffb3545b000 	C:\WINDOWS\SYSTEM32\CRYPTSP.dll
0x00007ffb34cd0000 - 0x00007ffb34d07000 	C:\WINDOWS\system32\rsaenh.dll
0x00007ffb352d0000 - 0x00007ffb352f8000 	C:\WINDOWS\SYSTEM32\USERENV.dll
0x00007ffb35430000 - 0x00007ffb3543c000 	C:\WINDOWS\SYSTEM32\CRYPTBASE.dll
0x00007ffb34780000 - 0x00007ffb347ad000 	C:\WINDOWS\SYSTEM32\IPHLPAPI.DLL
0x00007ffb37500000 - 0x00007ffb37509000 	C:\WINDOWS\System32\NSI.dll
0x00007ffb1e960000 - 0x00007ffb1e969000 	C:\Program Files\Android\Android Studio\jbr\bin\extnet.dll
0x00007ffac0680000 - 0x00007ffac0688000 	C:\WINDOWS\system32\wshunix.dll

dbghelp: loaded successfully - version: 4.0.5 - missing functions: none
symbol engine: initialized successfully - sym options: 0x614 - pdb path: .;C:\Program Files\Android\Android Studio\jbr\bin;C:\WINDOWS\SYSTEM32;C:\WINDOWS\WinSxS\amd64_microsoft.windows.common-controls_6595b64144ccf1df_6.0.22621.4830_none_270fe7d773858e80;C:\Program Files\Android\Android Studio\jbr\bin\server;C:\Users\DELL\.gradle\native\c067742578af261105cb4f569cf0c3c89f3d7b1fecec35dd04571415982c5e48\windows-amd64;C:\Users\DELL\.gradle\native\100fb08df4bc3b14c8652ba06237920a3bd2aa13389f12d3474272988ae205f9\windows-amd64

VM Arguments:
jvm_args: --add-opens=java.base/java.util=ALL-UNNAMED --add-opens=java.base/java.lang=ALL-UNNAMED --add-opens=java.base/java.lang.invoke=ALL-UNNAMED --add-opens=java.prefs/java.util.prefs=ALL-UNNAMED --add-exports=jdk.compiler/com.sun.tools.javac.api=ALL-UNNAMED --add-exports=jdk.compiler/com.sun.tools.javac.util=ALL-UNNAMED --add-opens=java.base/java.nio.charset=ALL-UNNAMED --add-opens=java.base/java.net=ALL-UNNAMED --add-opens=java.base/java.util.concurrent.atomic=ALL-UNNAMED -Xmx2048m -Dfile.encoding=UTF-8 -Duser.country=GB -Duser.language=en -Duser.variant -javaagent:C:\Users\DELL\.gradle\wrapper\dists\gradle-8.9-bin\90cnw93cvbtalezasaz0blq0a\gradle-8.9\lib\agents\gradle-instrumentation-agent-8.9.jar 
java_command: org.gradle.launcher.daemon.bootstrap.GradleDaemon 8.9
java_class_path (initial): C:\Users\DELL\.gradle\wrapper\dists\gradle-8.9-bin\90cnw93cvbtalezasaz0blq0a\gradle-8.9\lib\gradle-daemon-main-8.9.jar
Launcher Type: SUN_STANDARD

[Global flags]
     intx CICompilerCount                          = 4                                         {product} {ergonomic}
     uint ConcGCThreads                            = 2                                         {product} {ergonomic}
     uint G1ConcRefinementThreads                  = 8                                         {product} {ergonomic}
   size_t G1HeapRegionSize                         = 1048576                                   {product} {ergonomic}
    uintx GCDrainStackTargetSize                   = 64                                        {product} {ergonomic}
   size_t InitialHeapSize                          = 130023424                                 {product} {ergonomic}
   size_t MarkStackSize                            = 4194304                                   {product} {ergonomic}
   size_t MaxHeapSize                              = 2147483648                                {product} {command line}
   size_t MaxNewSize                               = 1287651328                                {product} {ergonomic}
   size_t MinHeapDeltaBytes                        = 1048576                                   {product} {ergonomic}
   size_t MinHeapSize                              = 8388608                                   {product} {ergonomic}
    uintx NonNMethodCodeHeapSize                   = 5839372                                {pd product} {ergonomic}
    uintx NonProfiledCodeHeapSize                  = 122909434                              {pd product} {ergonomic}
    uintx ProfiledCodeHeapSize                     = 122909434                              {pd product} {ergonomic}
    uintx ReservedCodeCacheSize                    = 251658240                              {pd product} {ergonomic}
     bool SegmentedCodeCache                       = true                                      {product} {ergonomic}
   size_t SoftMaxHeapSize                          = 2147483648                             {manageable} {ergonomic}
     bool UseCompressedOops                        = true                           {product lp64_product} {ergonomic}
     bool UseG1GC                                  = true                                      {product} {ergonomic}
     bool UseLargePagesIndividualAllocation        = false                                  {pd product} {ergonomic}

Logging:
Log output configuration:
 #0: stdout all=warning uptime,level,tags foldmultilines=false
 #1: stderr all=off uptime,level,tags foldmultilines=false

Environment Variables:
PATH=C:\Program Files\Microsoft MPI\Bin\;C:\Program Files\Python39\Scripts\;C:\Program Files\Python39\;C:\Windows\system32;C:\Windows;C:\Windows\System32\Wbem;C:\Windows\System32\WindowsPowerShell\v1.0\;C:\Windows\System32\OpenSSH\;C:\Program Files\NVIDIA Corporation\NVIDIA NvDLISR;C:\Program Files\dotnet\;C:\WINDOWS\system32;C:\WINDOWS;C:\WINDOWS\System32\Wbem;C:\WINDOWS\System32\WindowsPowerShell\v1.0\;C:\WINDOWS\System32\OpenSSH\;C:\Program Files\Git\cmd;C:\Program Files (x86)\Microsoft SQL Server\130\Tools\Binn\;C:\Program Files\Microsoft SQL Server\130\Tools\Binn\;C:\Program Files (x86)\Microsoft SQL Server\130\DTS\Binn\;C:\Program Files\Microsoft SQL Server\130\DTS\Binn\;C:\Program Files\Microsoft SQL Server\Client SDK\ODBC\130\Tools\Binn\;C:\Program Files (x86)\Microsoft SQL Server\160\DTS\Binn\;C:\Program Files\Azure Data Studio\bin;C:\Program Files\Microsoft SQL Server\Client SDK\ODBC\170\Tools\Binn\;C:\Program Files (x86)\Microsoft SQL Server\150\Tools\Binn\;C:\Program Files\Microsoft SQL Server\150\Tools\Binn\;C:\Program Files\Microsoft SQL Server\150\DTS\Binn\;C:\Program Files (x86)\Microsoft SQL Server\160\Tools\Binn\;C:\Program Files\Microsoft SQL Server\160\Tools\Binn\;C:\Program Files\Microsoft SQL Server\160\DTS\Binn\;C:\Program Files\nodejs\;C:\Users\DELL\AppData\Local\Microsoft\WindowsApps;C:\Program Files\Microsoft VS Code\bin;C:\Users\DELL\.dotnet\tools;C:\Program Files\Azure Data Studio\bin;C:\Users\DELL\AppData\Local\GitHubDesktop\bin;C:\Program Files\JetBrains\PyCharm Community Edition 2024.3.1.1\bin;;C:\Users\DELL\AppData\Roaming\npm;C:\flutter\bin;
USERNAME=DELL
OS=Windows_NT
PROCESSOR_IDENTIFIER=Intel64 Family 6 Model 140 Stepping 1, GenuineIntel
TMP=C:\Users\DELL\AppData\Local\Temp
TEMP=C:\Users\DELL\AppData\Local\Temp




Periodic native trim disabled

JNI global refs:
JNI global refs: 24, weak refs: 0

JNI global refs memory usage: 835, weak refs: 833

Process memory usage:
Resident Set Size: 251384K (3% of 8104744K total physical memory with 897620K free physical memory)

OOME stack traces (most recent first):
Classloader memory used:
Loader bootstrap                                                                       : 20179K
Loader org.gradle.internal.classloader.VisitableURLClassLoader                         : 19471K
Loader org.gradle.initialization.MixInLegacyTypesClassLoader                           : 4131K
Loader jdk.internal.loader.ClassLoaders$PlatformClassLoader                            : 243K
Loader jdk.internal.loader.ClassLoaders$AppClassLoader                                 : 230K

Classes loaded by more than one classloader:
Class org.gradle.internal.classloader.FilteringClassLoader                            : loaded 2 times (x 102B)
Class org.gradle.internal.classloader.ClassLoaderHierarchy                            : loaded 2 times (x 67B)
Class org.gradle.api.internal.classpath.ManifestUtil                                  : loaded 2 times (x 68B)
Class org.gradle.internal.classloader.DefaultClassLoaderFactory                       : loaded 2 times (x 79B)
Class org.gradle.internal.classloader.ClassLoaderVisitor                              : loaded 2 times (x 73B)
Class org.gradle.api.internal.classpath.EffectiveClassPath                            : loaded 2 times (x 87B)
Class org.gradle.api.internal.DefaultClassPathProvider                                : loaded 2 times (x 73B)
Class [Lorg.gradle.api.internal.ClassPathProvider;                                    : loaded 2 times (x 66B)
Class org.gradle.api.internal.ClassPathProvider                                       : loaded 2 times (x 67B)
Class org.gradle.internal.service.UnknownServiceException                             : loaded 2 times (x 80B)
Class org.gradle.internal.classpath.TransformedClassPath                              : loaded 2 times (x 93B)
Class org.gradle.internal.service.ServiceLocator                                      : loaded 2 times (x 67B)
Class org.gradle.internal.InternalTransformer                                         : loaded 2 times (x 67B)
Class org.gradle.internal.classloader.ClasspathUtil$1                                 : loaded 2 times (x 73B)
Class org.gradle.api.internal.classpath.DefaultModuleRegistry$DefaultModule           : loaded 2 times (x 83B)
Class org.gradle.api.internal.classpath.Module                                        : loaded 2 times (x 67B)
Class org.gradle.api.internal.classpath.UnknownModuleException                        : loaded 2 times (x 79B)
Class org.gradle.api.internal.DefaultClassPathRegistry                                : loaded 2 times (x 73B)
Class org.gradle.api.internal.ClassPathRegistry                                       : loaded 2 times (x 67B)
Class org.gradle.internal.classpath.DefaultClassPath$ImmutableUniqueList              : loaded 2 times (x 196B)
Class org.gradle.internal.classpath.ClassPath                                         : loaded 2 times (x 67B)
Class org.gradle.api.UncheckedIOException                                             : loaded 2 times (x 79B)
Class org.gradle.internal.installation.GradleInstallation$1                           : loaded 2 times (x 72B)
Class org.gradle.api.internal.classpath.ModuleRegistry                                : loaded 2 times (x 67B)
Class org.gradle.api.internal.classpath.DefaultModuleRegistry                         : loaded 2 times (x 80B)
Class org.gradle.internal.service.ServiceLookupException                              : loaded 2 times (x 79B)
Class org.gradle.internal.classloader.ClassLoaderFactory                              : loaded 2 times (x 67B)
Class org.gradle.internal.service.CachingServiceLocator                               : loaded 2 times (x 79B)
Class org.gradle.internal.classloader.ClasspathUtil                                   : loaded 2 times (x 68B)
Class org.gradle.api.specs.Spec                                                       : loaded 2 times (x 67B)
Class org.gradle.internal.classloader.VisitableURLClassLoader$InstrumentingVisitableURLClassLoader: loaded 2 times (x 120B)
Class org.gradle.internal.classloader.VisitableURLClassLoader$Spec                    : loaded 2 times (x 71B)
Class org.gradle.internal.classpath.DefaultClassPath                                  : loaded 2 times (x 87B)
Class org.gradle.internal.classloader.ClassLoaderSpec                                 : loaded 2 times (x 68B)
Class org.gradle.internal.classloader.VisitableURLClassLoader                         : loaded 2 times (x 114B)
Class org.gradle.internal.Cast                                                        : loaded 2 times (x 68B)
Class org.gradle.api.Action                                                           : loaded 2 times (x 67B)
Class org.gradle.internal.agents.InstrumentingClassLoader                             : loaded 2 times (x 67B)
Class org.gradle.internal.classpath.DefaultClassPath$ImmutableUniqueList$Builder      : loaded 2 times (x 72B)
Class org.gradle.api.GradleException                                                  : loaded 2 times (x 79B)
Class org.gradle.internal.IoActions                                                   : loaded 2 times (x 68B)
Class org.gradle.internal.classloader.SystemClassLoaderSpec                           : loaded 2 times (x 68B)
Class org.gradle.internal.installation.CurrentGradleInstallationLocator               : loaded 2 times (x 68B)
Class org.gradle.internal.service.DefaultServiceLocator                               : loaded 2 times (x 80B)
Class org.gradle.internal.installation.CurrentGradleInstallation                      : loaded 2 times (x 70B)
Class org.gradle.util.internal.GUtil                                                  : loaded 2 times (x 68B)
Class org.gradle.internal.installation.GradleInstallation                             : loaded 2 times (x 72B)

---------------  S Y S T E M  ---------------

OS:
 Windows 11 , 64 bit Build 22621 (10.0.22621.4974)
OS uptime: 0 days 12:23 hours

CPU: total 8 (initial active 8) (4 cores per cpu, 2 threads per core) family 6 model 140 stepping 1 microcode 0xba, cx8, cmov, fxsr, ht, mmx, 3dnowpref, sse, sse2, sse3, ssse3, sse4.1, sse4.2, popcnt, lzcnt, tsc, tscinvbit, avx, avx2, aes, erms, clmul, bmi1, bmi2, adx, avx512f, avx512dq, avx512cd, avx512bw, avx512vl, sha, fma, vzeroupper, avx512_vpopcntdq, avx512_vpclmulqdq, avx512_vaes, avx512_vnni, clflush, clflushopt, clwb, avx512_vbmi2, avx512_vbmi, rdtscp, rdpid, fsrm, gfni, avx512_bitalg, f16c, pku, cet_ibt, cet_ss, avx512_ifma
Processor Information for all 8 processors :
  Max Mhz: 2419, Current Mhz: 2419, Mhz Limit: 2419

Memory: 4k page, system-wide physical 7914M (876M free)
TotalPageFile size 15140M (AvailPageFile size 18M)
current process WorkingSet (physical memory assigned to process): 245M, peak: 245M
current process commit charge ("private bytes"): 282M, peak: 301M

vm_info: OpenJDK 64-Bit Server VM (21.0.3+-12282718-b509.11) for windows-amd64 JRE (21.0.3+-12282718-b509.11), built on 2024-08-27T17:34:15Z by "builder" with MS VC++ 16.10 / 16.11 (VS2019)

END.
