#
# There is insufficient memory for the Java Runtime Environment to continue.
# Native memory allocation (malloc) failed to allocate 1629952 bytes. Error detail: Chunk::new
# Possible reasons:
#   The system is out of physical RAM or swap space
#   This process is running with CompressedOops enabled, and the Java Heap may be blocking the growth of the native heap
# Possible solutions:
#   Reduce memory load on the system
#   Increase physical memory or swap space
#   Check if swap backing store is full
#   Decrease Java heap size (-Xmx/-Xms)
#   Decrease number of Java threads
#   Decrease Java thread stack sizes (-Xss)
#   Set larger code cache with -XX:ReservedCodeCacheSize=
#   JVM is running with Unscaled Compressed Oops mode in which the Java heap is
#     placed in the first 4GB address space. The Java Heap base address is the
#     maximum limit for the native heap growth. Please use -XX:HeapBaseMinAddress
#     to set the Java Heap base and to place the Java Heap above 4GB virtual address.
# This output file may be truncated or incomplete.
#
#  Out of Memory Error (arena.cpp:168), pid=17520, tid=11920
#
# JRE version: OpenJDK Runtime Environment (21.0.3) (build 21.0.3+-12282718-b509.11)
# Java VM: OpenJDK 64-Bit Server VM (21.0.3+-12282718-b509.11, mixed mode, tiered, compressed oops, compressed class ptrs, g1 gc, windows-amd64)
# No core dump will be written. Minidumps are not enabled by default on client versions of Windows
#

---------------  S U M M A R Y ------------

Command Line: --add-opens=java.base/java.util=ALL-UNNAMED --add-opens=java.base/java.lang=ALL-UNNAMED --add-opens=java.base/java.lang.invoke=ALL-UNNAMED --add-opens=java.prefs/java.util.prefs=ALL-UNNAMED --add-exports=jdk.compiler/com.sun.tools.javac.api=ALL-UNNAMED --add-exports=jdk.compiler/com.sun.tools.javac.util=ALL-UNNAMED --add-opens=java.base/java.nio.charset=ALL-UNNAMED --add-opens=java.base/java.net=ALL-UNNAMED --add-opens=java.base/java.util.concurrent.atomic=ALL-UNNAMED -Xmx2048m -Dfile.encoding=UTF-8 -Duser.country=GB -Duser.language=en -Duser.variant -javaagent:C:\Users\DELL\.gradle\wrapper\dists\gradle-8.9-bin\90cnw93cvbtalezasaz0blq0a\gradle-8.9\lib\agents\gradle-instrumentation-agent-8.9.jar org.gradle.launcher.daemon.bootstrap.GradleDaemon 8.9

Host: 11th Gen Intel(R) Core(TM) i5-1135G7 @ 2.40GHz, 8 cores, 7G,  Windows 11 , 64 bit Build 22621 (10.0.22621.4974)
Time: Sun Mar 30 12:24:16 2025 SE Asia Standard Time elapsed time: 5.778707 seconds (0d 0h 0m 5s)

---------------  T H R E A D  ---------------

Current thread (0x000002bb0813c4d0):  JavaThread "C2 CompilerThread1" daemon [_thread_in_native, id=11920, stack(0x000000fb0c100000,0x000000fb0c200000) (1024K)]


Current CompileTask:
C2:   5778 4649   !   4       java.net.URLClassLoader$1::run (81 bytes)

Stack: [0x000000fb0c100000,0x000000fb0c200000]
Native frames: (J=compiled Java code, j=interpreted, Vv=VM code, C=native code)
V  [jvm.dll+0x6cafb9]
V  [jvm.dll+0x858523]
V  [jvm.dll+0x85aa7e]
V  [jvm.dll+0x85b163]
V  [jvm.dll+0x27d356]
V  [jvm.dll+0xbf93d]
V  [jvm.dll+0xbfe73]
V  [jvm.dll+0x3b1ceb]
V  [jvm.dll+0x1de082]
V  [jvm.dll+0x246c54]
V  [jvm.dll+0x2460d1]
V  [jvm.dll+0x1c5804]
V  [jvm.dll+0x25575c]
V  [jvm.dll+0x253c36]
V  [jvm.dll+0x3ec996]
V  [jvm.dll+0x800d78]
V  [jvm.dll+0x6c98cd]
C  [ucrtbase.dll+0x29333]
C  [KERNEL32.DLL+0x1259d]
C  [ntdll.dll+0x5af38]


---------------  P R O C E S S  ---------------

Threads class SMR info:
_java_thread_list=0x000002bb0b3ea170, length=33, elements={
0x000002bb69b94b80, 0x000002bb7f5cb100, 0x000002bb7f5cbf20, 0x000002bb7f5ce0d0,
0x000002bb7f5cec90, 0x000002bb7f5ec5f0, 0x000002bb7f5e01c0, 0x000002bb7f5ed050,
0x000002bb7f5f2c10, 0x000002bb7f6807b0, 0x000002bb7f8c99d0, 0x000002bb0813c4d0,
0x000002bb09798220, 0x000002bb098cf260, 0x000002bb09892840, 0x000002bb09b57100,
0x000002bb09b63a80, 0x000002bb09ac40f0, 0x000002bb09abed50, 0x000002bb09abcc80,
0x000002bb09abf3e0, 0x000002bb09abfa70, 0x000002bb09abd310, 0x000002bb09abc5f0,
0x000002bb09abd9a0, 0x000002bb09abe6c0, 0x000002bb0c6d4f80, 0x000002bb0c6d5610,
0x000002bb0c6d2190, 0x000002bb0c6d4260, 0x000002bb0c6d2820, 0x000002bb0c6d1b00,
0x000002bb0c6d2eb0
}

Java Threads: ( => current thread )
  0x000002bb69b94b80 JavaThread "main"                              [_thread_blocked, id=8504, stack(0x000000fb0af00000,0x000000fb0b000000) (1024K)]
  0x000002bb7f5cb100 JavaThread "Reference Handler"          daemon [_thread_blocked, id=16052, stack(0x000000fb0b700000,0x000000fb0b800000) (1024K)]
  0x000002bb7f5cbf20 JavaThread "Finalizer"                  daemon [_thread_blocked, id=16668, stack(0x000000fb0b800000,0x000000fb0b900000) (1024K)]
  0x000002bb7f5ce0d0 JavaThread "Signal Dispatcher"          daemon [_thread_blocked, id=12136, stack(0x000000fb0b900000,0x000000fb0ba00000) (1024K)]
  0x000002bb7f5cec90 JavaThread "Attach Listener"            daemon [_thread_blocked, id=13316, stack(0x000000fb0ba00000,0x000000fb0bb00000) (1024K)]
  0x000002bb7f5ec5f0 JavaThread "Service Thread"             daemon [_thread_blocked, id=4928, stack(0x000000fb0bb00000,0x000000fb0bc00000) (1024K)]
  0x000002bb7f5e01c0 JavaThread "Monitor Deflation Thread"   daemon [_thread_blocked, id=18212, stack(0x000000fb0bc00000,0x000000fb0bd00000) (1024K)]
  0x000002bb7f5ed050 JavaThread "C2 CompilerThread0"         daemon [_thread_in_native, id=12296, stack(0x000000fb0bd00000,0x000000fb0be00000) (1024K)]
  0x000002bb7f5f2c10 JavaThread "C1 CompilerThread0"         daemon [_thread_blocked, id=7300, stack(0x000000fb0be00000,0x000000fb0bf00000) (1024K)]
  0x000002bb7f6807b0 JavaThread "Common-Cleaner"             daemon [_thread_blocked, id=12328, stack(0x000000fb0bf00000,0x000000fb0c000000) (1024K)]
  0x000002bb7f8c99d0 JavaThread "Notification Thread"        daemon [_thread_blocked, id=16216, stack(0x000000fb0c000000,0x000000fb0c100000) (1024K)]
=>0x000002bb0813c4d0 JavaThread "C2 CompilerThread1"         daemon [_thread_in_native, id=11920, stack(0x000000fb0c100000,0x000000fb0c200000) (1024K)]
  0x000002bb09798220 JavaThread "Daemon health stats"               [_thread_blocked, id=13144, stack(0x000000fb0c600000,0x000000fb0c700000) (1024K)]
  0x000002bb098cf260 JavaThread "Incoming local TCP Connector on port 51760"        [_thread_in_native, id=19668, stack(0x000000fb0c700000,0x000000fb0c800000) (1024K)]
  0x000002bb09892840 JavaThread "Daemon periodic checks"            [_thread_blocked, id=16444, stack(0x000000fb0c800000,0x000000fb0c900000) (1024K)]
  0x000002bb09b57100 JavaThread "Daemon"                            [_thread_blocked, id=16016, stack(0x000000fb0c900000,0x000000fb0ca00000) (1024K)]
  0x000002bb09b63a80 JavaThread "Handler for socket connection from /127.0.0.1:51760 to /127.0.0.1:51761"        [_thread_in_native, id=1236, stack(0x000000fb0ca00000,0x000000fb0cb00000) (1024K)]
  0x000002bb09ac40f0 JavaThread "Cancel handler"                    [_thread_blocked, id=12500, stack(0x000000fb0cb00000,0x000000fb0cc00000) (1024K)]
  0x000002bb09abed50 JavaThread "Daemon worker"                     [_thread_in_native, id=11948, stack(0x000000fb0cc00000,0x000000fb0cd00000) (1024K)]
  0x000002bb09abcc80 JavaThread "Asynchronous log dispatcher for DefaultDaemonConnection: socket connection from /127.0.0.1:51760 to /127.0.0.1:51761"        [_thread_blocked, id=12828, stack(0x000000fb0cd00000,0x000000fb0ce00000) (1024K)]
  0x000002bb09abf3e0 JavaThread "Stdin handler"                     [_thread_blocked, id=17440, stack(0x000000fb0ce00000,0x000000fb0cf00000) (1024K)]
  0x000002bb09abfa70 JavaThread "Daemon client event forwarder"        [_thread_blocked, id=2768, stack(0x000000fb0cf00000,0x000000fb0d000000) (1024K)]
  0x000002bb09abd310 JavaThread "Cache worker for journal cache (C:\Users\DELL\.gradle\caches\journal-1)"        [_thread_blocked, id=19460, stack(0x000000fb0d400000,0x000000fb0d500000) (1024K)]
  0x000002bb09abc5f0 JavaThread "File lock request listener"        [_thread_in_native, id=16536, stack(0x000000fb0d500000,0x000000fb0d600000) (1024K)]
  0x000002bb09abd9a0 JavaThread "Cache worker for file hash cache (C:\Users\DELL\.gradle\caches\8.9\fileHashes)"        [_thread_blocked, id=17824, stack(0x000000fb0d600000,0x000000fb0d700000) (1024K)]
  0x000002bb09abe6c0 JavaThread "Cache worker for file hash cache (E:\HocTap\social-media-micro-project\frontend\.gradle\8.9\fileHashes)"        [_thread_blocked, id=10552, stack(0x000000fb0d700000,0x000000fb0d800000) (1024K)]
  0x000002bb0c6d4f80 JavaThread "Cache worker for Build Output Cleanup Cache (E:\HocTap\social-media-micro-project\frontend\.gradle\buildOutputCleanup)"        [_thread_blocked, id=9568, stack(0x000000fb0d800000,0x000000fb0d900000) (1024K)]
  0x000002bb0c6d5610 JavaThread "File watcher server"        daemon [_thread_in_native, id=20272, stack(0x000000fb0d900000,0x000000fb0da00000) (1024K)]
  0x000002bb0c6d2190 JavaThread "File watcher consumer"      daemon [_thread_blocked, id=6264, stack(0x000000fb0da00000,0x000000fb0db00000) (1024K)]
  0x000002bb0c6d4260 JavaThread "Cache worker for checksums cache (E:\HocTap\social-media-micro-project\frontend\.gradle\8.9\checksums)"        [_thread_blocked, id=11052, stack(0x000000fb0db00000,0x000000fb0dc00000) (1024K)]
  0x000002bb0c6d2820 JavaThread "Cache worker for file content cache (C:\Users\DELL\.gradle\caches\8.9\fileContent)"        [_thread_blocked, id=17860, stack(0x000000fb0dc00000,0x000000fb0dd00000) (1024K)]
  0x000002bb0c6d1b00 JavaThread "Cache worker for cache directory md-rule (C:\Users\DELL\.gradle\caches\8.9\md-rule)"        [_thread_blocked, id=3732, stack(0x000000fb0dd00000,0x000000fb0de00000) (1024K)]
  0x000002bb0c6d2eb0 JavaThread "Cache worker for cache directory md-supplier (C:\Users\DELL\.gradle\caches\8.9\md-supplier)"        [_thread_blocked, id=12856, stack(0x000000fb0de00000,0x000000fb0df00000) (1024K)]
Total: 33

Other Threads:
  0x000002bb7f3ef2a0 VMThread "VM Thread"                           [id=1792, stack(0x000000fb0b600000,0x000000fb0b700000) (1024K)]
  0x000002bb7f3a5800 WatcherThread "VM Periodic Task Thread"        [id=1456, stack(0x000000fb0b500000,0x000000fb0b600000) (1024K)]
  0x000002bb6bd85ae0 WorkerThread "GC Thread#0"                     [id=8996, stack(0x000000fb0b000000,0x000000fb0b100000) (1024K)]
  0x000002bb0826ec20 WorkerThread "GC Thread#1"                     [id=280, stack(0x000000fb0c200000,0x000000fb0c300000) (1024K)]
  0x000002bb08561be0 WorkerThread "GC Thread#2"                     [id=15988, stack(0x000000fb0c300000,0x000000fb0c400000) (1024K)]
  0x000002bb084f6a50 WorkerThread "GC Thread#3"                     [id=7096, stack(0x000000fb0c400000,0x000000fb0c500000) (1024K)]
  0x000002bb08ab2830 WorkerThread "GC Thread#4"                     [id=14388, stack(0x000000fb0c500000,0x000000fb0c600000) (1024K)]
  0x000002bb099c56a0 WorkerThread "GC Thread#5"                     [id=13232, stack(0x000000fb0d000000,0x000000fb0d100000) (1024K)]
  0x000002bb099c6520 WorkerThread "GC Thread#6"                     [id=20452, stack(0x000000fb0d100000,0x000000fb0d200000) (1024K)]
  0x000002bb099c68c0 WorkerThread "GC Thread#7"                     [id=20196, stack(0x000000fb0d200000,0x000000fb0d300000) (1024K)]
  0x000002bb6bdd4010 ConcurrentGCThread "G1 Main Marker"            [id=6976, stack(0x000000fb0b100000,0x000000fb0b200000) (1024K)]
  0x000002bb6bdd4b10 WorkerThread "G1 Conc#0"                       [id=6668, stack(0x000000fb0b200000,0x000000fb0b300000) (1024K)]
  0x000002bb099c5a40 WorkerThread "G1 Conc#1"                       [id=19044, stack(0x000000fb0d300000,0x000000fb0d400000) (1024K)]
  0x000002bb7f27b590 ConcurrentGCThread "G1 Refine#0"               [id=17740, stack(0x000000fb0b300000,0x000000fb0b400000) (1024K)]
  0x000002bb7f27cf20 ConcurrentGCThread "G1 Service"                [id=18400, stack(0x000000fb0b400000,0x000000fb0b500000) (1024K)]
Total: 15

Threads with active compile tasks:
C2 CompilerThread0     5797 4648       4       java.net.URLClassLoader$1::run (5 bytes)
C2 CompilerThread1     5797 4649   !   4       java.net.URLClassLoader$1::run (81 bytes)
Total: 2

VM state: not at safepoint (normal execution)

VM Mutex/Monitor currently owned by a thread:  ([mutex/lock_event])
[0x00007ffac52427c8] SystemDictionary_lock - owner thread: 0x0000000000000000

Heap address: 0x0000000080000000, size: 2048 MB, Compressed Oops mode: 32-bit

CDS archive(s) not mapped
Compressed class space mapped at: 0x0000000100000000-0x0000000140000000, reserved size: 1073741824
Narrow klass base: 0x0000000000000000, Narrow klass shift: 3, Narrow klass range: 0x140000000

GC Precious Log:
 CardTable entry size: 512
 Card Set container configuration: InlinePtr #cards 5 size 8 Array Of Cards #cards 12 size 40 Howl #buckets 4 coarsen threshold 1843 Howl Bitmap #cards 512 size 80 coarsen threshold 460 Card regions per heap region 1 cards per card region 2048
 CPUs: 8 total, 8 available
 Memory: 7914M
 Large Page Support: Disabled
 NUMA Support: Disabled
 Compressed Oops: Enabled (32-bit)
 Heap Region Size: 1M
 Heap Min Capacity: 8M
 Heap Initial Capacity: 124M
 Heap Max Capacity: 2G
 Pre-touch: Disabled
 Parallel Workers: 8
 Concurrent Workers: 2
 Concurrent Refinement Workers: 8
 Periodic GC: Disabled

Heap:
 garbage-first heap   total 102400K, used 85869K [0x0000000080000000, 0x0000000100000000)
  region size 1024K, 59 young (60416K), 7 survivors (7168K)
 Metaspace       used 53697K, committed 55104K, reserved 1114112K
  class space    used 7303K, committed 8000K, reserved 1048576K

Heap Regions: E=young(eden), S=young(survivor), O=old, HS=humongous(starts), HC=humongous(continues), CS=collection set, F=free, TAMS=top-at-mark-start, PB=parsable bottom
|   0|0x0000000080000000, 0x0000000080100000, 0x0000000080100000|100%|HS|  |TAMS 0x0000000080000000| PB 0x0000000080000000| Complete 
|   1|0x0000000080100000, 0x0000000080200000, 0x0000000080200000|100%|HC|  |TAMS 0x0000000080100000| PB 0x0000000080100000| Complete 
|   2|0x0000000080200000, 0x0000000080300000, 0x0000000080300000|100%|HC|  |TAMS 0x0000000080200000| PB 0x0000000080200000| Complete 
|   3|0x0000000080300000, 0x0000000080400000, 0x0000000080400000|100%|HC|  |TAMS 0x0000000080300000| PB 0x0000000080300000| Complete 
|   4|0x0000000080400000, 0x0000000080500000, 0x0000000080500000|100%| O|  |TAMS 0x0000000080400000| PB 0x0000000080400000| Untracked 
|   5|0x0000000080500000, 0x0000000080600000, 0x0000000080600000|100%| O|  |TAMS 0x0000000080500000| PB 0x0000000080500000| Untracked 
|   6|0x0000000080600000, 0x0000000080700000, 0x0000000080700000|100%| O|  |TAMS 0x0000000080600000| PB 0x0000000080600000| Untracked 
|   7|0x0000000080700000, 0x0000000080800000, 0x0000000080800000|100%| O|  |TAMS 0x0000000080700000| PB 0x0000000080700000| Untracked 
|   8|0x0000000080800000, 0x0000000080900000, 0x0000000080900000|100%| O|  |TAMS 0x0000000080800000| PB 0x0000000080800000| Untracked 
|   9|0x0000000080900000, 0x0000000080a00000, 0x0000000080a00000|100%| O|  |TAMS 0x0000000080900000| PB 0x0000000080900000| Untracked 
|  10|0x0000000080a00000, 0x0000000080b00000, 0x0000000080b00000|100%|HS|  |TAMS 0x0000000080a00000| PB 0x0000000080a00000| Complete 
|  11|0x0000000080b00000, 0x0000000080c00000, 0x0000000080c00000|100%|HS|  |TAMS 0x0000000080b00000| PB 0x0000000080b00000| Complete 
|  12|0x0000000080c00000, 0x0000000080d00000, 0x0000000080d00000|100%| O|  |TAMS 0x0000000080c00000| PB 0x0000000080c00000| Untracked 
|  13|0x0000000080d00000, 0x0000000080e00000, 0x0000000080e00000|100%| O|  |TAMS 0x0000000080d00000| PB 0x0000000080d00000| Untracked 
|  14|0x0000000080e00000, 0x0000000080f00000, 0x0000000080f00000|100%| O|  |TAMS 0x0000000080e00000| PB 0x0000000080e00000| Untracked 
|  15|0x0000000080f00000, 0x0000000081000000, 0x0000000081000000|100%| O|  |TAMS 0x0000000080f00000| PB 0x0000000080f00000| Untracked 
|  16|0x0000000081000000, 0x0000000081100000, 0x0000000081100000|100%| O|  |TAMS 0x0000000081000000| PB 0x0000000081000000| Untracked 
|  17|0x0000000081100000, 0x0000000081129820, 0x0000000081200000| 16%| O|  |TAMS 0x0000000081100000| PB 0x0000000081100000| Untracked 
|  18|0x0000000081200000, 0x0000000081300000, 0x0000000081300000|100%|HS|  |TAMS 0x0000000081200000| PB 0x0000000081200000| Complete 
|  19|0x0000000081300000, 0x0000000081300000, 0x0000000081400000|  0%| F|  |TAMS 0x0000000081300000| PB 0x0000000081300000| Untracked 
|  20|0x0000000081400000, 0x0000000081400000, 0x0000000081500000|  0%| F|  |TAMS 0x0000000081400000| PB 0x0000000081400000| Untracked 
|  21|0x0000000081500000, 0x0000000081500000, 0x0000000081600000|  0%| F|  |TAMS 0x0000000081500000| PB 0x0000000081500000| Untracked 
|  22|0x0000000081600000, 0x0000000081600000, 0x0000000081700000|  0%| F|  |TAMS 0x0000000081600000| PB 0x0000000081600000| Untracked 
|  23|0x0000000081700000, 0x0000000081700000, 0x0000000081800000|  0%| F|  |TAMS 0x0000000081700000| PB 0x0000000081700000| Untracked 
|  24|0x0000000081800000, 0x0000000081800000, 0x0000000081900000|  0%| F|  |TAMS 0x0000000081800000| PB 0x0000000081800000| Untracked 
|  25|0x0000000081900000, 0x0000000081900000, 0x0000000081a00000|  0%| F|  |TAMS 0x0000000081900000| PB 0x0000000081900000| Untracked 
|  26|0x0000000081a00000, 0x0000000081a00000, 0x0000000081b00000|  0%| F|  |TAMS 0x0000000081a00000| PB 0x0000000081a00000| Untracked 
|  27|0x0000000081b00000, 0x0000000081b00000, 0x0000000081c00000|  0%| F|  |TAMS 0x0000000081b00000| PB 0x0000000081b00000| Untracked 
|  28|0x0000000081c00000, 0x0000000081c00000, 0x0000000081d00000|  0%| F|  |TAMS 0x0000000081c00000| PB 0x0000000081c00000| Untracked 
|  29|0x0000000081d00000, 0x0000000081d00000, 0x0000000081e00000|  0%| F|  |TAMS 0x0000000081d00000| PB 0x0000000081d00000| Untracked 
|  30|0x0000000081e00000, 0x0000000081eb1c50, 0x0000000081f00000| 69%| S|CS|TAMS 0x0000000081e00000| PB 0x0000000081e00000| Complete 
|  31|0x0000000081f00000, 0x0000000082000000, 0x0000000082000000|100%| S|CS|TAMS 0x0000000081f00000| PB 0x0000000081f00000| Complete 
|  32|0x0000000082000000, 0x0000000082100000, 0x0000000082100000|100%| S|CS|TAMS 0x0000000082000000| PB 0x0000000082000000| Complete 
|  33|0x0000000082100000, 0x0000000082200000, 0x0000000082200000|100%| S|CS|TAMS 0x0000000082100000| PB 0x0000000082100000| Complete 
|  34|0x0000000082200000, 0x0000000082300000, 0x0000000082300000|100%| S|CS|TAMS 0x0000000082200000| PB 0x0000000082200000| Complete 
|  35|0x0000000082300000, 0x0000000082400000, 0x0000000082400000|100%| S|CS|TAMS 0x0000000082300000| PB 0x0000000082300000| Complete 
|  36|0x0000000082400000, 0x0000000082500000, 0x0000000082500000|100%| S|CS|TAMS 0x0000000082400000| PB 0x0000000082400000| Complete 
|  37|0x0000000082500000, 0x0000000082500000, 0x0000000082600000|  0%| F|  |TAMS 0x0000000082500000| PB 0x0000000082500000| Untracked 
|  38|0x0000000082600000, 0x0000000082680800, 0x0000000082700000| 50%| E|  |TAMS 0x0000000082600000| PB 0x0000000082600000| Complete 
|  39|0x0000000082700000, 0x0000000082800000, 0x0000000082800000|100%| E|CS|TAMS 0x0000000082700000| PB 0x0000000082700000| Complete 
|  40|0x0000000082800000, 0x0000000082900000, 0x0000000082900000|100%| E|CS|TAMS 0x0000000082800000| PB 0x0000000082800000| Complete 
|  41|0x0000000082900000, 0x0000000082a00000, 0x0000000082a00000|100%| E|CS|TAMS 0x0000000082900000| PB 0x0000000082900000| Complete 
|  42|0x0000000082a00000, 0x0000000082b00000, 0x0000000082b00000|100%| E|CS|TAMS 0x0000000082a00000| PB 0x0000000082a00000| Complete 
|  43|0x0000000082b00000, 0x0000000082c00000, 0x0000000082c00000|100%| E|CS|TAMS 0x0000000082b00000| PB 0x0000000082b00000| Complete 
|  44|0x0000000082c00000, 0x0000000082d00000, 0x0000000082d00000|100%| E|CS|TAMS 0x0000000082c00000| PB 0x0000000082c00000| Complete 
|  45|0x0000000082d00000, 0x0000000082e00000, 0x0000000082e00000|100%| E|CS|TAMS 0x0000000082d00000| PB 0x0000000082d00000| Complete 
|  46|0x0000000082e00000, 0x0000000082f00000, 0x0000000082f00000|100%| E|CS|TAMS 0x0000000082e00000| PB 0x0000000082e00000| Complete 
|  47|0x0000000082f00000, 0x0000000083000000, 0x0000000083000000|100%| E|CS|TAMS 0x0000000082f00000| PB 0x0000000082f00000| Complete 
|  48|0x0000000083000000, 0x0000000083100000, 0x0000000083100000|100%| E|  |TAMS 0x0000000083000000| PB 0x0000000083000000| Complete 
|  49|0x0000000083100000, 0x0000000083200000, 0x0000000083200000|100%| E|CS|TAMS 0x0000000083100000| PB 0x0000000083100000| Complete 
|  50|0x0000000083200000, 0x0000000083300000, 0x0000000083300000|100%| E|CS|TAMS 0x0000000083200000| PB 0x0000000083200000| Complete 
|  51|0x0000000083300000, 0x0000000083400000, 0x0000000083400000|100%| E|CS|TAMS 0x0000000083300000| PB 0x0000000083300000| Complete 
|  52|0x0000000083400000, 0x0000000083500000, 0x0000000083500000|100%| E|CS|TAMS 0x0000000083400000| PB 0x0000000083400000| Complete 
|  53|0x0000000083500000, 0x0000000083600000, 0x0000000083600000|100%| E|CS|TAMS 0x0000000083500000| PB 0x0000000083500000| Complete 
|  54|0x0000000083600000, 0x0000000083700000, 0x0000000083700000|100%| E|CS|TAMS 0x0000000083600000| PB 0x0000000083600000| Complete 
|  55|0x0000000083700000, 0x0000000083800000, 0x0000000083800000|100%| E|CS|TAMS 0x0000000083700000| PB 0x0000000083700000| Complete 
|  56|0x0000000083800000, 0x0000000083900000, 0x0000000083900000|100%| E|CS|TAMS 0x0000000083800000| PB 0x0000000083800000| Complete 
|  57|0x0000000083900000, 0x0000000083a00000, 0x0000000083a00000|100%| E|CS|TAMS 0x0000000083900000| PB 0x0000000083900000| Complete 
|  58|0x0000000083a00000, 0x0000000083b00000, 0x0000000083b00000|100%| E|CS|TAMS 0x0000000083a00000| PB 0x0000000083a00000| Complete 
|  59|0x0000000083b00000, 0x0000000083c00000, 0x0000000083c00000|100%| E|CS|TAMS 0x0000000083b00000| PB 0x0000000083b00000| Complete 
|  60|0x0000000083c00000, 0x0000000083d00000, 0x0000000083d00000|100%| E|CS|TAMS 0x0000000083c00000| PB 0x0000000083c00000| Complete 
|  61|0x0000000083d00000, 0x0000000083e00000, 0x0000000083e00000|100%| E|CS|TAMS 0x0000000083d00000| PB 0x0000000083d00000| Complete 
|  62|0x0000000083e00000, 0x0000000083f00000, 0x0000000083f00000|100%| E|CS|TAMS 0x0000000083e00000| PB 0x0000000083e00000| Complete 
|  63|0x0000000083f00000, 0x0000000084000000, 0x0000000084000000|100%| E|CS|TAMS 0x0000000083f00000| PB 0x0000000083f00000| Complete 
|  64|0x0000000084000000, 0x0000000084100000, 0x0000000084100000|100%| E|CS|TAMS 0x0000000084000000| PB 0x0000000084000000| Complete 
|  65|0x0000000084100000, 0x0000000084200000, 0x0000000084200000|100%| E|CS|TAMS 0x0000000084100000| PB 0x0000000084100000| Complete 
|  66|0x0000000084200000, 0x0000000084300000, 0x0000000084300000|100%| E|CS|TAMS 0x0000000084200000| PB 0x0000000084200000| Complete 
|  67|0x0000000084300000, 0x0000000084400000, 0x0000000084400000|100%| E|CS|TAMS 0x0000000084300000| PB 0x0000000084300000| Complete 
|  68|0x0000000084400000, 0x0000000084500000, 0x0000000084500000|100%| E|CS|TAMS 0x0000000084400000| PB 0x0000000084400000| Complete 
|  69|0x0000000084500000, 0x0000000084600000, 0x0000000084600000|100%| E|CS|TAMS 0x0000000084500000| PB 0x0000000084500000| Complete 
|  70|0x0000000084600000, 0x0000000084700000, 0x0000000084700000|100%| E|CS|TAMS 0x0000000084600000| PB 0x0000000084600000| Complete 
|  71|0x0000000084700000, 0x0000000084800000, 0x0000000084800000|100%| E|CS|TAMS 0x0000000084700000| PB 0x0000000084700000| Complete 
|  72|0x0000000084800000, 0x0000000084900000, 0x0000000084900000|100%| E|CS|TAMS 0x0000000084800000| PB 0x0000000084800000| Complete 
|  73|0x0000000084900000, 0x0000000084a00000, 0x0000000084a00000|100%| E|CS|TAMS 0x0000000084900000| PB 0x0000000084900000| Complete 
|  74|0x0000000084a00000, 0x0000000084b00000, 0x0000000084b00000|100%| E|CS|TAMS 0x0000000084a00000| PB 0x0000000084a00000| Complete 
|  75|0x0000000084b00000, 0x0000000084c00000, 0x0000000084c00000|100%| E|CS|TAMS 0x0000000084b00000| PB 0x0000000084b00000| Complete 
|  76|0x0000000084c00000, 0x0000000084d00000, 0x0000000084d00000|100%| E|CS|TAMS 0x0000000084c00000| PB 0x0000000084c00000| Complete 
|  77|0x0000000084d00000, 0x0000000084e00000, 0x0000000084e00000|100%| E|CS|TAMS 0x0000000084d00000| PB 0x0000000084d00000| Complete 
|  78|0x0000000084e00000, 0x0000000084f00000, 0x0000000084f00000|100%| E|CS|TAMS 0x0000000084e00000| PB 0x0000000084e00000| Complete 
|  79|0x0000000084f00000, 0x0000000085000000, 0x0000000085000000|100%| E|CS|TAMS 0x0000000084f00000| PB 0x0000000084f00000| Complete 
|  80|0x0000000085000000, 0x0000000085100000, 0x0000000085100000|100%| E|CS|TAMS 0x0000000085000000| PB 0x0000000085000000| Complete 
|  81|0x0000000085100000, 0x0000000085200000, 0x0000000085200000|100%| E|CS|TAMS 0x0000000085100000| PB 0x0000000085100000| Complete 
|  82|0x0000000085200000, 0x0000000085300000, 0x0000000085300000|100%| E|CS|TAMS 0x0000000085200000| PB 0x0000000085200000| Complete 
|  83|0x0000000085300000, 0x0000000085400000, 0x0000000085400000|100%| E|CS|TAMS 0x0000000085300000| PB 0x0000000085300000| Complete 
|  84|0x0000000085400000, 0x0000000085500000, 0x0000000085500000|100%| E|CS|TAMS 0x0000000085400000| PB 0x0000000085400000| Complete 
|  85|0x0000000085500000, 0x0000000085600000, 0x0000000085600000|100%| E|CS|TAMS 0x0000000085500000| PB 0x0000000085500000| Complete 
|  86|0x0000000085600000, 0x0000000085700000, 0x0000000085700000|100%| E|CS|TAMS 0x0000000085600000| PB 0x0000000085600000| Complete 
|  87|0x0000000085700000, 0x0000000085800000, 0x0000000085800000|100%| E|CS|TAMS 0x0000000085700000| PB 0x0000000085700000| Complete 
|  88|0x0000000085800000, 0x0000000085900000, 0x0000000085900000|100%| E|CS|TAMS 0x0000000085800000| PB 0x0000000085800000| Complete 
|  89|0x0000000085900000, 0x0000000085a00000, 0x0000000085a00000|100%| E|CS|TAMS 0x0000000085900000| PB 0x0000000085900000| Complete 
| 123|0x0000000087b00000, 0x0000000087c00000, 0x0000000087c00000|100%| E|CS|TAMS 0x0000000087b00000| PB 0x0000000087b00000| Complete 
|2039|0x00000000ff700000, 0x00000000ff800000, 0x00000000ff800000|100%| O|  |TAMS 0x00000000ff700000| PB 0x00000000ff700000| Untracked 
|2040|0x00000000ff800000, 0x00000000ff900000, 0x00000000ff900000|100%| O|  |TAMS 0x00000000ff800000| PB 0x00000000ff800000| Untracked 
|2041|0x00000000ff900000, 0x00000000ffa00000, 0x00000000ffa00000|100%| O|  |TAMS 0x00000000ff900000| PB 0x00000000ff900000| Untracked 
|2042|0x00000000ffa00000, 0x00000000ffb00000, 0x00000000ffb00000|100%| O|  |TAMS 0x00000000ffa00000| PB 0x00000000ffa00000| Untracked 
|2043|0x00000000ffb00000, 0x00000000ffc00000, 0x00000000ffc00000|100%| O|  |TAMS 0x00000000ffb00000| PB 0x00000000ffb00000| Untracked 
|2044|0x00000000ffc00000, 0x00000000ffd00000, 0x00000000ffd00000|100%| O|  |TAMS 0x00000000ffc00000| PB 0x00000000ffc00000| Untracked 
|2045|0x00000000ffd00000, 0x00000000ffe00000, 0x00000000ffe00000|100%| O|  |TAMS 0x00000000ffd00000| PB 0x00000000ffd00000| Untracked 
|2046|0x00000000ffe00000, 0x00000000fff00000, 0x00000000fff00000|100%| O|  |TAMS 0x00000000ffe00000| PB 0x00000000ffe00000| Untracked 
|2047|0x00000000fff00000, 0x0000000100000000, 0x0000000100000000|100%| O|  |TAMS 0x00000000fff00000| PB 0x00000000fff00000| Untracked 

Card table byte_map: [0x000002bb7e5a0000,0x000002bb7e9a0000] _byte_map_base: 0x000002bb7e1a0000

Marking Bits: (CMBitMap*) 0x000002bb6bd861e0
 Bits: [0x000002bb00000000, 0x000002bb02000000)

Polling page: 0x000002bb69cf0000

Metaspace:

Usage:
  Non-class:     45.32 MB used.
      Class:      7.14 MB used.
       Both:     52.46 MB used.

Virtual space:
  Non-class space:       64.00 MB reserved,      46.06 MB ( 72%) committed,  1 nodes.
      Class space:        1.00 GB reserved,       7.81 MB ( <1%) committed,  1 nodes.
             Both:        1.06 GB reserved,      53.88 MB (  5%) committed. 

Chunk freelists:
   Non-Class:  1.30 MB
       Class:  8.14 MB
        Both:  9.44 MB

MaxMetaspaceSize: unlimited
CompressedClassSpaceSize: 1.00 GB
Initial GC threshold: 21.00 MB
Current GC threshold: 59.00 MB
CDS: off
 - commit_granule_bytes: 65536.
 - commit_granule_words: 8192.
 - virtual_space_node_default_size: 8388608.
 - enlarge_chunks_in_place: 1.
 - use_allocation_guard: 0.


Internal statistics:

num_allocs_failed_limit: 6.
num_arena_births: 2650.
num_arena_deaths: 0.
num_vsnodes_births: 2.
num_vsnodes_deaths: 0.
num_space_committed: 862.
num_space_uncommitted: 0.
num_chunks_returned_to_freelist: 6.
num_chunks_taken_from_freelist: 4681.
num_chunk_merges: 6.
num_chunk_splits: 3074.
num_chunks_enlarged: 1912.
num_inconsistent_stats: 0.

CodeHeap 'non-profiled nmethods': size=120000Kb used=2454Kb max_used=2454Kb free=117545Kb
 bounds [0x000002bb76940000, 0x000002bb76bb0000, 0x000002bb7de70000]
CodeHeap 'profiled nmethods': size=120000Kb used=8352Kb max_used=8352Kb free=111647Kb
 bounds [0x000002bb6ee70000, 0x000002bb6f6a0000, 0x000002bb763a0000]
CodeHeap 'non-nmethods': size=5760Kb used=2125Kb max_used=2127Kb free=3634Kb
 bounds [0x000002bb763a0000, 0x000002bb76610000, 0x000002bb76940000]
 total_blobs=5016 nmethods=4304 adapters=616
 compilation: enabled
              stopped_count=0, restarted_count=0
 full_count=0

Compilation events (20 events):
Event: 5.678 Thread 0x000002bb7f5f2c10 4698       3       kotlin.reflect.jvm.internal.impl.name.FqName::asString (16 bytes)
Event: 5.678 Thread 0x000002bb7f5f2c10 nmethod 4698 0x000002bb6f693f90 code [0x000002bb6f694160, 0x000002bb6f6943c0]
Event: 5.678 Thread 0x000002bb7f5f2c10 4700       3       kotlin.reflect.jvm.internal.impl.name.FqName::toUnsafe (13 bytes)
Event: 5.678 Thread 0x000002bb7f5f2c10 nmethod 4700 0x000002bb6f694510 code [0x000002bb6f6946c0, 0x000002bb6f694840]
Event: 5.678 Thread 0x000002bb7f5f2c10 4697       3       kotlin.reflect.jvm.internal.impl.name.Name::identifier (18 bytes)
Event: 5.679 Thread 0x000002bb7f5f2c10 nmethod 4697 0x000002bb6f694910 code [0x000002bb6f694ae0, 0x000002bb6f694e28]
Event: 5.679 Thread 0x000002bb7f5f2c10 4699       3       kotlin.reflect.jvm.internal.impl.name.FqName::<init> (18 bytes)
Event: 5.679 Thread 0x000002bb7f5f2c10 nmethod 4699 0x000002bb6f694f90 code [0x000002bb6f695140, 0x000002bb6f695378]
Event: 5.683 Thread 0x000002bb7f5f2c10 4701       3       java.util.jar.JarFile::getEntry (35 bytes)
Event: 5.683 Thread 0x000002bb7f5f2c10 nmethod 4701 0x000002bb6f695490 code [0x000002bb6f6956a0, 0x000002bb6f695b28]
Event: 5.686 Thread 0x000002bb7f5f2c10 4702       2       java.util.jar.JarFile::getVersionedEntry (133 bytes)
Event: 5.687 Thread 0x000002bb7f5f2c10 nmethod 4702 0x000002bb6f695c90 code [0x000002bb6f695ee0, 0x000002bb6f696538]
Event: 5.748 Thread 0x000002bb7f5f2c10 4704       3       kotlin.jvm.internal.Intrinsics::areEqual (22 bytes)
Event: 5.748 Thread 0x000002bb7f5f2c10 nmethod 4704 0x000002bb6f696990 code [0x000002bb6f696b40, 0x000002bb6f696d98]
Event: 5.765 Thread 0x000002bb7f5f2c10 4705       3       jdk.internal.jimage.BasicImageReader::getLocationIndex (52 bytes)
Event: 5.766 Thread 0x000002bb7f5f2c10 nmethod 4705 0x000002bb6f696e90 code [0x000002bb6f6970a0, 0x000002bb6f697530]
Event: 5.766 Thread 0x000002bb7f5f2c10 4706       3       java.lang.Character::isJavaIdentifierPart (9 bytes)
Event: 5.766 Thread 0x000002bb7f5f2c10 nmethod 4706 0x000002bb6f697790 code [0x000002bb6f697940, 0x000002bb6f697b30]
Event: 5.766 Thread 0x000002bb7f5f2c10 4707       3       java.lang.CharacterDataLatin1::isJavaIdentifierPart (20 bytes)
Event: 5.766 Thread 0x000002bb7f5f2c10 nmethod 4707 0x000002bb6f697c10 code [0x000002bb6f697dc0, 0x000002bb6f697fd0]

GC Heap History (16 events):
Event: 0.471 GC heap before
{Heap before GC invocations=0 (full 0):
 garbage-first heap   total 126976K, used 26624K [0x0000000080000000, 0x0000000100000000)
  region size 1024K, 23 young (23552K), 0 survivors (0K)
 Metaspace       used 8125K, committed 8320K, reserved 1114112K
  class space    used 738K, committed 832K, reserved 1048576K
}
Event: 0.477 GC heap after
{Heap after GC invocations=1 (full 0):
 garbage-first heap   total 126976K, used 10090K [0x0000000080000000, 0x0000000100000000)
  region size 1024K, 3 young (3072K), 3 survivors (3072K)
 Metaspace       used 8125K, committed 8320K, reserved 1114112K
  class space    used 738K, committed 832K, reserved 1048576K
}
Event: 0.972 GC heap before
{Heap before GC invocations=1 (full 0):
 garbage-first heap   total 126976K, used 39786K [0x0000000080000000, 0x0000000100000000)
  region size 1024K, 33 young (33792K), 3 survivors (3072K)
 Metaspace       used 12007K, committed 12224K, reserved 1114112K
  class space    used 1279K, committed 1408K, reserved 1048576K
}
Event: 0.979 GC heap after
{Heap after GC invocations=2 (full 0):
 garbage-first heap   total 126976K, used 11724K [0x0000000080000000, 0x0000000100000000)
  region size 1024K, 2 young (2048K), 2 survivors (2048K)
 Metaspace       used 12007K, committed 12224K, reserved 1114112K
  class space    used 1279K, committed 1408K, reserved 1048576K
}
Event: 1.893 GC heap before
{Heap before GC invocations=2 (full 0):
 garbage-first heap   total 126976K, used 76236K [0x0000000080000000, 0x0000000100000000)
  region size 1024K, 65 young (66560K), 2 survivors (2048K)
 Metaspace       used 21173K, committed 21504K, reserved 1114112K
  class space    used 2462K, committed 2624K, reserved 1048576K
}
Event: 1.902 GC heap after
{Heap after GC invocations=3 (full 0):
 garbage-first heap   total 126976K, used 20368K [0x0000000080000000, 0x0000000100000000)
  region size 1024K, 9 young (9216K), 9 survivors (9216K)
 Metaspace       used 21173K, committed 21504K, reserved 1114112K
  class space    used 2462K, committed 2624K, reserved 1048576K
}
Event: 2.869 GC heap before
{Heap before GC invocations=4 (full 0):
 garbage-first heap   total 71680K, used 71568K [0x0000000080000000, 0x0000000100000000)
  region size 1024K, 59 young (60416K), 9 survivors (9216K)
 Metaspace       used 29583K, committed 30208K, reserved 1114112K
  class space    used 3808K, committed 4096K, reserved 1048576K
}
Event: 2.878 GC heap after
{Heap after GC invocations=5 (full 0):
 garbage-first heap   total 84992K, used 23861K [0x0000000080000000, 0x0000000100000000)
  region size 1024K, 4 young (4096K), 4 survivors (4096K)
 Metaspace       used 29583K, committed 30208K, reserved 1114112K
  class space    used 3808K, committed 4096K, reserved 1048576K
}
Event: 3.599 GC heap before
{Heap before GC invocations=5 (full 0):
 garbage-first heap   total 84992K, used 63797K [0x0000000080000000, 0x0000000100000000)
  region size 1024K, 43 young (44032K), 4 survivors (4096K)
 Metaspace       used 35038K, committed 35904K, reserved 1114112K
  class space    used 4730K, committed 5120K, reserved 1048576K
}
Event: 3.605 GC heap after
{Heap after GC invocations=6 (full 0):
 garbage-first heap   total 84992K, used 26396K [0x0000000080000000, 0x0000000100000000)
  region size 1024K, 6 young (6144K), 6 survivors (6144K)
 Metaspace       used 35038K, committed 35904K, reserved 1114112K
  class space    used 4730K, committed 5120K, reserved 1048576K
}
Event: 3.758 GC heap before
{Heap before GC invocations=6 (full 0):
 garbage-first heap   total 84992K, used 28444K [0x0000000080000000, 0x0000000100000000)
  region size 1024K, 9 young (9216K), 6 survivors (6144K)
 Metaspace       used 35335K, committed 36160K, reserved 1114112K
  class space    used 4769K, committed 5120K, reserved 1048576K
}
Event: 3.762 GC heap after
{Heap after GC invocations=7 (full 0):
 garbage-first heap   total 84992K, used 26554K [0x0000000080000000, 0x0000000100000000)
  region size 1024K, 3 young (3072K), 3 survivors (3072K)
 Metaspace       used 35335K, committed 36160K, reserved 1114112K
  class space    used 4769K, committed 5120K, reserved 1048576K
}
Event: 4.460 GC heap before
{Heap before GC invocations=8 (full 0):
 garbage-first heap   total 84992K, used 69562K [0x0000000080000000, 0x0000000100000000)
  region size 1024K, 45 young (46080K), 3 survivors (3072K)
 Metaspace       used 42667K, committed 43840K, reserved 1114112K
  class space    used 5809K, committed 6400K, reserved 1048576K
}
Event: 4.465 GC heap after
{Heap after GC invocations=9 (full 0):
 garbage-first heap   total 102400K, used 29621K [0x0000000080000000, 0x0000000100000000)
  region size 1024K, 6 young (6144K), 6 survivors (6144K)
 Metaspace       used 42667K, committed 43840K, reserved 1114112K
  class space    used 5809K, committed 6400K, reserved 1048576K
}
Event: 4.892 GC heap before
{Heap before GC invocations=9 (full 0):
 garbage-first heap   total 102400K, used 83893K [0x0000000080000000, 0x0000000100000000)
  region size 1024K, 60 young (61440K), 6 survivors (6144K)
 Metaspace       used 46361K, committed 47616K, reserved 1114112K
  class space    used 6252K, committed 6848K, reserved 1048576K
}
Event: 4.900 GC heap after
{Heap after GC invocations=10 (full 0):
 garbage-first heap   total 102400K, used 32621K [0x0000000080000000, 0x0000000100000000)
  region size 1024K, 7 young (7168K), 7 survivors (7168K)
 Metaspace       used 46361K, committed 47616K, reserved 1114112K
  class space    used 6252K, committed 6848K, reserved 1048576K
}

Dll operation events (3 events):
Event: 0.006 Loaded shared library C:\Program Files\Android\Android Studio\jbr\bin\java.dll
Event: 0.011 Loaded shared library C:\Program Files\Android\Android Studio\jbr\bin\zip.dll
Event: 0.460 Loaded shared library C:\Program Files\Android\Android Studio\jbr\bin\verify.dll

Deoptimization events (20 events):
Event: 5.382 Thread 0x000002bb09abed50 Uncommon trap: trap_request=0xffffffde fr.pc=0x000002bb7698b630 relative=0x0000000000000830
Event: 5.382 Thread 0x000002bb09abed50 Uncommon trap: reason=class_check action=maybe_recompile pc=0x000002bb7698b630 method=jdk.internal.loader.URLClassPath.getLoader(I)Ljdk/internal/loader/URLClassPath$Loader; @ 190 c2
Event: 5.382 Thread 0x000002bb09abed50 DEOPT PACKING pc=0x000002bb7698b630 sp=0x000000fb0ccf93f0
Event: 5.382 Thread 0x000002bb09abed50 DEOPT UNPACKING pc=0x000002bb763f7da2 sp=0x000000fb0ccf93b0 mode 2
Event: 5.382 Thread 0x000002bb09abed50 Uncommon trap: trap_request=0xffffffde fr.pc=0x000002bb76b36834 relative=0x0000000000000214
Event: 5.382 Thread 0x000002bb09abed50 Uncommon trap: reason=class_check action=maybe_recompile pc=0x000002bb76b36834 method=jdk.internal.loader.URLClassPath.getResource(Ljava/lang/String;Z)Ljdk/internal/loader/Resource; @ 53 c2
Event: 5.382 Thread 0x000002bb09abed50 DEOPT PACKING pc=0x000002bb76b36834 sp=0x000000fb0ccf9480
Event: 5.382 Thread 0x000002bb09abed50 DEOPT UNPACKING pc=0x000002bb763f7da2 sp=0x000000fb0ccf9410 mode 2
Event: 5.556 Thread 0x000002bb09abed50 Uncommon trap: trap_request=0xffffffde fr.pc=0x000002bb76a97808 relative=0x00000000000002c8
Event: 5.556 Thread 0x000002bb09abed50 Uncommon trap: reason=class_check action=maybe_recompile pc=0x000002bb76a97808 method=java.util.Collections$SetFromMap.remove(Ljava/lang/Object;)Z @ 5 c2
Event: 5.556 Thread 0x000002bb09abed50 DEOPT PACKING pc=0x000002bb76a97808 sp=0x000000fb0ccf9000
Event: 5.556 Thread 0x000002bb09abed50 DEOPT UNPACKING pc=0x000002bb763f7da2 sp=0x000000fb0ccf8fe8 mode 2
Event: 5.682 Thread 0x000002bb09abed50 Uncommon trap: trap_request=0xffffff54 fr.pc=0x000002bb769f9208 relative=0x0000000000001708
Event: 5.682 Thread 0x000002bb09abed50 Uncommon trap: reason=speculate_null_assert action=make_not_entrant pc=0x000002bb769f9208 method=java.util.jar.JarFile.getVersionedEntry(Ljava/lang/String;Ljava/util/jar/JarEntry;)Ljava/util/jar/JarEntry; @ 115 c2
Event: 5.682 Thread 0x000002bb09abed50 DEOPT PACKING pc=0x000002bb769f9208 sp=0x000000fb0ccf89a0
Event: 5.682 Thread 0x000002bb09abed50 DEOPT UNPACKING pc=0x000002bb763f7da2 sp=0x000000fb0ccf8998 mode 2
Event: 5.682 Thread 0x000002bb09abed50 Uncommon trap: trap_request=0xffffff45 fr.pc=0x000002bb76995b24 relative=0x0000000000000fc4
Event: 5.682 Thread 0x000002bb09abed50 Uncommon trap: reason=unstable_if action=reinterpret pc=0x000002bb76995b24 method=java.util.jar.JarFile.getEntry(Ljava/lang/String;)Ljava/util/zip/ZipEntry; @ 15 c2
Event: 5.682 Thread 0x000002bb09abed50 DEOPT PACKING pc=0x000002bb76995b24 sp=0x000000fb0ccf8a60
Event: 5.682 Thread 0x000002bb09abed50 DEOPT UNPACKING pc=0x000002bb763f7da2 sp=0x000000fb0ccf8a58 mode 2

Classes loaded (20 events):
Event: 5.366 Loading class java/util/concurrent/atomic/AtomicReferenceFieldUpdater$AtomicReferenceFieldUpdaterImpl$1
Event: 5.366 Loading class java/util/concurrent/atomic/AtomicReferenceFieldUpdater$AtomicReferenceFieldUpdaterImpl$1 done
Event: 5.514 Loading class java/lang/StringIndexOutOfBoundsException
Event: 5.514 Loading class java/lang/StringIndexOutOfBoundsException done
Event: 5.558 Loading class java/util/stream/DistinctOps
Event: 5.558 Loading class java/util/stream/DistinctOps done
Event: 5.558 Loading class java/util/stream/DistinctOps$1
Event: 5.558 Loading class java/util/stream/ReferencePipeline$StatefulOp
Event: 5.558 Loading class java/util/stream/ReferencePipeline$StatefulOp done
Event: 5.558 Loading class java/util/stream/DistinctOps$1 done
Event: 5.560 Loading class java/util/stream/DistinctOps$1$2
Event: 5.560 Loading class java/util/stream/DistinctOps$1$2 done
Event: 5.562 Loading class java/util/stream/SortedOps
Event: 5.563 Loading class java/util/stream/SortedOps done
Event: 5.563 Loading class java/util/stream/SortedOps$OfRef
Event: 5.563 Loading class java/util/stream/SortedOps$OfRef done
Event: 5.563 Loading class java/util/stream/SortedOps$SizedRefSortingSink
Event: 5.564 Loading class java/util/stream/SortedOps$AbstractRefSortingSink
Event: 5.564 Loading class java/util/stream/SortedOps$AbstractRefSortingSink done
Event: 5.564 Loading class java/util/stream/SortedOps$SizedRefSortingSink done

Classes unloaded (0 events):
No events

Classes redefined (0 events):
No events

Internal exceptions (20 events):
Event: 5.261 Thread 0x000002bb09abed50 Exception <a 'java/lang/NoSuchMethodError'{0x000000008479a590}: 'java.lang.Object java.lang.invoke.DirectMethodHandle$Holder.invokeStatic(java.lang.Object, long, java.lang.Object)'> (0x000000008479a590) 
thrown [s\src\hotspot\share\interpreter\linkResolver.cpp, line 784]
Event: 5.261 Thread 0x000002bb09abed50 Exception <a 'java/lang/NoSuchMethodError'{0x00000000847a16e8}: 'java.lang.Object java.lang.invoke.DirectMethodHandle$Holder.newInvokeSpecial(java.lang.Object, long)'> (0x00000000847a16e8) 
thrown [s\src\hotspot\share\interpreter\linkResolver.cpp, line 784]
Event: 5.265 Thread 0x000002bb09abed50 Exception <a 'java/lang/NoSuchMethodError'{0x00000000847fba30}: 'java.lang.Object java.lang.invoke.DirectMethodHandle$Holder.newInvokeSpecial(java.lang.Object, java.lang.Object, java.lang.Object, java.lang.Object, java.lang.Object, long)'> (0x00000000847fba30) 
thrown [s\src\hotspot\share\interpreter\linkResolver.cpp, line 784]
Event: 5.266 Thread 0x000002bb09abed50 Exception <a 'java/lang/NoSuchMethodError'{0x0000000084600cf8}: 'java.lang.Object java.lang.invoke.DirectMethodHandle$Holder.invokeSpecial(java.lang.Object, java.lang.Object, java.lang.Object, java.lang.Object, java.lang.Object, java.lang.Object, long)'> (0x0000000084600cf8) 
thrown [s\src\hotspot\share\interpreter\linkResolver.cpp, line 784]
Event: 5.266 Thread 0x000002bb09abed50 Exception <a 'java/lang/NoSuchMethodError'{0x00000000846052c8}: 'java.lang.Object java.lang.invoke.Invokers$Holder.linkToTargetMethod(java.lang.Object, java.lang.Object, java.lang.Object, java.lang.Object, long, java.lang.Object)'> (0x00000000846052c8) 
thrown [s\src\hotspot\share\interpreter\linkResolver.cpp, line 784]
Event: 5.269 Thread 0x000002bb09abed50 Exception <a 'java/lang/NoSuchMethodError'{0x000000008464d340}: 'java.lang.Object java.lang.invoke.DirectMethodHandle$Holder.newInvokeSpecial(java.lang.Object, java.lang.Object, java.lang.Object, long)'> (0x000000008464d340) 
thrown [s\src\hotspot\share\interpreter\linkResolver.cpp, line 784]
Event: 5.269 Thread 0x000002bb09abed50 Exception <a 'java/lang/NoSuchMethodError'{0x0000000084651e00}: 'java.lang.Object java.lang.invoke.DirectMethodHandle$Holder.invokeSpecial(java.lang.Object, java.lang.Object, java.lang.Object, java.lang.Object, long)'> (0x0000000084651e00) 
thrown [s\src\hotspot\share\interpreter\linkResolver.cpp, line 784]
Event: 5.269 Thread 0x000002bb09abed50 Exception <a 'java/lang/NoSuchMethodError'{0x0000000084655fb0}: 'java.lang.Object java.lang.invoke.Invokers$Holder.linkToTargetMethod(java.lang.Object, java.lang.Object, long, java.lang.Object)'> (0x0000000084655fb0) 
thrown [s\src\hotspot\share\interpreter\linkResolver.cpp, line 784]
Event: 5.296 Thread 0x000002bb09abed50 Exception <a 'java/lang/NoSuchMethodError'{0x000000008447f5e0}: 'java.lang.Object java.lang.invoke.DirectMethodHandle$Holder.newInvokeSpecial(java.lang.Object, java.lang.Object, java.lang.Object, java.lang.Object, java.lang.Object, java.lang.Object, java.lang.Object, java.lang.Object, java.lang.Object, java.lang.Object, java.lang.Object, java.lang.Object, java.lang.Object, java.lang.Object, java.lang.Object, java.lang.Object, java.lang.Object, java.lang.Object, java.lang.Object, java.lang.Object, java.lang
Event: 5.296 Thread 0x000002bb09abed50 Exception <a 'java/lang/NoSuchMethodError'{0x00000000844873c8}: 'java.lang.Object java.lang.invoke.DirectMethodHandle$Holder.invokeSpecial(java.lang.Object, java.lang.Object, java.lang.Object, java.lang.Object, java.lang.Object, java.lang.Object, java.lang.Object, java.lang.Object, java.lang.Object, java.lang.Object, java.lang.Object, java.lang.Object, java.lang.Object, java.lang.Object, java.lang.Object, java.lang.Object, java.lang.Object, java.lang.Object, java.lang.Object, java.lang.Object, java.lang.Ob
Event: 5.296 Thread 0x000002bb09abed50 Exception <a 'java/lang/NoSuchMethodError'{0x000000008448d8f8}: 'java.lang.Object java.lang.invoke.DelegatingMethodHandle$Holder.reinvoke_L(java.lang.Object, java.lang.Object, java.lang.Object, java.lang.Object, java.lang.Object, java.lang.Object, java.lang.Object, java.lang.Object, java.lang.Object, java.lang.Object, java.lang.Object, java.lang.Object, java.lang.Object, java.lang.Object, java.lang.Object, java.lang.Object, java.lang.Object, java.lang.Object, java.lang.Object, java.lang.Object, java.lang.O
Event: 5.329 Thread 0x000002bb09abed50 Implicit null exception at 0x000002bb76a3d6ef to 0x000002bb76a3d7a0
Event: 5.422 Thread 0x000002bb09abed50 Exception <a 'java/lang/NoSuchMethodError'{0x0000000083b714c8}: 'java.lang.Object java.lang.invoke.DirectMethodHandle$Holder.newInvokeSpecial(java.lang.Object, java.lang.Object, java.lang.Object, java.lang.Object, java.lang.Object, java.lang.Object, java.lang.Object, java.lang.Object, java.lang.Object, java.lang.Object, java.lang.Object, java.lang.Object, java.lang.Object, java.lang.Object, java.lang.Object, java.lang.Object, java.lang.Object, java.lang.Object, java.lang.Object)'> (0x0000000083b714c8) 
thr
Event: 5.423 Thread 0x000002bb09abed50 Exception <a 'java/lang/NoSuchMethodError'{0x0000000083b77d20}: 'java.lang.Object java.lang.invoke.DirectMethodHandle$Holder.invokeSpecial(java.lang.Object, java.lang.Object, java.lang.Object, java.lang.Object, java.lang.Object, java.lang.Object, java.lang.Object, java.lang.Object, java.lang.Object, java.lang.Object, java.lang.Object, java.lang.Object, java.lang.Object, java.lang.Object, java.lang.Object, java.lang.Object, java.lang.Object, java.lang.Object, java.lang.Object, java.lang.Object)'> (0x0000000
Event: 5.423 Thread 0x000002bb09abed50 Exception <a 'java/lang/NoSuchMethodError'{0x0000000083b7d560}: 'java.lang.Object java.lang.invoke.DelegatingMethodHandle$Holder.reinvoke_L(java.lang.Object, java.lang.Object, java.lang.Object, java.lang.Object, java.lang.Object, java.lang.Object, java.lang.Object, java.lang.Object, java.lang.Object, java.lang.Object, java.lang.Object, java.lang.Object, java.lang.Object, java.lang.Object, java.lang.Object, java.lang.Object, java.lang.Object, java.lang.Object, java.lang.Object)'> (0x0000000083b7d560) 
throw
Event: 5.435 Thread 0x000002bb09abed50 Exception <a 'java/lang/IncompatibleClassChangeError'{0x0000000083a46de8}: Found class java.lang.Object, but interface was expected> (0x0000000083a46de8) 
thrown [s\src\hotspot\share\interpreter\linkResolver.cpp, line 851]
Event: 5.484 Thread 0x000002bb09abed50 Exception <a 'java/lang/NoSuchMethodError'{0x0000000083785738}: 'java.lang.Object java.lang.invoke.DirectMethodHandle$Holder.newInvokeSpecial(java.lang.Object, int, java.lang.Object)'> (0x0000000083785738) 
thrown [s\src\hotspot\share\interpreter\linkResolver.cpp, line 784]
Event: 5.525 Thread 0x000002bb09abed50 Exception <a 'java/lang/NoSuchMethodError'{0x000000008358b8f0}: 'java.lang.Object java.lang.invoke.DirectMethodHandle$Holder.invokeSpecial(java.lang.Object, java.lang.Object, long, java.lang.Object, java.lang.Object)'> (0x000000008358b8f0) 
thrown [s\src\hotspot\share\interpreter\linkResolver.cpp, line 784]
Event: 5.541 Thread 0x000002bb09abed50 Exception <a 'java/lang/NoSuchMethodError'{0x000000008345ae18}: 'java.lang.Object java.lang.invoke.DirectMethodHandle$Holder.newInvokeSpecial(java.lang.Object, java.lang.Object, int, java.lang.Object)'> (0x000000008345ae18) 
thrown [s\src\hotspot\share\interpreter\linkResolver.cpp, line 784]
Event: 5.541 Thread 0x000002bb09abed50 Exception <a 'java/lang/NoSuchMethodError'{0x000000008345f608}: 'java.lang.Object java.lang.invoke.DirectMethodHandle$Holder.invokeSpecial(java.lang.Object, java.lang.Object, java.lang.Object, int, java.lang.Object)'> (0x000000008345f608) 
thrown [s\src\hotspot\share\interpreter\linkResolver.cpp, line 784]

ZGC Phase Switch (0 events):
No events

VM Operations (20 events):
Event: 4.666 Executing VM operation: HandshakeAllThreads (Deoptimize)
Event: 4.666 Executing VM operation: HandshakeAllThreads (Deoptimize) done
Event: 4.774 Executing VM operation: HandshakeAllThreads (Deoptimize)
Event: 4.774 Executing VM operation: HandshakeAllThreads (Deoptimize) done
Event: 4.822 Executing VM operation: ICBufferFull
Event: 4.822 Executing VM operation: ICBufferFull done
Event: 4.892 Executing VM operation: G1CollectForAllocation (G1 Evacuation Pause)
Event: 4.900 Executing VM operation: G1CollectForAllocation (G1 Evacuation Pause) done
Event: 4.936 Executing VM operation: HandshakeAllThreads (Deoptimize)
Event: 4.936 Executing VM operation: HandshakeAllThreads (Deoptimize) done
Event: 4.960 Executing VM operation: HandshakeAllThreads (Deoptimize)
Event: 4.960 Executing VM operation: HandshakeAllThreads (Deoptimize) done
Event: 5.157 Executing VM operation: HandshakeAllThreads (Deoptimize)
Event: 5.157 Executing VM operation: HandshakeAllThreads (Deoptimize) done
Event: 5.220 Executing VM operation: HandshakeAllThreads (Deoptimize)
Event: 5.220 Executing VM operation: HandshakeAllThreads (Deoptimize) done
Event: 5.384 Executing VM operation: ICBufferFull
Event: 5.384 Executing VM operation: ICBufferFull done
Event: 5.559 Executing VM operation: HandshakeAllThreads (Deoptimize)
Event: 5.560 Executing VM operation: HandshakeAllThreads (Deoptimize) done

Events (20 events):
Event: 3.780 Thread 0x000002bb7f3ef2a0 flushing nmethod 0x000002bb7695d410
Event: 3.780 Thread 0x000002bb7f3ef2a0 flushing nmethod 0x000002bb7697d410
Event: 3.780 Thread 0x000002bb7f3ef2a0 flushing nmethod 0x000002bb7697b510
Event: 3.780 Thread 0x000002bb7f3ef2a0 flushing nmethod 0x000002bb7694d990
Event: 3.780 Thread 0x000002bb7f3ef2a0 flushing nmethod 0x000002bb76976690
Event: 3.780 Thread 0x000002bb7f3ef2a0 flushing nmethod 0x000002bb7694c390
Event: 3.780 Thread 0x000002bb7f3ef2a0 flushing nmethod 0x000002bb76975c10
Event: 3.780 Thread 0x000002bb7f3ef2a0 flushing nmethod 0x000002bb76969a10
Event: 3.780 Thread 0x000002bb7f3ef2a0 flushing nmethod 0x000002bb76968d10
Event: 3.780 Thread 0x000002bb7f3ef2a0 flushing nmethod 0x000002bb76967610
Event: 3.780 Thread 0x000002bb7f3ef2a0 flushing nmethod 0x000002bb7695f090
Event: 3.780 Thread 0x000002bb7f3ef2a0 flushing nmethod 0x000002bb7695a890
Event: 3.780 Thread 0x000002bb7f3ef2a0 flushing nmethod 0x000002bb7695e390
Event: 3.780 Thread 0x000002bb7f3ef2a0 flushing nmethod 0x000002bb76954090
Event: 3.780 Thread 0x000002bb7f3ef2a0 flushing nmethod 0x000002bb76948590
Event: 3.780 Thread 0x000002bb7f3ef2a0 flushing nmethod 0x000002bb76947c90
Event: 3.790 Thread 0x000002bb0c6d4260 Thread added: 0x000002bb0c6d4260
Event: 3.827 Thread 0x000002bb0c6d2820 Thread added: 0x000002bb0c6d2820
Event: 3.980 Thread 0x000002bb0c6d1b00 Thread added: 0x000002bb0c6d1b00
Event: 4.133 Thread 0x000002bb0c6d2eb0 Thread added: 0x000002bb0c6d2eb0


Dynamic libraries:
0x00007ff74c030000 - 0x00007ff74c03a000 	C:\Program Files\Android\Android Studio\jbr\bin\java.exe
0x00007ffb38af0000 - 0x00007ffb38d07000 	C:\WINDOWS\SYSTEM32\ntdll.dll
0x00007ffb37710000 - 0x00007ffb377d4000 	C:\WINDOWS\System32\KERNEL32.DLL
0x00007ffb35c60000 - 0x00007ffb36031000 	C:\WINDOWS\System32\KERNELBASE.dll
0x00007ffb36670000 - 0x00007ffb36781000 	C:\WINDOWS\System32\ucrtbase.dll
0x00007ffb28440000 - 0x00007ffb28458000 	C:\Program Files\Android\Android Studio\jbr\bin\jli.dll
0x00007ffb369d0000 - 0x00007ffb36b81000 	C:\WINDOWS\System32\USER32.dll
0x00007ffb27a70000 - 0x00007ffb27a8b000 	C:\Program Files\Android\Android Studio\jbr\bin\VCRUNTIME140.dll
0x00007ffb1aba0000 - 0x00007ffb1ae32000 	C:\WINDOWS\WinSxS\amd64_microsoft.windows.common-controls_6595b64144ccf1df_6.0.22621.4830_none_270fe7d773858e80\COMCTL32.dll
0x00007ffb36790000 - 0x00007ffb367b6000 	C:\WINDOWS\System32\win32u.dll
0x00007ffb38180000 - 0x00007ffb38227000 	C:\WINDOWS\System32\msvcrt.dll
0x00007ffb367c0000 - 0x00007ffb367e9000 	C:\WINDOWS\System32\GDI32.dll
0x00007ffb362d0000 - 0x00007ffb363eb000 	C:\WINDOWS\System32\gdi32full.dll
0x00007ffb36040000 - 0x00007ffb360da000 	C:\WINDOWS\System32\msvcp_win.dll
0x00007ffb38140000 - 0x00007ffb38171000 	C:\WINDOWS\System32\IMM32.DLL
0x00007ffb2b5b0000 - 0x00007ffb2b5bc000 	C:\Program Files\Android\Android Studio\jbr\bin\vcruntime140_1.dll
0x00007ffafb630000 - 0x00007ffafb6bd000 	C:\Program Files\Android\Android Studio\jbr\bin\msvcp140.dll
0x00007ffac46a0000 - 0x00007ffac531d000 	C:\Program Files\Android\Android Studio\jbr\bin\server\jvm.dll
0x00007ffb36b90000 - 0x00007ffb36c41000 	C:\WINDOWS\System32\ADVAPI32.dll
0x00007ffb38290000 - 0x00007ffb38337000 	C:\WINDOWS\System32\sechost.dll
0x00007ffb35c30000 - 0x00007ffb35c58000 	C:\WINDOWS\System32\bcrypt.dll
0x00007ffb368b0000 - 0x00007ffb369c4000 	C:\WINDOWS\System32\RPCRT4.dll
0x00007ffb38340000 - 0x00007ffb383b1000 	C:\WINDOWS\System32\WS2_32.dll
0x00007ffb34ae0000 - 0x00007ffb34b2d000 	C:\WINDOWS\SYSTEM32\POWRPROF.dll
0x00007ffb2d4e0000 - 0x00007ffb2d4ea000 	C:\WINDOWS\SYSTEM32\VERSION.dll
0x00007ffb2d7c0000 - 0x00007ffb2d7f4000 	C:\WINDOWS\SYSTEM32\WINMM.dll
0x00007ffb34ac0000 - 0x00007ffb34ad3000 	C:\WINDOWS\SYSTEM32\UMPDC.dll
0x00007ffb34d70000 - 0x00007ffb34d88000 	C:\WINDOWS\SYSTEM32\kernel.appcore.dll
0x00007ffb2b5a0000 - 0x00007ffb2b5aa000 	C:\Program Files\Android\Android Studio\jbr\bin\jimage.dll
0x00007ffb33510000 - 0x00007ffb33742000 	C:\WINDOWS\SYSTEM32\DBGHELP.DLL
0x00007ffb38720000 - 0x00007ffb38ab0000 	C:\WINDOWS\System32\combase.dll
0x00007ffb38060000 - 0x00007ffb38137000 	C:\WINDOWS\System32\OLEAUT32.dll
0x00007ffb1f3e0000 - 0x00007ffb1f412000 	C:\WINDOWS\SYSTEM32\dbgcore.DLL
0x00007ffb360e0000 - 0x00007ffb3615b000 	C:\WINDOWS\System32\bcryptPrimitives.dll
0x00007ffb26d20000 - 0x00007ffb26d2e000 	C:\Program Files\Android\Android Studio\jbr\bin\instrument.dll
0x00007ffb1f510000 - 0x00007ffb1f52f000 	C:\Program Files\Android\Android Studio\jbr\bin\java.dll
0x00007ffb1e990000 - 0x00007ffb1e9a8000 	C:\Program Files\Android\Android Studio\jbr\bin\zip.dll
0x00007ffb36c50000 - 0x00007ffb374d8000 	C:\WINDOWS\System32\SHELL32.dll
0x00007ffb36470000 - 0x00007ffb365af000 	C:\WINDOWS\System32\wintypes.dll
0x00007ffb33ae0000 - 0x00007ffb343ed000 	C:\WINDOWS\SYSTEM32\windows.storage.dll
0x00007ffb38610000 - 0x00007ffb3871a000 	C:\WINDOWS\System32\SHCORE.dll
0x00007ffb38230000 - 0x00007ffb3828e000 	C:\WINDOWS\System32\shlwapi.dll
0x00007ffb35b60000 - 0x00007ffb35b8b000 	C:\WINDOWS\SYSTEM32\profapi.dll
0x00007ffb2b0d0000 - 0x00007ffb2b0e0000 	C:\Program Files\Android\Android Studio\jbr\bin\net.dll
0x00007ffb2eaa0000 - 0x00007ffb2ebcc000 	C:\WINDOWS\SYSTEM32\WINHTTP.dll
0x00007ffb351e0000 - 0x00007ffb3524a000 	C:\WINDOWS\system32\mswsock.dll
0x00007ffb1e970000 - 0x00007ffb1e986000 	C:\Program Files\Android\Android Studio\jbr\bin\nio.dll
0x00007ffb1c3a0000 - 0x00007ffb1c3b0000 	C:\Program Files\Android\Android Studio\jbr\bin\verify.dll
0x00007ffb26e10000 - 0x00007ffb26e37000 	C:\Users\DELL\.gradle\native\c067742578af261105cb4f569cf0c3c89f3d7b1fecec35dd04571415982c5e48\windows-amd64\native-platform.dll
0x00007ffad3da0000 - 0x00007ffad3ee4000 	C:\Users\DELL\.gradle\native\100fb08df4bc3b14c8652ba06237920a3bd2aa13389f12d3474272988ae205f9\windows-amd64\native-platform-file-events.dll
0x00007ffb1e950000 - 0x00007ffb1e959000 	C:\Program Files\Android\Android Studio\jbr\bin\management.dll
0x00007ffb1e940000 - 0x00007ffb1e94b000 	C:\Program Files\Android\Android Studio\jbr\bin\management_ext.dll
0x00007ffb367f0000 - 0x00007ffb367f8000 	C:\WINDOWS\System32\PSAPI.DLL
0x00007ffb35440000 - 0x00007ffb3545b000 	C:\WINDOWS\SYSTEM32\CRYPTSP.dll
0x00007ffb34cd0000 - 0x00007ffb34d07000 	C:\WINDOWS\system32\rsaenh.dll
0x00007ffb352d0000 - 0x00007ffb352f8000 	C:\WINDOWS\SYSTEM32\USERENV.dll
0x00007ffb35430000 - 0x00007ffb3543c000 	C:\WINDOWS\SYSTEM32\CRYPTBASE.dll
0x00007ffb34780000 - 0x00007ffb347ad000 	C:\WINDOWS\SYSTEM32\IPHLPAPI.DLL
0x00007ffb37500000 - 0x00007ffb37509000 	C:\WINDOWS\System32\NSI.dll
0x00007ffb1e960000 - 0x00007ffb1e969000 	C:\Program Files\Android\Android Studio\jbr\bin\extnet.dll
0x00007ffac0680000 - 0x00007ffac0688000 	C:\WINDOWS\system32\wshunix.dll

dbghelp: loaded successfully - version: 4.0.5 - missing functions: none
symbol engine: initialized successfully - sym options: 0x614 - pdb path: .;C:\Program Files\Android\Android Studio\jbr\bin;C:\WINDOWS\SYSTEM32;C:\WINDOWS\WinSxS\amd64_microsoft.windows.common-controls_6595b64144ccf1df_6.0.22621.4830_none_270fe7d773858e80;C:\Program Files\Android\Android Studio\jbr\bin\server;C:\Users\DELL\.gradle\native\c067742578af261105cb4f569cf0c3c89f3d7b1fecec35dd04571415982c5e48\windows-amd64;C:\Users\DELL\.gradle\native\100fb08df4bc3b14c8652ba06237920a3bd2aa13389f12d3474272988ae205f9\windows-amd64

VM Arguments:
jvm_args: --add-opens=java.base/java.util=ALL-UNNAMED --add-opens=java.base/java.lang=ALL-UNNAMED --add-opens=java.base/java.lang.invoke=ALL-UNNAMED --add-opens=java.prefs/java.util.prefs=ALL-UNNAMED --add-exports=jdk.compiler/com.sun.tools.javac.api=ALL-UNNAMED --add-exports=jdk.compiler/com.sun.tools.javac.util=ALL-UNNAMED --add-opens=java.base/java.nio.charset=ALL-UNNAMED --add-opens=java.base/java.net=ALL-UNNAMED --add-opens=java.base/java.util.concurrent.atomic=ALL-UNNAMED -Xmx2048m -Dfile.encoding=UTF-8 -Duser.country=GB -Duser.language=en -Duser.variant -javaagent:C:\Users\DELL\.gradle\wrapper\dists\gradle-8.9-bin\90cnw93cvbtalezasaz0blq0a\gradle-8.9\lib\agents\gradle-instrumentation-agent-8.9.jar 
java_command: org.gradle.launcher.daemon.bootstrap.GradleDaemon 8.9
java_class_path (initial): C:\Users\DELL\.gradle\wrapper\dists\gradle-8.9-bin\90cnw93cvbtalezasaz0blq0a\gradle-8.9\lib\gradle-daemon-main-8.9.jar
Launcher Type: SUN_STANDARD

[Global flags]
     intx CICompilerCount                          = 4                                         {product} {ergonomic}
     uint ConcGCThreads                            = 2                                         {product} {ergonomic}
     uint G1ConcRefinementThreads                  = 8                                         {product} {ergonomic}
   size_t G1HeapRegionSize                         = 1048576                                   {product} {ergonomic}
    uintx GCDrainStackTargetSize                   = 64                                        {product} {ergonomic}
   size_t InitialHeapSize                          = 130023424                                 {product} {ergonomic}
   size_t MarkStackSize                            = 4194304                                   {product} {ergonomic}
   size_t MaxHeapSize                              = 2147483648                                {product} {command line}
   size_t MaxNewSize                               = 1287651328                                {product} {ergonomic}
   size_t MinHeapDeltaBytes                        = 1048576                                   {product} {ergonomic}
   size_t MinHeapSize                              = 8388608                                   {product} {ergonomic}
    uintx NonNMethodCodeHeapSize                   = 5839372                                {pd product} {ergonomic}
    uintx NonProfiledCodeHeapSize                  = 122909434                              {pd product} {ergonomic}
    uintx ProfiledCodeHeapSize                     = 122909434                              {pd product} {ergonomic}
    uintx ReservedCodeCacheSize                    = 251658240                              {pd product} {ergonomic}
     bool SegmentedCodeCache                       = true                                      {product} {ergonomic}
   size_t SoftMaxHeapSize                          = 2147483648                             {manageable} {ergonomic}
     bool UseCompressedOops                        = true                           {product lp64_product} {ergonomic}
     bool UseG1GC                                  = true                                      {product} {ergonomic}
     bool UseLargePagesIndividualAllocation        = false                                  {pd product} {ergonomic}

Logging:
Log output configuration:
 #0: stdout all=warning uptime,level,tags foldmultilines=false
 #1: stderr all=off uptime,level,tags foldmultilines=false

Environment Variables:
PATH=C:\Program Files\Microsoft MPI\Bin\;C:\Program Files\Python39\Scripts\;C:\Program Files\Python39\;C:\Windows\system32;C:\Windows;C:\Windows\System32\Wbem;C:\Windows\System32\WindowsPowerShell\v1.0\;C:\Windows\System32\OpenSSH\;C:\Program Files\NVIDIA Corporation\NVIDIA NvDLISR;C:\Program Files\dotnet\;C:\WINDOWS\system32;C:\WINDOWS;C:\WINDOWS\System32\Wbem;C:\WINDOWS\System32\WindowsPowerShell\v1.0\;C:\WINDOWS\System32\OpenSSH\;C:\Program Files\Git\cmd;C:\Program Files (x86)\Microsoft SQL Server\130\Tools\Binn\;C:\Program Files\Microsoft SQL Server\130\Tools\Binn\;C:\Program Files (x86)\Microsoft SQL Server\130\DTS\Binn\;C:\Program Files\Microsoft SQL Server\130\DTS\Binn\;C:\Program Files\Microsoft SQL Server\Client SDK\ODBC\130\Tools\Binn\;C:\Program Files (x86)\Microsoft SQL Server\160\DTS\Binn\;C:\Program Files\Azure Data Studio\bin;C:\Program Files\Microsoft SQL Server\Client SDK\ODBC\170\Tools\Binn\;C:\Program Files (x86)\Microsoft SQL Server\150\Tools\Binn\;C:\Program Files\Microsoft SQL Server\150\Tools\Binn\;C:\Program Files\Microsoft SQL Server\150\DTS\Binn\;C:\Program Files (x86)\Microsoft SQL Server\160\Tools\Binn\;C:\Program Files\Microsoft SQL Server\160\Tools\Binn\;C:\Program Files\Microsoft SQL Server\160\DTS\Binn\;C:\Program Files\nodejs\;C:\Users\DELL\AppData\Local\Microsoft\WindowsApps;C:\Program Files\Microsoft VS Code\bin;C:\Users\DELL\.dotnet\tools;C:\Program Files\Azure Data Studio\bin;C:\Users\DELL\AppData\Local\GitHubDesktop\bin;C:\Program Files\JetBrains\PyCharm Community Edition 2024.3.1.1\bin;;C:\Users\DELL\AppData\Roaming\npm;C:\flutter\bin;
USERNAME=DELL
OS=Windows_NT
PROCESSOR_IDENTIFIER=Intel64 Family 6 Model 140 Stepping 1, GenuineIntel
TMP=C:\Users\DELL\AppData\Local\Temp
TEMP=C:\Users\DELL\AppData\Local\Temp




Periodic native trim disabled

JNI global refs:
JNI global refs: 25, weak refs: 0

JNI global refs memory usage: 835, weak refs: 833

Process memory usage:
Resident Set Size: 292772K (3% of 8104744K total physical memory with 431528K free physical memory)

OOME stack traces (most recent first):
Classloader memory used:
Loader org.gradle.internal.classloader.VisitableURLClassLoader                         : 26100K
Loader bootstrap                                                                       : 21534K
Loader org.gradle.initialization.MixInLegacyTypesClassLoader                           : 5383K
Loader jdk.internal.loader.ClassLoaders$PlatformClassLoader                            : 513K
Loader jdk.internal.loader.ClassLoaders$AppClassLoader                                 : 230K
Loader org.gradle.internal.classloader.VisitableURLClassLoader                         : 19144B

Classes loaded by more than one classloader:
Class org.gradle.internal.classloader.FilteringClassLoader                            : loaded 2 times (x 102B)
Class org.gradle.internal.classloader.ClassLoaderHierarchy                            : loaded 2 times (x 67B)
Class org.gradle.api.internal.classpath.ManifestUtil                                  : loaded 2 times (x 68B)
Class org.gradle.internal.classloader.DefaultClassLoaderFactory                       : loaded 2 times (x 79B)
Class org.gradle.internal.classloader.ClassLoaderVisitor                              : loaded 2 times (x 73B)
Class org.gradle.api.internal.classpath.EffectiveClassPath                            : loaded 2 times (x 87B)
Class org.gradle.api.internal.DefaultClassPathProvider                                : loaded 2 times (x 73B)
Class [Lorg.gradle.api.internal.ClassPathProvider;                                    : loaded 2 times (x 66B)
Class org.gradle.api.internal.ClassPathProvider                                       : loaded 2 times (x 67B)
Class org.gradle.internal.service.UnknownServiceException                             : loaded 2 times (x 80B)
Class org.gradle.internal.classpath.TransformedClassPath                              : loaded 2 times (x 93B)
Class org.gradle.internal.service.ServiceLocator                                      : loaded 2 times (x 67B)
Class org.gradle.internal.InternalTransformer                                         : loaded 2 times (x 67B)
Class org.gradle.internal.classloader.ClasspathUtil$1                                 : loaded 2 times (x 73B)
Class org.gradle.api.internal.classpath.DefaultModuleRegistry$DefaultModule           : loaded 2 times (x 83B)
Class org.gradle.api.internal.classpath.Module                                        : loaded 2 times (x 67B)
Class org.gradle.api.internal.classpath.UnknownModuleException                        : loaded 2 times (x 79B)
Class org.gradle.api.internal.DefaultClassPathRegistry                                : loaded 2 times (x 73B)
Class org.gradle.api.internal.ClassPathRegistry                                       : loaded 2 times (x 67B)
Class org.gradle.internal.classpath.DefaultClassPath$ImmutableUniqueList              : loaded 2 times (x 196B)
Class org.gradle.internal.classpath.ClassPath                                         : loaded 2 times (x 67B)
Class org.gradle.api.UncheckedIOException                                             : loaded 2 times (x 79B)
Class org.gradle.internal.installation.GradleInstallation$1                           : loaded 2 times (x 72B)
Class org.gradle.api.internal.classpath.ModuleRegistry                                : loaded 2 times (x 67B)
Class org.gradle.api.internal.classpath.DefaultModuleRegistry                         : loaded 2 times (x 80B)
Class org.gradle.internal.service.ServiceLookupException                              : loaded 2 times (x 79B)
Class org.gradle.internal.classloader.ClassLoaderFactory                              : loaded 2 times (x 67B)
Class org.gradle.internal.service.CachingServiceLocator                               : loaded 2 times (x 79B)
Class org.gradle.internal.classloader.ClasspathUtil                                   : loaded 2 times (x 68B)
Class org.gradle.api.specs.Spec                                                       : loaded 2 times (x 67B)
Class org.gradle.internal.classloader.VisitableURLClassLoader$InstrumentingVisitableURLClassLoader: loaded 2 times (x 120B)
Class org.gradle.internal.classloader.VisitableURLClassLoader$Spec                    : loaded 2 times (x 71B)
Class org.gradle.internal.classpath.DefaultClassPath                                  : loaded 2 times (x 87B)
Class org.gradle.internal.classloader.ClassLoaderSpec                                 : loaded 2 times (x 68B)
Class org.gradle.internal.classloader.VisitableURLClassLoader                         : loaded 2 times (x 114B)
Class org.gradle.internal.Cast                                                        : loaded 2 times (x 68B)
Class org.gradle.api.Action                                                           : loaded 2 times (x 67B)
Class org.gradle.internal.agents.InstrumentingClassLoader                             : loaded 2 times (x 67B)
Class org.gradle.internal.classpath.DefaultClassPath$ImmutableUniqueList$Builder      : loaded 2 times (x 72B)
Class org.gradle.api.GradleException                                                  : loaded 2 times (x 79B)
Class org.gradle.internal.IoActions                                                   : loaded 2 times (x 68B)
Class org.gradle.internal.classloader.SystemClassLoaderSpec                           : loaded 2 times (x 68B)
Class org.gradle.internal.installation.CurrentGradleInstallationLocator               : loaded 2 times (x 68B)
Class org.gradle.internal.service.DefaultServiceLocator                               : loaded 2 times (x 80B)
Class org.gradle.internal.installation.CurrentGradleInstallation                      : loaded 2 times (x 70B)
Class org.gradle.util.internal.GUtil                                                  : loaded 2 times (x 68B)
Class org.gradle.internal.installation.GradleInstallation                             : loaded 2 times (x 72B)

---------------  S Y S T E M  ---------------

OS:
 Windows 11 , 64 bit Build 22621 (10.0.22621.4974)
OS uptime: 0 days 12:24 hours

CPU: total 8 (initial active 8) (4 cores per cpu, 2 threads per core) family 6 model 140 stepping 1 microcode 0xba, cx8, cmov, fxsr, ht, mmx, 3dnowpref, sse, sse2, sse3, ssse3, sse4.1, sse4.2, popcnt, lzcnt, tsc, tscinvbit, avx, avx2, aes, erms, clmul, bmi1, bmi2, adx, avx512f, avx512dq, avx512cd, avx512bw, avx512vl, sha, fma, vzeroupper, avx512_vpopcntdq, avx512_vpclmulqdq, avx512_vaes, avx512_vnni, clflush, clflushopt, clwb, avx512_vbmi2, avx512_vbmi, rdtscp, rdpid, fsrm, gfni, avx512_bitalg, f16c, pku, cet_ibt, cet_ss, avx512_ifma
Processor Information for all 8 processors :
  Max Mhz: 2419, Current Mhz: 2419, Mhz Limit: 2419

Memory: 4k page, system-wide physical 7914M (421M free)
TotalPageFile size 15140M (AvailPageFile size 11M)
current process WorkingSet (physical memory assigned to process): 286M, peak: 288M
current process commit charge ("private bytes"): 323M, peak: 326M

vm_info: OpenJDK 64-Bit Server VM (21.0.3+-12282718-b509.11) for windows-amd64 JRE (21.0.3+-12282718-b509.11), built on 2024-08-27T17:34:15Z by "builder" with MS VC++ 16.10 / 16.11 (VS2019)

END.
