#
# There is insufficient memory for the Java Runtime Environment to continue.
# Native memory allocation (mmap) failed to map 19922944 bytes. Error detail: G1 virtual space
# Possible reasons:
#   The system is out of physical RAM or swap space
#   This process is running with CompressedOops enabled, and the Java Heap may be blocking the growth of the native heap
# Possible solutions:
#   Reduce memory load on the system
#   Increase physical memory or swap space
#   Check if swap backing store is full
#   Decrease Java heap size (-Xmx/-Xms)
#   Decrease number of Java threads
#   Decrease Java thread stack sizes (-Xss)
#   Set larger code cache with -XX:ReservedCodeCacheSize=
#   JVM is running with Unscaled Compressed Oops mode in which the Java heap is
#     placed in the first 4GB address space. The Java Heap base address is the
#     maximum limit for the native heap growth. Please use -XX:HeapBaseMinAddress
#     to set the Java Heap base and to place the Java Heap above 4GB virtual address.
# This output file may be truncated or incomplete.
#
#  Out of Memory Error (os_windows.cpp:3815), pid=17632, tid=5672
#
# JRE version: OpenJDK Runtime Environment (21.0.3) (build 21.0.3+-12282718-b509.11)
# Java VM: OpenJDK 64-Bit Server VM (21.0.3+-12282718-b509.11, mixed mode, tiered, compressed oops, compressed class ptrs, g1 gc, windows-amd64)
# No core dump will be written. Minidumps are not enabled by default on client versions of Windows
#

---------------  S U M M A R Y ------------

Command Line: --add-opens=java.base/java.util=ALL-UNNAMED --add-opens=java.base/java.lang=ALL-UNNAMED --add-opens=java.base/java.lang.invoke=ALL-UNNAMED --add-opens=java.prefs/java.util.prefs=ALL-UNNAMED --add-exports=jdk.compiler/com.sun.tools.javac.api=ALL-UNNAMED --add-exports=jdk.compiler/com.sun.tools.javac.util=ALL-UNNAMED --add-opens=java.base/java.nio.charset=ALL-UNNAMED --add-opens=java.base/java.net=ALL-UNNAMED --add-opens=java.base/java.util.concurrent.atomic=ALL-UNNAMED -Xmx2048m -Dfile.encoding=UTF-8 -Duser.country=GB -Duser.language=en -Duser.variant -javaagent:C:\Users\DELL\.gradle\wrapper\dists\gradle-8.9-bin\90cnw93cvbtalezasaz0blq0a\gradle-8.9\lib\agents\gradle-instrumentation-agent-8.9.jar org.gradle.launcher.daemon.bootstrap.GradleDaemon 8.9

Host: 11th Gen Intel(R) Core(TM) i5-1135G7 @ 2.40GHz, 8 cores, 7G,  Windows 11 , 64 bit Build 22621 (10.0.22621.4974)
Time: Sun Mar 30 12:25:35 2025 SE Asia Standard Time elapsed time: 3.428400 seconds (0d 0h 0m 3s)

---------------  T H R E A D  ---------------

Current thread (0x0000027e2b95c060):  VMThread "VM Thread"          [id=5672, stack(0x0000008848400000,0x0000008848500000) (1024K)]

Stack: [0x0000008848400000,0x0000008848500000]
Native frames: (J=compiled Java code, j=interpreted, Vv=VM code, C=native code)
V  [jvm.dll+0x6cafb9]
V  [jvm.dll+0x858523]
V  [jvm.dll+0x85aa7e]
V  [jvm.dll+0x85b163]
V  [jvm.dll+0x27d356]
V  [jvm.dll+0x6c7865]
V  [jvm.dll+0x6bbd3a]
V  [jvm.dll+0x35199b]
V  [jvm.dll+0x3595d6]
V  [jvm.dll+0x3aa826]
V  [jvm.dll+0x3aaaf8]
V  [jvm.dll+0x3240bc]
V  [jvm.dll+0x324147]
V  [jvm.dll+0x36a00c]
V  [jvm.dll+0x36879e]
V  [jvm.dll+0x3237c1]
V  [jvm.dll+0x3272d6]
V  [jvm.dll+0x37ce16]
V  [jvm.dll+0x860ac8]
V  [jvm.dll+0x861bc4]
V  [jvm.dll+0x862100]
V  [jvm.dll+0x862393]
V  [jvm.dll+0x800d78]
V  [jvm.dll+0x6c98cd]
C  [ucrtbase.dll+0x29333]
C  [KERNEL32.DLL+0x1259d]
C  [ntdll.dll+0x5af38]

VM_Operation (0x0000008849af81d0): CollectForMetadataAllocation, mode: safepoint, requested by thread 0x0000027e31ade190


---------------  P R O C E S S  ---------------

Threads class SMR info:
_java_thread_list=0x0000027e34f797a0, length=29, elements={
0x0000027e1411e850, 0x0000027e2b9b0130, 0x0000027e2b9b1050, 0x0000027e2b9c78a0,
0x0000027e2b9c83f0, 0x0000027e2b9c8f40, 0x0000027e2b9c6a30, 0x0000027e2b9da400,
0x0000027e2b9daea0, 0x0000027e2b79cd20, 0x0000027e2bcd7fd0, 0x0000027e30b31670,
0x0000027e3186eed0, 0x0000027e319bccf0, 0x0000027e319ec960, 0x0000027e31a34370,
0x0000027e31a349e0, 0x0000027e3197ee00, 0x0000027e31ade190, 0x0000027e31bd8450,
0x0000027e31bd9800, 0x0000027e31bda520, 0x0000027e31bdabb0, 0x0000027e31bd9e90,
0x0000027e31bdb240, 0x0000027e31bd9170, 0x0000027e31bd8ae0, 0x0000027e34f709f0,
0x0000027e34f6c850
}

Java Threads: ( => current thread )
  0x0000027e1411e850 JavaThread "main"                              [_thread_blocked, id=19744, stack(0x0000008847d00000,0x0000008847e00000) (1024K)]
  0x0000027e2b9b0130 JavaThread "Reference Handler"          daemon [_thread_blocked, id=18188, stack(0x0000008848500000,0x0000008848600000) (1024K)]
  0x0000027e2b9b1050 JavaThread "Finalizer"                  daemon [_thread_blocked, id=17324, stack(0x0000008848600000,0x0000008848700000) (1024K)]
  0x0000027e2b9c78a0 JavaThread "Signal Dispatcher"          daemon [_thread_blocked, id=9532, stack(0x0000008848700000,0x0000008848800000) (1024K)]
  0x0000027e2b9c83f0 JavaThread "Attach Listener"            daemon [_thread_blocked, id=12356, stack(0x0000008848800000,0x0000008848900000) (1024K)]
  0x0000027e2b9c8f40 JavaThread "Service Thread"             daemon [_thread_blocked, id=14756, stack(0x0000008848900000,0x0000008848a00000) (1024K)]
  0x0000027e2b9c6a30 JavaThread "Monitor Deflation Thread"   daemon [_thread_blocked, id=14992, stack(0x0000008848a00000,0x0000008848b00000) (1024K)]
  0x0000027e2b9da400 JavaThread "C2 CompilerThread0"         daemon [_thread_blocked, id=5260, stack(0x0000008848b00000,0x0000008848c00000) (1024K)]
  0x0000027e2b9daea0 JavaThread "C1 CompilerThread0"         daemon [_thread_blocked, id=19620, stack(0x0000008848c00000,0x0000008848d00000) (1024K)]
  0x0000027e2b79cd20 JavaThread "Common-Cleaner"             daemon [_thread_blocked, id=5308, stack(0x0000008848d00000,0x0000008848e00000) (1024K)]
  0x0000027e2bcd7fd0 JavaThread "Notification Thread"        daemon [_thread_blocked, id=13240, stack(0x0000008848e00000,0x0000008848f00000) (1024K)]
  0x0000027e30b31670 JavaThread "C2 CompilerThread1"         daemon [_thread_blocked, id=10988, stack(0x0000008848f00000,0x0000008849000000) (1024K)]
  0x0000027e3186eed0 JavaThread "Daemon health stats"               [_thread_blocked, id=10952, stack(0x0000008849400000,0x0000008849500000) (1024K)]
  0x0000027e319bccf0 JavaThread "Incoming local TCP Connector on port 51783"        [_thread_in_native, id=1260, stack(0x0000008849500000,0x0000008849600000) (1024K)]
  0x0000027e319ec960 JavaThread "Daemon periodic checks"            [_thread_blocked, id=3588, stack(0x0000008849600000,0x0000008849700000) (1024K)]
  0x0000027e31a34370 JavaThread "Daemon"                            [_thread_blocked, id=1988, stack(0x0000008849700000,0x0000008849800000) (1024K)]
  0x0000027e31a349e0 JavaThread "Handler for socket connection from /127.0.0.1:51783 to /127.0.0.1:51784"        [_thread_in_native, id=10820, stack(0x0000008849800000,0x0000008849900000) (1024K)]
  0x0000027e3197ee00 JavaThread "Cancel handler"                    [_thread_blocked, id=13292, stack(0x0000008849900000,0x0000008849a00000) (1024K)]
  0x0000027e31ade190 JavaThread "Daemon worker"                     [_thread_blocked, id=6216, stack(0x0000008849a00000,0x0000008849b00000) (1024K)]
  0x0000027e31bd8450 JavaThread "Asynchronous log dispatcher for DefaultDaemonConnection: socket connection from /127.0.0.1:51783 to /127.0.0.1:51784"        [_thread_blocked, id=17376, stack(0x0000008849b00000,0x0000008849c00000) (1024K)]
  0x0000027e31bd9800 JavaThread "Stdin handler"                     [_thread_blocked, id=12812, stack(0x0000008849c00000,0x0000008849d00000) (1024K)]
  0x0000027e31bda520 JavaThread "Daemon client event forwarder"        [_thread_blocked, id=12972, stack(0x0000008849d00000,0x0000008849e00000) (1024K)]
  0x0000027e31bdabb0 JavaThread "Cache worker for journal cache (C:\Users\DELL\.gradle\caches\journal-1)"        [_thread_blocked, id=14116, stack(0x000000884a200000,0x000000884a300000) (1024K)]
  0x0000027e31bd9e90 JavaThread "File lock request listener"        [_thread_in_native, id=15032, stack(0x000000884a300000,0x000000884a400000) (1024K)]
  0x0000027e31bdb240 JavaThread "Cache worker for file hash cache (C:\Users\DELL\.gradle\caches\8.9\fileHashes)"        [_thread_blocked, id=428, stack(0x000000884a400000,0x000000884a500000) (1024K)]
  0x0000027e31bd9170 JavaThread "Cache worker for file hash cache (E:\HocTap\social-media-micro-project\frontend\.gradle\8.9\fileHashes)"        [_thread_blocked, id=16760, stack(0x000000884a500000,0x000000884a600000) (1024K)]
  0x0000027e31bd8ae0 JavaThread "Cache worker for Build Output Cleanup Cache (E:\HocTap\social-media-micro-project\frontend\.gradle\buildOutputCleanup)"        [_thread_blocked, id=18404, stack(0x000000884a600000,0x000000884a700000) (1024K)]
  0x0000027e34f709f0 JavaThread "File watcher server"        daemon [_thread_in_native, id=2680, stack(0x000000884a700000,0x000000884a800000) (1024K)]
  0x0000027e34f6c850 JavaThread "File watcher consumer"      daemon [_thread_blocked, id=14444, stack(0x000000884a800000,0x000000884a900000) (1024K)]
Total: 29

Other Threads:
=>0x0000027e2b95c060 VMThread "VM Thread"                           [id=5672, stack(0x0000008848400000,0x0000008848500000) (1024K)]
  0x0000027e2b79bd60 WatcherThread "VM Periodic Task Thread"        [id=12664, stack(0x0000008848300000,0x0000008848400000) (1024K)]
  0x0000027e1202e840 WorkerThread "GC Thread#0"                     [id=10732, stack(0x0000008847e00000,0x0000008847f00000) (1024K)]
  0x0000027e305ed1d0 WorkerThread "GC Thread#1"                     [id=1440, stack(0x0000008849000000,0x0000008849100000) (1024K)]
  0x0000027e30535de0 WorkerThread "GC Thread#2"                     [id=19532, stack(0x0000008849100000,0x0000008849200000) (1024K)]
  0x0000027e305f8010 WorkerThread "GC Thread#3"                     [id=19956, stack(0x0000008849200000,0x0000008849300000) (1024K)]
  0x0000027e31265bc0 WorkerThread "GC Thread#4"                     [id=14148, stack(0x0000008849300000,0x0000008849400000) (1024K)]
  0x0000027e31b0c390 WorkerThread "GC Thread#5"                     [id=10040, stack(0x0000008849e00000,0x0000008849f00000) (1024K)]
  0x0000027e31b0c730 WorkerThread "GC Thread#6"                     [id=19396, stack(0x0000008849f00000,0x000000884a000000) (1024K)]
  0x0000027e31b0cad0 WorkerThread "GC Thread#7"                     [id=14544, stack(0x000000884a000000,0x000000884a100000) (1024K)]
  0x0000027e14184d70 ConcurrentGCThread "G1 Main Marker"            [id=11488, stack(0x0000008847f00000,0x0000008848000000) (1024K)]
  0x0000027e14185e80 WorkerThread "G1 Conc#0"                       [id=7696, stack(0x0000008848000000,0x0000008848100000) (1024K)]
  0x0000027e31b29ca0 WorkerThread "G1 Conc#1"                       [id=8808, stack(0x000000884a100000,0x000000884a200000) (1024K)]
  0x0000027e2b673a20 ConcurrentGCThread "G1 Refine#0"               [id=18604, stack(0x0000008848100000,0x0000008848200000) (1024K)]
  0x0000027e2b674590 ConcurrentGCThread "G1 Service"                [id=3852, stack(0x0000008848200000,0x0000008848300000) (1024K)]
Total: 15

Threads with active compile tasks:
Total: 0

VM state: at safepoint (normal execution)

VM Mutex/Monitor currently owned by a thread:  ([mutex/lock_event])
[0x00007ffac52420c8] Threads_lock - owner thread: 0x0000027e2b95c060
[0x00007ffac52421c8] Heap_lock - owner thread: 0x0000027e31ade190

Heap address: 0x0000000080000000, size: 2048 MB, Compressed Oops mode: 32-bit

CDS archive(s) not mapped
Compressed class space mapped at: 0x0000000100000000-0x0000000140000000, reserved size: 1073741824
Narrow klass base: 0x0000000000000000, Narrow klass shift: 3, Narrow klass range: 0x140000000

GC Precious Log:
 CardTable entry size: 512
 Card Set container configuration: InlinePtr #cards 5 size 8 Array Of Cards #cards 12 size 40 Howl #buckets 4 coarsen threshold 1843 Howl Bitmap #cards 512 size 80 coarsen threshold 460 Card regions per heap region 1 cards per card region 2048
 CPUs: 8 total, 8 available
 Memory: 7914M
 Large Page Support: Disabled
 NUMA Support: Disabled
 Compressed Oops: Enabled (32-bit)
 Heap Region Size: 1M
 Heap Min Capacity: 8M
 Heap Initial Capacity: 124M
 Heap Max Capacity: 2G
 Pre-touch: Disabled
 Parallel Workers: 8
 Concurrent Workers: 2
 Concurrent Refinement Workers: 8
 Periodic GC: Disabled

Heap:
 garbage-first heap   total 95232K, used 26430K [0x0000000080000000, 0x0000000100000000)
  region size 1024K, 6 young (6144K), 6 survivors (6144K)
 Metaspace       used 35313K, committed 36096K, reserved 1114112K
  class space    used 4765K, committed 5120K, reserved 1048576K

Heap Regions: E=young(eden), S=young(survivor), O=old, HS=humongous(starts), HC=humongous(continues), CS=collection set, F=free, TAMS=top-at-mark-start, PB=parsable bottom
|   0|0x0000000080000000, 0x0000000080100000, 0x0000000080100000|100%|HS|  |TAMS 0x0000000080000000| PB 0x0000000080000000| Complete 
|   1|0x0000000080100000, 0x0000000080200000, 0x0000000080200000|100%|HC|  |TAMS 0x0000000080100000| PB 0x0000000080100000| Complete 
|   2|0x0000000080200000, 0x0000000080300000, 0x0000000080300000|100%|HC|  |TAMS 0x0000000080200000| PB 0x0000000080200000| Complete 
|   3|0x0000000080300000, 0x0000000080400000, 0x0000000080400000|100%|HC|  |TAMS 0x0000000080300000| PB 0x0000000080300000| Complete 
|   4|0x0000000080400000, 0x0000000080500000, 0x0000000080500000|100%| O|  |TAMS 0x0000000080400000| PB 0x0000000080400000| Untracked 
|   5|0x0000000080500000, 0x0000000080600000, 0x0000000080600000|100%| O|  |TAMS 0x0000000080500000| PB 0x0000000080500000| Untracked 
|   6|0x0000000080600000, 0x0000000080700000, 0x0000000080700000|100%| O|  |TAMS 0x0000000080600000| PB 0x0000000080600000| Untracked 
|   7|0x0000000080700000, 0x0000000080800000, 0x0000000080800000|100%| O|  |TAMS 0x0000000080700000| PB 0x0000000080700000| Untracked 
|   8|0x0000000080800000, 0x0000000080900000, 0x0000000080900000|100%| O|  |TAMS 0x0000000080800000| PB 0x0000000080800000| Untracked 
|   9|0x0000000080900000, 0x0000000080a00000, 0x0000000080a00000|100%| O|  |TAMS 0x0000000080900000| PB 0x0000000080900000| Untracked 
|  10|0x0000000080a00000, 0x0000000080a00000, 0x0000000080b00000|  0%| F|  |TAMS 0x0000000080a00000| PB 0x0000000080a00000| Untracked 
|  11|0x0000000080b00000, 0x0000000080c00000, 0x0000000080c00000|100%|HS|  |TAMS 0x0000000080b00000| PB 0x0000000080b00000| Complete 
|  12|0x0000000080c00000, 0x0000000080c3c1d0, 0x0000000080d00000| 23%| O|  |TAMS 0x0000000080c00000| PB 0x0000000080c00000| Untracked 
|  13|0x0000000080d00000, 0x0000000080d00000, 0x0000000080e00000|  0%| F|  |TAMS 0x0000000080d00000| PB 0x0000000080d00000| Untracked 
|  14|0x0000000080e00000, 0x0000000080e00000, 0x0000000080f00000|  0%| F|  |TAMS 0x0000000080e00000| PB 0x0000000080e00000| Untracked 
|  15|0x0000000080f00000, 0x0000000080f00000, 0x0000000081000000|  0%| F|  |TAMS 0x0000000080f00000| PB 0x0000000080f00000| Untracked 
|  16|0x0000000081000000, 0x0000000081000000, 0x0000000081100000|  0%| F|  |TAMS 0x0000000081000000| PB 0x0000000081000000| Untracked 
|  17|0x0000000081100000, 0x0000000081100000, 0x0000000081200000|  0%| F|  |TAMS 0x0000000081100000| PB 0x0000000081100000| Untracked 
|  18|0x0000000081200000, 0x0000000081200000, 0x0000000081300000|  0%| F|  |TAMS 0x0000000081200000| PB 0x0000000081200000| Untracked 
|  19|0x0000000081300000, 0x0000000081300000, 0x0000000081400000|  0%| F|  |TAMS 0x0000000081300000| PB 0x0000000081300000| Untracked 
|  20|0x0000000081400000, 0x0000000081400000, 0x0000000081500000|  0%| F|  |TAMS 0x0000000081400000| PB 0x0000000081400000| Untracked 
|  21|0x0000000081500000, 0x0000000081500000, 0x0000000081600000|  0%| F|  |TAMS 0x0000000081500000| PB 0x0000000081500000| Untracked 
|  22|0x0000000081600000, 0x0000000081600000, 0x0000000081700000|  0%| F|  |TAMS 0x0000000081600000| PB 0x0000000081600000| Untracked 
|  23|0x0000000081700000, 0x0000000081700000, 0x0000000081800000|  0%| F|  |TAMS 0x0000000081700000| PB 0x0000000081700000| Untracked 
|  24|0x0000000081800000, 0x0000000081800000, 0x0000000081900000|  0%| F|  |TAMS 0x0000000081800000| PB 0x0000000081800000| Untracked 
|  25|0x0000000081900000, 0x0000000081900000, 0x0000000081a00000|  0%| F|  |TAMS 0x0000000081900000| PB 0x0000000081900000| Untracked 
|  26|0x0000000081a00000, 0x0000000081a00000, 0x0000000081b00000|  0%| F|  |TAMS 0x0000000081a00000| PB 0x0000000081a00000| Untracked 
|  27|0x0000000081b00000, 0x0000000081b00000, 0x0000000081c00000|  0%| F|  |TAMS 0x0000000081b00000| PB 0x0000000081b00000| Untracked 
|  28|0x0000000081c00000, 0x0000000081c00000, 0x0000000081d00000|  0%| F|  |TAMS 0x0000000081c00000| PB 0x0000000081c00000| Untracked 
|  29|0x0000000081d00000, 0x0000000081d00000, 0x0000000081e00000|  0%| F|  |TAMS 0x0000000081d00000| PB 0x0000000081d00000| Untracked 
|  30|0x0000000081e00000, 0x0000000081e00000, 0x0000000081f00000|  0%| F|  |TAMS 0x0000000081e00000| PB 0x0000000081e00000| Untracked 
|  31|0x0000000081f00000, 0x0000000081f00000, 0x0000000082000000|  0%| F|  |TAMS 0x0000000081f00000| PB 0x0000000081f00000| Untracked 
|  32|0x0000000082000000, 0x0000000082000000, 0x0000000082100000|  0%| F|  |TAMS 0x0000000082000000| PB 0x0000000082000000| Untracked 
|  33|0x0000000082100000, 0x0000000082100000, 0x0000000082200000|  0%| F|  |TAMS 0x0000000082100000| PB 0x0000000082100000| Untracked 
|  34|0x0000000082200000, 0x0000000082200000, 0x0000000082300000|  0%| F|  |TAMS 0x0000000082200000| PB 0x0000000082200000| Untracked 
|  35|0x0000000082300000, 0x0000000082300000, 0x0000000082400000|  0%| F|  |TAMS 0x0000000082300000| PB 0x0000000082300000| Untracked 
|  36|0x0000000082400000, 0x0000000082400000, 0x0000000082500000|  0%| F|  |TAMS 0x0000000082400000| PB 0x0000000082400000| Untracked 
|  37|0x0000000082500000, 0x0000000082500000, 0x0000000082600000|  0%| F|  |TAMS 0x0000000082500000| PB 0x0000000082500000| Untracked 
|  38|0x0000000082600000, 0x0000000082600000, 0x0000000082700000|  0%| F|  |TAMS 0x0000000082600000| PB 0x0000000082600000| Untracked 
|  39|0x0000000082700000, 0x0000000082700000, 0x0000000082800000|  0%| F|  |TAMS 0x0000000082700000| PB 0x0000000082700000| Untracked 
|  40|0x0000000082800000, 0x0000000082893750, 0x0000000082900000| 57%| S|CS|TAMS 0x0000000082800000| PB 0x0000000082800000| Complete 
|  41|0x0000000082900000, 0x0000000082a00000, 0x0000000082a00000|100%| S|CS|TAMS 0x0000000082900000| PB 0x0000000082900000| Complete 
|  42|0x0000000082a00000, 0x0000000082b00000, 0x0000000082b00000|100%| S|CS|TAMS 0x0000000082a00000| PB 0x0000000082a00000| Complete 
|  43|0x0000000082b00000, 0x0000000082c00000, 0x0000000082c00000|100%| S|CS|TAMS 0x0000000082b00000| PB 0x0000000082b00000| Complete 
|  44|0x0000000082c00000, 0x0000000082d00000, 0x0000000082d00000|100%| S|CS|TAMS 0x0000000082c00000| PB 0x0000000082c00000| Complete 
|  45|0x0000000082d00000, 0x0000000082e00000, 0x0000000082e00000|100%| S|CS|TAMS 0x0000000082d00000| PB 0x0000000082d00000| Complete 
|  46|0x0000000082e00000, 0x0000000082e00000, 0x0000000082f00000|  0%| F|  |TAMS 0x0000000082e00000| PB 0x0000000082e00000| Untracked 
|  47|0x0000000082f00000, 0x0000000082f00000, 0x0000000083000000|  0%| F|  |TAMS 0x0000000082f00000| PB 0x0000000082f00000| Untracked 
|  48|0x0000000083000000, 0x0000000083000000, 0x0000000083100000|  0%| F|  |TAMS 0x0000000083000000| PB 0x0000000083000000| Untracked 
|  49|0x0000000083100000, 0x0000000083100000, 0x0000000083200000|  0%| F|  |TAMS 0x0000000083100000| PB 0x0000000083100000| Untracked 
|  50|0x0000000083200000, 0x0000000083200000, 0x0000000083300000|  0%| F|  |TAMS 0x0000000083200000| PB 0x0000000083200000| Untracked 
|  51|0x0000000083300000, 0x0000000083300000, 0x0000000083400000|  0%| F|  |TAMS 0x0000000083300000| PB 0x0000000083300000| Untracked 
|  52|0x0000000083400000, 0x0000000083400000, 0x0000000083500000|  0%| F|  |TAMS 0x0000000083400000| PB 0x0000000083400000| Untracked 
|  53|0x0000000083500000, 0x0000000083500000, 0x0000000083600000|  0%| F|  |TAMS 0x0000000083500000| PB 0x0000000083500000| Untracked 
|  54|0x0000000083600000, 0x0000000083600000, 0x0000000083700000|  0%| F|  |TAMS 0x0000000083600000| PB 0x0000000083600000| Untracked 
|  55|0x0000000083700000, 0x0000000083700000, 0x0000000083800000|  0%| F|  |TAMS 0x0000000083700000| PB 0x0000000083700000| Untracked 
|  56|0x0000000083800000, 0x0000000083800000, 0x0000000083900000|  0%| F|  |TAMS 0x0000000083800000| PB 0x0000000083800000| Untracked 
|  57|0x0000000083900000, 0x0000000083900000, 0x0000000083a00000|  0%| F|  |TAMS 0x0000000083900000| PB 0x0000000083900000| Untracked 
|  58|0x0000000083a00000, 0x0000000083a00000, 0x0000000083b00000|  0%| F|  |TAMS 0x0000000083a00000| PB 0x0000000083a00000| Untracked 
|  59|0x0000000083b00000, 0x0000000083b00000, 0x0000000083c00000|  0%| F|  |TAMS 0x0000000083b00000| PB 0x0000000083b00000| Untracked 
|  60|0x0000000083c00000, 0x0000000083c00000, 0x0000000083d00000|  0%| F|  |TAMS 0x0000000083c00000| PB 0x0000000083c00000| Untracked 
|  61|0x0000000083d00000, 0x0000000083d00000, 0x0000000083e00000|  0%| F|  |TAMS 0x0000000083d00000| PB 0x0000000083d00000| Untracked 
|  62|0x0000000083e00000, 0x0000000083e00000, 0x0000000083f00000|  0%| F|  |TAMS 0x0000000083e00000| PB 0x0000000083e00000| Untracked 
|  63|0x0000000083f00000, 0x0000000083f00000, 0x0000000084000000|  0%| F|  |TAMS 0x0000000083f00000| PB 0x0000000083f00000| Untracked 
|  64|0x0000000084000000, 0x0000000084000000, 0x0000000084100000|  0%| F|  |TAMS 0x0000000084000000| PB 0x0000000084000000| Untracked 
|  65|0x0000000084100000, 0x0000000084100000, 0x0000000084200000|  0%| F|  |TAMS 0x0000000084100000| PB 0x0000000084100000| Untracked 
|  66|0x0000000084200000, 0x0000000084200000, 0x0000000084300000|  0%| F|  |TAMS 0x0000000084200000| PB 0x0000000084200000| Untracked 
|  67|0x0000000084300000, 0x0000000084300000, 0x0000000084400000|  0%| F|  |TAMS 0x0000000084300000| PB 0x0000000084300000| Untracked 
|  68|0x0000000084400000, 0x0000000084400000, 0x0000000084500000|  0%| F|  |TAMS 0x0000000084400000| PB 0x0000000084400000| Untracked 
|  69|0x0000000084500000, 0x0000000084500000, 0x0000000084600000|  0%| F|  |TAMS 0x0000000084500000| PB 0x0000000084500000| Untracked 
|  70|0x0000000084600000, 0x0000000084600000, 0x0000000084700000|  0%| F|  |TAMS 0x0000000084600000| PB 0x0000000084600000| Untracked 
|  71|0x0000000084700000, 0x0000000084700000, 0x0000000084800000|  0%| F|  |TAMS 0x0000000084700000| PB 0x0000000084700000| Untracked 
|  72|0x0000000084800000, 0x0000000084800000, 0x0000000084900000|  0%| F|  |TAMS 0x0000000084800000| PB 0x0000000084800000| Untracked 
|  73|0x0000000084900000, 0x0000000084900000, 0x0000000084a00000|  0%| F|  |TAMS 0x0000000084900000| PB 0x0000000084900000| Untracked 
|  74|0x0000000084a00000, 0x0000000084a00000, 0x0000000084b00000|  0%| F|  |TAMS 0x0000000084a00000| PB 0x0000000084a00000| Untracked 
|  75|0x0000000084b00000, 0x0000000084b00000, 0x0000000084c00000|  0%| F|  |TAMS 0x0000000084b00000| PB 0x0000000084b00000| Untracked 
|  76|0x0000000084c00000, 0x0000000084c00000, 0x0000000084d00000|  0%| F|  |TAMS 0x0000000084c00000| PB 0x0000000084c00000| Untracked 
|  77|0x0000000084d00000, 0x0000000084d00000, 0x0000000084e00000|  0%| F|  |TAMS 0x0000000084d00000| PB 0x0000000084d00000| Untracked 
|  78|0x0000000084e00000, 0x0000000084e00000, 0x0000000084f00000|  0%| F|  |TAMS 0x0000000084e00000| PB 0x0000000084e00000| Untracked 
|  79|0x0000000084f00000, 0x0000000084f00000, 0x0000000085000000|  0%| F|  |TAMS 0x0000000084f00000| PB 0x0000000084f00000| Untracked 
|  80|0x0000000085000000, 0x0000000085000000, 0x0000000085100000|  0%| F|  |TAMS 0x0000000085000000| PB 0x0000000085000000| Untracked 
|  81|0x0000000085100000, 0x0000000085100000, 0x0000000085200000|  0%| F|  |TAMS 0x0000000085100000| PB 0x0000000085100000| Untracked 
| 122|0x0000000087a00000, 0x0000000087a00000, 0x0000000087b00000|  0%| F|  |TAMS 0x0000000087a00000| PB 0x0000000087a00000| Untracked 
| 123|0x0000000087b00000, 0x0000000087b00000, 0x0000000087c00000|  0%| F|  |TAMS 0x0000000087b00000| PB 0x0000000087b00000| Untracked 
|2039|0x00000000ff700000, 0x00000000ff800000, 0x00000000ff800000|100%| O|  |TAMS 0x00000000ff700000| PB 0x00000000ff700000| Untracked 
|2040|0x00000000ff800000, 0x00000000ff900000, 0x00000000ff900000|100%| O|  |TAMS 0x00000000ff800000| PB 0x00000000ff800000| Untracked 
|2041|0x00000000ff900000, 0x00000000ffa00000, 0x00000000ffa00000|100%| O|  |TAMS 0x00000000ff900000| PB 0x00000000ff900000| Untracked 
|2042|0x00000000ffa00000, 0x00000000ffb00000, 0x00000000ffb00000|100%| O|  |TAMS 0x00000000ffa00000| PB 0x00000000ffa00000| Untracked 
|2043|0x00000000ffb00000, 0x00000000ffc00000, 0x00000000ffc00000|100%| O|  |TAMS 0x00000000ffb00000| PB 0x00000000ffb00000| Untracked 
|2044|0x00000000ffc00000, 0x00000000ffd00000, 0x00000000ffd00000|100%| O|  |TAMS 0x00000000ffc00000| PB 0x00000000ffc00000| Untracked 
|2045|0x00000000ffd00000, 0x00000000ffe00000, 0x00000000ffe00000|100%| O|  |TAMS 0x00000000ffd00000| PB 0x00000000ffd00000| Untracked 
|2046|0x00000000ffe00000, 0x00000000fff00000, 0x00000000fff00000|100%| O|  |TAMS 0x00000000ffe00000| PB 0x00000000ffe00000| Untracked 
|2047|0x00000000fff00000, 0x0000000100000000, 0x0000000100000000|100%| O|  |TAMS 0x00000000fff00000| PB 0x00000000fff00000| Untracked 

Card table byte_map: [0x0000027e26990000,0x0000027e26d90000] _byte_map_base: 0x0000027e26590000

Marking Bits: (CMBitMap*) 0x0000027e14174320
 Bits: [0x0000027e26d90000, 0x0000027e28d90000)

Polling page: 0x0000027e11f20000

Metaspace:

Usage:
  Non-class:     29.83 MB used.
      Class:      4.65 MB used.
       Both:     34.49 MB used.

Virtual space:
  Non-class space:       64.00 MB reserved,      30.25 MB ( 47%) committed,  1 nodes.
      Class space:        1.00 GB reserved,       5.00 MB ( <1%) committed,  1 nodes.
             Both:        1.06 GB reserved,      35.25 MB (  3%) committed. 

Chunk freelists:
   Non-Class:  1.57 MB
       Class:  11.00 MB
        Both:  12.57 MB

MaxMetaspaceSize: unlimited
CompressedClassSpaceSize: 1.00 GB
Initial GC threshold: 21.00 MB
Current GC threshold: 35.25 MB
CDS: off
 - commit_granule_bytes: 65536.
 - commit_granule_words: 8192.
 - virtual_space_node_default_size: 8388608.
 - enlarge_chunks_in_place: 1.
 - use_allocation_guard: 0.


Internal statistics:

num_allocs_failed_limit: 6.
num_arena_births: 1366.
num_arena_deaths: 0.
num_vsnodes_births: 2.
num_vsnodes_deaths: 0.
num_space_committed: 564.
num_space_uncommitted: 0.
num_chunks_returned_to_freelist: 6.
num_chunks_taken_from_freelist: 2491.
num_chunk_merges: 6.
num_chunk_splits: 1611.
num_chunks_enlarged: 1047.
num_inconsistent_stats: 0.

CodeHeap 'non-profiled nmethods': size=120000Kb used=1848Kb max_used=1848Kb free=118151Kb
 bounds [0x0000027e1ed30000, 0x0000027e1efa0000, 0x0000027e26260000]
CodeHeap 'profiled nmethods': size=120000Kb used=6613Kb max_used=6613Kb free=113386Kb
 bounds [0x0000027e17260000, 0x0000027e178e0000, 0x0000027e1e790000]
CodeHeap 'non-nmethods': size=5760Kb used=1644Kb max_used=1696Kb free=4116Kb
 bounds [0x0000027e1e790000, 0x0000027e1ea00000, 0x0000027e1ed30000]
 total_blobs=3883 nmethods=3303 adapters=484
 compilation: enabled
              stopped_count=0, restarted_count=0
 full_count=0

Compilation events (20 events):
Event: 3.409 Thread 0x0000027e2b9daea0 3296       3       jdk.internal.reflect.ReflectionFactory::copyField (11 bytes)
Event: 3.410 Thread 0x0000027e2b9daea0 nmethod 3296 0x0000027e178cf090 code [0x0000027e178cf240, 0x0000027e178cf430]
Event: 3.410 Thread 0x0000027e2b9daea0 3299       3       java.util.stream.AbstractPipeline::evaluate (94 bytes)
Event: 3.410 Thread 0x0000027e2b9daea0 nmethod 3299 0x0000027e178cf590 code [0x0000027e178cf7c0, 0x0000027e178cfe58]
Event: 3.410 Thread 0x0000027e2b9daea0 3298       3       org.gradle.internal.instantiation.generator.AbstractClassGenerator$ClassGenerationHandler::visitProperty (1 bytes)
Event: 3.410 Thread 0x0000027e2b9daea0 nmethod 3298 0x0000027e178d0090 code [0x0000027e178d0220, 0x0000027e178d0328]
Event: 3.410 Thread 0x0000027e2b9daea0 3300       3       org.objectweb.asm.MethodWriter::addSuccessorToCurrentBasicBlock (24 bytes)
Event: 3.410 Thread 0x0000027e2b9daea0 nmethod 3300 0x0000027e178d0390 code [0x0000027e178d0540, 0x0000027e178d0888]
Event: 3.410 Thread 0x0000027e2b9daea0 3297       3       java.lang.reflect.ReflectAccess::copyField (5 bytes)
Event: 3.411 Thread 0x0000027e2b9daea0 nmethod 3297 0x0000027e178d0a10 code [0x0000027e178d0bc0, 0x0000027e178d0d00]
Event: 3.414 Thread 0x0000027e2b9daea0 3301       3       org.objectweb.asm.SymbolTable::addConstant (314 bytes)
Event: 3.416 Thread 0x0000027e2b9daea0 nmethod 3301 0x0000027e178d0e10 code [0x0000027e178d13c0, 0x0000027e178d4420]
Event: 3.416 Thread 0x0000027e2b9daea0 3302       3       org.gradle.model.internal.asm.ClassVisitorScope::addMethod (34 bytes)
Event: 3.416 Thread 0x0000027e2b9daea0 nmethod 3302 0x0000027e178d4f10 code [0x0000027e178d5100, 0x0000027e178d5520]
Event: 3.417 Thread 0x0000027e2b9da400 nmethod 3284 0x0000027e1eef9d90 code [0x0000027e1eef9fa0, 0x0000027e1eefac98]
Event: 3.417 Thread 0x0000027e2b9da400 3294       4       jdk.internal.org.objectweb.asm.ByteVector::enlarge (73 bytes)
Event: 3.420 Thread 0x0000027e2b9da400 nmethod 3294 0x0000027e1eefb490 code [0x0000027e1eefb640, 0x0000027e1eefbac0]
Event: 3.420 Thread 0x0000027e2b9da400 3303       4       org.objectweb.asm.ByteVector::putShort (52 bytes)
Event: 3.421 Thread 0x0000027e2b9da400 nmethod 3303 0x0000027e1eefbc10 code [0x0000027e1eefbda0, 0x0000027e1eefbf00]
Event: 3.421 Thread 0x0000027e30b31670 nmethod 3277 0x0000027e1eefc010 code [0x0000027e1eefc2c0, 0x0000027e1eefd818]

GC Heap History (9 events):
Event: 0.410 GC heap before
{Heap before GC invocations=0 (full 0):
 garbage-first heap   total 126976K, used 26624K [0x0000000080000000, 0x0000000100000000)
  region size 1024K, 23 young (23552K), 0 survivors (0K)
 Metaspace       used 8125K, committed 8320K, reserved 1114112K
  class space    used 738K, committed 832K, reserved 1048576K
}
Event: 0.416 GC heap after
{Heap after GC invocations=1 (full 0):
 garbage-first heap   total 126976K, used 10240K [0x0000000080000000, 0x0000000100000000)
  region size 1024K, 3 young (3072K), 3 survivors (3072K)
 Metaspace       used 8125K, committed 8320K, reserved 1114112K
  class space    used 738K, committed 832K, reserved 1048576K
}
Event: 0.840 GC heap before
{Heap before GC invocations=1 (full 0):
 garbage-first heap   total 126976K, used 39936K [0x0000000080000000, 0x0000000100000000)
  region size 1024K, 33 young (33792K), 3 survivors (3072K)
 Metaspace       used 11990K, committed 12224K, reserved 1114112K
  class space    used 1280K, committed 1408K, reserved 1048576K
}
Event: 0.846 GC heap after
{Heap after GC invocations=2 (full 0):
 garbage-first heap   total 126976K, used 12097K [0x0000000080000000, 0x0000000100000000)
  region size 1024K, 2 young (2048K), 2 survivors (2048K)
 Metaspace       used 11990K, committed 12224K, reserved 1114112K
  class space    used 1280K, committed 1408K, reserved 1048576K
}
Event: 1.733 GC heap before
{Heap before GC invocations=2 (full 0):
 garbage-first heap   total 126976K, used 77633K [0x0000000080000000, 0x0000000100000000)
  region size 1024K, 66 young (67584K), 2 survivors (2048K)
 Metaspace       used 21181K, committed 21504K, reserved 1114112K
  class space    used 2463K, committed 2624K, reserved 1048576K
}
Event: 1.740 GC heap after
{Heap after GC invocations=3 (full 0):
 garbage-first heap   total 126976K, used 21025K [0x0000000080000000, 0x0000000100000000)
  region size 1024K, 10 young (10240K), 10 survivors (10240K)
 Metaspace       used 21181K, committed 21504K, reserved 1114112K
  class space    used 2463K, committed 2624K, reserved 1048576K
}
Event: 2.706 GC heap before
{Heap before GC invocations=4 (full 0):
 garbage-first heap   total 81920K, used 79393K [0x0000000080000000, 0x0000000100000000)
  region size 1024K, 68 young (69632K), 10 survivors (10240K)
 Metaspace       used 30719K, committed 31296K, reserved 1114112K
  class space    used 3994K, committed 4288K, reserved 1048576K
}
Event: 2.716 GC heap after
{Heap after GC invocations=5 (full 0):
 garbage-first heap   total 95232K, used 24591K [0x0000000080000000, 0x0000000100000000)
  region size 1024K, 4 young (4096K), 4 survivors (4096K)
 Metaspace       used 30719K, committed 31296K, reserved 1114112K
  class space    used 3994K, committed 4288K, reserved 1048576K
}
Event: 3.423 GC heap before
{Heap before GC invocations=5 (full 0):
 garbage-first heap   total 95232K, used 58383K [0x0000000080000000, 0x0000000100000000)
  region size 1024K, 38 young (38912K), 4 survivors (4096K)
 Metaspace       used 35313K, committed 36096K, reserved 1114112K
  class space    used 4765K, committed 5120K, reserved 1048576K
}

Dll operation events (3 events):
Event: 0.006 Loaded shared library C:\Program Files\Android\Android Studio\jbr\bin\java.dll
Event: 0.011 Loaded shared library C:\Program Files\Android\Android Studio\jbr\bin\zip.dll
Event: 0.400 Loaded shared library C:\Program Files\Android\Android Studio\jbr\bin\verify.dll

Deoptimization events (20 events):
Event: 2.856 Thread 0x0000027e31ade190 DEOPT PACKING pc=0x0000027e1ed60370 sp=0x0000008849af9c70
Event: 2.856 Thread 0x0000027e31ade190 DEOPT UNPACKING pc=0x0000027e1e7e7da2 sp=0x0000008849af9c18 mode 2
Event: 2.903 Thread 0x0000027e31ade190 DEOPT PACKING pc=0x0000027e1784d016 sp=0x0000008849af4600
Event: 2.903 Thread 0x0000027e31ade190 DEOPT UNPACKING pc=0x0000027e1e7e88e2 sp=0x0000008849af3a50 mode 0
Event: 2.938 Thread 0x0000027e31ade190 Uncommon trap: trap_request=0xffffff45 fr.pc=0x0000027e1ee44aac relative=0x00000000000003cc
Event: 2.938 Thread 0x0000027e31ade190 Uncommon trap: reason=unstable_if action=reinterpret pc=0x0000027e1ee44aac method=jdk.internal.org.objectweb.asm.SymbolTable.addType(Ljava/lang/String;)I @ 33 c2
Event: 2.938 Thread 0x0000027e31ade190 DEOPT PACKING pc=0x0000027e1ee44aac sp=0x0000008849af9d80
Event: 2.938 Thread 0x0000027e31ade190 DEOPT UNPACKING pc=0x0000027e1e7e7da2 sp=0x0000008849af9d08 mode 2
Event: 3.008 Thread 0x0000027e31ade190 Uncommon trap: trap_request=0xffffff45 fr.pc=0x0000027e1ee7a26c relative=0x0000000000000d2c
Event: 3.008 Thread 0x0000027e31ade190 Uncommon trap: reason=unstable_if action=reinterpret pc=0x0000027e1ee7a26c method=jdk.internal.org.objectweb.asm.SymbolTable.addType(Ljava/lang/String;)I @ 33 c2
Event: 3.008 Thread 0x0000027e31ade190 DEOPT PACKING pc=0x0000027e1ee7a26c sp=0x0000008849afbc40
Event: 3.008 Thread 0x0000027e31ade190 DEOPT UNPACKING pc=0x0000027e1e7e7da2 sp=0x0000008849afbb78 mode 2
Event: 3.071 Thread 0x0000027e31ade190 Uncommon trap: trap_request=0xffffff76 fr.pc=0x0000027e1eec7384 relative=0x00000000000001c4
Event: 3.071 Thread 0x0000027e31ade190 Uncommon trap: reason=predicate action=maybe_recompile pc=0x0000027e1eec7384 method=com.google.common.base.CharMatcher.indexIn(Ljava/lang/CharSequence;I)I @ 19 c2
Event: 3.071 Thread 0x0000027e31ade190 DEOPT PACKING pc=0x0000027e1eec7384 sp=0x0000008849afae10
Event: 3.071 Thread 0x0000027e31ade190 DEOPT UNPACKING pc=0x0000027e1e7e7da2 sp=0x0000008849afada0 mode 2
Event: 3.151 Thread 0x0000027e31ade190 Uncommon trap: trap_request=0xffffff45 fr.pc=0x0000027e1edd7a54 relative=0x0000000000000734
Event: 3.151 Thread 0x0000027e31ade190 Uncommon trap: reason=unstable_if action=reinterpret pc=0x0000027e1edd7a54 method=java.util.Properties$LineReader.readLine()I @ 95 c2
Event: 3.151 Thread 0x0000027e31ade190 DEOPT PACKING pc=0x0000027e1edd7a54 sp=0x0000008849afb0f0
Event: 3.151 Thread 0x0000027e31ade190 DEOPT UNPACKING pc=0x0000027e1e7e7da2 sp=0x0000008849afb0a0 mode 2

Classes loaded (20 events):
Event: 2.818 Loading class java/util/zip/GZIPInputStream
Event: 2.818 Loading class java/util/zip/GZIPInputStream done
Event: 2.819 Loading class java/io/UnsupportedEncodingException
Event: 2.819 Loading class java/io/UnsupportedEncodingException done
Event: 2.852 Loading class java/util/Collections$SingletonMap
Event: 2.853 Loading class java/util/Collections$SingletonMap done
Event: 3.049 Loading class java/util/function/UnaryOperator
Event: 3.049 Loading class java/util/function/UnaryOperator done
Event: 3.066 Loading class java/util/concurrent/TimeoutException
Event: 3.066 Loading class java/util/concurrent/TimeoutException done
Event: 3.066 Loading class java/util/concurrent/CancellationException
Event: 3.066 Loading class java/util/concurrent/CancellationException done
Event: 3.110 Loading class java/util/concurrent/locks/AbstractQueuedSynchronizer$SharedNode
Event: 3.110 Loading class java/util/concurrent/locks/AbstractQueuedSynchronizer$SharedNode done
Event: 3.115 Loading class java/io/InterruptedIOException
Event: 3.115 Loading class java/io/InterruptedIOException done
Event: 3.123 Loading class java/util/ArrayDeque$DeqSpliterator
Event: 3.123 Loading class java/util/ArrayDeque$DeqSpliterator done
Event: 3.377 Loading class jdk/internal/reflect/MethodHandleIntegerFieldAccessorImpl
Event: 3.377 Loading class jdk/internal/reflect/MethodHandleIntegerFieldAccessorImpl done

Classes unloaded (0 events):
No events

Classes redefined (0 events):
No events

Internal exceptions (20 events):
Event: 2.397 Thread 0x0000027e31ade190 Exception <a 'java/lang/NoSuchMethodError'{0x0000000081dcb1f8}: 'java.lang.Object java.lang.invoke.DelegatingMethodHandle$Holder.reinvoke_L(java.lang.Object, java.lang.Object, java.lang.Object, java.lang.Object, java.lang.Object, java.lang.Object, java.lang.Object, java.lang.Object, java.lang.Object, java.lang.Object, java.lang.Object, java.lang.Object, java.lang.Object)'> (0x0000000081dcb1f8) 
thrown [s\src\hotspot\share\interpreter\linkResolver.cpp, line 784]
Event: 2.416 Thread 0x0000027e31ade190 Exception <a 'java/lang/NoSuchMethodError'{0x0000000081cecfe8}: 'java.lang.Object java.lang.invoke.DirectMethodHandle$Holder.newInvokeSpecial(java.lang.Object, java.lang.Object, java.lang.Object, java.lang.Object, java.lang.Object, java.lang.Object, java.lang.Object, java.lang.Object)'> (0x0000000081cecfe8) 
thrown [s\src\hotspot\share\interpreter\linkResolver.cpp, line 784]
Event: 2.424 Thread 0x0000027e31ade190 Exception <a 'java/lang/NoSuchMethodError'{0x0000000081b3dbf0}: 'int java.lang.invoke.DirectMethodHandle$Holder.invokeStaticInit(java.lang.Object, java.lang.Object, java.lang.Object)'> (0x0000000081b3dbf0) 
thrown [s\src\hotspot\share\interpreter\linkResolver.cpp, line 784]
Event: 2.498 Thread 0x0000027e31ade190 Exception <a 'java/lang/NoSuchMethodError'{0x0000000081653230}: 'java.lang.Object java.lang.invoke.DirectMethodHandle$Holder.invokeVirtual(java.lang.Object, java.lang.Object, java.lang.Object, java.lang.Object, java.lang.Object, java.lang.Object, java.lang.Object, java.lang.Object, java.lang.Object, java.lang.Object, java.lang.Object, java.lang.Object, java.lang.Object, java.lang.Object, java.lang.Object, java.lang.Object, java.lang.Object, java.lang.Object, java.lang.Object, java.lang.Object, java.lang.Ob
Event: 2.504 Thread 0x0000027e31ade190 Exception <a 'java/lang/NoSuchMethodError'{0x00000000816ca968}: 'java.lang.Object java.lang.invoke.DirectMethodHandle$Holder.invokeSpecial(java.lang.Object, java.lang.Object, java.lang.Object, java.lang.Object, java.lang.Object, java.lang.Object, java.lang.Object, java.lang.Object, java.lang.Object, java.lang.Object, java.lang.Object, java.lang.Object, java.lang.Object, java.lang.Object, java.lang.Object, java.lang.Object, java.lang.Object, java.lang.Object, java.lang.Object, java.lang.Object, java.lang.Ob
Event: 2.651 Thread 0x0000027e31ade190 Exception <a 'java/lang/NoSuchMethodError'{0x0000000080ec4340}: 'java.lang.Object java.lang.invoke.DirectMethodHandle$Holder.newInvokeSpecial(java.lang.Object, java.lang.Object, java.lang.Object, java.lang.Object, java.lang.Object, java.lang.Object, java.lang.Object)'> (0x0000000080ec4340) 
thrown [s\src\hotspot\share\interpreter\linkResolver.cpp, line 784]
Event: 2.699 Thread 0x0000027e31ade190 Exception <a 'java/lang/NoSuchMethodError'{0x0000000080c8b888}: 'java.lang.Object java.lang.invoke.DirectMethodHandle$Holder.invokeVirtual(java.lang.Object, java.lang.Object, java.lang.Object, java.lang.Object, java.lang.Object, java.lang.Object, java.lang.Object, java.lang.Object, java.lang.Object, java.lang.Object, java.lang.Object)'> (0x0000000080c8b888) 
thrown [s\src\hotspot\share\interpreter\linkResolver.cpp, line 784]
Event: 2.841 Thread 0x0000027e31ade190 Exception <a 'java/lang/NoSuchMethodError'{0x00000000849b1be8}: 'java.lang.Object java.lang.invoke.DirectMethodHandle$Holder.invokeVirtual(java.lang.Object, java.lang.Object, java.lang.Object, java.lang.Object, java.lang.Object, java.lang.Object, java.lang.Object, java.lang.Object, java.lang.Object, java.lang.Object)'> (0x00000000849b1be8) 
thrown [s\src\hotspot\share\interpreter\linkResolver.cpp, line 784]
Event: 2.860 Thread 0x0000027e31ade190 Exception <a 'java/lang/NoSuchMethodError'{0x00000000848b3c88}: 'java.lang.Object java.lang.invoke.DelegatingMethodHandle$Holder.reinvoke_L(java.lang.Object, java.lang.Object, java.lang.Object, java.lang.Object, java.lang.Object, java.lang.Object, java.lang.Object, java.lang.Object, java.lang.Object, java.lang.Object, java.lang.Object, java.lang.Object, java.lang.Object, java.lang.Object, java.lang.Object, java.lang.Object, java.lang.Object, java.lang.Object, java.lang.Object, java.lang.Object, java.lang.O
Event: 2.861 Thread 0x0000027e31ade190 Exception <a 'java/lang/NoSuchMethodError'{0x00000000848bf278}: 'java.lang.Object java.lang.invoke.DirectMethodHandle$Holder.invokeSpecial(java.lang.Object, java.lang.Object, java.lang.Object, java.lang.Object, java.lang.Object, java.lang.Object, java.lang.Object, java.lang.Object, java.lang.Object, java.lang.Object, java.lang.Object, java.lang.Object, java.lang.Object, java.lang.Object, java.lang.Object, java.lang.Object, java.lang.Object, java.lang.Object, java.lang.Object, java.lang.Object, java.lang.Ob
Event: 2.861 Thread 0x0000027e31ade190 Exception <a 'java/lang/NoSuchMethodError'{0x00000000848c4a70}: 'java.lang.Object java.lang.invoke.Invokers$Holder.invoker(java.lang.Object, java.lang.Object, java.lang.Object, java.lang.Object, java.lang.Object, java.lang.Object, java.lang.Object, java.lang.Object, java.lang.Object, java.lang.Object, java.lang.Object, java.lang.Object, java.lang.Object, java.lang.Object, java.lang.Object, java.lang.Object, java.lang.Object, java.lang.Object, java.lang.Object, java.lang.Object, java.lang.Object, java.lang.
Event: 2.861 Thread 0x0000027e31ade190 Exception <a 'java/lang/NoSuchMethodError'{0x00000000848cac48}: 'java.lang.Object java.lang.invoke.DelegatingMethodHandle$Holder.delegate(java.lang.Object, java.lang.Object, java.lang.Object, java.lang.Object, java.lang.Object, java.lang.Object, java.lang.Object, java.lang.Object, java.lang.Object, java.lang.Object, java.lang.Object, java.lang.Object, java.lang.Object, java.lang.Object, java.lang.Object, java.lang.Object, java.lang.Object, java.lang.Object, java.lang.Object, java.lang.Object, java.lang.Obj
Event: 2.883 Thread 0x0000027e31ade190 Exception <a 'java/lang/NoSuchMethodError'{0x00000000846e12c0}: 'java.lang.Object java.lang.invoke.DirectMethodHandle$Holder.invokeStaticInit(java.lang.Object, java.lang.Object, java.lang.Object, java.lang.Object)'> (0x00000000846e12c0) 
thrown [s\src\hotspot\share\interpreter\linkResolver.cpp, line 784]
Event: 2.910 Thread 0x0000027e31ade190 Exception <a 'java/lang/NoSuchMethodError'{0x0000000084486b78}: 'void java.lang.invoke.DirectMethodHandle$Holder.invokeStatic(java.lang.Object, java.lang.Object, java.lang.Object, java.lang.Object)'> (0x0000000084486b78) 
thrown [s\src\hotspot\share\interpreter\linkResolver.cpp, line 784]
Event: 2.985 Thread 0x0000027e31ade190 Exception <a 'java/lang/NoSuchMethodError'{0x000000008401d910}: 'java.lang.Object java.lang.invoke.DirectMethodHandle$Holder.newInvokeSpecial(java.lang.Object, java.lang.Object, java.lang.Object, java.lang.Object, java.lang.Object, java.lang.Object, java.lang.Object, java.lang.Object, java.lang.Object, java.lang.Object)'> (0x000000008401d910) 
thrown [s\src\hotspot\share\interpreter\linkResolver.cpp, line 784]
Event: 3.118 Thread 0x0000027e31ade190 Exception <a 'java/lang/NoSuchMethodError'{0x0000000083b258d0}: 'int java.lang.invoke.DirectMethodHandle$Holder.invokeVirtual(java.lang.Object, java.lang.Object)'> (0x0000000083b258d0) 
thrown [s\src\hotspot\share\interpreter\linkResolver.cpp, line 784]
Event: 3.181 Thread 0x0000027e31ade190 Exception <a 'java/lang/NoSuchMethodError'{0x000000008380cf98}: 'void java.lang.invoke.DirectMethodHandle$Holder.invokeInterface(java.lang.Object, java.lang.Object, java.lang.Object, java.lang.Object, java.lang.Object)'> (0x000000008380cf98) 
thrown [s\src\hotspot\share\interpreter\linkResolver.cpp, line 784]
Event: 3.372 Thread 0x0000027e31ade190 Exception <a 'java/lang/NoSuchMethodError'{0x00000000831c4cc0}: 'java.lang.Object java.lang.invoke.DirectMethodHandle$Holder.newInvokeSpecial(java.lang.Object, java.lang.Object, int, int)'> (0x00000000831c4cc0) 
thrown [s\src\hotspot\share\interpreter\linkResolver.cpp, line 784]
Event: 3.377 Thread 0x0000027e31ade190 Exception <a 'java/lang/NoSuchMethodError'{0x00000000831ff768}: 'void java.lang.invoke.DirectMethodHandle$Holder.invokeSpecial(java.lang.Object, java.lang.Object, int)'> (0x00000000831ff768) 
thrown [s\src\hotspot\share\interpreter\linkResolver.cpp, line 784]
Event: 3.377 Thread 0x0000027e31ade190 Exception <a 'java/lang/NoSuchMethodError'{0x0000000083004228}: 'void java.lang.invoke.Invokers$Holder.invokeExact_MT(java.lang.Object, int, java.lang.Object)'> (0x0000000083004228) 
thrown [s\src\hotspot\share\interpreter\linkResolver.cpp, line 784]

ZGC Phase Switch (0 events):
No events

VM Operations (20 events):
Event: 1.740 Executing VM operation: CollectForMetadataAllocation (Metadata GC Threshold) done
Event: 1.745 Executing VM operation: G1PauseRemark
Event: 1.746 Executing VM operation: G1PauseRemark done
Event: 1.747 Executing VM operation: G1PauseCleanup
Event: 1.749 Executing VM operation: G1PauseCleanup done
Event: 1.882 Executing VM operation: HandshakeAllThreads (Deoptimize)
Event: 1.882 Executing VM operation: HandshakeAllThreads (Deoptimize) done
Event: 1.999 Executing VM operation: HandshakeAllThreads (Deoptimize)
Event: 1.999 Executing VM operation: HandshakeAllThreads (Deoptimize) done
Event: 2.194 Executing VM operation: HandshakeAllThreads (Deoptimize)
Event: 2.194 Executing VM operation: HandshakeAllThreads (Deoptimize) done
Event: 2.195 Executing VM operation: HandshakeAllThreads (Deoptimize)
Event: 2.195 Executing VM operation: HandshakeAllThreads (Deoptimize) done
Event: 2.389 Executing VM operation: ICBufferFull
Event: 2.389 Executing VM operation: ICBufferFull done
Event: 2.705 Executing VM operation: G1CollectForAllocation (G1 Evacuation Pause)
Event: 2.716 Executing VM operation: G1CollectForAllocation (G1 Evacuation Pause) done
Event: 3.154 Executing VM operation: HandshakeAllThreads (Deoptimize)
Event: 3.154 Executing VM operation: HandshakeAllThreads (Deoptimize) done
Event: 3.423 Executing VM operation: CollectForMetadataAllocation (Metadata GC Threshold)

Events (20 events):
Event: 1.302 Loaded shared library C:\Program Files\Android\Android Studio\jbr\bin\management.dll
Event: 1.304 Loaded shared library C:\Program Files\Android\Android Studio\jbr\bin\management_ext.dll
Event: 1.331 Thread 0x0000027e3186eed0 Thread added: 0x0000027e3186eed0
Event: 1.474 Loaded shared library C:\Program Files\Android\Android Studio\jbr\bin\extnet.dll
Event: 1.536 Thread 0x0000027e319bccf0 Thread added: 0x0000027e319bccf0
Event: 1.603 Thread 0x0000027e319ec960 Thread added: 0x0000027e319ec960
Event: 1.646 Thread 0x0000027e31a34370 Thread added: 0x0000027e31a34370
Event: 1.649 Thread 0x0000027e31a349e0 Thread added: 0x0000027e31a349e0
Event: 1.673 Thread 0x0000027e3197ee00 Thread added: 0x0000027e3197ee00
Event: 1.679 Thread 0x0000027e31ade190 Thread added: 0x0000027e31ade190
Event: 1.686 Thread 0x0000027e31bd8450 Thread added: 0x0000027e31bd8450
Event: 1.691 Thread 0x0000027e31bd9800 Thread added: 0x0000027e31bd9800
Event: 1.692 Thread 0x0000027e31bda520 Thread added: 0x0000027e31bda520
Event: 2.000 Thread 0x0000027e31bdabb0 Thread added: 0x0000027e31bdabb0
Event: 2.007 Thread 0x0000027e31bd9e90 Thread added: 0x0000027e31bd9e90
Event: 2.030 Thread 0x0000027e31bdb240 Thread added: 0x0000027e31bdb240
Event: 2.843 Thread 0x0000027e31bd9170 Thread added: 0x0000027e31bd9170
Event: 2.856 Thread 0x0000027e31bd8ae0 Thread added: 0x0000027e31bd8ae0
Event: 3.110 Thread 0x0000027e34f709f0 Thread added: 0x0000027e34f709f0
Event: 3.117 Thread 0x0000027e34f6c850 Thread added: 0x0000027e34f6c850


Dynamic libraries:
0x00007ff74c030000 - 0x00007ff74c03a000 	C:\Program Files\Android\Android Studio\jbr\bin\java.exe
0x00007ffb38af0000 - 0x00007ffb38d07000 	C:\WINDOWS\SYSTEM32\ntdll.dll
0x00007ffb37710000 - 0x00007ffb377d4000 	C:\WINDOWS\System32\KERNEL32.DLL
0x00007ffb35c60000 - 0x00007ffb36031000 	C:\WINDOWS\System32\KERNELBASE.dll
0x00007ffb36670000 - 0x00007ffb36781000 	C:\WINDOWS\System32\ucrtbase.dll
0x00007ffb27a70000 - 0x00007ffb27a8b000 	C:\Program Files\Android\Android Studio\jbr\bin\VCRUNTIME140.dll
0x00007ffb26cc0000 - 0x00007ffb26cd8000 	C:\Program Files\Android\Android Studio\jbr\bin\jli.dll
0x00007ffb369d0000 - 0x00007ffb36b81000 	C:\WINDOWS\System32\USER32.dll
0x00007ffb1aba0000 - 0x00007ffb1ae32000 	C:\WINDOWS\WinSxS\amd64_microsoft.windows.common-controls_6595b64144ccf1df_6.0.22621.4830_none_270fe7d773858e80\COMCTL32.dll
0x00007ffb36790000 - 0x00007ffb367b6000 	C:\WINDOWS\System32\win32u.dll
0x00007ffb38180000 - 0x00007ffb38227000 	C:\WINDOWS\System32\msvcrt.dll
0x00007ffb367c0000 - 0x00007ffb367e9000 	C:\WINDOWS\System32\GDI32.dll
0x00007ffb362d0000 - 0x00007ffb363eb000 	C:\WINDOWS\System32\gdi32full.dll
0x00007ffb36040000 - 0x00007ffb360da000 	C:\WINDOWS\System32\msvcp_win.dll
0x00007ffb38140000 - 0x00007ffb38171000 	C:\WINDOWS\System32\IMM32.DLL
0x00007ffb2b5b0000 - 0x00007ffb2b5bc000 	C:\Program Files\Android\Android Studio\jbr\bin\vcruntime140_1.dll
0x00007ffb26c30000 - 0x00007ffb26cbd000 	C:\Program Files\Android\Android Studio\jbr\bin\msvcp140.dll
0x00007ffac46a0000 - 0x00007ffac531d000 	C:\Program Files\Android\Android Studio\jbr\bin\server\jvm.dll
0x00007ffb36b90000 - 0x00007ffb36c41000 	C:\WINDOWS\System32\ADVAPI32.dll
0x00007ffb38290000 - 0x00007ffb38337000 	C:\WINDOWS\System32\sechost.dll
0x00007ffb35c30000 - 0x00007ffb35c58000 	C:\WINDOWS\System32\bcrypt.dll
0x00007ffb368b0000 - 0x00007ffb369c4000 	C:\WINDOWS\System32\RPCRT4.dll
0x00007ffb38340000 - 0x00007ffb383b1000 	C:\WINDOWS\System32\WS2_32.dll
0x00007ffb2d7c0000 - 0x00007ffb2d7f4000 	C:\WINDOWS\SYSTEM32\WINMM.dll
0x00007ffb34ae0000 - 0x00007ffb34b2d000 	C:\WINDOWS\SYSTEM32\POWRPROF.dll
0x00007ffb2d4e0000 - 0x00007ffb2d4ea000 	C:\WINDOWS\SYSTEM32\VERSION.dll
0x00007ffb34ac0000 - 0x00007ffb34ad3000 	C:\WINDOWS\SYSTEM32\UMPDC.dll
0x00007ffb34d70000 - 0x00007ffb34d88000 	C:\WINDOWS\SYSTEM32\kernel.appcore.dll
0x00007ffb2b5a0000 - 0x00007ffb2b5aa000 	C:\Program Files\Android\Android Studio\jbr\bin\jimage.dll
0x00007ffb33510000 - 0x00007ffb33742000 	C:\WINDOWS\SYSTEM32\DBGHELP.DLL
0x00007ffb38720000 - 0x00007ffb38ab0000 	C:\WINDOWS\System32\combase.dll
0x00007ffb38060000 - 0x00007ffb38137000 	C:\WINDOWS\System32\OLEAUT32.dll
0x00007ffb1f3e0000 - 0x00007ffb1f412000 	C:\WINDOWS\SYSTEM32\dbgcore.DLL
0x00007ffb360e0000 - 0x00007ffb3615b000 	C:\WINDOWS\System32\bcryptPrimitives.dll
0x00007ffb2efd0000 - 0x00007ffb2efde000 	C:\Program Files\Android\Android Studio\jbr\bin\instrument.dll
0x00007ffb1f510000 - 0x00007ffb1f52f000 	C:\Program Files\Android\Android Studio\jbr\bin\java.dll
0x00007ffb1e990000 - 0x00007ffb1e9a8000 	C:\Program Files\Android\Android Studio\jbr\bin\zip.dll
0x00007ffb36c50000 - 0x00007ffb374d8000 	C:\WINDOWS\System32\SHELL32.dll
0x00007ffb36470000 - 0x00007ffb365af000 	C:\WINDOWS\System32\wintypes.dll
0x00007ffb33ae0000 - 0x00007ffb343ed000 	C:\WINDOWS\SYSTEM32\windows.storage.dll
0x00007ffb38610000 - 0x00007ffb3871a000 	C:\WINDOWS\System32\SHCORE.dll
0x00007ffb38230000 - 0x00007ffb3828e000 	C:\WINDOWS\System32\shlwapi.dll
0x00007ffb35b60000 - 0x00007ffb35b8b000 	C:\WINDOWS\SYSTEM32\profapi.dll
0x00007ffb2b0d0000 - 0x00007ffb2b0e0000 	C:\Program Files\Android\Android Studio\jbr\bin\net.dll
0x00007ffb2eaa0000 - 0x00007ffb2ebcc000 	C:\WINDOWS\SYSTEM32\WINHTTP.dll
0x00007ffb351e0000 - 0x00007ffb3524a000 	C:\WINDOWS\system32\mswsock.dll
0x00007ffb1e970000 - 0x00007ffb1e986000 	C:\Program Files\Android\Android Studio\jbr\bin\nio.dll
0x00007ffb1c3a0000 - 0x00007ffb1c3b0000 	C:\Program Files\Android\Android Studio\jbr\bin\verify.dll
0x00007ffb26e10000 - 0x00007ffb26e37000 	C:\Users\DELL\.gradle\native\c067742578af261105cb4f569cf0c3c89f3d7b1fecec35dd04571415982c5e48\windows-amd64\native-platform.dll
0x00007ffad3f20000 - 0x00007ffad4064000 	C:\Users\DELL\.gradle\native\100fb08df4bc3b14c8652ba06237920a3bd2aa13389f12d3474272988ae205f9\windows-amd64\native-platform-file-events.dll
0x00007ffb1e950000 - 0x00007ffb1e959000 	C:\Program Files\Android\Android Studio\jbr\bin\management.dll
0x00007ffb1e940000 - 0x00007ffb1e94b000 	C:\Program Files\Android\Android Studio\jbr\bin\management_ext.dll
0x00007ffb367f0000 - 0x00007ffb367f8000 	C:\WINDOWS\System32\PSAPI.DLL
0x00007ffb35440000 - 0x00007ffb3545b000 	C:\WINDOWS\SYSTEM32\CRYPTSP.dll
0x00007ffb34cd0000 - 0x00007ffb34d07000 	C:\WINDOWS\system32\rsaenh.dll
0x00007ffb352d0000 - 0x00007ffb352f8000 	C:\WINDOWS\SYSTEM32\USERENV.dll
0x00007ffb35430000 - 0x00007ffb3543c000 	C:\WINDOWS\SYSTEM32\CRYPTBASE.dll
0x00007ffb34780000 - 0x00007ffb347ad000 	C:\WINDOWS\SYSTEM32\IPHLPAPI.DLL
0x00007ffb37500000 - 0x00007ffb37509000 	C:\WINDOWS\System32\NSI.dll
0x00007ffb1e960000 - 0x00007ffb1e969000 	C:\Program Files\Android\Android Studio\jbr\bin\extnet.dll
0x00007ffac0680000 - 0x00007ffac0688000 	C:\WINDOWS\system32\wshunix.dll

dbghelp: loaded successfully - version: 4.0.5 - missing functions: none
symbol engine: initialized successfully - sym options: 0x614 - pdb path: .;C:\Program Files\Android\Android Studio\jbr\bin;C:\WINDOWS\SYSTEM32;C:\WINDOWS\WinSxS\amd64_microsoft.windows.common-controls_6595b64144ccf1df_6.0.22621.4830_none_270fe7d773858e80;C:\Program Files\Android\Android Studio\jbr\bin\server;C:\Users\DELL\.gradle\native\c067742578af261105cb4f569cf0c3c89f3d7b1fecec35dd04571415982c5e48\windows-amd64;C:\Users\DELL\.gradle\native\100fb08df4bc3b14c8652ba06237920a3bd2aa13389f12d3474272988ae205f9\windows-amd64

VM Arguments:
jvm_args: --add-opens=java.base/java.util=ALL-UNNAMED --add-opens=java.base/java.lang=ALL-UNNAMED --add-opens=java.base/java.lang.invoke=ALL-UNNAMED --add-opens=java.prefs/java.util.prefs=ALL-UNNAMED --add-exports=jdk.compiler/com.sun.tools.javac.api=ALL-UNNAMED --add-exports=jdk.compiler/com.sun.tools.javac.util=ALL-UNNAMED --add-opens=java.base/java.nio.charset=ALL-UNNAMED --add-opens=java.base/java.net=ALL-UNNAMED --add-opens=java.base/java.util.concurrent.atomic=ALL-UNNAMED -Xmx2048m -Dfile.encoding=UTF-8 -Duser.country=GB -Duser.language=en -Duser.variant -javaagent:C:\Users\DELL\.gradle\wrapper\dists\gradle-8.9-bin\90cnw93cvbtalezasaz0blq0a\gradle-8.9\lib\agents\gradle-instrumentation-agent-8.9.jar 
java_command: org.gradle.launcher.daemon.bootstrap.GradleDaemon 8.9
java_class_path (initial): C:\Users\DELL\.gradle\wrapper\dists\gradle-8.9-bin\90cnw93cvbtalezasaz0blq0a\gradle-8.9\lib\gradle-daemon-main-8.9.jar
Launcher Type: SUN_STANDARD

[Global flags]
     intx CICompilerCount                          = 4                                         {product} {ergonomic}
     uint ConcGCThreads                            = 2                                         {product} {ergonomic}
     uint G1ConcRefinementThreads                  = 8                                         {product} {ergonomic}
   size_t G1HeapRegionSize                         = 1048576                                   {product} {ergonomic}
    uintx GCDrainStackTargetSize                   = 64                                        {product} {ergonomic}
   size_t InitialHeapSize                          = 130023424                                 {product} {ergonomic}
   size_t MarkStackSize                            = 4194304                                   {product} {ergonomic}
   size_t MaxHeapSize                              = 2147483648                                {product} {command line}
   size_t MaxNewSize                               = 1287651328                                {product} {ergonomic}
   size_t MinHeapDeltaBytes                        = 1048576                                   {product} {ergonomic}
   size_t MinHeapSize                              = 8388608                                   {product} {ergonomic}
    uintx NonNMethodCodeHeapSize                   = 5839372                                {pd product} {ergonomic}
    uintx NonProfiledCodeHeapSize                  = 122909434                              {pd product} {ergonomic}
    uintx ProfiledCodeHeapSize                     = 122909434                              {pd product} {ergonomic}
    uintx ReservedCodeCacheSize                    = 251658240                              {pd product} {ergonomic}
     bool SegmentedCodeCache                       = true                                      {product} {ergonomic}
   size_t SoftMaxHeapSize                          = 2147483648                             {manageable} {ergonomic}
     bool UseCompressedOops                        = true                           {product lp64_product} {ergonomic}
     bool UseG1GC                                  = true                                      {product} {ergonomic}
     bool UseLargePagesIndividualAllocation        = false                                  {pd product} {ergonomic}

Logging:
Log output configuration:
 #0: stdout all=warning uptime,level,tags foldmultilines=false
 #1: stderr all=off uptime,level,tags foldmultilines=false

Environment Variables:
PATH=C:\Program Files\Microsoft MPI\Bin\;C:\Program Files\Python39\Scripts\;C:\Program Files\Python39\;C:\Windows\system32;C:\Windows;C:\Windows\System32\Wbem;C:\Windows\System32\WindowsPowerShell\v1.0\;C:\Windows\System32\OpenSSH\;C:\Program Files\NVIDIA Corporation\NVIDIA NvDLISR;C:\Program Files\dotnet\;C:\WINDOWS\system32;C:\WINDOWS;C:\WINDOWS\System32\Wbem;C:\WINDOWS\System32\WindowsPowerShell\v1.0\;C:\WINDOWS\System32\OpenSSH\;C:\Program Files\Git\cmd;C:\Program Files (x86)\Microsoft SQL Server\130\Tools\Binn\;C:\Program Files\Microsoft SQL Server\130\Tools\Binn\;C:\Program Files (x86)\Microsoft SQL Server\130\DTS\Binn\;C:\Program Files\Microsoft SQL Server\130\DTS\Binn\;C:\Program Files\Microsoft SQL Server\Client SDK\ODBC\130\Tools\Binn\;C:\Program Files (x86)\Microsoft SQL Server\160\DTS\Binn\;C:\Program Files\Azure Data Studio\bin;C:\Program Files\Microsoft SQL Server\Client SDK\ODBC\170\Tools\Binn\;C:\Program Files (x86)\Microsoft SQL Server\150\Tools\Binn\;C:\Program Files\Microsoft SQL Server\150\Tools\Binn\;C:\Program Files\Microsoft SQL Server\150\DTS\Binn\;C:\Program Files (x86)\Microsoft SQL Server\160\Tools\Binn\;C:\Program Files\Microsoft SQL Server\160\Tools\Binn\;C:\Program Files\Microsoft SQL Server\160\DTS\Binn\;C:\Program Files\nodejs\;C:\Users\DELL\AppData\Local\Microsoft\WindowsApps;C:\Program Files\Microsoft VS Code\bin;C:\Users\DELL\.dotnet\tools;C:\Program Files\Azure Data Studio\bin;C:\Users\DELL\AppData\Local\GitHubDesktop\bin;C:\Program Files\JetBrains\PyCharm Community Edition 2024.3.1.1\bin;;C:\Users\DELL\AppData\Roaming\npm;C:\flutter\bin;
USERNAME=DELL
OS=Windows_NT
PROCESSOR_IDENTIFIER=Intel64 Family 6 Model 140 Stepping 1, GenuineIntel
TMP=C:\Users\DELL\AppData\Local\Temp
TEMP=C:\Users\DELL\AppData\Local\Temp




Periodic native trim disabled

JNI global refs:
JNI global refs: 24, weak refs: 0

JNI global refs memory usage: 835, weak refs: 833

Process memory usage:
Resident Set Size: 240020K (2% of 8104744K total physical memory with 528916K free physical memory)

OOME stack traces (most recent first):
Classloader memory used:
Loader bootstrap                                                                       : 17171K
Loader org.gradle.internal.classloader.VisitableURLClassLoader                         : 14930K
Loader org.gradle.initialization.MixInLegacyTypesClassLoader                           : 2851K
Loader jdk.internal.loader.ClassLoaders$AppClassLoader                                 : 230K
Loader jdk.internal.loader.ClassLoaders$PlatformClassLoader                            : 129K

Classes loaded by more than one classloader:
Class org.gradle.internal.classloader.FilteringClassLoader                            : loaded 2 times (x 102B)
Class org.gradle.internal.classloader.ClassLoaderHierarchy                            : loaded 2 times (x 67B)
Class org.gradle.api.internal.classpath.ManifestUtil                                  : loaded 2 times (x 68B)
Class org.gradle.internal.classloader.DefaultClassLoaderFactory                       : loaded 2 times (x 79B)
Class org.gradle.internal.classloader.ClassLoaderVisitor                              : loaded 2 times (x 73B)
Class org.gradle.api.internal.classpath.EffectiveClassPath                            : loaded 2 times (x 87B)
Class org.gradle.api.internal.DefaultClassPathProvider                                : loaded 2 times (x 73B)
Class [Lorg.gradle.api.internal.ClassPathProvider;                                    : loaded 2 times (x 66B)
Class org.gradle.api.internal.ClassPathProvider                                       : loaded 2 times (x 67B)
Class org.gradle.internal.service.UnknownServiceException                             : loaded 2 times (x 80B)
Class org.gradle.internal.classpath.TransformedClassPath                              : loaded 2 times (x 93B)
Class org.gradle.internal.service.ServiceLocator                                      : loaded 2 times (x 67B)
Class org.gradle.internal.InternalTransformer                                         : loaded 2 times (x 67B)
Class org.gradle.internal.classloader.ClasspathUtil$1                                 : loaded 2 times (x 73B)
Class org.gradle.api.internal.classpath.DefaultModuleRegistry$DefaultModule           : loaded 2 times (x 83B)
Class org.gradle.api.internal.classpath.Module                                        : loaded 2 times (x 67B)
Class org.gradle.api.internal.classpath.UnknownModuleException                        : loaded 2 times (x 79B)
Class org.gradle.api.internal.DefaultClassPathRegistry                                : loaded 2 times (x 73B)
Class org.gradle.api.internal.ClassPathRegistry                                       : loaded 2 times (x 67B)
Class org.gradle.internal.classpath.DefaultClassPath$ImmutableUniqueList              : loaded 2 times (x 196B)
Class org.gradle.internal.classpath.ClassPath                                         : loaded 2 times (x 67B)
Class org.gradle.api.UncheckedIOException                                             : loaded 2 times (x 79B)
Class org.gradle.internal.installation.GradleInstallation$1                           : loaded 2 times (x 72B)
Class org.gradle.api.internal.classpath.ModuleRegistry                                : loaded 2 times (x 67B)
Class org.gradle.api.internal.classpath.DefaultModuleRegistry                         : loaded 2 times (x 80B)
Class org.gradle.internal.service.ServiceLookupException                              : loaded 2 times (x 79B)
Class org.gradle.internal.classloader.ClassLoaderFactory                              : loaded 2 times (x 67B)
Class org.gradle.internal.service.CachingServiceLocator                               : loaded 2 times (x 79B)
Class org.gradle.internal.classloader.ClasspathUtil                                   : loaded 2 times (x 68B)
Class org.gradle.api.specs.Spec                                                       : loaded 2 times (x 67B)
Class org.gradle.internal.classloader.VisitableURLClassLoader$InstrumentingVisitableURLClassLoader: loaded 2 times (x 120B)
Class org.gradle.internal.classloader.VisitableURLClassLoader$Spec                    : loaded 2 times (x 71B)
Class org.gradle.internal.classpath.DefaultClassPath                                  : loaded 2 times (x 87B)
Class org.gradle.internal.classloader.ClassLoaderSpec                                 : loaded 2 times (x 68B)
Class org.gradle.internal.classloader.VisitableURLClassLoader                         : loaded 2 times (x 114B)
Class org.gradle.internal.Cast                                                        : loaded 2 times (x 68B)
Class org.gradle.api.Action                                                           : loaded 2 times (x 67B)
Class org.gradle.internal.agents.InstrumentingClassLoader                             : loaded 2 times (x 67B)
Class org.gradle.internal.classpath.DefaultClassPath$ImmutableUniqueList$Builder      : loaded 2 times (x 72B)
Class org.gradle.api.GradleException                                                  : loaded 2 times (x 79B)
Class org.gradle.internal.IoActions                                                   : loaded 2 times (x 68B)
Class org.gradle.internal.classloader.SystemClassLoaderSpec                           : loaded 2 times (x 68B)
Class org.gradle.internal.installation.CurrentGradleInstallationLocator               : loaded 2 times (x 68B)
Class org.gradle.internal.service.DefaultServiceLocator                               : loaded 2 times (x 80B)
Class org.gradle.internal.installation.CurrentGradleInstallation                      : loaded 2 times (x 70B)
Class org.gradle.util.internal.GUtil                                                  : loaded 2 times (x 68B)
Class org.gradle.internal.installation.GradleInstallation                             : loaded 2 times (x 72B)

---------------  S Y S T E M  ---------------

OS:
 Windows 11 , 64 bit Build 22621 (10.0.22621.4974)
OS uptime: 0 days 12:25 hours

CPU: total 8 (initial active 8) (4 cores per cpu, 2 threads per core) family 6 model 140 stepping 1 microcode 0xba, cx8, cmov, fxsr, ht, mmx, 3dnowpref, sse, sse2, sse3, ssse3, sse4.1, sse4.2, popcnt, lzcnt, tsc, tscinvbit, avx, avx2, aes, erms, clmul, bmi1, bmi2, adx, avx512f, avx512dq, avx512cd, avx512bw, avx512vl, sha, fma, vzeroupper, avx512_vpopcntdq, avx512_vpclmulqdq, avx512_vaes, avx512_vnni, clflush, clflushopt, clwb, avx512_vbmi2, avx512_vbmi, rdtscp, rdpid, fsrm, gfni, avx512_bitalg, f16c, pku, cet_ibt, cet_ss, avx512_ifma
Processor Information for all 8 processors :
  Max Mhz: 2419, Current Mhz: 2419, Mhz Limit: 2419

Memory: 4k page, system-wide physical 7914M (516M free)
TotalPageFile size 15140M (AvailPageFile size 15M)
current process WorkingSet (physical memory assigned to process): 234M, peak: 239M
current process commit charge ("private bytes"): 274M, peak: 294M

vm_info: OpenJDK 64-Bit Server VM (21.0.3+-12282718-b509.11) for windows-amd64 JRE (21.0.3+-12282718-b509.11), built on 2024-08-27T17:34:15Z by "builder" with MS VC++ 16.10 / 16.11 (VS2019)

END.
