#
# There is insufficient memory for the Java Runtime Environment to continue.
# Native memory allocation (mmap) failed to map 16777216 bytes. Error detail: G1 virtual space
# Possible reasons:
#   The system is out of physical RAM or swap space
#   This process is running with CompressedOops enabled, and the Java Heap may be blocking the growth of the native heap
# Possible solutions:
#   Reduce memory load on the system
#   Increase physical memory or swap space
#   Check if swap backing store is full
#   Decrease Java heap size (-Xmx/-Xms)
#   Decrease number of Java threads
#   Decrease Java thread stack sizes (-Xss)
#   Set larger code cache with -XX:ReservedCodeCacheSize=
#   JVM is running with Unscaled Compressed Oops mode in which the Java heap is
#     placed in the first 4GB address space. The Java Heap base address is the
#     maximum limit for the native heap growth. Please use -XX:HeapBaseMinAddress
#     to set the Java Heap base and to place the Java Heap above 4GB virtual address.
# This output file may be truncated or incomplete.
#
#  Out of Memory Error (os_windows.cpp:3815), pid=18960, tid=18000
#
# JRE version: OpenJDK Runtime Environment (21.0.3) (build 21.0.3+-12282718-b509.11)
# Java VM: OpenJDK 64-Bit Server VM (21.0.3+-12282718-b509.11, mixed mode, tiered, compressed oops, compressed class ptrs, g1 gc, windows-amd64)
# No core dump will be written. Minidumps are not enabled by default on client versions of Windows
#

---------------  S U M M A R Y ------------

Command Line: --add-opens=java.base/java.util=ALL-UNNAMED --add-opens=java.base/java.lang=ALL-UNNAMED --add-opens=java.base/java.lang.invoke=ALL-UNNAMED --add-opens=java.prefs/java.util.prefs=ALL-UNNAMED --add-exports=jdk.compiler/com.sun.tools.javac.api=ALL-UNNAMED --add-exports=jdk.compiler/com.sun.tools.javac.util=ALL-UNNAMED --add-opens=java.base/java.nio.charset=ALL-UNNAMED --add-opens=java.base/java.net=ALL-UNNAMED --add-opens=java.base/java.util.concurrent.atomic=ALL-UNNAMED -Xmx2048m -Dfile.encoding=UTF-8 -Duser.country=GB -Duser.language=en -Duser.variant -javaagent:C:\Users\DELL\.gradle\wrapper\dists\gradle-8.9-bin\90cnw93cvbtalezasaz0blq0a\gradle-8.9\lib\agents\gradle-instrumentation-agent-8.9.jar org.gradle.launcher.daemon.bootstrap.GradleDaemon 8.9

Host: 11th Gen Intel(R) Core(TM) i5-1135G7 @ 2.40GHz, 8 cores, 7G,  Windows 11 , 64 bit Build 22621 (10.0.22621.4974)
Time: Sun Mar 30 12:23:27 2025 SE Asia Standard Time elapsed time: 4.740419 seconds (0d 0h 0m 4s)

---------------  T H R E A D  ---------------

Current thread (0x000002b21a157fc0):  VMThread "VM Thread"          [id=18000, stack(0x000000bd53200000,0x000000bd53300000) (1024K)]

Stack: [0x000000bd53200000,0x000000bd53300000]
Native frames: (J=compiled Java code, j=interpreted, Vv=VM code, C=native code)
V  [jvm.dll+0x6cafb9]
V  [jvm.dll+0x858523]
V  [jvm.dll+0x85aa7e]
V  [jvm.dll+0x85b163]
V  [jvm.dll+0x27d356]
V  [jvm.dll+0x6c7865]
V  [jvm.dll+0x6bbd3a]
V  [jvm.dll+0x35199b]
V  [jvm.dll+0x3595d6]
V  [jvm.dll+0x3aa826]
V  [jvm.dll+0x3aaaf8]
V  [jvm.dll+0x3240bc]
V  [jvm.dll+0x324147]
V  [jvm.dll+0x36a00c]
V  [jvm.dll+0x36879e]
V  [jvm.dll+0x3237c1]
V  [jvm.dll+0x367eb0]
V  [jvm.dll+0x860ac8]
V  [jvm.dll+0x861bc4]
V  [jvm.dll+0x862100]
V  [jvm.dll+0x862393]
V  [jvm.dll+0x800d78]
V  [jvm.dll+0x6c98cd]
C  [ucrtbase.dll+0x29333]
C  [KERNEL32.DLL+0x1259d]
C  [ntdll.dll+0x5af38]

VM_Operation (0x000000bd548f7c30): G1CollectForAllocation, mode: safepoint, requested by thread 0x000002b22064c370


---------------  P R O C E S S  ---------------

Threads class SMR info:
_java_thread_list=0x000002b21a689eb0, length=34, elements={
0x000002b202a59b80, 0x000002b21a2c0570, 0x000002b21a308a30, 0x000002b21a2e88f0,
0x000002b21a2ea5b0, 0x000002b21a2ec980, 0x000002b21a2ef3f0, 0x000002b21a2f0180,
0x000002b21a2f1960, 0x000002b21a40d6d0, 0x000002b21a65c950, 0x000002b2200e7860,
0x000002b22019eda0, 0x000002b2202db9c0, 0x000002b220324a80, 0x000002b2201fb580,
0x000002b22015f310, 0x000002b22015f980, 0x000002b22064c370, 0x000002b220648ef0,
0x000002b22064afc0, 0x000002b22064bce0, 0x000002b22064b650, 0x000002b22064a2a0,
0x000002b220649580, 0x000002b2200e6ac0, 0x000002b22064a930, 0x000002b220acc4c0,
0x000002b220aca3f0, 0x000002b220accb50, 0x000002b220ac96d0, 0x000002b220acd870,
0x000002b220acd1e0, 0x000002b220ac9040
}

Java Threads: ( => current thread )
  0x000002b202a59b80 JavaThread "main"                              [_thread_blocked, id=8980, stack(0x000000bd52b00000,0x000000bd52c00000) (1024K)]
  0x000002b21a2c0570 JavaThread "Reference Handler"          daemon [_thread_blocked, id=13388, stack(0x000000bd53300000,0x000000bd53400000) (1024K)]
  0x000002b21a308a30 JavaThread "Finalizer"                  daemon [_thread_blocked, id=20248, stack(0x000000bd53400000,0x000000bd53500000) (1024K)]
  0x000002b21a2e88f0 JavaThread "Signal Dispatcher"          daemon [_thread_blocked, id=12980, stack(0x000000bd53500000,0x000000bd53600000) (1024K)]
  0x000002b21a2ea5b0 JavaThread "Attach Listener"            daemon [_thread_blocked, id=4272, stack(0x000000bd53600000,0x000000bd53700000) (1024K)]
  0x000002b21a2ec980 JavaThread "Service Thread"             daemon [_thread_blocked, id=1372, stack(0x000000bd53700000,0x000000bd53800000) (1024K)]
  0x000002b21a2ef3f0 JavaThread "Monitor Deflation Thread"   daemon [_thread_blocked, id=15100, stack(0x000000bd53800000,0x000000bd53900000) (1024K)]
  0x000002b21a2f0180 JavaThread "C2 CompilerThread0"         daemon [_thread_in_native, id=11652, stack(0x000000bd53900000,0x000000bd53a00000) (1024K)]
  0x000002b21a2f1960 JavaThread "C1 CompilerThread0"         daemon [_thread_blocked, id=7936, stack(0x000000bd53a00000,0x000000bd53b00000) (1024K)]
  0x000002b21a40d6d0 JavaThread "Common-Cleaner"             daemon [_thread_blocked, id=5672, stack(0x000000bd53b00000,0x000000bd53c00000) (1024K)]
  0x000002b21a65c950 JavaThread "Notification Thread"        daemon [_thread_blocked, id=20116, stack(0x000000bd53c00000,0x000000bd53d00000) (1024K)]
  0x000002b2200e7860 JavaThread "C2 CompilerThread1"         daemon [_thread_blocked, id=7656, stack(0x000000bd53d00000,0x000000bd53e00000) (1024K)]
  0x000002b22019eda0 JavaThread "Daemon health stats"               [_thread_blocked, id=16360, stack(0x000000bd54200000,0x000000bd54300000) (1024K)]
  0x000002b2202db9c0 JavaThread "Incoming local TCP Connector on port 51751"        [_thread_in_native, id=11508, stack(0x000000bd54300000,0x000000bd54400000) (1024K)]
  0x000002b220324a80 JavaThread "Daemon periodic checks"            [_thread_blocked, id=18264, stack(0x000000bd54400000,0x000000bd54500000) (1024K)]
  0x000002b2201fb580 JavaThread "Daemon"                            [_thread_blocked, id=20232, stack(0x000000bd54500000,0x000000bd54600000) (1024K)]
  0x000002b22015f310 JavaThread "Handler for socket connection from /127.0.0.1:51751 to /127.0.0.1:51752"        [_thread_in_native, id=16388, stack(0x000000bd54600000,0x000000bd54700000) (1024K)]
  0x000002b22015f980 JavaThread "Cancel handler"                    [_thread_blocked, id=20368, stack(0x000000bd54700000,0x000000bd54800000) (1024K)]
  0x000002b22064c370 JavaThread "Daemon worker"                     [_thread_blocked, id=8380, stack(0x000000bd54800000,0x000000bd54900000) (1024K)]
  0x000002b220648ef0 JavaThread "Asynchronous log dispatcher for DefaultDaemonConnection: socket connection from /127.0.0.1:51751 to /127.0.0.1:51752"        [_thread_blocked, id=16868, stack(0x000000bd54900000,0x000000bd54a00000) (1024K)]
  0x000002b22064afc0 JavaThread "Stdin handler"                     [_thread_blocked, id=16972, stack(0x000000bd54a00000,0x000000bd54b00000) (1024K)]
  0x000002b22064bce0 JavaThread "Daemon client event forwarder"        [_thread_blocked, id=7956, stack(0x000000bd54b00000,0x000000bd54c00000) (1024K)]
  0x000002b22064b650 JavaThread "Cache worker for journal cache (C:\Users\DELL\.gradle\caches\journal-1)"        [_thread_blocked, id=12796, stack(0x000000bd55000000,0x000000bd55100000) (1024K)]
  0x000002b22064a2a0 JavaThread "File lock request listener"        [_thread_in_native, id=7280, stack(0x000000bd55100000,0x000000bd55200000) (1024K)]
  0x000002b220649580 JavaThread "Cache worker for file hash cache (C:\Users\DELL\.gradle\caches\8.9\fileHashes)"        [_thread_blocked, id=3756, stack(0x000000bd55200000,0x000000bd55300000) (1024K)]
  0x000002b2200e6ac0 JavaThread "C2 CompilerThread2"         daemon [_thread_blocked, id=4540, stack(0x000000bd55300000,0x000000bd55400000) (1024K)]
  0x000002b22064a930 JavaThread "Cache worker for file hash cache (E:\HocTap\social-media-micro-project\frontend\.gradle\8.9\fileHashes)"        [_thread_blocked, id=604, stack(0x000000bd55400000,0x000000bd55500000) (1024K)]
  0x000002b220acc4c0 JavaThread "Cache worker for Build Output Cleanup Cache (E:\HocTap\social-media-micro-project\frontend\.gradle\buildOutputCleanup)"        [_thread_blocked, id=908, stack(0x000000bd55500000,0x000000bd55600000) (1024K)]
  0x000002b220aca3f0 JavaThread "File watcher server"        daemon [_thread_in_native, id=15580, stack(0x000000bd55600000,0x000000bd55700000) (1024K)]
  0x000002b220accb50 JavaThread "File watcher consumer"      daemon [_thread_blocked, id=7892, stack(0x000000bd55700000,0x000000bd55800000) (1024K)]
  0x000002b220ac96d0 JavaThread "Cache worker for checksums cache (E:\HocTap\social-media-micro-project\frontend\.gradle\8.9\checksums)"        [_thread_blocked, id=11516, stack(0x000000bd55800000,0x000000bd55900000) (1024K)]
  0x000002b220acd870 JavaThread "Cache worker for file content cache (C:\Users\DELL\.gradle\caches\8.9\fileContent)"        [_thread_blocked, id=8148, stack(0x000000bd55900000,0x000000bd55a00000) (1024K)]
  0x000002b220acd1e0 JavaThread "Cache worker for cache directory md-rule (C:\Users\DELL\.gradle\caches\8.9\md-rule)"        [_thread_blocked, id=20256, stack(0x000000bd55a00000,0x000000bd55b00000) (1024K)]
  0x000002b220ac9040 JavaThread "Cache worker for cache directory md-supplier (C:\Users\DELL\.gradle\caches\8.9\md-supplier)"        [_thread_blocked, id=788, stack(0x000000bd55b00000,0x000000bd55c00000) (1024K)]
Total: 34

Other Threads:
=>0x000002b21a157fc0 VMThread "VM Thread"                           [id=18000, stack(0x000000bd53200000,0x000000bd53300000) (1024K)]
  0x000002b21a0cd000 WatcherThread "VM Periodic Task Thread"        [id=12228, stack(0x000000bd53100000,0x000000bd53200000) (1024K)]
  0x000002b202ab4610 WorkerThread "GC Thread#0"                     [id=18948, stack(0x000000bd52c00000,0x000000bd52d00000) (1024K)]
  0x000002b21f240f50 WorkerThread "GC Thread#1"                     [id=14792, stack(0x000000bd53f00000,0x000000bd54000000) (1024K)]
  0x000002b21ad766d0 WorkerThread "GC Thread#2"                     [id=1464, stack(0x000000bd54000000,0x000000bd54100000) (1024K)]
  0x000002b21ac97090 WorkerThread "GC Thread#3"                     [id=2372, stack(0x000000bd54100000,0x000000bd54200000) (1024K)]
  0x000002b21f6d3b70 WorkerThread "GC Thread#4"                     [id=15624, stack(0x000000bd53e00000,0x000000bd53f00000) (1024K)]
  0x000002b220287230 WorkerThread "GC Thread#5"                     [id=16500, stack(0x000000bd54c00000,0x000000bd54d00000) (1024K)]
  0x000002b2202875d0 WorkerThread "GC Thread#6"                     [id=12036, stack(0x000000bd54d00000,0x000000bd54e00000) (1024K)]
  0x000002b220287970 WorkerThread "GC Thread#7"                     [id=1992, stack(0x000000bd54e00000,0x000000bd54f00000) (1024K)]
  0x000002b202ac5760 ConcurrentGCThread "G1 Main Marker"            [id=2272, stack(0x000000bd52d00000,0x000000bd52e00000) (1024K)]
  0x000002b202ac6260 WorkerThread "G1 Conc#0"                       [id=19984, stack(0x000000bd52e00000,0x000000bd52f00000) (1024K)]
  0x000002b2204c9d20 WorkerThread "G1 Conc#1"                       [id=2624, stack(0x000000bd54f00000,0x000000bd55000000) (1024K)]
  0x000002b202b1e750 ConcurrentGCThread "G1 Refine#0"               [id=13520, stack(0x000000bd52f00000,0x000000bd53000000) (1024K)]
  0x000002b219f9c480 ConcurrentGCThread "G1 Service"                [id=20172, stack(0x000000bd53000000,0x000000bd53100000) (1024K)]
Total: 15

Threads with active compile tasks:
C2 CompilerThread0     4760 4169       4       jdk.internal.jimage.ImageLocation::getFullName (109 bytes)
C1 CompilerThread0     4760 4236       3       java.util.concurrent.ConcurrentLinkedQueue::updateHead (26 bytes)
C2 CompilerThread1     4760 4175       4       java.util.regex.Pattern::split (325 bytes)
C2 CompilerThread2     4760 4234   !   4       java.security.AccessController::doPrivileged (26 bytes)
Total: 4

VM state: at safepoint (normal execution)

VM Mutex/Monitor currently owned by a thread:  ([mutex/lock_event])
[0x00007ffac52420c8] Threads_lock - owner thread: 0x000002b21a157fc0
[0x00007ffac52421c8] Heap_lock - owner thread: 0x000002b22064c370

Heap address: 0x0000000080000000, size: 2048 MB, Compressed Oops mode: 32-bit

CDS archive(s) not mapped
Compressed class space mapped at: 0x0000000100000000-0x0000000140000000, reserved size: 1073741824
Narrow klass base: 0x0000000000000000, Narrow klass shift: 3, Narrow klass range: 0x140000000

GC Precious Log:
 CardTable entry size: 512
 Card Set container configuration: InlinePtr #cards 5 size 8 Array Of Cards #cards 12 size 40 Howl #buckets 4 coarsen threshold 1843 Howl Bitmap #cards 512 size 80 coarsen threshold 460 Card regions per heap region 1 cards per card region 2048
 CPUs: 8 total, 8 available
 Memory: 7914M
 Large Page Support: Disabled
 NUMA Support: Disabled
 Compressed Oops: Enabled (32-bit)
 Heap Region Size: 1M
 Heap Min Capacity: 8M
 Heap Initial Capacity: 124M
 Heap Max Capacity: 2G
 Pre-touch: Disabled
 Parallel Workers: 8
 Concurrent Workers: 2
 Concurrent Refinement Workers: 8
 Periodic GC: Disabled

Heap:
 garbage-first heap   total 78848K, used 33240K [0x0000000080000000, 0x0000000100000000)
  region size 1024K, 6 young (6144K), 6 survivors (6144K)
 Metaspace       used 45808K, committed 47040K, reserved 1114112K
  class space    used 6161K, committed 6784K, reserved 1048576K

Heap Regions: E=young(eden), S=young(survivor), O=old, HS=humongous(starts), HC=humongous(continues), CS=collection set, F=free, TAMS=top-at-mark-start, PB=parsable bottom
|   0|0x0000000080000000, 0x0000000080100000, 0x0000000080100000|100%|HS|  |TAMS 0x0000000080000000| PB 0x0000000080000000| Complete 
|   1|0x0000000080100000, 0x0000000080200000, 0x0000000080200000|100%|HC|  |TAMS 0x0000000080100000| PB 0x0000000080100000| Complete 
|   2|0x0000000080200000, 0x0000000080300000, 0x0000000080300000|100%|HC|  |TAMS 0x0000000080200000| PB 0x0000000080200000| Complete 
|   3|0x0000000080300000, 0x0000000080400000, 0x0000000080400000|100%|HC|  |TAMS 0x0000000080300000| PB 0x0000000080300000| Complete 
|   4|0x0000000080400000, 0x0000000080500000, 0x0000000080500000|100%| O|  |TAMS 0x0000000080400000| PB 0x0000000080400000| Untracked 
|   5|0x0000000080500000, 0x0000000080600000, 0x0000000080600000|100%| O|  |TAMS 0x0000000080500000| PB 0x0000000080500000| Untracked 
|   6|0x0000000080600000, 0x0000000080700000, 0x0000000080700000|100%| O|  |TAMS 0x0000000080600000| PB 0x0000000080600000| Untracked 
|   7|0x0000000080700000, 0x0000000080800000, 0x0000000080800000|100%| O|  |TAMS 0x0000000080700000| PB 0x0000000080700000| Untracked 
|   8|0x0000000080800000, 0x0000000080900000, 0x0000000080900000|100%| O|  |TAMS 0x0000000080800000| PB 0x0000000080800000| Untracked 
|   9|0x0000000080900000, 0x0000000080a00000, 0x0000000080a00000|100%| O|  |TAMS 0x0000000080900000| PB 0x0000000080900000| Untracked 
|  10|0x0000000080a00000, 0x0000000080b00000, 0x0000000080b00000|100%| O|  |TAMS 0x0000000080a00000| PB 0x0000000080a00000| Untracked 
|  11|0x0000000080b00000, 0x0000000080c00000, 0x0000000080c00000|100%|HS|  |TAMS 0x0000000080b00000| PB 0x0000000080b00000| Complete 
|  12|0x0000000080c00000, 0x0000000080d00000, 0x0000000080d00000|100%| O|  |TAMS 0x0000000080c00000| PB 0x0000000080c00000| Untracked 
|  13|0x0000000080d00000, 0x0000000080e00000, 0x0000000080e00000|100%| O|  |TAMS 0x0000000080d00000| PB 0x0000000080d00000| Untracked 
|  14|0x0000000080e00000, 0x0000000080f00000, 0x0000000080f00000|100%| O|  |TAMS 0x0000000080e00000| PB 0x0000000080e00000| Untracked 
|  15|0x0000000080f00000, 0x0000000081000000, 0x0000000081000000|100%| O|  |TAMS 0x0000000080f00000| PB 0x0000000080f00000| Untracked 
|  16|0x0000000081000000, 0x0000000081100000, 0x0000000081100000|100%| O|  |TAMS 0x0000000081000000| PB 0x0000000081000000| Untracked 
|  17|0x0000000081100000, 0x0000000081200000, 0x0000000081200000|100%| O|  |TAMS 0x0000000081100000| PB 0x0000000081100000| Untracked 
|  18|0x0000000081200000, 0x0000000081300000, 0x0000000081300000|100%| O|  |TAMS 0x0000000081200000| PB 0x0000000081200000| Untracked 
|  19|0x0000000081300000, 0x0000000081400000, 0x0000000081400000|100%| O|  |TAMS 0x0000000081300000| PB 0x0000000081300000| Untracked 
|  20|0x0000000081400000, 0x0000000081500000, 0x0000000081500000|100%| O|  |TAMS 0x0000000081400000| PB 0x0000000081400000| Untracked 
|  21|0x0000000081500000, 0x0000000081500000, 0x0000000081600000|  0%| F|  |TAMS 0x0000000081500000| PB 0x0000000081500000| Untracked 
|  22|0x0000000081600000, 0x0000000081700000, 0x0000000081700000|100%| O|  |TAMS 0x0000000081600000| PB 0x0000000081600000| Untracked 
|  23|0x0000000081700000, 0x0000000081800000, 0x0000000081800000|100%| O|  |TAMS 0x0000000081700000| PB 0x0000000081700000| Untracked 
|  24|0x0000000081800000, 0x0000000081900000, 0x0000000081900000|100%| O|  |TAMS 0x0000000081800000| PB 0x0000000081800000| Untracked 
|  25|0x0000000081900000, 0x0000000081a00000, 0x0000000081a00000|100%| O|  |TAMS 0x0000000081900000| PB 0x0000000081900000| Untracked 
|  26|0x0000000081a00000, 0x0000000081b00000, 0x0000000081b00000|100%| O|  |TAMS 0x0000000081a00000| PB 0x0000000081a00000| Untracked 
|  27|0x0000000081b00000, 0x0000000081b76190, 0x0000000081c00000| 46%| O|  |TAMS 0x0000000081b00000| PB 0x0000000081b00000| Untracked 
|  28|0x0000000081c00000, 0x0000000081c00000, 0x0000000081d00000|  0%| F|  |TAMS 0x0000000081c00000| PB 0x0000000081c00000| Untracked 
|  29|0x0000000081d00000, 0x0000000081d00000, 0x0000000081e00000|  0%| F|  |TAMS 0x0000000081d00000| PB 0x0000000081d00000| Untracked 
|  30|0x0000000081e00000, 0x0000000081f00000, 0x0000000081f00000|100%| S|CS|TAMS 0x0000000081e00000| PB 0x0000000081e00000| Complete 
|  31|0x0000000081f00000, 0x0000000081f00000, 0x0000000082000000|  0%| F|  |TAMS 0x0000000081f00000| PB 0x0000000081f00000| Untracked 
|  32|0x0000000082000000, 0x0000000082000000, 0x0000000082100000|  0%| F|  |TAMS 0x0000000082000000| PB 0x0000000082000000| Untracked 
|  33|0x0000000082100000, 0x0000000082100000, 0x0000000082200000|  0%| F|  |TAMS 0x0000000082100000| PB 0x0000000082100000| Untracked 
|  34|0x0000000082200000, 0x0000000082200000, 0x0000000082300000|  0%| F|  |TAMS 0x0000000082200000| PB 0x0000000082200000| Untracked 
|  35|0x0000000082300000, 0x0000000082400000, 0x0000000082400000|100%| S|CS|TAMS 0x0000000082300000| PB 0x0000000082300000| Complete 
|  36|0x0000000082400000, 0x0000000082500000, 0x0000000082500000|100%| S|CS|TAMS 0x0000000082400000| PB 0x0000000082400000| Complete 
|  37|0x0000000082500000, 0x0000000082600000, 0x0000000082600000|100%| S|CS|TAMS 0x0000000082500000| PB 0x0000000082500000| Complete 
|  38|0x0000000082600000, 0x0000000082700000, 0x0000000082700000|100%| S|CS|TAMS 0x0000000082600000| PB 0x0000000082600000| Complete 
|  39|0x0000000082700000, 0x0000000082800000, 0x0000000082800000|100%| S|CS|TAMS 0x0000000082700000| PB 0x0000000082700000| Complete 
|  40|0x0000000082800000, 0x0000000082800000, 0x0000000082900000|  0%| F|  |TAMS 0x0000000082800000| PB 0x0000000082800000| Untracked 
|  41|0x0000000082900000, 0x0000000082900000, 0x0000000082a00000|  0%| F|  |TAMS 0x0000000082900000| PB 0x0000000082900000| Untracked 
|  42|0x0000000082a00000, 0x0000000082a00000, 0x0000000082b00000|  0%| F|  |TAMS 0x0000000082a00000| PB 0x0000000082a00000| Untracked 
|  43|0x0000000082b00000, 0x0000000082b00000, 0x0000000082c00000|  0%| F|  |TAMS 0x0000000082b00000| PB 0x0000000082b00000| Untracked 
|  44|0x0000000082c00000, 0x0000000082c00000, 0x0000000082d00000|  0%| F|  |TAMS 0x0000000082c00000| PB 0x0000000082c00000| Untracked 
|  45|0x0000000082d00000, 0x0000000082d00000, 0x0000000082e00000|  0%| F|  |TAMS 0x0000000082d00000| PB 0x0000000082d00000| Untracked 
|  46|0x0000000082e00000, 0x0000000082e00000, 0x0000000082f00000|  0%| F|  |TAMS 0x0000000082e00000| PB 0x0000000082e00000| Untracked 
|  47|0x0000000082f00000, 0x0000000082f00000, 0x0000000083000000|  0%| F|  |TAMS 0x0000000082f00000| PB 0x0000000082f00000| Untracked 
|  48|0x0000000083000000, 0x0000000083000000, 0x0000000083100000|  0%| F|  |TAMS 0x0000000083000000| PB 0x0000000083000000| Untracked 
|  49|0x0000000083100000, 0x0000000083100000, 0x0000000083200000|  0%| F|  |TAMS 0x0000000083100000| PB 0x0000000083100000| Untracked 
|  50|0x0000000083200000, 0x0000000083200000, 0x0000000083300000|  0%| F|  |TAMS 0x0000000083200000| PB 0x0000000083200000| Untracked 
|  51|0x0000000083300000, 0x0000000083300000, 0x0000000083400000|  0%| F|  |TAMS 0x0000000083300000| PB 0x0000000083300000| Untracked 
|  52|0x0000000083400000, 0x0000000083400000, 0x0000000083500000|  0%| F|  |TAMS 0x0000000083400000| PB 0x0000000083400000| Untracked 
|  53|0x0000000083500000, 0x0000000083500000, 0x0000000083600000|  0%| F|  |TAMS 0x0000000083500000| PB 0x0000000083500000| Untracked 
|  54|0x0000000083600000, 0x0000000083600000, 0x0000000083700000|  0%| F|  |TAMS 0x0000000083600000| PB 0x0000000083600000| Untracked 
|  55|0x0000000083700000, 0x0000000083700000, 0x0000000083800000|  0%| F|  |TAMS 0x0000000083700000| PB 0x0000000083700000| Untracked 
|  56|0x0000000083800000, 0x0000000083800000, 0x0000000083900000|  0%| F|  |TAMS 0x0000000083800000| PB 0x0000000083800000| Untracked 
|  57|0x0000000083900000, 0x0000000083900000, 0x0000000083a00000|  0%| F|  |TAMS 0x0000000083900000| PB 0x0000000083900000| Untracked 
|  58|0x0000000083a00000, 0x0000000083a00000, 0x0000000083b00000|  0%| F|  |TAMS 0x0000000083a00000| PB 0x0000000083a00000| Untracked 
|  59|0x0000000083b00000, 0x0000000083b00000, 0x0000000083c00000|  0%| F|  |TAMS 0x0000000083b00000| PB 0x0000000083b00000| Untracked 
|  60|0x0000000083c00000, 0x0000000083c00000, 0x0000000083d00000|  0%| F|  |TAMS 0x0000000083c00000| PB 0x0000000083c00000| Untracked 
|  61|0x0000000083d00000, 0x0000000083d00000, 0x0000000083e00000|  0%| F|  |TAMS 0x0000000083d00000| PB 0x0000000083d00000| Untracked 
|  62|0x0000000083e00000, 0x0000000083e00000, 0x0000000083f00000|  0%| F|  |TAMS 0x0000000083e00000| PB 0x0000000083e00000| Untracked 
|  63|0x0000000083f00000, 0x0000000083f00000, 0x0000000084000000|  0%| F|  |TAMS 0x0000000083f00000| PB 0x0000000083f00000| Untracked 
|  64|0x0000000084000000, 0x0000000084000000, 0x0000000084100000|  0%| F|  |TAMS 0x0000000084000000| PB 0x0000000084000000| Untracked 
|  65|0x0000000084100000, 0x0000000084100000, 0x0000000084200000|  0%| F|  |TAMS 0x0000000084100000| PB 0x0000000084100000| Untracked 
|  66|0x0000000084200000, 0x0000000084200000, 0x0000000084300000|  0%| F|  |TAMS 0x0000000084200000| PB 0x0000000084200000| Untracked 
|  67|0x0000000084300000, 0x0000000084300000, 0x0000000084400000|  0%| F|  |TAMS 0x0000000084300000| PB 0x0000000084300000| Untracked 
|  68|0x0000000084400000, 0x0000000084400000, 0x0000000084500000|  0%| F|  |TAMS 0x0000000084400000| PB 0x0000000084400000| Untracked 
|  69|0x0000000084500000, 0x0000000084500000, 0x0000000084600000|  0%| F|  |TAMS 0x0000000084500000| PB 0x0000000084500000| Untracked 
|  70|0x0000000084600000, 0x0000000084600000, 0x0000000084700000|  0%| F|  |TAMS 0x0000000084600000| PB 0x0000000084600000| Untracked 
|  71|0x0000000084700000, 0x0000000084700000, 0x0000000084800000|  0%| F|  |TAMS 0x0000000084700000| PB 0x0000000084700000| Untracked 
|  72|0x0000000084800000, 0x0000000084800000, 0x0000000084900000|  0%| F|  |TAMS 0x0000000084800000| PB 0x0000000084800000| Untracked 
|  73|0x0000000084900000, 0x0000000084900000, 0x0000000084a00000|  0%| F|  |TAMS 0x0000000084900000| PB 0x0000000084900000| Untracked 
|  74|0x0000000084a00000, 0x0000000084a00000, 0x0000000084b00000|  0%| F|  |TAMS 0x0000000084a00000| PB 0x0000000084a00000| Untracked 
|  75|0x0000000084b00000, 0x0000000084b00000, 0x0000000084c00000|  0%| F|  |TAMS 0x0000000084b00000| PB 0x0000000084b00000| Untracked 
| 123|0x0000000087b00000, 0x0000000087b00000, 0x0000000087c00000|  0%| F|  |TAMS 0x0000000087b00000| PB 0x0000000087b00000| Untracked 

Card table byte_map: [0x000002b2152d0000,0x000002b2156d0000] _byte_map_base: 0x000002b214ed0000

Marking Bits: (CMBitMap*) 0x000002b202ab4d10
 Bits: [0x000002b2156d0000, 0x000002b2176d0000)

Polling page: 0x000002b200a60000

Metaspace:

Usage:
  Non-class:     38.72 MB used.
      Class:      6.02 MB used.
       Both:     44.73 MB used.

Virtual space:
  Non-class space:       64.00 MB reserved,      39.31 MB ( 61%) committed,  1 nodes.
      Class space:        1.00 GB reserved,       6.62 MB ( <1%) committed,  1 nodes.
             Both:        1.06 GB reserved,      45.94 MB (  4%) committed. 

Chunk freelists:
   Non-Class:  7.85 MB
       Class:  9.37 MB
        Both:  17.21 MB

MaxMetaspaceSize: unlimited
CompressedClassSpaceSize: 1.00 GB
Initial GC threshold: 21.00 MB
Current GC threshold: 59.06 MB
CDS: off
 - commit_granule_bytes: 65536.
 - commit_granule_words: 8192.
 - virtual_space_node_default_size: 8388608.
 - enlarge_chunks_in_place: 1.
 - use_allocation_guard: 0.


Internal statistics:

num_allocs_failed_limit: 6.
num_arena_births: 2142.
num_arena_deaths: 0.
num_vsnodes_births: 2.
num_vsnodes_deaths: 0.
num_space_committed: 735.
num_space_uncommitted: 0.
num_chunks_returned_to_freelist: 6.
num_chunks_taken_from_freelist: 3773.
num_chunk_merges: 6.
num_chunk_splits: 2440.
num_chunks_enlarged: 1507.
num_inconsistent_stats: 0.

CodeHeap 'non-profiled nmethods': size=120000Kb used=2040Kb max_used=2040Kb free=117959Kb
 bounds [0x000002b20d670000, 0x000002b20d8e0000, 0x000002b214ba0000]
CodeHeap 'profiled nmethods': size=120000Kb used=7374Kb max_used=7374Kb free=112625Kb
 bounds [0x000002b205ba0000, 0x000002b2062e0000, 0x000002b20d0d0000]
CodeHeap 'non-nmethods': size=5760Kb used=2080Kb max_used=2114Kb free=3679Kb
 bounds [0x000002b20d0d0000, 0x000002b20d340000, 0x000002b20d670000]
 total_blobs=4507 nmethods=3823 adapters=588
 compilation: enabled
              stopped_count=0, restarted_count=0
 full_count=0

Compilation events (20 events):
Event: 4.711 Thread 0x000002b21a2f1960 nmethod 4230 0x000002b2062cbc10 code [0x000002b2062cbdc0, 0x000002b2062cbf28]
Event: 4.711 Thread 0x000002b2200e6ac0 nmethod 4207 0x000002b20d86c910 code [0x000002b20d86caa0, 0x000002b20d86cba0]
Event: 4.711 Thread 0x000002b2200e6ac0 4209       4       java.util.HashMap$KeySpliterator::characteristics (30 bytes)
Event: 4.711 Thread 0x000002b2200e6ac0 nmethod 4209 0x000002b20d86cc90 code [0x000002b20d86ce20, 0x000002b20d86ced0]
Event: 4.711 Thread 0x000002b2200e6ac0 4224  s    4       jdk.internal.loader.Resource::cachedInputStream (20 bytes)
Event: 4.711 Thread 0x000002b21a2f1960 4231       3       java.util.concurrent.locks.AbstractQueuedSynchronizer$Node::getAndUnsetStatus (14 bytes)
Event: 4.712 Thread 0x000002b21a2f1960 nmethod 4231 0x000002b2062cc010 code [0x000002b2062cc1e0, 0x000002b2062cc490]
Event: 4.712 Thread 0x000002b21a2f1960 4232   !   3       java.net.URLClassLoader::defineClass (224 bytes)
Event: 4.714 Thread 0x000002b21a2f1960 nmethod 4232 0x000002b2062cc590 code [0x000002b2062cc9c0, 0x000002b2062ce538]
Event: 4.714 Thread 0x000002b21a2f1960 4233       3       jdk.internal.loader.Resource::getByteBuffer (24 bytes)
Event: 4.714 Thread 0x000002b21a2f1960 nmethod 4233 0x000002b2062cef10 code [0x000002b2062cf100, 0x000002b2062cf7c0]
Event: 4.716 Thread 0x000002b2200e6ac0 nmethod 4224 0x000002b20d86cf90 code [0x000002b20d86d160, 0x000002b20d86d8f0]
Event: 4.716 Thread 0x000002b2200e6ac0 4174       4       java.util.regex.Pattern$Node::study (21 bytes)
Event: 4.717 Thread 0x000002b2200e6ac0 nmethod 4174 0x000002b20d86dc10 code [0x000002b20d86dda0, 0x000002b20d86de70]
Event: 4.717 Thread 0x000002b2200e6ac0 4173       4       java.util.stream.Sink$ChainedReference::cancellationRequested (10 bytes)
Event: 4.718 Thread 0x000002b2200e6ac0 nmethod 4173 0x000002b20d86df10 code [0x000002b20d86e0a0, 0x000002b20d86e150]
Event: 4.718 Thread 0x000002b2200e6ac0 4234   !   4       java.security.AccessController::doPrivileged (26 bytes)
Event: 4.728 Thread 0x000002b21a2f1960 4235       3       java.util.concurrent.ConcurrentLinkedQueue::poll (84 bytes)
Event: 4.732 Thread 0x000002b21a2f1960 nmethod 4235 0x000002b2062cf910 code [0x000002b2062cff80, 0x000002b2062d3790]
Event: 4.732 Thread 0x000002b21a2f1960 4236       3       java.util.concurrent.ConcurrentLinkedQueue::updateHead (26 bytes)

GC Heap History (15 events):
Event: 0.446 GC heap before
{Heap before GC invocations=0 (full 0):
 garbage-first heap   total 126976K, used 26624K [0x0000000080000000, 0x0000000100000000)
  region size 1024K, 23 young (23552K), 0 survivors (0K)
 Metaspace       used 8118K, committed 8320K, reserved 1114112K
  class space    used 738K, committed 832K, reserved 1048576K
}
Event: 0.452 GC heap after
{Heap after GC invocations=1 (full 0):
 garbage-first heap   total 126976K, used 10368K [0x0000000080000000, 0x0000000100000000)
  region size 1024K, 3 young (3072K), 3 survivors (3072K)
 Metaspace       used 8118K, committed 8320K, reserved 1114112K
  class space    used 738K, committed 832K, reserved 1048576K
}
Event: 1.070 GC heap before
{Heap before GC invocations=1 (full 0):
 garbage-first heap   total 126976K, used 40064K [0x0000000080000000, 0x0000000100000000)
  region size 1024K, 33 young (33792K), 3 survivors (3072K)
 Metaspace       used 12016K, committed 12224K, reserved 1114112K
  class space    used 1279K, committed 1408K, reserved 1048576K
}
Event: 1.077 GC heap after
{Heap after GC invocations=2 (full 0):
 garbage-first heap   total 126976K, used 12016K [0x0000000080000000, 0x0000000100000000)
  region size 1024K, 2 young (2048K), 2 survivors (2048K)
 Metaspace       used 12016K, committed 12224K, reserved 1114112K
  class space    used 1279K, committed 1408K, reserved 1048576K
}
Event: 2.184 GC heap before
{Heap before GC invocations=2 (full 0):
 garbage-first heap   total 126976K, used 78576K [0x0000000080000000, 0x0000000100000000)
  region size 1024K, 66 young (67584K), 2 survivors (2048K)
 Metaspace       used 21177K, committed 21504K, reserved 1114112K
  class space    used 2458K, committed 2624K, reserved 1048576K
}
Event: 2.192 GC heap after
{Heap after GC invocations=3 (full 0):
 garbage-first heap   total 126976K, used 20906K [0x0000000080000000, 0x0000000100000000)
  region size 1024K, 10 young (10240K), 10 survivors (10240K)
 Metaspace       used 21177K, committed 21504K, reserved 1114112K
  class space    used 2458K, committed 2624K, reserved 1048576K
}
Event: 2.833 GC heap before
{Heap before GC invocations=4 (full 0):
 garbage-first heap   total 78848K, used 56746K [0x0000000080000000, 0x0000000100000000)
  region size 1024K, 46 young (47104K), 10 survivors (10240K)
 Metaspace       used 27702K, committed 28224K, reserved 1114112K
  class space    used 3488K, committed 3712K, reserved 1048576K
}
Event: 2.840 GC heap after
{Heap after GC invocations=5 (full 0):
 garbage-first heap   total 78848K, used 22934K [0x0000000080000000, 0x0000000100000000)
  region size 1024K, 3 young (3072K), 3 survivors (3072K)
 Metaspace       used 27702K, committed 28224K, reserved 1114112K
  class space    used 3488K, committed 3712K, reserved 1048576K
}
Event: 3.471 GC heap before
{Heap before GC invocations=5 (full 0):
 garbage-first heap   total 78848K, used 60822K [0x0000000080000000, 0x0000000100000000)
  region size 1024K, 40 young (40960K), 3 survivors (3072K)
 Metaspace       used 32767K, committed 33536K, reserved 1114112K
  class space    used 4355K, committed 4736K, reserved 1048576K
}
Event: 3.474 GC heap after
{Heap after GC invocations=6 (full 0):
 garbage-first heap   total 78848K, used 25948K [0x0000000080000000, 0x0000000100000000)
  region size 1024K, 5 young (5120K), 5 survivors (5120K)
 Metaspace       used 32767K, committed 33536K, reserved 1114112K
  class space    used 4355K, committed 4736K, reserved 1048576K
}
Event: 3.726 GC heap before
{Heap before GC invocations=6 (full 0):
 garbage-first heap   total 78848K, used 42332K [0x0000000080000000, 0x0000000100000000)
  region size 1024K, 23 young (23552K), 5 survivors (5120K)
 Metaspace       used 35308K, committed 36096K, reserved 1114112K
  class space    used 4767K, committed 5120K, reserved 1048576K
}
Event: 3.730 GC heap after
{Heap after GC invocations=7 (full 0):
 garbage-first heap   total 78848K, used 26746K [0x0000000080000000, 0x0000000100000000)
  region size 1024K, 4 young (4096K), 4 survivors (4096K)
 Metaspace       used 35308K, committed 36096K, reserved 1114112K
  class space    used 4767K, committed 5120K, reserved 1048576K
}
Event: 4.299 GC heap before
{Heap before GC invocations=8 (full 0):
 garbage-first heap   total 78848K, used 64634K [0x0000000080000000, 0x0000000100000000)
  region size 1024K, 42 young (43008K), 4 survivors (4096K)
 Metaspace       used 40750K, committed 41856K, reserved 1114112K
  class space    used 5645K, committed 6208K, reserved 1048576K
}
Event: 4.305 GC heap after
{Heap after GC invocations=9 (full 0):
 garbage-first heap   total 78848K, used 29810K [0x0000000080000000, 0x0000000100000000)
  region size 1024K, 4 young (4096K), 4 survivors (4096K)
 Metaspace       used 40750K, committed 41856K, reserved 1114112K
  class space    used 5645K, committed 6208K, reserved 1048576K
}
Event: 4.733 GC heap before
{Heap before GC invocations=9 (full 0):
 garbage-first heap   total 78848K, used 66674K [0x0000000080000000, 0x0000000100000000)
  region size 1024K, 41 young (41984K), 4 survivors (4096K)
 Metaspace       used 45808K, committed 47040K, reserved 1114112K
  class space    used 6161K, committed 6784K, reserved 1048576K
}

Dll operation events (3 events):
Event: 0.007 Loaded shared library C:\Program Files\Android\Android Studio\jbr\bin\java.dll
Event: 0.012 Loaded shared library C:\Program Files\Android\Android Studio\jbr\bin\zip.dll
Event: 0.434 Loaded shared library C:\Program Files\Android\Android Studio\jbr\bin\verify.dll

Deoptimization events (20 events):
Event: 4.506 Thread 0x000002b22064c370 Uncommon trap: trap_request=0xffffff45 fr.pc=0x000002b20d7f40d4 relative=0x0000000000004c74
Event: 4.506 Thread 0x000002b22064c370 Uncommon trap: reason=unstable_if action=reinterpret pc=0x000002b20d7f40d4 method=java.lang.ClassLoader.getClassLoadingLock(Ljava/lang/String;)Ljava/lang/Object; @ 6 c2
Event: 4.506 Thread 0x000002b22064c370 DEOPT PACKING pc=0x000002b20d7f40d4 sp=0x000000bd548f8f80
Event: 4.506 Thread 0x000002b22064c370 DEOPT UNPACKING pc=0x000002b20d127da2 sp=0x000000bd548f8f70 mode 2
Event: 4.514 Thread 0x000002b22064c370 Uncommon trap: trap_request=0xffffffc6 fr.pc=0x000002b20d8194a8 relative=0x0000000000003888
Event: 4.514 Thread 0x000002b22064c370 Uncommon trap: reason=bimorphic_or_optimized_type_check action=maybe_recompile pc=0x000002b20d8194a8 method=java.net.URL.<init>(Ljava/net/URL;Ljava/lang/String;Ljava/net/URLStreamHandler;)V @ 504 c2
Event: 4.514 Thread 0x000002b22064c370 DEOPT PACKING pc=0x000002b20d8194a8 sp=0x000000bd548f86d0
Event: 4.514 Thread 0x000002b22064c370 DEOPT UNPACKING pc=0x000002b20d127da2 sp=0x000000bd548f8650 mode 2
Event: 4.580 Thread 0x000002b22064c370 Uncommon trap: trap_request=0xffffff45 fr.pc=0x000002b20d78d298 relative=0x00000000000000f8
Event: 4.580 Thread 0x000002b22064c370 Uncommon trap: reason=unstable_if action=reinterpret pc=0x000002b20d78d298 method=java.lang.ClassLoader.getClassLoadingLock(Ljava/lang/String;)Ljava/lang/Object; @ 6 c2
Event: 4.580 Thread 0x000002b22064c370 DEOPT PACKING pc=0x000002b20d78d298 sp=0x000000bd548f8fe0
Event: 4.580 Thread 0x000002b22064c370 DEOPT UNPACKING pc=0x000002b20d127da2 sp=0x000000bd548f8f70 mode 2
Event: 4.583 Thread 0x000002b22064c370 Uncommon trap: trap_request=0xffffff6e fr.pc=0x000002b20d854f0c relative=0x000000000000084c
Event: 4.583 Thread 0x000002b22064c370 Uncommon trap: reason=loop_limit_check action=maybe_recompile pc=0x000002b20d854f0c method=java.util.regex.Pattern$Start.match(Ljava/util/regex/Matcher;ILjava/lang/CharSequence;)Z @ 34 c2
Event: 4.583 Thread 0x000002b22064c370 DEOPT PACKING pc=0x000002b20d854f0c sp=0x000000bd548f8d40
Event: 4.583 Thread 0x000002b22064c370 DEOPT UNPACKING pc=0x000002b20d127da2 sp=0x000000bd548f8cb0 mode 2
Event: 4.711 Thread 0x000002b22019eda0 Uncommon trap: trap_request=0xffffffc6 fr.pc=0x000002b20d867cd8 relative=0x0000000000000238
Event: 4.711 Thread 0x000002b22019eda0 Uncommon trap: reason=bimorphic_or_optimized_type_check action=maybe_recompile pc=0x000002b20d867cd8 method=java.util.stream.ReferencePipeline.forEachWithCancel(Ljava/util/Spliterator;Ljava/util/stream/Sink;)Z @ 1 c2
Event: 4.711 Thread 0x000002b22019eda0 DEOPT PACKING pc=0x000002b20d867cd8 sp=0x000000bd542feab0
Event: 4.711 Thread 0x000002b22019eda0 DEOPT UNPACKING pc=0x000002b20d127da2 sp=0x000000bd542fea40 mode 2

Classes loaded (20 events):
Event: 4.588 Loading class jdk/internal/jrtfs/JrtFileAttributes
Event: 4.588 Loading class jdk/internal/jrtfs/JrtFileAttributes done
Event: 4.588 Loading class jdk/internal/jrtfs/JrtDirectoryStream
Event: 4.588 Loading class jdk/internal/jrtfs/JrtDirectoryStream done
Event: 4.589 Loading class jdk/internal/jrtfs/JrtDirectoryStream$1
Event: 4.589 Loading class jdk/internal/jrtfs/JrtDirectoryStream$1 done
Event: 4.589 Loading class java/util/function/BooleanSupplier
Event: 4.589 Loading class java/util/function/BooleanSupplier done
Event: 4.589 Loading class jdk/internal/jimage/ImageReader$Resource
Event: 4.589 Loading class jdk/internal/jimage/ImageReader$Resource done
Event: 4.667 Loading class java/util/WeakHashMap$KeyIterator
Event: 4.667 Loading class java/util/WeakHashMap$HashIterator
Event: 4.668 Loading class java/util/WeakHashMap$HashIterator done
Event: 4.668 Loading class java/util/WeakHashMap$KeyIterator done
Event: 4.687 Loading class java/lang/ThreadLocal$SuppliedThreadLocal
Event: 4.687 Loading class java/lang/ThreadLocal$SuppliedThreadLocal done
Event: 4.702 Loading class sun/nio/fs/WindowsPath$1
Event: 4.703 Loading class sun/nio/fs/WindowsPath$1 done
Event: 4.703 Loading class sun/nio/fs/WindowsException
Event: 4.704 Loading class sun/nio/fs/WindowsException done

Classes unloaded (0 events):
No events

Classes redefined (0 events):
No events

Internal exceptions (20 events):
Event: 4.271 Thread 0x000002b22064c370 Exception <a 'java/lang/NoSuchMethodError'{0x00000000824b4ad0}: 'void java.lang.invoke.DirectMethodHandle$Holder.invokeStaticInit(java.lang.Object, java.lang.Object, java.lang.Object)'> (0x00000000824b4ad0) 
thrown [s\src\hotspot\share\interpreter\linkResolver.cpp, line 784]
Event: 4.274 Thread 0x000002b22064c370 Exception <a 'java/lang/NoSuchMethodError'{0x00000000824d8cd0}: 'void java.lang.invoke.DirectMethodHandle$Holder.invokeStaticInit(java.lang.Object, java.lang.Object, java.lang.Object, java.lang.Object, java.lang.Object)'> (0x00000000824d8cd0) 
thrown [s\src\hotspot\share\interpreter\linkResolver.cpp, line 784]
Event: 4.284 Thread 0x000002b22064c370 Exception <a 'java/lang/NoSuchMethodError'{0x0000000082330880}: 'int java.lang.invoke.DirectMethodHandle$Holder.invokeStaticInit(java.lang.Object, java.lang.Object, java.lang.Object, java.lang.Object)'> (0x0000000082330880) 
thrown [s\src\hotspot\share\interpreter\linkResolver.cpp, line 784]
Event: 4.461 Thread 0x000002b22064c370 Exception <a 'java/lang/ClassNotFoundException'{0x000000008443e530}: groovy/lang/ExpandoMetaClassBeanInfo> (0x000000008443e530) 
thrown [s\src\hotspot\share\classfile\systemDictionary.cpp, line 312]
Event: 4.461 Thread 0x000002b22064c370 Exception <a 'java/lang/ClassNotFoundException'{0x0000000084446658}: groovy/lang/MetaClassImplBeanInfo> (0x0000000084446658) 
thrown [s\src\hotspot\share\classfile\systemDictionary.cpp, line 312]
Event: 4.461 Thread 0x000002b22064c370 Exception <a 'java/lang/ClassNotFoundException'{0x000000008444af10}: java/lang/ObjectBeanInfo> (0x000000008444af10) 
thrown [s\src\hotspot\share\classfile\systemDictionary.cpp, line 312]
Event: 4.461 Thread 0x000002b22064c370 Exception <a 'java/lang/ClassNotFoundException'{0x0000000084450808}: java/lang/ObjectCustomizer> (0x0000000084450808) 
thrown [s\src\hotspot\share\classfile\systemDictionary.cpp, line 312]
Event: 4.464 Thread 0x000002b22064c370 Exception <a 'java/lang/IncompatibleClassChangeError'{0x000000008445ead8}: Found class java.lang.Object, but interface was expected> (0x000000008445ead8) 
thrown [s\src\hotspot\share\interpreter\linkResolver.cpp, line 851]
Event: 4.466 Thread 0x000002b22064c370 Exception <a 'java/lang/ClassNotFoundException'{0x0000000084478650}: groovy/lang/MetaClassImplCustomizer> (0x0000000084478650) 
thrown [s\src\hotspot\share\classfile\systemDictionary.cpp, line 312]
Event: 4.468 Thread 0x000002b22064c370 Exception <a 'java/lang/ClassNotFoundException'{0x00000000844a0600}: groovy/lang/ExpandoMetaClassCustomizer> (0x00000000844a0600) 
thrown [s\src\hotspot\share\classfile\systemDictionary.cpp, line 312]
Event: 4.672 Thread 0x000002b22064c370 Exception <a 'java/lang/ClassNotFoundException'{0x0000000082a7b928}: org/gradle/internal/extensibility/DefaultExtraPropertiesExtensionBeanInfo> (0x0000000082a7b928) 
thrown [s\src\hotspot\share\classfile\systemDictionary.cpp, line 312]
Event: 4.673 Thread 0x000002b22064c370 Exception <a 'java/lang/ClassNotFoundException'{0x0000000082a83db0}: groovy/lang/GroovyObjectSupportBeanInfo> (0x0000000082a83db0) 
thrown [s\src\hotspot\share\classfile\systemDictionary.cpp, line 312]
Event: 4.673 Thread 0x000002b22064c370 Exception <a 'java/lang/ClassNotFoundException'{0x0000000082a8bf80}: groovy/lang/GroovyObjectSupportCustomizer> (0x0000000082a8bf80) 
thrown [s\src\hotspot\share\classfile\systemDictionary.cpp, line 312]
Event: 4.677 Thread 0x000002b22064c370 Exception <a 'java/lang/ClassNotFoundException'{0x0000000082aa5bb0}: org/gradle/internal/extensibility/DefaultExtraPropertiesExtensionCustomizer> (0x0000000082aa5bb0) 
thrown [s\src\hotspot\share\classfile\systemDictionary.cpp, line 312]
Event: 4.680 Thread 0x000002b22064c370 Exception <a 'java/lang/IncompatibleClassChangeError'{0x0000000082ac0aa0}: Found class java.lang.Object, but interface was expected> (0x0000000082ac0aa0) 
thrown [s\src\hotspot\share\interpreter\linkResolver.cpp, line 851]
Event: 4.704 Thread 0x000002b22064c370 Exception <a 'sun/nio/fs/WindowsException'{0x000000008299fc50}> (0x000000008299fc50) 
thrown [s\src\hotspot\share\prims\jni.cpp, line 535]
Event: 4.706 Thread 0x000002b22064c370 Exception <a 'sun/nio/fs/WindowsException'{0x00000000829a1160}> (0x00000000829a1160) 
thrown [s\src\hotspot\share\prims\jni.cpp, line 535]
Event: 4.706 Thread 0x000002b22064c370 Exception <a 'sun/nio/fs/WindowsException'{0x00000000829a2620}> (0x00000000829a2620) 
thrown [s\src\hotspot\share\prims\jni.cpp, line 535]
Event: 4.706 Thread 0x000002b22064c370 Exception <a 'sun/nio/fs/WindowsException'{0x00000000829a3718}> (0x00000000829a3718) 
thrown [s\src\hotspot\share\prims\jni.cpp, line 535]
Event: 4.731 Thread 0x000002b22064c370 Exception <a 'java/lang/NoSuchMethodError'{0x00000000828e6ea8}: 'java.lang.Object java.lang.invoke.Invokers$Holder.invoker(java.lang.Object, java.lang.Object, java.lang.Object, java.lang.Object, java.lang.Object, java.lang.Object)'> (0x00000000828e6ea8) 
thrown [s\src\hotspot\share\interpreter\linkResolver.cpp, line 784]

ZGC Phase Switch (0 events):
No events

VM Operations (20 events):
Event: 4.375 Executing VM operation: HandshakeAllThreads (Deoptimize) done
Event: 4.420 Executing VM operation: HandshakeAllThreads (Deoptimize)
Event: 4.420 Executing VM operation: HandshakeAllThreads (Deoptimize) done
Event: 4.514 Executing VM operation: HandshakeAllThreads (Deoptimize)
Event: 4.514 Executing VM operation: HandshakeAllThreads (Deoptimize) done
Event: 4.515 Executing VM operation: HandshakeAllThreads (Deoptimize)
Event: 4.515 Executing VM operation: HandshakeAllThreads (Deoptimize) done
Event: 4.518 Executing VM operation: HandshakeAllThreads (Deoptimize)
Event: 4.518 Executing VM operation: HandshakeAllThreads (Deoptimize) done
Event: 4.522 Executing VM operation: HandshakeAllThreads (Deoptimize)
Event: 4.522 Executing VM operation: HandshakeAllThreads (Deoptimize) done
Event: 4.529 Executing VM operation: HandshakeAllThreads (Deoptimize)
Event: 4.529 Executing VM operation: HandshakeAllThreads (Deoptimize) done
Event: 4.587 Executing VM operation: HandshakeAllThreads (Deoptimize)
Event: 4.587 Executing VM operation: HandshakeAllThreads (Deoptimize) done
Event: 4.705 Executing VM operation: HandshakeAllThreads (Deoptimize)
Event: 4.705 Executing VM operation: HandshakeAllThreads (Deoptimize) done
Event: 4.707 Executing VM operation: ICBufferFull
Event: 4.707 Executing VM operation: ICBufferFull done
Event: 4.733 Executing VM operation: G1CollectForAllocation (G1 Evacuation Pause)

Events (20 events):
Event: 3.743 Thread 0x000002b21a157fc0 flushing nmethod 0x000002b20d68e990
Event: 3.743 Thread 0x000002b21a157fc0 flushing nmethod 0x000002b20d68e190
Event: 3.743 Thread 0x000002b21a157fc0 flushing nmethod 0x000002b20d68d610
Event: 3.743 Thread 0x000002b21a157fc0 flushing nmethod 0x000002b20d67d110
Event: 3.743 Thread 0x000002b21a157fc0 flushing nmethod 0x000002b20d6a7790
Event: 3.743 Thread 0x000002b21a157fc0 flushing nmethod 0x000002b20d67b810
Event: 3.743 Thread 0x000002b21a157fc0 flushing nmethod 0x000002b20d6a6a10
Event: 3.743 Thread 0x000002b21a157fc0 flushing nmethod 0x000002b20d6b6290
Event: 3.743 Thread 0x000002b21a157fc0 flushing nmethod 0x000002b20d699b10
Event: 3.743 Thread 0x000002b21a157fc0 flushing nmethod 0x000002b20d698e10
Event: 3.743 Thread 0x000002b21a157fc0 flushing nmethod 0x000002b20d6af990
Event: 3.743 Thread 0x000002b21a157fc0 flushing nmethod 0x000002b20d69e790
Event: 3.743 Thread 0x000002b21a157fc0 flushing nmethod 0x000002b20d697410
Event: 3.743 Thread 0x000002b21a157fc0 flushing nmethod 0x000002b20d68aa90
Event: 3.743 Thread 0x000002b21a157fc0 flushing nmethod 0x000002b20d677e90
Event: 3.743 Thread 0x000002b21a157fc0 flushing nmethod 0x000002b20d677b90
Event: 3.746 Thread 0x000002b220ac96d0 Thread added: 0x000002b220ac96d0
Event: 3.780 Thread 0x000002b220acd870 Thread added: 0x000002b220acd870
Event: 3.913 Thread 0x000002b220acd1e0 Thread added: 0x000002b220acd1e0
Event: 4.055 Thread 0x000002b220ac9040 Thread added: 0x000002b220ac9040


Dynamic libraries:
0x00007ff74c030000 - 0x00007ff74c03a000 	C:\Program Files\Android\Android Studio\jbr\bin\java.exe
0x00007ffb38af0000 - 0x00007ffb38d07000 	C:\WINDOWS\SYSTEM32\ntdll.dll
0x00007ffb37710000 - 0x00007ffb377d4000 	C:\WINDOWS\System32\KERNEL32.DLL
0x00007ffb35c60000 - 0x00007ffb36031000 	C:\WINDOWS\System32\KERNELBASE.dll
0x00007ffb36670000 - 0x00007ffb36781000 	C:\WINDOWS\System32\ucrtbase.dll
0x00007ffb27a70000 - 0x00007ffb27a8b000 	C:\Program Files\Android\Android Studio\jbr\bin\VCRUNTIME140.dll
0x00007ffb28440000 - 0x00007ffb28458000 	C:\Program Files\Android\Android Studio\jbr\bin\jli.dll
0x00007ffb369d0000 - 0x00007ffb36b81000 	C:\WINDOWS\System32\USER32.dll
0x00007ffb1aba0000 - 0x00007ffb1ae32000 	C:\WINDOWS\WinSxS\amd64_microsoft.windows.common-controls_6595b64144ccf1df_6.0.22621.4830_none_270fe7d773858e80\COMCTL32.dll
0x00007ffb36790000 - 0x00007ffb367b6000 	C:\WINDOWS\System32\win32u.dll
0x00007ffb38180000 - 0x00007ffb38227000 	C:\WINDOWS\System32\msvcrt.dll
0x00007ffb367c0000 - 0x00007ffb367e9000 	C:\WINDOWS\System32\GDI32.dll
0x00007ffb362d0000 - 0x00007ffb363eb000 	C:\WINDOWS\System32\gdi32full.dll
0x00007ffb36040000 - 0x00007ffb360da000 	C:\WINDOWS\System32\msvcp_win.dll
0x00007ffb38140000 - 0x00007ffb38171000 	C:\WINDOWS\System32\IMM32.DLL
0x00007ffb2b5b0000 - 0x00007ffb2b5bc000 	C:\Program Files\Android\Android Studio\jbr\bin\vcruntime140_1.dll
0x00007ffafb630000 - 0x00007ffafb6bd000 	C:\Program Files\Android\Android Studio\jbr\bin\msvcp140.dll
0x00007ffac46a0000 - 0x00007ffac531d000 	C:\Program Files\Android\Android Studio\jbr\bin\server\jvm.dll
0x00007ffb36b90000 - 0x00007ffb36c41000 	C:\WINDOWS\System32\ADVAPI32.dll
0x00007ffb38290000 - 0x00007ffb38337000 	C:\WINDOWS\System32\sechost.dll
0x00007ffb35c30000 - 0x00007ffb35c58000 	C:\WINDOWS\System32\bcrypt.dll
0x00007ffb368b0000 - 0x00007ffb369c4000 	C:\WINDOWS\System32\RPCRT4.dll
0x00007ffb38340000 - 0x00007ffb383b1000 	C:\WINDOWS\System32\WS2_32.dll
0x00007ffb34ae0000 - 0x00007ffb34b2d000 	C:\WINDOWS\SYSTEM32\POWRPROF.dll
0x00007ffb2d7c0000 - 0x00007ffb2d7f4000 	C:\WINDOWS\SYSTEM32\WINMM.dll
0x00007ffb2d4e0000 - 0x00007ffb2d4ea000 	C:\WINDOWS\SYSTEM32\VERSION.dll
0x00007ffb34ac0000 - 0x00007ffb34ad3000 	C:\WINDOWS\SYSTEM32\UMPDC.dll
0x00007ffb34d70000 - 0x00007ffb34d88000 	C:\WINDOWS\SYSTEM32\kernel.appcore.dll
0x00007ffb2b5a0000 - 0x00007ffb2b5aa000 	C:\Program Files\Android\Android Studio\jbr\bin\jimage.dll
0x00007ffb33510000 - 0x00007ffb33742000 	C:\WINDOWS\SYSTEM32\DBGHELP.DLL
0x00007ffb38720000 - 0x00007ffb38ab0000 	C:\WINDOWS\System32\combase.dll
0x00007ffb38060000 - 0x00007ffb38137000 	C:\WINDOWS\System32\OLEAUT32.dll
0x00007ffb1f3e0000 - 0x00007ffb1f412000 	C:\WINDOWS\SYSTEM32\dbgcore.DLL
0x00007ffb360e0000 - 0x00007ffb3615b000 	C:\WINDOWS\System32\bcryptPrimitives.dll
0x00007ffb26d20000 - 0x00007ffb26d2e000 	C:\Program Files\Android\Android Studio\jbr\bin\instrument.dll
0x00007ffb1f510000 - 0x00007ffb1f52f000 	C:\Program Files\Android\Android Studio\jbr\bin\java.dll
0x00007ffb1e990000 - 0x00007ffb1e9a8000 	C:\Program Files\Android\Android Studio\jbr\bin\zip.dll
0x00007ffb36c50000 - 0x00007ffb374d8000 	C:\WINDOWS\System32\SHELL32.dll
0x00007ffb36470000 - 0x00007ffb365af000 	C:\WINDOWS\System32\wintypes.dll
0x00007ffb33ae0000 - 0x00007ffb343ed000 	C:\WINDOWS\SYSTEM32\windows.storage.dll
0x00007ffb38610000 - 0x00007ffb3871a000 	C:\WINDOWS\System32\SHCORE.dll
0x00007ffb38230000 - 0x00007ffb3828e000 	C:\WINDOWS\System32\shlwapi.dll
0x00007ffb35b60000 - 0x00007ffb35b8b000 	C:\WINDOWS\SYSTEM32\profapi.dll
0x00007ffb2b0d0000 - 0x00007ffb2b0e0000 	C:\Program Files\Android\Android Studio\jbr\bin\net.dll
0x00007ffb2eaa0000 - 0x00007ffb2ebcc000 	C:\WINDOWS\SYSTEM32\WINHTTP.dll
0x00007ffb351e0000 - 0x00007ffb3524a000 	C:\WINDOWS\system32\mswsock.dll
0x00007ffb1e970000 - 0x00007ffb1e986000 	C:\Program Files\Android\Android Studio\jbr\bin\nio.dll
0x00007ffb1c3a0000 - 0x00007ffb1c3b0000 	C:\Program Files\Android\Android Studio\jbr\bin\verify.dll
0x00007ffb26e10000 - 0x00007ffb26e37000 	C:\Users\DELL\.gradle\native\c067742578af261105cb4f569cf0c3c89f3d7b1fecec35dd04571415982c5e48\windows-amd64\native-platform.dll
0x00007ffad3da0000 - 0x00007ffad3ee4000 	C:\Users\DELL\.gradle\native\100fb08df4bc3b14c8652ba06237920a3bd2aa13389f12d3474272988ae205f9\windows-amd64\native-platform-file-events.dll
0x00007ffb1e950000 - 0x00007ffb1e959000 	C:\Program Files\Android\Android Studio\jbr\bin\management.dll
0x00007ffb1e940000 - 0x00007ffb1e94b000 	C:\Program Files\Android\Android Studio\jbr\bin\management_ext.dll
0x00007ffb367f0000 - 0x00007ffb367f8000 	C:\WINDOWS\System32\PSAPI.DLL
0x00007ffb35440000 - 0x00007ffb3545b000 	C:\WINDOWS\SYSTEM32\CRYPTSP.dll
0x00007ffb34cd0000 - 0x00007ffb34d07000 	C:\WINDOWS\system32\rsaenh.dll
0x00007ffb352d0000 - 0x00007ffb352f8000 	C:\WINDOWS\SYSTEM32\USERENV.dll
0x00007ffb35430000 - 0x00007ffb3543c000 	C:\WINDOWS\SYSTEM32\CRYPTBASE.dll
0x00007ffb34780000 - 0x00007ffb347ad000 	C:\WINDOWS\SYSTEM32\IPHLPAPI.DLL
0x00007ffb37500000 - 0x00007ffb37509000 	C:\WINDOWS\System32\NSI.dll
0x00007ffb1e960000 - 0x00007ffb1e969000 	C:\Program Files\Android\Android Studio\jbr\bin\extnet.dll
0x00007ffac0680000 - 0x00007ffac0688000 	C:\WINDOWS\system32\wshunix.dll

dbghelp: loaded successfully - version: 4.0.5 - missing functions: none
symbol engine: initialized successfully - sym options: 0x614 - pdb path: .;C:\Program Files\Android\Android Studio\jbr\bin;C:\WINDOWS\SYSTEM32;C:\WINDOWS\WinSxS\amd64_microsoft.windows.common-controls_6595b64144ccf1df_6.0.22621.4830_none_270fe7d773858e80;C:\Program Files\Android\Android Studio\jbr\bin\server;C:\Users\DELL\.gradle\native\c067742578af261105cb4f569cf0c3c89f3d7b1fecec35dd04571415982c5e48\windows-amd64;C:\Users\DELL\.gradle\native\100fb08df4bc3b14c8652ba06237920a3bd2aa13389f12d3474272988ae205f9\windows-amd64

VM Arguments:
jvm_args: --add-opens=java.base/java.util=ALL-UNNAMED --add-opens=java.base/java.lang=ALL-UNNAMED --add-opens=java.base/java.lang.invoke=ALL-UNNAMED --add-opens=java.prefs/java.util.prefs=ALL-UNNAMED --add-exports=jdk.compiler/com.sun.tools.javac.api=ALL-UNNAMED --add-exports=jdk.compiler/com.sun.tools.javac.util=ALL-UNNAMED --add-opens=java.base/java.nio.charset=ALL-UNNAMED --add-opens=java.base/java.net=ALL-UNNAMED --add-opens=java.base/java.util.concurrent.atomic=ALL-UNNAMED -Xmx2048m -Dfile.encoding=UTF-8 -Duser.country=GB -Duser.language=en -Duser.variant -javaagent:C:\Users\DELL\.gradle\wrapper\dists\gradle-8.9-bin\90cnw93cvbtalezasaz0blq0a\gradle-8.9\lib\agents\gradle-instrumentation-agent-8.9.jar 
java_command: org.gradle.launcher.daemon.bootstrap.GradleDaemon 8.9
java_class_path (initial): C:\Users\DELL\.gradle\wrapper\dists\gradle-8.9-bin\90cnw93cvbtalezasaz0blq0a\gradle-8.9\lib\gradle-daemon-main-8.9.jar
Launcher Type: SUN_STANDARD

[Global flags]
     intx CICompilerCount                          = 4                                         {product} {ergonomic}
     uint ConcGCThreads                            = 2                                         {product} {ergonomic}
     uint G1ConcRefinementThreads                  = 8                                         {product} {ergonomic}
   size_t G1HeapRegionSize                         = 1048576                                   {product} {ergonomic}
    uintx GCDrainStackTargetSize                   = 64                                        {product} {ergonomic}
   size_t InitialHeapSize                          = 130023424                                 {product} {ergonomic}
   size_t MarkStackSize                            = 4194304                                   {product} {ergonomic}
   size_t MaxHeapSize                              = 2147483648                                {product} {command line}
   size_t MaxNewSize                               = 1287651328                                {product} {ergonomic}
   size_t MinHeapDeltaBytes                        = 1048576                                   {product} {ergonomic}
   size_t MinHeapSize                              = 8388608                                   {product} {ergonomic}
    uintx NonNMethodCodeHeapSize                   = 5839372                                {pd product} {ergonomic}
    uintx NonProfiledCodeHeapSize                  = 122909434                              {pd product} {ergonomic}
    uintx ProfiledCodeHeapSize                     = 122909434                              {pd product} {ergonomic}
    uintx ReservedCodeCacheSize                    = 251658240                              {pd product} {ergonomic}
     bool SegmentedCodeCache                       = true                                      {product} {ergonomic}
   size_t SoftMaxHeapSize                          = 2147483648                             {manageable} {ergonomic}
     bool UseCompressedOops                        = true                           {product lp64_product} {ergonomic}
     bool UseG1GC                                  = true                                      {product} {ergonomic}
     bool UseLargePagesIndividualAllocation        = false                                  {pd product} {ergonomic}

Logging:
Log output configuration:
 #0: stdout all=warning uptime,level,tags foldmultilines=false
 #1: stderr all=off uptime,level,tags foldmultilines=false

Environment Variables:
PATH=C:\Program Files\Microsoft MPI\Bin\;C:\Program Files\Python39\Scripts\;C:\Program Files\Python39\;C:\Windows\system32;C:\Windows;C:\Windows\System32\Wbem;C:\Windows\System32\WindowsPowerShell\v1.0\;C:\Windows\System32\OpenSSH\;C:\Program Files\NVIDIA Corporation\NVIDIA NvDLISR;C:\Program Files\dotnet\;C:\WINDOWS\system32;C:\WINDOWS;C:\WINDOWS\System32\Wbem;C:\WINDOWS\System32\WindowsPowerShell\v1.0\;C:\WINDOWS\System32\OpenSSH\;C:\Program Files\Git\cmd;C:\Program Files (x86)\Microsoft SQL Server\130\Tools\Binn\;C:\Program Files\Microsoft SQL Server\130\Tools\Binn\;C:\Program Files (x86)\Microsoft SQL Server\130\DTS\Binn\;C:\Program Files\Microsoft SQL Server\130\DTS\Binn\;C:\Program Files\Microsoft SQL Server\Client SDK\ODBC\130\Tools\Binn\;C:\Program Files (x86)\Microsoft SQL Server\160\DTS\Binn\;C:\Program Files\Azure Data Studio\bin;C:\Program Files\Microsoft SQL Server\Client SDK\ODBC\170\Tools\Binn\;C:\Program Files (x86)\Microsoft SQL Server\150\Tools\Binn\;C:\Program Files\Microsoft SQL Server\150\Tools\Binn\;C:\Program Files\Microsoft SQL Server\150\DTS\Binn\;C:\Program Files (x86)\Microsoft SQL Server\160\Tools\Binn\;C:\Program Files\Microsoft SQL Server\160\Tools\Binn\;C:\Program Files\Microsoft SQL Server\160\DTS\Binn\;C:\Program Files\nodejs\;C:\Users\DELL\AppData\Local\Microsoft\WindowsApps;C:\Program Files\Microsoft VS Code\bin;C:\Users\DELL\.dotnet\tools;C:\Program Files\Azure Data Studio\bin;C:\Users\DELL\AppData\Local\GitHubDesktop\bin;C:\Program Files\JetBrains\PyCharm Community Edition 2024.3.1.1\bin;;C:\Users\DELL\AppData\Roaming\npm;C:\flutter\bin;
USERNAME=DELL
OS=Windows_NT
PROCESSOR_IDENTIFIER=Intel64 Family 6 Model 140 Stepping 1, GenuineIntel
TMP=C:\Users\DELL\AppData\Local\Temp
TEMP=C:\Users\DELL\AppData\Local\Temp




Periodic native trim disabled

JNI global refs:
JNI global refs: 24, weak refs: 0

JNI global refs memory usage: 835, weak refs: 833

Process memory usage:
Resident Set Size: 243776K (3% of 8104744K total physical memory with 648828K free physical memory)

OOME stack traces (most recent first):
Classloader memory used:
Loader bootstrap                                                                       : 20740K
Loader org.gradle.internal.classloader.VisitableURLClassLoader                         : 20115K
Loader org.gradle.initialization.MixInLegacyTypesClassLoader                           : 4207K
Loader jdk.internal.loader.ClassLoaders$PlatformClassLoader                            : 514K
Loader jdk.internal.loader.ClassLoaders$AppClassLoader                                 : 230K

Classes loaded by more than one classloader:
Class org.gradle.internal.classloader.FilteringClassLoader                            : loaded 2 times (x 102B)
Class org.gradle.internal.classloader.ClassLoaderHierarchy                            : loaded 2 times (x 67B)
Class org.gradle.api.internal.classpath.ManifestUtil                                  : loaded 2 times (x 68B)
Class org.gradle.internal.classloader.DefaultClassLoaderFactory                       : loaded 2 times (x 79B)
Class org.gradle.internal.classloader.ClassLoaderVisitor                              : loaded 2 times (x 73B)
Class org.gradle.api.internal.classpath.EffectiveClassPath                            : loaded 2 times (x 87B)
Class org.gradle.api.internal.DefaultClassPathProvider                                : loaded 2 times (x 73B)
Class [Lorg.gradle.api.internal.ClassPathProvider;                                    : loaded 2 times (x 66B)
Class org.gradle.api.internal.ClassPathProvider                                       : loaded 2 times (x 67B)
Class org.gradle.internal.service.UnknownServiceException                             : loaded 2 times (x 80B)
Class org.gradle.internal.classpath.TransformedClassPath                              : loaded 2 times (x 93B)
Class org.gradle.internal.service.ServiceLocator                                      : loaded 2 times (x 67B)
Class org.gradle.internal.InternalTransformer                                         : loaded 2 times (x 67B)
Class org.gradle.internal.classloader.ClasspathUtil$1                                 : loaded 2 times (x 73B)
Class org.gradle.api.internal.classpath.DefaultModuleRegistry$DefaultModule           : loaded 2 times (x 83B)
Class org.gradle.api.internal.classpath.Module                                        : loaded 2 times (x 67B)
Class org.gradle.api.internal.classpath.UnknownModuleException                        : loaded 2 times (x 79B)
Class org.gradle.api.internal.DefaultClassPathRegistry                                : loaded 2 times (x 73B)
Class org.gradle.api.internal.ClassPathRegistry                                       : loaded 2 times (x 67B)
Class org.gradle.internal.classpath.DefaultClassPath$ImmutableUniqueList              : loaded 2 times (x 196B)
Class org.gradle.internal.classpath.ClassPath                                         : loaded 2 times (x 67B)
Class org.gradle.api.UncheckedIOException                                             : loaded 2 times (x 79B)
Class org.gradle.internal.installation.GradleInstallation$1                           : loaded 2 times (x 72B)
Class org.gradle.api.internal.classpath.ModuleRegistry                                : loaded 2 times (x 67B)
Class org.gradle.api.internal.classpath.DefaultModuleRegistry                         : loaded 2 times (x 80B)
Class org.gradle.internal.service.ServiceLookupException                              : loaded 2 times (x 79B)
Class org.gradle.internal.classloader.ClassLoaderFactory                              : loaded 2 times (x 67B)
Class org.gradle.internal.service.CachingServiceLocator                               : loaded 2 times (x 79B)
Class org.gradle.internal.classloader.ClasspathUtil                                   : loaded 2 times (x 68B)
Class org.gradle.api.specs.Spec                                                       : loaded 2 times (x 67B)
Class org.gradle.internal.classloader.VisitableURLClassLoader$InstrumentingVisitableURLClassLoader: loaded 2 times (x 120B)
Class org.gradle.internal.classloader.VisitableURLClassLoader$Spec                    : loaded 2 times (x 71B)
Class org.gradle.internal.classpath.DefaultClassPath                                  : loaded 2 times (x 87B)
Class org.gradle.internal.classloader.ClassLoaderSpec                                 : loaded 2 times (x 68B)
Class org.gradle.internal.classloader.VisitableURLClassLoader                         : loaded 2 times (x 114B)
Class org.gradle.internal.Cast                                                        : loaded 2 times (x 68B)
Class org.gradle.api.Action                                                           : loaded 2 times (x 67B)
Class org.gradle.internal.agents.InstrumentingClassLoader                             : loaded 2 times (x 67B)
Class org.gradle.internal.classpath.DefaultClassPath$ImmutableUniqueList$Builder      : loaded 2 times (x 72B)
Class org.gradle.api.GradleException                                                  : loaded 2 times (x 79B)
Class org.gradle.internal.IoActions                                                   : loaded 2 times (x 68B)
Class org.gradle.internal.classloader.SystemClassLoaderSpec                           : loaded 2 times (x 68B)
Class org.gradle.internal.installation.CurrentGradleInstallationLocator               : loaded 2 times (x 68B)
Class org.gradle.internal.service.DefaultServiceLocator                               : loaded 2 times (x 80B)
Class org.gradle.internal.installation.CurrentGradleInstallation                      : loaded 2 times (x 70B)
Class org.gradle.util.internal.GUtil                                                  : loaded 2 times (x 68B)
Class org.gradle.internal.installation.GradleInstallation                             : loaded 2 times (x 72B)

---------------  S Y S T E M  ---------------

OS:
 Windows 11 , 64 bit Build 22621 (10.0.22621.4974)
OS uptime: 0 days 12:23 hours

CPU: total 8 (initial active 8) (4 cores per cpu, 2 threads per core) family 6 model 140 stepping 1 microcode 0xba, cx8, cmov, fxsr, ht, mmx, 3dnowpref, sse, sse2, sse3, ssse3, sse4.1, sse4.2, popcnt, lzcnt, tsc, tscinvbit, avx, avx2, aes, erms, clmul, bmi1, bmi2, adx, avx512f, avx512dq, avx512cd, avx512bw, avx512vl, sha, fma, vzeroupper, avx512_vpopcntdq, avx512_vpclmulqdq, avx512_vaes, avx512_vnni, clflush, clflushopt, clwb, avx512_vbmi2, avx512_vbmi, rdtscp, rdpid, fsrm, gfni, avx512_bitalg, f16c, pku, cet_ibt, cet_ss, avx512_ifma
Processor Information for all 8 processors :
  Max Mhz: 2419, Current Mhz: 2419, Mhz Limit: 2419

Memory: 4k page, system-wide physical 7914M (633M free)
TotalPageFile size 15140M (AvailPageFile size 13M)
current process WorkingSet (physical memory assigned to process): 238M, peak: 238M
current process commit charge ("private bytes"): 277M, peak: 293M

vm_info: OpenJDK 64-Bit Server VM (21.0.3+-12282718-b509.11) for windows-amd64 JRE (21.0.3+-12282718-b509.11), built on 2024-08-27T17:34:15Z by "builder" with MS VC++ 16.10 / 16.11 (VS2019)

END.
