#
# There is insufficient memory for the Java Runtime Environment to continue.
# Native memory allocation (malloc) failed to allocate 1010960 bytes. Error detail: Chunk::new
# Possible reasons:
#   The system is out of physical RAM or swap space
#   This process is running with CompressedOops enabled, and the Java Heap may be blocking the growth of the native heap
# Possible solutions:
#   Reduce memory load on the system
#   Increase physical memory or swap space
#   Check if swap backing store is full
#   Decrease Java heap size (-Xmx/-Xms)
#   Decrease number of Java threads
#   Decrease Java thread stack sizes (-Xss)
#   Set larger code cache with -XX:ReservedCodeCacheSize=
#   JVM is running with Unscaled Compressed Oops mode in which the Java heap is
#     placed in the first 4GB address space. The Java Heap base address is the
#     maximum limit for the native heap growth. Please use -XX:HeapBaseMinAddress
#     to set the Java Heap base and to place the Java Heap above 4GB virtual address.
# This output file may be truncated or incomplete.
#
#  Out of Memory Error (arena.cpp:168), pid=1744, tid=7160
#
# JRE version: OpenJDK Runtime Environment (21.0.3) (build 21.0.3+-12282718-b509.11)
# Java VM: OpenJDK 64-Bit Server VM (21.0.3+-12282718-b509.11, mixed mode, tiered, compressed oops, compressed class ptrs, g1 gc, windows-amd64)
# No core dump will be written. Minidumps are not enabled by default on client versions of Windows
#

---------------  S U M M A R Y ------------

Command Line: --add-opens=java.base/java.util=ALL-UNNAMED --add-opens=java.base/java.lang=ALL-UNNAMED --add-opens=java.base/java.lang.invoke=ALL-UNNAMED --add-opens=java.prefs/java.util.prefs=ALL-UNNAMED --add-exports=jdk.compiler/com.sun.tools.javac.api=ALL-UNNAMED --add-exports=jdk.compiler/com.sun.tools.javac.util=ALL-UNNAMED --add-opens=java.base/java.nio.charset=ALL-UNNAMED --add-opens=java.base/java.net=ALL-UNNAMED --add-opens=java.base/java.util.concurrent.atomic=ALL-UNNAMED -Xmx2048m -Dfile.encoding=UTF-8 -Duser.country=GB -Duser.language=en -Duser.variant -javaagent:C:\Users\DELL\.gradle\wrapper\dists\gradle-8.9-bin\90cnw93cvbtalezasaz0blq0a\gradle-8.9\lib\agents\gradle-instrumentation-agent-8.9.jar org.gradle.launcher.daemon.bootstrap.GradleDaemon 8.9

Host: 11th Gen Intel(R) Core(TM) i5-1135G7 @ 2.40GHz, 8 cores, 7G,  Windows 11 , 64 bit Build 22621 (10.0.22621.4974)
Time: Sun Mar 30 12:25:06 2025 SE Asia Standard Time elapsed time: 4.912945 seconds (0d 0h 0m 4s)

---------------  T H R E A D  ---------------

Current thread (0x0000017bea2fa0a0):  JavaThread "C2 CompilerThread1" daemon [_thread_in_native, id=7160, stack(0x00000039e9f00000,0x00000039ea000000) (1024K)]


Current CompileTask:
C2:   4913 4152       4       java.util.regex.Pattern::compile (537 bytes)

Stack: [0x00000039e9f00000,0x00000039ea000000]
Native frames: (J=compiled Java code, j=interpreted, Vv=VM code, C=native code)
V  [jvm.dll+0x6cafb9]
V  [jvm.dll+0x858523]
V  [jvm.dll+0x85aa7e]
V  [jvm.dll+0x85b163]
V  [jvm.dll+0x27d356]
V  [jvm.dll+0xbf93d]
V  [jvm.dll+0xbfe73]
V  [jvm.dll+0x3b1ceb]
V  [jvm.dll+0x37e787]
V  [jvm.dll+0x37dbfa]
V  [jvm.dll+0x246b02]
V  [jvm.dll+0x2460d1]
V  [jvm.dll+0x1c5804]
V  [jvm.dll+0x25575c]
V  [jvm.dll+0x253c36]
V  [jvm.dll+0x3ec996]
V  [jvm.dll+0x800d78]
V  [jvm.dll+0x6c98cd]
C  [ucrtbase.dll+0x29333]
C  [KERNEL32.DLL+0x1259d]
C  [ntdll.dll+0x5af38]


---------------  P R O C E S S  ---------------

Threads class SMR info:
_java_thread_list=0x0000017bec3c5ed0, length=33, elements={
0x0000017bcd4ead00, 0x0000017be9073870, 0x0000017be9052f70, 0x0000017be9074f20,
0x0000017be9061500, 0x0000017be9059f00, 0x0000017be905b100, 0x0000017be907efd0,
0x0000017be9080d00, 0x0000017be91e01d0, 0x0000017be941e500, 0x0000017bea2fa0a0,
0x0000017beac93790, 0x0000017beadc0000, 0x0000017beb0e17b0, 0x0000017beb13dac0,
0x0000017beae46450, 0x0000017beb0c5790, 0x0000017beaf7d210, 0x0000017beacf4e10,
0x0000017beacf6850, 0x0000017beacf61c0, 0x0000017beacf6ee0, 0x0000017beacf54a0,
0x0000017beacf5b30, 0x0000017beacf7c00, 0x0000017beacf8290, 0x0000017bec4c46f0,
0x0000017bec4bfec0, 0x0000017bec4c0550, 0x0000017bec4c1f90, 0x0000017bec4be480,
0x0000017bec4beb10
}

Java Threads: ( => current thread )
  0x0000017bcd4ead00 JavaThread "main"                              [_thread_blocked, id=13584, stack(0x00000039e8d00000,0x00000039e8e00000) (1024K)]
  0x0000017be9073870 JavaThread "Reference Handler"          daemon [_thread_blocked, id=11568, stack(0x00000039e9500000,0x00000039e9600000) (1024K)]
  0x0000017be9052f70 JavaThread "Finalizer"                  daemon [_thread_blocked, id=7220, stack(0x00000039e9600000,0x00000039e9700000) (1024K)]
  0x0000017be9074f20 JavaThread "Signal Dispatcher"          daemon [_thread_blocked, id=16280, stack(0x00000039e9700000,0x00000039e9800000) (1024K)]
  0x0000017be9061500 JavaThread "Attach Listener"            daemon [_thread_blocked, id=11696, stack(0x00000039e9800000,0x00000039e9900000) (1024K)]
  0x0000017be9059f00 JavaThread "Service Thread"             daemon [_thread_blocked, id=15012, stack(0x00000039e9900000,0x00000039e9a00000) (1024K)]
  0x0000017be905b100 JavaThread "Monitor Deflation Thread"   daemon [_thread_blocked, id=12256, stack(0x00000039e9a00000,0x00000039e9b00000) (1024K)]
  0x0000017be907efd0 JavaThread "C2 CompilerThread0"         daemon [_thread_in_native, id=18688, stack(0x00000039e9b00000,0x00000039e9c00000) (1024K)]
  0x0000017be9080d00 JavaThread "C1 CompilerThread0"         daemon [_thread_blocked, id=3536, stack(0x00000039e9c00000,0x00000039e9d00000) (1024K)]
  0x0000017be91e01d0 JavaThread "Common-Cleaner"             daemon [_thread_blocked, id=7624, stack(0x00000039e9d00000,0x00000039e9e00000) (1024K)]
  0x0000017be941e500 JavaThread "Notification Thread"        daemon [_thread_blocked, id=7468, stack(0x00000039e9e00000,0x00000039e9f00000) (1024K)]
=>0x0000017bea2fa0a0 JavaThread "C2 CompilerThread1"         daemon [_thread_in_native, id=7160, stack(0x00000039e9f00000,0x00000039ea000000) (1024K)]
  0x0000017beac93790 JavaThread "Daemon health stats"               [_thread_blocked, id=10128, stack(0x00000039ea400000,0x00000039ea500000) (1024K)]
  0x0000017beadc0000 JavaThread "Incoming local TCP Connector on port 51775"        [_thread_in_native, id=18128, stack(0x00000039ea500000,0x00000039ea600000) (1024K)]
  0x0000017beb0e17b0 JavaThread "Daemon periodic checks"            [_thread_blocked, id=12452, stack(0x00000039ea600000,0x00000039ea700000) (1024K)]
  0x0000017beb13dac0 JavaThread "Daemon"                            [_thread_blocked, id=3968, stack(0x00000039ea700000,0x00000039ea800000) (1024K)]
  0x0000017beae46450 JavaThread "Handler for socket connection from /127.0.0.1:51775 to /127.0.0.1:51776"        [_thread_in_native, id=3380, stack(0x00000039ea800000,0x00000039ea900000) (1024K)]
  0x0000017beb0c5790 JavaThread "Cancel handler"                    [_thread_blocked, id=2548, stack(0x00000039ea900000,0x00000039eaa00000) (1024K)]
  0x0000017beaf7d210 JavaThread "Daemon worker"                     [_thread_in_Java, id=11392, stack(0x00000039eaa00000,0x00000039eab00000) (1024K)]
  0x0000017beacf4e10 JavaThread "Asynchronous log dispatcher for DefaultDaemonConnection: socket connection from /127.0.0.1:51775 to /127.0.0.1:51776"        [_thread_blocked, id=15880, stack(0x00000039eab00000,0x00000039eac00000) (1024K)]
  0x0000017beacf6850 JavaThread "Stdin handler"                     [_thread_blocked, id=588, stack(0x00000039eac00000,0x00000039ead00000) (1024K)]
  0x0000017beacf61c0 JavaThread "Daemon client event forwarder"        [_thread_blocked, id=9352, stack(0x00000039ead00000,0x00000039eae00000) (1024K)]
  0x0000017beacf6ee0 JavaThread "Cache worker for journal cache (C:\Users\DELL\.gradle\caches\journal-1)"        [_thread_blocked, id=10164, stack(0x00000039eb200000,0x00000039eb300000) (1024K)]
  0x0000017beacf54a0 JavaThread "File lock request listener"        [_thread_in_native, id=17928, stack(0x00000039eb300000,0x00000039eb400000) (1024K)]
  0x0000017beacf5b30 JavaThread "Cache worker for file hash cache (C:\Users\DELL\.gradle\caches\8.9\fileHashes)"        [_thread_blocked, id=1444, stack(0x00000039eb400000,0x00000039eb500000) (1024K)]
  0x0000017beacf7c00 JavaThread "Cache worker for file hash cache (E:\HocTap\social-media-micro-project\frontend\.gradle\8.9\fileHashes)"        [_thread_blocked, id=18288, stack(0x00000039eb500000,0x00000039eb600000) (1024K)]
  0x0000017beacf8290 JavaThread "Cache worker for Build Output Cleanup Cache (E:\HocTap\social-media-micro-project\frontend\.gradle\buildOutputCleanup)"        [_thread_blocked, id=17052, stack(0x00000039eb600000,0x00000039eb700000) (1024K)]
  0x0000017bec4c46f0 JavaThread "File watcher server"        daemon [_thread_in_native, id=20116, stack(0x00000039eb700000,0x00000039eb800000) (1024K)]
  0x0000017bec4bfec0 JavaThread "File watcher consumer"      daemon [_thread_blocked, id=3092, stack(0x00000039eb800000,0x00000039eb900000) (1024K)]
  0x0000017bec4c0550 JavaThread "Cache worker for checksums cache (E:\HocTap\social-media-micro-project\frontend\.gradle\8.9\checksums)"        [_thread_blocked, id=17716, stack(0x00000039eb900000,0x00000039eba00000) (1024K)]
  0x0000017bec4c1f90 JavaThread "Cache worker for file content cache (C:\Users\DELL\.gradle\caches\8.9\fileContent)"        [_thread_blocked, id=7828, stack(0x00000039eba00000,0x00000039ebb00000) (1024K)]
  0x0000017bec4be480 JavaThread "Cache worker for cache directory md-rule (C:\Users\DELL\.gradle\caches\8.9\md-rule)"        [_thread_blocked, id=16204, stack(0x00000039ebb00000,0x00000039ebc00000) (1024K)]
  0x0000017bec4beb10 JavaThread "Cache worker for cache directory md-supplier (C:\Users\DELL\.gradle\caches\8.9\md-supplier)"        [_thread_blocked, id=4500, stack(0x00000039ebc00000,0x00000039ebd00000) (1024K)]
Total: 33

Other Threads:
  0x0000017be4bce810 VMThread "VM Thread"                           [id=17284, stack(0x00000039e9400000,0x00000039e9500000) (1024K)]
  0x0000017be4b67f90 WatcherThread "VM Periodic Task Thread"        [id=14988, stack(0x00000039e9300000,0x00000039e9400000) (1024K)]
  0x0000017bcd544440 WorkerThread "GC Thread#0"                     [id=1548, stack(0x00000039e8e00000,0x00000039e8f00000) (1024K)]
  0x0000017be9f0ab70 WorkerThread "GC Thread#1"                     [id=15812, stack(0x00000039ea000000,0x00000039ea100000) (1024K)]
  0x0000017be9892cf0 WorkerThread "GC Thread#2"                     [id=10708, stack(0x00000039ea100000,0x00000039ea200000) (1024K)]
  0x0000017be9505ed0 WorkerThread "GC Thread#3"                     [id=17320, stack(0x00000039ea200000,0x00000039ea300000) (1024K)]
  0x0000017bea01acf0 WorkerThread "GC Thread#4"                     [id=2304, stack(0x00000039ea300000,0x00000039ea400000) (1024K)]
  0x0000017beb325980 WorkerThread "GC Thread#5"                     [id=19740, stack(0x00000039eae00000,0x00000039eaf00000) (1024K)]
  0x0000017beb325d20 WorkerThread "GC Thread#6"                     [id=15964, stack(0x00000039eaf00000,0x00000039eb000000) (1024K)]
  0x0000017beb3260c0 WorkerThread "GC Thread#7"                     [id=10924, stack(0x00000039eb000000,0x00000039eb100000) (1024K)]
  0x0000017bcd555590 ConcurrentGCThread "G1 Main Marker"            [id=15804, stack(0x00000039e8f00000,0x00000039e9000000) (1024K)]
  0x0000017bcd558840 WorkerThread "G1 Conc#0"                       [id=8900, stack(0x00000039e9000000,0x00000039e9100000) (1024K)]
  0x0000017beadee9b0 WorkerThread "G1 Conc#1"                       [id=3612, stack(0x00000039eb100000,0x00000039eb200000) (1024K)]
  0x0000017bcd5aeba0 ConcurrentGCThread "G1 Refine#0"               [id=19836, stack(0x00000039e9100000,0x00000039e9200000) (1024K)]
  0x0000017be4a3c870 ConcurrentGCThread "G1 Service"                [id=18964, stack(0x00000039e9200000,0x00000039e9300000) (1024K)]
Total: 15

Threads with active compile tasks:
C2 CompilerThread0     4932 4151       4       jdk.internal.jimage.ImageLocation::getFullName (109 bytes)
C2 CompilerThread1     4932 4152       4       java.util.regex.Pattern::compile (537 bytes)
Total: 2

VM state: not at safepoint (normal execution)

VM Mutex/Monitor currently owned by a thread: None

Heap address: 0x0000000080000000, size: 2048 MB, Compressed Oops mode: 32-bit

CDS archive(s) not mapped
Compressed class space mapped at: 0x0000000100000000-0x0000000140000000, reserved size: 1073741824
Narrow klass base: 0x0000000000000000, Narrow klass shift: 3, Narrow klass range: 0x140000000

GC Precious Log:
 CardTable entry size: 512
 Card Set container configuration: InlinePtr #cards 5 size 8 Array Of Cards #cards 12 size 40 Howl #buckets 4 coarsen threshold 1843 Howl Bitmap #cards 512 size 80 coarsen threshold 460 Card regions per heap region 1 cards per card region 2048
 CPUs: 8 total, 8 available
 Memory: 7914M
 Large Page Support: Disabled
 NUMA Support: Disabled
 Compressed Oops: Enabled (32-bit)
 Heap Region Size: 1M
 Heap Min Capacity: 8M
 Heap Initial Capacity: 124M
 Heap Max Capacity: 2G
 Pre-touch: Disabled
 Parallel Workers: 8
 Concurrent Workers: 2
 Concurrent Refinement Workers: 8
 Periodic GC: Disabled

Heap:
 garbage-first heap   total 91136K, used 58980K [0x0000000080000000, 0x0000000100000000)
  region size 1024K, 37 young (37888K), 7 survivors (7168K)
 Metaspace       used 45849K, committed 47104K, reserved 1114112K
  class space    used 6160K, committed 6784K, reserved 1048576K

Heap Regions: E=young(eden), S=young(survivor), O=old, HS=humongous(starts), HC=humongous(continues), CS=collection set, F=free, TAMS=top-at-mark-start, PB=parsable bottom
|   0|0x0000000080000000, 0x0000000080100000, 0x0000000080100000|100%|HS|  |TAMS 0x0000000080000000| PB 0x0000000080000000| Complete 
|   1|0x0000000080100000, 0x0000000080200000, 0x0000000080200000|100%|HC|  |TAMS 0x0000000080100000| PB 0x0000000080100000| Complete 
|   2|0x0000000080200000, 0x0000000080300000, 0x0000000080300000|100%|HC|  |TAMS 0x0000000080200000| PB 0x0000000080200000| Complete 
|   3|0x0000000080300000, 0x0000000080400000, 0x0000000080400000|100%|HC|  |TAMS 0x0000000080300000| PB 0x0000000080300000| Complete 
|   4|0x0000000080400000, 0x0000000080500000, 0x0000000080500000|100%| O|  |TAMS 0x0000000080400000| PB 0x0000000080400000| Untracked 
|   5|0x0000000080500000, 0x0000000080600000, 0x0000000080600000|100%| O|  |TAMS 0x0000000080500000| PB 0x0000000080500000| Untracked 
|   6|0x0000000080600000, 0x0000000080700000, 0x0000000080700000|100%| O|  |TAMS 0x0000000080600000| PB 0x0000000080600000| Untracked 
|   7|0x0000000080700000, 0x0000000080800000, 0x0000000080800000|100%| O|  |TAMS 0x0000000080700000| PB 0x0000000080700000| Untracked 
|   8|0x0000000080800000, 0x0000000080900000, 0x0000000080900000|100%| O|  |TAMS 0x0000000080800000| PB 0x0000000080800000| Untracked 
|   9|0x0000000080900000, 0x0000000080a00000, 0x0000000080a00000|100%| O|  |TAMS 0x0000000080900000| PB 0x0000000080900000| Untracked 
|  10|0x0000000080a00000, 0x0000000080abb4e8, 0x0000000080b00000| 73%| O|Cm|TAMS 0x0000000080a00000| PB 0x0000000080a00000| Complete 
|  11|0x0000000080b00000, 0x0000000080c00000, 0x0000000080c00000|100%|HS|  |TAMS 0x0000000080b00000| PB 0x0000000080b00000| Complete 
|  12|0x0000000080c00000, 0x0000000080d00000, 0x0000000080d00000|100%| O|  |TAMS 0x0000000080c00000| PB 0x0000000080c00000| Untracked 
|  13|0x0000000080d00000, 0x0000000080e00000, 0x0000000080e00000|100%| O|  |TAMS 0x0000000080d00000| PB 0x0000000080d00000| Untracked 
|  14|0x0000000080e00000, 0x0000000080f00000, 0x0000000080f00000|100%| O|  |TAMS 0x0000000080e00000| PB 0x0000000080e00000| Untracked 
|  15|0x0000000080f00000, 0x0000000081000000, 0x0000000081000000|100%| O|  |TAMS 0x0000000080f00000| PB 0x0000000080f00000| Untracked 
|  16|0x0000000081000000, 0x0000000081100000, 0x0000000081100000|100%| O|  |TAMS 0x0000000081000000| PB 0x0000000081000000| Untracked 
|  17|0x0000000081100000, 0x0000000081200000, 0x0000000081200000|100%| O|  |TAMS 0x0000000081100000| PB 0x0000000081100000| Untracked 
|  18|0x0000000081200000, 0x0000000081300000, 0x0000000081300000|100%| O|  |TAMS 0x0000000081200000| PB 0x0000000081200000| Untracked 
|  19|0x0000000081300000, 0x0000000081400000, 0x0000000081400000|100%| O|  |TAMS 0x0000000081300000| PB 0x0000000081300000| Untracked 
|  20|0x0000000081400000, 0x0000000081500000, 0x0000000081500000|100%| O|  |TAMS 0x0000000081400000| PB 0x0000000081400000| Untracked 
|  21|0x0000000081500000, 0x0000000081600000, 0x0000000081600000|100%| O|  |TAMS 0x0000000081500000| PB 0x0000000081500000| Untracked 
|  22|0x0000000081600000, 0x00000000816ddb20, 0x0000000081700000| 86%| O|  |TAMS 0x0000000081600000| PB 0x0000000081600000| Untracked 
|  23|0x0000000081700000, 0x0000000081700000, 0x0000000081800000|  0%| F|  |TAMS 0x0000000081700000| PB 0x0000000081700000| Untracked 
|  24|0x0000000081800000, 0x0000000081800000, 0x0000000081900000|  0%| F|  |TAMS 0x0000000081800000| PB 0x0000000081800000| Untracked 
|  25|0x0000000081900000, 0x0000000081900000, 0x0000000081a00000|  0%| F|  |TAMS 0x0000000081900000| PB 0x0000000081900000| Untracked 
|  26|0x0000000081a00000, 0x0000000081a00000, 0x0000000081b00000|  0%| F|  |TAMS 0x0000000081a00000| PB 0x0000000081a00000| Untracked 
|  27|0x0000000081b00000, 0x0000000081b00000, 0x0000000081c00000|  0%| F|  |TAMS 0x0000000081b00000| PB 0x0000000081b00000| Untracked 
|  28|0x0000000081c00000, 0x0000000081c00000, 0x0000000081d00000|  0%| F|  |TAMS 0x0000000081c00000| PB 0x0000000081c00000| Untracked 
|  29|0x0000000081d00000, 0x0000000081d00000, 0x0000000081e00000|  0%| F|  |TAMS 0x0000000081d00000| PB 0x0000000081d00000| Untracked 
|  30|0x0000000081e00000, 0x0000000081e00000, 0x0000000081f00000|  0%| F|  |TAMS 0x0000000081e00000| PB 0x0000000081e00000| Untracked 
|  31|0x0000000081f00000, 0x0000000081f00000, 0x0000000082000000|  0%| F|  |TAMS 0x0000000081f00000| PB 0x0000000081f00000| Untracked 
|  32|0x0000000082000000, 0x0000000082100000, 0x0000000082100000|100%| S|CS|TAMS 0x0000000082000000| PB 0x0000000082000000| Complete 
|  33|0x0000000082100000, 0x0000000082200000, 0x0000000082200000|100%| S|CS|TAMS 0x0000000082100000| PB 0x0000000082100000| Complete 
|  34|0x0000000082200000, 0x0000000082300000, 0x0000000082300000|100%| S|CS|TAMS 0x0000000082200000| PB 0x0000000082200000| Complete 
|  35|0x0000000082300000, 0x0000000082400000, 0x0000000082400000|100%| S|CS|TAMS 0x0000000082300000| PB 0x0000000082300000| Complete 
|  36|0x0000000082400000, 0x0000000082500000, 0x0000000082500000|100%| S|CS|TAMS 0x0000000082400000| PB 0x0000000082400000| Complete 
|  37|0x0000000082500000, 0x0000000082600000, 0x0000000082600000|100%| S|CS|TAMS 0x0000000082500000| PB 0x0000000082500000| Complete 
|  38|0x0000000082600000, 0x0000000082700000, 0x0000000082700000|100%| S|CS|TAMS 0x0000000082600000| PB 0x0000000082600000| Complete 
|  39|0x0000000082700000, 0x0000000082700000, 0x0000000082800000|  0%| F|  |TAMS 0x0000000082700000| PB 0x0000000082700000| Untracked 
|  40|0x0000000082800000, 0x0000000082800000, 0x0000000082900000|  0%| F|  |TAMS 0x0000000082800000| PB 0x0000000082800000| Untracked 
|  41|0x0000000082900000, 0x0000000082900000, 0x0000000082a00000|  0%| F|  |TAMS 0x0000000082900000| PB 0x0000000082900000| Untracked 
|  42|0x0000000082a00000, 0x0000000082a00000, 0x0000000082b00000|  0%| F|  |TAMS 0x0000000082a00000| PB 0x0000000082a00000| Untracked 
|  43|0x0000000082b00000, 0x0000000082b00000, 0x0000000082c00000|  0%| F|  |TAMS 0x0000000082b00000| PB 0x0000000082b00000| Untracked 
|  44|0x0000000082c00000, 0x0000000082c00000, 0x0000000082d00000|  0%| F|  |TAMS 0x0000000082c00000| PB 0x0000000082c00000| Untracked 
|  45|0x0000000082d00000, 0x0000000082d00000, 0x0000000082e00000|  0%| F|  |TAMS 0x0000000082d00000| PB 0x0000000082d00000| Untracked 
|  46|0x0000000082e00000, 0x0000000082e00000, 0x0000000082f00000|  0%| F|  |TAMS 0x0000000082e00000| PB 0x0000000082e00000| Untracked 
|  47|0x0000000082f00000, 0x0000000082f00000, 0x0000000083000000|  0%| F|  |TAMS 0x0000000082f00000| PB 0x0000000082f00000| Untracked 
|  48|0x0000000083000000, 0x0000000083000000, 0x0000000083100000|  0%| F|  |TAMS 0x0000000083000000| PB 0x0000000083000000| Untracked 
|  49|0x0000000083100000, 0x0000000083100000, 0x0000000083200000|  0%| F|  |TAMS 0x0000000083100000| PB 0x0000000083100000| Untracked 
|  50|0x0000000083200000, 0x0000000083200000, 0x0000000083300000|  0%| F|  |TAMS 0x0000000083200000| PB 0x0000000083200000| Untracked 
|  51|0x0000000083300000, 0x0000000083300000, 0x0000000083400000|  0%| F|  |TAMS 0x0000000083300000| PB 0x0000000083300000| Untracked 
|  52|0x0000000083400000, 0x0000000083400000, 0x0000000083500000|  0%| F|  |TAMS 0x0000000083400000| PB 0x0000000083400000| Untracked 
|  53|0x0000000083500000, 0x0000000083500000, 0x0000000083600000|  0%| F|  |TAMS 0x0000000083500000| PB 0x0000000083500000| Untracked 
|  54|0x0000000083600000, 0x0000000083600000, 0x0000000083700000|  0%| F|  |TAMS 0x0000000083600000| PB 0x0000000083600000| Untracked 
|  55|0x0000000083700000, 0x0000000083700000, 0x0000000083800000|  0%| F|  |TAMS 0x0000000083700000| PB 0x0000000083700000| Untracked 
|  56|0x0000000083800000, 0x0000000083800000, 0x0000000083900000|  0%| F|  |TAMS 0x0000000083800000| PB 0x0000000083800000| Untracked 
|  57|0x0000000083900000, 0x0000000083900000, 0x0000000083a00000|  0%| F|  |TAMS 0x0000000083900000| PB 0x0000000083900000| Untracked 
|  58|0x0000000083a00000, 0x0000000083a00000, 0x0000000083b00000|  0%| F|  |TAMS 0x0000000083a00000| PB 0x0000000083a00000| Untracked 
|  59|0x0000000083b00000, 0x0000000083c00000, 0x0000000083c00000|100%| E|  |TAMS 0x0000000083b00000| PB 0x0000000083b00000| Complete 
|  60|0x0000000083c00000, 0x0000000083d00000, 0x0000000083d00000|100%| E|CS|TAMS 0x0000000083c00000| PB 0x0000000083c00000| Complete 
|  61|0x0000000083d00000, 0x0000000083e00000, 0x0000000083e00000|100%| E|CS|TAMS 0x0000000083d00000| PB 0x0000000083d00000| Complete 
|  62|0x0000000083e00000, 0x0000000083f00000, 0x0000000083f00000|100%| E|CS|TAMS 0x0000000083e00000| PB 0x0000000083e00000| Complete 
|  63|0x0000000083f00000, 0x0000000084000000, 0x0000000084000000|100%| E|CS|TAMS 0x0000000083f00000| PB 0x0000000083f00000| Complete 
|  64|0x0000000084000000, 0x0000000084100000, 0x0000000084100000|100%| E|CS|TAMS 0x0000000084000000| PB 0x0000000084000000| Complete 
|  65|0x0000000084100000, 0x0000000084200000, 0x0000000084200000|100%| E|CS|TAMS 0x0000000084100000| PB 0x0000000084100000| Complete 
|  66|0x0000000084200000, 0x0000000084300000, 0x0000000084300000|100%| E|CS|TAMS 0x0000000084200000| PB 0x0000000084200000| Complete 
|  67|0x0000000084300000, 0x0000000084400000, 0x0000000084400000|100%| E|CS|TAMS 0x0000000084300000| PB 0x0000000084300000| Complete 
|  68|0x0000000084400000, 0x0000000084500000, 0x0000000084500000|100%| E|CS|TAMS 0x0000000084400000| PB 0x0000000084400000| Complete 
|  69|0x0000000084500000, 0x0000000084600000, 0x0000000084600000|100%| E|CS|TAMS 0x0000000084500000| PB 0x0000000084500000| Complete 
|  70|0x0000000084600000, 0x0000000084700000, 0x0000000084700000|100%| E|CS|TAMS 0x0000000084600000| PB 0x0000000084600000| Complete 
|  71|0x0000000084700000, 0x0000000084800000, 0x0000000084800000|100%| E|CS|TAMS 0x0000000084700000| PB 0x0000000084700000| Complete 
|  72|0x0000000084800000, 0x0000000084900000, 0x0000000084900000|100%| E|CS|TAMS 0x0000000084800000| PB 0x0000000084800000| Complete 
|  73|0x0000000084900000, 0x0000000084a00000, 0x0000000084a00000|100%| E|CS|TAMS 0x0000000084900000| PB 0x0000000084900000| Complete 
|  74|0x0000000084a00000, 0x0000000084b00000, 0x0000000084b00000|100%| E|CS|TAMS 0x0000000084a00000| PB 0x0000000084a00000| Complete 
|  75|0x0000000084b00000, 0x0000000084c00000, 0x0000000084c00000|100%| E|CS|TAMS 0x0000000084b00000| PB 0x0000000084b00000| Complete 
|  76|0x0000000084c00000, 0x0000000084d00000, 0x0000000084d00000|100%| E|CS|TAMS 0x0000000084c00000| PB 0x0000000084c00000| Complete 
|  77|0x0000000084d00000, 0x0000000084e00000, 0x0000000084e00000|100%| E|CS|TAMS 0x0000000084d00000| PB 0x0000000084d00000| Complete 
|  78|0x0000000084e00000, 0x0000000084f00000, 0x0000000084f00000|100%| E|CS|TAMS 0x0000000084e00000| PB 0x0000000084e00000| Complete 
|  79|0x0000000084f00000, 0x0000000085000000, 0x0000000085000000|100%| E|CS|TAMS 0x0000000084f00000| PB 0x0000000084f00000| Complete 
|  80|0x0000000085000000, 0x0000000085100000, 0x0000000085100000|100%| E|CS|TAMS 0x0000000085000000| PB 0x0000000085000000| Complete 
|  81|0x0000000085100000, 0x0000000085200000, 0x0000000085200000|100%| E|CS|TAMS 0x0000000085100000| PB 0x0000000085100000| Complete 
|  82|0x0000000085200000, 0x0000000085300000, 0x0000000085300000|100%| E|CS|TAMS 0x0000000085200000| PB 0x0000000085200000| Complete 
|  83|0x0000000085300000, 0x0000000085400000, 0x0000000085400000|100%| E|CS|TAMS 0x0000000085300000| PB 0x0000000085300000| Complete 
|  84|0x0000000085400000, 0x0000000085500000, 0x0000000085500000|100%| E|CS|TAMS 0x0000000085400000| PB 0x0000000085400000| Complete 
|  85|0x0000000085500000, 0x0000000085600000, 0x0000000085600000|100%| E|  |TAMS 0x0000000085500000| PB 0x0000000085500000| Complete 
|  86|0x0000000085600000, 0x0000000085700000, 0x0000000085700000|100%| E|CS|TAMS 0x0000000085600000| PB 0x0000000085600000| Complete 
|  87|0x0000000085700000, 0x0000000085800000, 0x0000000085800000|100%| E|CS|TAMS 0x0000000085700000| PB 0x0000000085700000| Complete 
| 123|0x0000000087b00000, 0x0000000087c00000, 0x0000000087c00000|100%| E|CS|TAMS 0x0000000087b00000| PB 0x0000000087b00000| Complete 

Card table byte_map: [0x0000017bdfd70000,0x0000017be0170000] _byte_map_base: 0x0000017bdf970000

Marking Bits: (CMBitMap*) 0x0000017bcd544b40
 Bits: [0x0000017be0170000, 0x0000017be2170000)

Polling page: 0x0000017bcb4f0000

Metaspace:

Usage:
  Non-class:     38.77 MB used.
      Class:      6.02 MB used.
       Both:     44.79 MB used.

Virtual space:
  Non-class space:       64.00 MB reserved,      39.38 MB ( 62%) committed,  1 nodes.
      Class space:        1.00 GB reserved,       6.62 MB ( <1%) committed,  1 nodes.
             Both:        1.06 GB reserved,      46.00 MB (  4%) committed. 

Chunk freelists:
   Non-Class:  7.85 MB
       Class:  9.35 MB
        Both:  17.20 MB

MaxMetaspaceSize: unlimited
CompressedClassSpaceSize: 1.00 GB
Initial GC threshold: 21.00 MB
Current GC threshold: 59.00 MB
CDS: off
 - commit_granule_bytes: 65536.
 - commit_granule_words: 8192.
 - virtual_space_node_default_size: 8388608.
 - enlarge_chunks_in_place: 1.
 - use_allocation_guard: 0.


Internal statistics:

num_allocs_failed_limit: 6.
num_arena_births: 2144.
num_arena_deaths: 0.
num_vsnodes_births: 2.
num_vsnodes_deaths: 0.
num_space_committed: 736.
num_space_uncommitted: 0.
num_chunks_returned_to_freelist: 6.
num_chunks_taken_from_freelist: 3768.
num_chunk_merges: 6.
num_chunk_splits: 2439.
num_chunks_enlarged: 1499.
num_inconsistent_stats: 0.

CodeHeap 'non-profiled nmethods': size=120000Kb used=2074Kb max_used=2074Kb free=117925Kb
 bounds [0x0000017bd8100000, 0x0000017bd8370000, 0x0000017bdf630000]
CodeHeap 'profiled nmethods': size=120000Kb used=7482Kb max_used=7482Kb free=112518Kb
 bounds [0x0000017bd0630000, 0x0000017bd0d80000, 0x0000017bd7b60000]
CodeHeap 'non-nmethods': size=5760Kb used=2078Kb max_used=2103Kb free=3681Kb
 bounds [0x0000017bd7b60000, 0x0000017bd7dd0000, 0x0000017bd8100000]
 total_blobs=4493 nmethods=3808 adapters=588
 compilation: enabled
              stopped_count=0, restarted_count=0
 full_count=0

Compilation events (20 events):
Event: 4.885 Thread 0x0000017be9080d00 4201       3       org.codehaus.groovy.runtime.MetaClassHelper::isGenericSetMethod (28 bytes)
Event: 4.885 Thread 0x0000017be9080d00 nmethod 4201 0x0000017bd0d70290 code [0x0000017bd0d70480, 0x0000017bd0d70868]
Event: 4.885 Thread 0x0000017be9080d00 4204       3       java.lang.reflect.ProxyGenerator$ProxyMethod::generateMethod (548 bytes)
Event: 4.887 Thread 0x0000017be9080d00 nmethod 4204 0x0000017bd0d70a10 code [0x0000017bd0d71000, 0x0000017bd0d740b0]
Event: 4.887 Thread 0x0000017be9080d00 4203       3       java.lang.reflect.ProxyGenerator::checkReturnTypes (288 bytes)
Event: 4.889 Thread 0x0000017be9080d00 nmethod 4203 0x0000017bd0d75010 code [0x0000017bd0d75520, 0x0000017bd0d779f8]
Event: 4.889 Thread 0x0000017be9080d00 4205       1       org.codehaus.groovy.util.ComplexKeyHashMap$Entry::getValue (5 bytes)
Event: 4.890 Thread 0x0000017be9080d00 nmethod 4205 0x0000017bd8306790 code [0x0000017bd8306920, 0x0000017bd83069e8]
Event: 4.891 Thread 0x0000017be9080d00 4206       3       org.gradle.internal.Cast::uncheckedCast (2 bytes)
Event: 4.891 Thread 0x0000017be9080d00 nmethod 4206 0x0000017bd0a17c90 code [0x0000017bd0a17e20, 0x0000017bd0a17f10]
Event: 4.893 Thread 0x0000017be9080d00 4207   !   2       java.net.URLClassLoader::findClass (47 bytes)
Event: 4.893 Thread 0x0000017be9080d00 nmethod 4207 0x0000017bd0d78710 code [0x0000017bd0d788e0, 0x0000017bd0d78c78]
Event: 4.893 Thread 0x0000017be9080d00 4208       2       java.net.URLClassLoader$1::<init> (15 bytes)
Event: 4.894 Thread 0x0000017be9080d00 nmethod 4208 0x0000017bd0d78e90 code [0x0000017bd0d79040, 0x0000017bd0d791f0]
Event: 4.896 Thread 0x0000017be9080d00 4209  s    2       jdk.internal.loader.Resource::cachedInputStream (20 bytes)
Event: 4.897 Thread 0x0000017be9080d00 nmethod 4209 0x0000017bd0d79290 code [0x0000017bd0d79440, 0x0000017bd0d796b0]
Event: 4.903 Thread 0x0000017be9080d00 4210       3       java.lang.ClassLoader::getClassLoadingLock (35 bytes)
Event: 4.904 Thread 0x0000017be9080d00 nmethod 4210 0x0000017bd0d79790 code [0x0000017bd0d79960, 0x0000017bd0d79c48]
Event: 4.906 Thread 0x0000017be9080d00 4212   !   3       java.net.URLClassLoader::defineClass (224 bytes)
Event: 4.908 Thread 0x0000017be9080d00 nmethod 4212 0x0000017bd0d79d90 code [0x0000017bd0d7a1c0, 0x0000017bd0d7bd38]

GC Heap History (14 events):
Event: 0.494 GC heap before
{Heap before GC invocations=0 (full 0):
 garbage-first heap   total 126976K, used 26624K [0x0000000080000000, 0x0000000100000000)
  region size 1024K, 23 young (23552K), 0 survivors (0K)
 Metaspace       used 8129K, committed 8320K, reserved 1114112K
  class space    used 738K, committed 832K, reserved 1048576K
}
Event: 0.501 GC heap after
{Heap after GC invocations=1 (full 0):
 garbage-first heap   total 126976K, used 10624K [0x0000000080000000, 0x0000000100000000)
  region size 1024K, 3 young (3072K), 3 survivors (3072K)
 Metaspace       used 8129K, committed 8320K, reserved 1114112K
  class space    used 738K, committed 832K, reserved 1048576K
}
Event: 1.030 GC heap before
{Heap before GC invocations=1 (full 0):
 garbage-first heap   total 126976K, used 40320K [0x0000000080000000, 0x0000000100000000)
  region size 1024K, 33 young (33792K), 3 survivors (3072K)
 Metaspace       used 12020K, committed 12224K, reserved 1114112K
  class space    used 1278K, committed 1408K, reserved 1048576K
}
Event: 1.037 GC heap after
{Heap after GC invocations=2 (full 0):
 garbage-first heap   total 126976K, used 12409K [0x0000000080000000, 0x0000000100000000)
  region size 1024K, 2 young (2048K), 2 survivors (2048K)
 Metaspace       used 12020K, committed 12224K, reserved 1114112K
  class space    used 1278K, committed 1408K, reserved 1048576K
}
Event: 2.150 GC heap before
{Heap before GC invocations=2 (full 0):
 garbage-first heap   total 126976K, used 78969K [0x0000000080000000, 0x0000000100000000)
  region size 1024K, 66 young (67584K), 2 survivors (2048K)
 Metaspace       used 21177K, committed 21504K, reserved 1114112K
  class space    used 2461K, committed 2624K, reserved 1048576K
}
Event: 2.157 GC heap after
{Heap after GC invocations=3 (full 0):
 garbage-first heap   total 126976K, used 21224K [0x0000000080000000, 0x0000000100000000)
  region size 1024K, 9 young (9216K), 9 survivors (9216K)
 Metaspace       used 21177K, committed 21504K, reserved 1114112K
  class space    used 2461K, committed 2624K, reserved 1048576K
}
Event: 2.856 GC heap before
{Heap before GC invocations=4 (full 0):
 garbage-first heap   total 75776K, used 57064K [0x0000000080000000, 0x0000000100000000)
  region size 1024K, 44 young (45056K), 9 survivors (9216K)
 Metaspace       used 27514K, committed 28032K, reserved 1114112K
  class space    used 3454K, committed 3712K, reserved 1048576K
}
Event: 2.865 GC heap after
{Heap after GC invocations=5 (full 0):
 garbage-first heap   total 75776K, used 23412K [0x0000000080000000, 0x0000000100000000)
  region size 1024K, 3 young (3072K), 3 survivors (3072K)
 Metaspace       used 27514K, committed 28032K, reserved 1114112K
  class space    used 3454K, committed 3712K, reserved 1048576K
}
Event: 3.589 GC heap before
{Heap before GC invocations=5 (full 0):
 garbage-first heap   total 75776K, used 60276K [0x0000000080000000, 0x0000000100000000)
  region size 1024K, 39 young (39936K), 3 survivors (3072K)
 Metaspace       used 32441K, committed 33216K, reserved 1114112K
  class space    used 4294K, committed 4672K, reserved 1048576K
}
Event: 3.593 GC heap after
{Heap after GC invocations=6 (full 0):
 garbage-first heap   total 91136K, used 25753K [0x0000000080000000, 0x0000000100000000)
  region size 1024K, 5 young (5120K), 5 survivors (5120K)
 Metaspace       used 32441K, committed 33216K, reserved 1114112K
  class space    used 4294K, committed 4672K, reserved 1048576K
}
Event: 3.925 GC heap before
{Heap before GC invocations=6 (full 0):
 garbage-first heap   total 91136K, used 44185K [0x0000000080000000, 0x0000000100000000)
  region size 1024K, 25 young (25600K), 5 survivors (5120K)
 Metaspace       used 35300K, committed 36096K, reserved 1114112K
  class space    used 4761K, committed 5120K, reserved 1048576K
}
Event: 3.929 GC heap after
{Heap after GC invocations=7 (full 0):
 garbage-first heap   total 91136K, used 26960K [0x0000000080000000, 0x0000000100000000)
  region size 1024K, 4 young (4096K), 4 survivors (4096K)
 Metaspace       used 35300K, committed 36096K, reserved 1114112K
  class space    used 4761K, committed 5120K, reserved 1048576K
}
Event: 4.629 GC heap before
{Heap before GC invocations=8 (full 0):
 garbage-first heap   total 91136K, used 73040K [0x0000000080000000, 0x0000000100000000)
  region size 1024K, 50 young (51200K), 4 survivors (4096K)
 Metaspace       used 43667K, committed 44800K, reserved 1114112K
  class space    used 5904K, committed 6464K, reserved 1048576K
}
Event: 4.635 GC heap after
{Heap after GC invocations=9 (full 0):
 garbage-first heap   total 91136K, used 30308K [0x0000000080000000, 0x0000000100000000)
  region size 1024K, 7 young (7168K), 7 survivors (7168K)
 Metaspace       used 43667K, committed 44800K, reserved 1114112K
  class space    used 5904K, committed 6464K, reserved 1048576K
}

Dll operation events (3 events):
Event: 0.008 Loaded shared library C:\Program Files\Android\Android Studio\jbr\bin\java.dll
Event: 0.013 Loaded shared library C:\Program Files\Android\Android Studio\jbr\bin\zip.dll
Event: 0.486 Loaded shared library C:\Program Files\Android\Android Studio\jbr\bin\verify.dll

Deoptimization events (20 events):
Event: 4.523 Thread 0x0000017beaf7d210 DEOPT PACKING pc=0x0000017bd82c3f18 sp=0x00000039eaaf86a0
Event: 4.523 Thread 0x0000017beaf7d210 DEOPT UNPACKING pc=0x0000017bd7bb7da2 sp=0x00000039eaaf8638 mode 2
Event: 4.615 Thread 0x0000017beaf7d210 DEOPT PACKING pc=0x0000017bd06fcfca sp=0x00000039eaaf8990
Event: 4.615 Thread 0x0000017beaf7d210 DEOPT UNPACKING pc=0x0000017bd7bb88e2 sp=0x00000039eaaf7e70 mode 0
Event: 4.707 Thread 0x0000017beaf7d210 Uncommon trap: trap_request=0xffffff45 fr.pc=0x0000017bd8255030 relative=0x0000000000004c70
Event: 4.707 Thread 0x0000017beaf7d210 Uncommon trap: reason=unstable_if action=reinterpret pc=0x0000017bd8255030 method=java.lang.ClassLoader.getClassLoadingLock(Ljava/lang/String;)Ljava/lang/Object; @ 6 c2
Event: 4.707 Thread 0x0000017beaf7d210 DEOPT PACKING pc=0x0000017bd8255030 sp=0x00000039eaaf89c0
Event: 4.707 Thread 0x0000017beaf7d210 DEOPT UNPACKING pc=0x0000017bd7bb7da2 sp=0x00000039eaaf89b0 mode 2
Event: 4.717 Thread 0x0000017beaf7d210 Uncommon trap: trap_request=0xffffffc6 fr.pc=0x0000017bd819b5c8 relative=0x00000000000038a8
Event: 4.717 Thread 0x0000017beaf7d210 Uncommon trap: reason=bimorphic_or_optimized_type_check action=maybe_recompile pc=0x0000017bd819b5c8 method=java.net.URL.<init>(Ljava/net/URL;Ljava/lang/String;Ljava/net/URLStreamHandler;)V @ 504 c2
Event: 4.717 Thread 0x0000017beaf7d210 DEOPT PACKING pc=0x0000017bd819b5c8 sp=0x00000039eaaf8110
Event: 4.717 Thread 0x0000017beaf7d210 DEOPT UNPACKING pc=0x0000017bd7bb7da2 sp=0x00000039eaaf8090 mode 2
Event: 4.790 Thread 0x0000017beaf7d210 Uncommon trap: trap_request=0xffffff45 fr.pc=0x0000017bd820f318 relative=0x00000000000000f8
Event: 4.790 Thread 0x0000017beaf7d210 Uncommon trap: reason=unstable_if action=reinterpret pc=0x0000017bd820f318 method=java.lang.ClassLoader.getClassLoadingLock(Ljava/lang/String;)Ljava/lang/Object; @ 6 c2
Event: 4.790 Thread 0x0000017beaf7d210 DEOPT PACKING pc=0x0000017bd820f318 sp=0x00000039eaaf89f0
Event: 4.790 Thread 0x0000017beaf7d210 DEOPT UNPACKING pc=0x0000017bd7bb7da2 sp=0x00000039eaaf8970 mode 2
Event: 4.793 Thread 0x0000017beaf7d210 Uncommon trap: trap_request=0xffffff6e fr.pc=0x0000017bd82f768c relative=0x000000000000084c
Event: 4.793 Thread 0x0000017beaf7d210 Uncommon trap: reason=loop_limit_check action=maybe_recompile pc=0x0000017bd82f768c method=java.util.regex.Pattern$Start.match(Ljava/util/regex/Matcher;ILjava/lang/CharSequence;)Z @ 34 c2
Event: 4.793 Thread 0x0000017beaf7d210 DEOPT PACKING pc=0x0000017bd82f768c sp=0x00000039eaaf8780
Event: 4.793 Thread 0x0000017beaf7d210 DEOPT UNPACKING pc=0x0000017bd7bb7da2 sp=0x00000039eaaf86f0 mode 2

Classes loaded (20 events):
Event: 4.799 Loading class jdk/internal/jrtfs/JrtFileAttributes
Event: 4.799 Loading class jdk/internal/jrtfs/JrtFileAttributes done
Event: 4.799 Loading class jdk/internal/jrtfs/JrtDirectoryStream
Event: 4.799 Loading class jdk/internal/jrtfs/JrtDirectoryStream done
Event: 4.800 Loading class jdk/internal/jrtfs/JrtDirectoryStream$1
Event: 4.800 Loading class jdk/internal/jrtfs/JrtDirectoryStream$1 done
Event: 4.800 Loading class java/util/function/BooleanSupplier
Event: 4.800 Loading class java/util/function/BooleanSupplier done
Event: 4.801 Loading class jdk/internal/jimage/ImageReader$Resource
Event: 4.801 Loading class jdk/internal/jimage/ImageReader$Resource done
Event: 4.878 Loading class java/util/WeakHashMap$KeyIterator
Event: 4.878 Loading class java/util/WeakHashMap$HashIterator
Event: 4.878 Loading class java/util/WeakHashMap$HashIterator done
Event: 4.878 Loading class java/util/WeakHashMap$KeyIterator done
Event: 4.893 Loading class java/lang/ThreadLocal$SuppliedThreadLocal
Event: 4.893 Loading class java/lang/ThreadLocal$SuppliedThreadLocal done
Event: 4.908 Loading class sun/nio/fs/WindowsPath$1
Event: 4.908 Loading class sun/nio/fs/WindowsPath$1 done
Event: 4.909 Loading class sun/nio/fs/WindowsException
Event: 4.909 Loading class sun/nio/fs/WindowsException done

Classes unloaded (0 events):
No events

Classes redefined (0 events):
No events

Internal exceptions (20 events):
Event: 4.427 Thread 0x0000017beaf7d210 Exception <a 'java/lang/NoSuchMethodError'{0x00000000831d7e98}: 'java.lang.reflect.Method[] java.lang.Class.getDeclaredMethods(java.lang.Class)'> (0x00000000831d7e98) 
thrown [s\src\hotspot\share\interpreter\linkResolver.cpp, line 784]
Event: 4.454 Thread 0x0000017beaf7d210 Exception <a 'java/lang/NoSuchMethodError'{0x0000000082f18310}: 'void java.lang.invoke.DirectMethodHandle$Holder.invokeStaticInit(java.lang.Object, java.lang.Object, java.lang.Object)'> (0x0000000082f18310) 
thrown [s\src\hotspot\share\interpreter\linkResolver.cpp, line 784]
Event: 4.457 Thread 0x0000017beaf7d210 Exception <a 'java/lang/NoSuchMethodError'{0x0000000082f3c2c8}: 'void java.lang.invoke.DirectMethodHandle$Holder.invokeStaticInit(java.lang.Object, java.lang.Object, java.lang.Object, java.lang.Object, java.lang.Object)'> (0x0000000082f3c2c8) 
thrown [s\src\hotspot\share\interpreter\linkResolver.cpp, line 784]
Event: 4.466 Thread 0x0000017beaf7d210 Exception <a 'java/lang/NoSuchMethodError'{0x0000000082f93c18}: 'int java.lang.invoke.DirectMethodHandle$Holder.invokeStaticInit(java.lang.Object, java.lang.Object, java.lang.Object, java.lang.Object)'> (0x0000000082f93c18) 
thrown [s\src\hotspot\share\interpreter\linkResolver.cpp, line 784]
Event: 4.645 Thread 0x0000017beaf7d210 Exception <a 'java/lang/ClassNotFoundException'{0x0000000087ba1e80}: groovy/lang/ExpandoMetaClassBeanInfo> (0x0000000087ba1e80) 
thrown [s\src\hotspot\share\classfile\systemDictionary.cpp, line 312]
Event: 4.646 Thread 0x0000017beaf7d210 Exception <a 'java/lang/ClassNotFoundException'{0x0000000087ba9f48}: groovy/lang/MetaClassImplBeanInfo> (0x0000000087ba9f48) 
thrown [s\src\hotspot\share\classfile\systemDictionary.cpp, line 312]
Event: 4.646 Thread 0x0000017beaf7d210 Exception <a 'java/lang/ClassNotFoundException'{0x0000000087bae7d0}: java/lang/ObjectBeanInfo> (0x0000000087bae7d0) 
thrown [s\src\hotspot\share\classfile\systemDictionary.cpp, line 312]
Event: 4.646 Thread 0x0000017beaf7d210 Exception <a 'java/lang/ClassNotFoundException'{0x0000000087bb4098}: java/lang/ObjectCustomizer> (0x0000000087bb4098) 
thrown [s\src\hotspot\share\classfile\systemDictionary.cpp, line 312]
Event: 4.650 Thread 0x0000017beaf7d210 Exception <a 'java/lang/IncompatibleClassChangeError'{0x0000000087bc2368}: Found class java.lang.Object, but interface was expected> (0x0000000087bc2368) 
thrown [s\src\hotspot\share\interpreter\linkResolver.cpp, line 851]
Event: 4.655 Thread 0x0000017beaf7d210 Exception <a 'java/lang/ClassNotFoundException'{0x0000000087bdbed8}: groovy/lang/MetaClassImplCustomizer> (0x0000000087bdbed8) 
thrown [s\src\hotspot\share\classfile\systemDictionary.cpp, line 312]
Event: 4.658 Thread 0x0000017beaf7d210 Exception <a 'java/lang/ClassNotFoundException'{0x00000000857040b8}: groovy/lang/ExpandoMetaClassCustomizer> (0x00000000857040b8) 
thrown [s\src\hotspot\share\classfile\systemDictionary.cpp, line 312]
Event: 4.883 Thread 0x0000017beaf7d210 Exception <a 'java/lang/ClassNotFoundException'{0x0000000083d06108}: org/gradle/internal/extensibility/DefaultExtraPropertiesExtensionBeanInfo> (0x0000000083d06108) 
thrown [s\src\hotspot\share\classfile\systemDictionary.cpp, line 312]
Event: 4.883 Thread 0x0000017beaf7d210 Exception <a 'java/lang/ClassNotFoundException'{0x0000000083d0e2d0}: groovy/lang/GroovyObjectSupportBeanInfo> (0x0000000083d0e2d0) 
thrown [s\src\hotspot\share\classfile\systemDictionary.cpp, line 312]
Event: 4.884 Thread 0x0000017beaf7d210 Exception <a 'java/lang/ClassNotFoundException'{0x0000000083d164a0}: groovy/lang/GroovyObjectSupportCustomizer> (0x0000000083d164a0) 
thrown [s\src\hotspot\share\classfile\systemDictionary.cpp, line 312]
Event: 4.886 Thread 0x0000017beaf7d210 Exception <a 'java/lang/ClassNotFoundException'{0x0000000083d300d0}: org/gradle/internal/extensibility/DefaultExtraPropertiesExtensionCustomizer> (0x0000000083d300d0) 
thrown [s\src\hotspot\share\classfile\systemDictionary.cpp, line 312]
Event: 4.889 Thread 0x0000017beaf7d210 Exception <a 'java/lang/IncompatibleClassChangeError'{0x0000000083d4afc0}: Found class java.lang.Object, but interface was expected> (0x0000000083d4afc0) 
thrown [s\src\hotspot\share\interpreter\linkResolver.cpp, line 851]
Event: 4.909 Thread 0x0000017beaf7d210 Exception <a 'sun/nio/fs/WindowsException'{0x0000000083c18d88}> (0x0000000083c18d88) 
thrown [s\src\hotspot\share\prims\jni.cpp, line 535]
Event: 4.910 Thread 0x0000017beaf7d210 Exception <a 'sun/nio/fs/WindowsException'{0x0000000083c1a298}> (0x0000000083c1a298) 
thrown [s\src\hotspot\share\prims\jni.cpp, line 535]
Event: 4.911 Thread 0x0000017beaf7d210 Exception <a 'sun/nio/fs/WindowsException'{0x0000000083c1b758}> (0x0000000083c1b758) 
thrown [s\src\hotspot\share\prims\jni.cpp, line 535]
Event: 4.911 Thread 0x0000017beaf7d210 Exception <a 'sun/nio/fs/WindowsException'{0x0000000083c1c850}> (0x0000000083c1c850) 
thrown [s\src\hotspot\share\prims\jni.cpp, line 535]

ZGC Phase Switch (0 events):
No events

VM Operations (20 events):
Event: 4.545 Executing VM operation: HandshakeAllThreads (Deoptimize)
Event: 4.545 Executing VM operation: HandshakeAllThreads (Deoptimize) done
Event: 4.596 Executing VM operation: HandshakeAllThreads (Deoptimize)
Event: 4.596 Executing VM operation: HandshakeAllThreads (Deoptimize) done
Event: 4.629 Executing VM operation: G1CollectForAllocation (G1 Evacuation Pause)
Event: 4.635 Executing VM operation: G1CollectForAllocation (G1 Evacuation Pause) done
Event: 4.717 Executing VM operation: HandshakeAllThreads (Deoptimize)
Event: 4.717 Executing VM operation: HandshakeAllThreads (Deoptimize) done
Event: 4.718 Executing VM operation: HandshakeAllThreads (Deoptimize)
Event: 4.718 Executing VM operation: HandshakeAllThreads (Deoptimize) done
Event: 4.722 Executing VM operation: HandshakeAllThreads (Deoptimize)
Event: 4.723 Executing VM operation: HandshakeAllThreads (Deoptimize) done
Event: 4.727 Executing VM operation: HandshakeAllThreads (Deoptimize)
Event: 4.727 Executing VM operation: HandshakeAllThreads (Deoptimize) done
Event: 4.735 Executing VM operation: HandshakeAllThreads (Deoptimize)
Event: 4.735 Executing VM operation: HandshakeAllThreads (Deoptimize) done
Event: 4.798 Executing VM operation: HandshakeAllThreads (Deoptimize)
Event: 4.798 Executing VM operation: HandshakeAllThreads (Deoptimize) done
Event: 4.910 Executing VM operation: HandshakeAllThreads (Deoptimize)
Event: 4.910 Executing VM operation: HandshakeAllThreads (Deoptimize) done

Events (20 events):
Event: 3.944 Thread 0x0000017be4bce810 flushing nmethod 0x0000017bd813e210
Event: 3.944 Thread 0x0000017be4bce810 flushing nmethod 0x0000017bd811cc90
Event: 3.944 Thread 0x0000017be4bce810 flushing nmethod 0x0000017bd813c310
Event: 3.944 Thread 0x0000017be4bce810 flushing nmethod 0x0000017bd8146890
Event: 3.944 Thread 0x0000017be4bce810 flushing nmethod 0x0000017bd8136e90
Event: 3.944 Thread 0x0000017be4bce810 flushing nmethod 0x0000017bd8137910
Event: 3.944 Thread 0x0000017be4bce810 flushing nmethod 0x0000017bd8129e10
Event: 3.944 Thread 0x0000017be4bce810 flushing nmethod 0x0000017bd810d910
Event: 3.944 Thread 0x0000017be4bce810 flushing nmethod 0x0000017bd810c390
Event: 3.944 Thread 0x0000017be4bce810 flushing nmethod 0x0000017bd8128b90
Event: 3.944 Thread 0x0000017be4bce810 flushing nmethod 0x0000017bd8127f10
Event: 3.944 Thread 0x0000017be4bce810 flushing nmethod 0x0000017bd812f990
Event: 3.944 Thread 0x0000017be4bce810 flushing nmethod 0x0000017bd811e910
Event: 3.944 Thread 0x0000017be4bce810 flushing nmethod 0x0000017bd811a510
Event: 3.944 Thread 0x0000017be4bce810 flushing nmethod 0x0000017bd8114610
Event: 3.944 Thread 0x0000017be4bce810 flushing nmethod 0x0000017bd8108890
Event: 3.944 Thread 0x0000017be4bce810 flushing nmethod 0x0000017bd8107690
Event: 3.983 Thread 0x0000017bec4c1f90 Thread added: 0x0000017bec4c1f90
Event: 4.110 Thread 0x0000017bec4be480 Thread added: 0x0000017bec4be480
Event: 4.243 Thread 0x0000017bec4beb10 Thread added: 0x0000017bec4beb10


Dynamic libraries:
0x00007ff74c030000 - 0x00007ff74c03a000 	C:\Program Files\Android\Android Studio\jbr\bin\java.exe
0x00007ffb38af0000 - 0x00007ffb38d07000 	C:\WINDOWS\SYSTEM32\ntdll.dll
0x00007ffb37710000 - 0x00007ffb377d4000 	C:\WINDOWS\System32\KERNEL32.DLL
0x00007ffb35c60000 - 0x00007ffb36031000 	C:\WINDOWS\System32\KERNELBASE.dll
0x00007ffb36670000 - 0x00007ffb36781000 	C:\WINDOWS\System32\ucrtbase.dll
0x00007ffb27a70000 - 0x00007ffb27a8b000 	C:\Program Files\Android\Android Studio\jbr\bin\VCRUNTIME140.dll
0x00007ffb26cc0000 - 0x00007ffb26cd8000 	C:\Program Files\Android\Android Studio\jbr\bin\jli.dll
0x00007ffb369d0000 - 0x00007ffb36b81000 	C:\WINDOWS\System32\USER32.dll
0x00007ffb36790000 - 0x00007ffb367b6000 	C:\WINDOWS\System32\win32u.dll
0x00007ffb367c0000 - 0x00007ffb367e9000 	C:\WINDOWS\System32\GDI32.dll
0x00007ffb1aba0000 - 0x00007ffb1ae32000 	C:\WINDOWS\WinSxS\amd64_microsoft.windows.common-controls_6595b64144ccf1df_6.0.22621.4830_none_270fe7d773858e80\COMCTL32.dll
0x00007ffb362d0000 - 0x00007ffb363eb000 	C:\WINDOWS\System32\gdi32full.dll
0x00007ffb36040000 - 0x00007ffb360da000 	C:\WINDOWS\System32\msvcp_win.dll
0x00007ffb38180000 - 0x00007ffb38227000 	C:\WINDOWS\System32\msvcrt.dll
0x00007ffb38140000 - 0x00007ffb38171000 	C:\WINDOWS\System32\IMM32.DLL
0x00007ffb2b5b0000 - 0x00007ffb2b5bc000 	C:\Program Files\Android\Android Studio\jbr\bin\vcruntime140_1.dll
0x00007ffad6c90000 - 0x00007ffad6d1d000 	C:\Program Files\Android\Android Studio\jbr\bin\msvcp140.dll
0x00007ffac46a0000 - 0x00007ffac531d000 	C:\Program Files\Android\Android Studio\jbr\bin\server\jvm.dll
0x00007ffb36b90000 - 0x00007ffb36c41000 	C:\WINDOWS\System32\ADVAPI32.dll
0x00007ffb38290000 - 0x00007ffb38337000 	C:\WINDOWS\System32\sechost.dll
0x00007ffb35c30000 - 0x00007ffb35c58000 	C:\WINDOWS\System32\bcrypt.dll
0x00007ffb368b0000 - 0x00007ffb369c4000 	C:\WINDOWS\System32\RPCRT4.dll
0x00007ffb38340000 - 0x00007ffb383b1000 	C:\WINDOWS\System32\WS2_32.dll
0x00007ffb34ae0000 - 0x00007ffb34b2d000 	C:\WINDOWS\SYSTEM32\POWRPROF.dll
0x00007ffb2d4e0000 - 0x00007ffb2d4ea000 	C:\WINDOWS\SYSTEM32\VERSION.dll
0x00007ffb2d7c0000 - 0x00007ffb2d7f4000 	C:\WINDOWS\SYSTEM32\WINMM.dll
0x00007ffb34ac0000 - 0x00007ffb34ad3000 	C:\WINDOWS\SYSTEM32\UMPDC.dll
0x00007ffb34d70000 - 0x00007ffb34d88000 	C:\WINDOWS\SYSTEM32\kernel.appcore.dll
0x00007ffb2b5a0000 - 0x00007ffb2b5aa000 	C:\Program Files\Android\Android Studio\jbr\bin\jimage.dll
0x00007ffb33510000 - 0x00007ffb33742000 	C:\WINDOWS\SYSTEM32\DBGHELP.DLL
0x00007ffb38720000 - 0x00007ffb38ab0000 	C:\WINDOWS\System32\combase.dll
0x00007ffb38060000 - 0x00007ffb38137000 	C:\WINDOWS\System32\OLEAUT32.dll
0x00007ffb1f3e0000 - 0x00007ffb1f412000 	C:\WINDOWS\SYSTEM32\dbgcore.DLL
0x00007ffb360e0000 - 0x00007ffb3615b000 	C:\WINDOWS\System32\bcryptPrimitives.dll
0x00007ffb26cb0000 - 0x00007ffb26cbe000 	C:\Program Files\Android\Android Studio\jbr\bin\instrument.dll
0x00007ffb1f510000 - 0x00007ffb1f52f000 	C:\Program Files\Android\Android Studio\jbr\bin\java.dll
0x00007ffb1e990000 - 0x00007ffb1e9a8000 	C:\Program Files\Android\Android Studio\jbr\bin\zip.dll
0x00007ffb36c50000 - 0x00007ffb374d8000 	C:\WINDOWS\System32\SHELL32.dll
0x00007ffb36470000 - 0x00007ffb365af000 	C:\WINDOWS\System32\wintypes.dll
0x00007ffb33ae0000 - 0x00007ffb343ed000 	C:\WINDOWS\SYSTEM32\windows.storage.dll
0x00007ffb38610000 - 0x00007ffb3871a000 	C:\WINDOWS\System32\SHCORE.dll
0x00007ffb38230000 - 0x00007ffb3828e000 	C:\WINDOWS\System32\shlwapi.dll
0x00007ffb35b60000 - 0x00007ffb35b8b000 	C:\WINDOWS\SYSTEM32\profapi.dll
0x00007ffb2b0d0000 - 0x00007ffb2b0e0000 	C:\Program Files\Android\Android Studio\jbr\bin\net.dll
0x00007ffb2eaa0000 - 0x00007ffb2ebcc000 	C:\WINDOWS\SYSTEM32\WINHTTP.dll
0x00007ffb351e0000 - 0x00007ffb3524a000 	C:\WINDOWS\system32\mswsock.dll
0x00007ffb1e970000 - 0x00007ffb1e986000 	C:\Program Files\Android\Android Studio\jbr\bin\nio.dll
0x00007ffb1c3a0000 - 0x00007ffb1c3b0000 	C:\Program Files\Android\Android Studio\jbr\bin\verify.dll
0x00007ffb26e10000 - 0x00007ffb26e37000 	C:\Users\DELL\.gradle\native\c067742578af261105cb4f569cf0c3c89f3d7b1fecec35dd04571415982c5e48\windows-amd64\native-platform.dll
0x00007ffad3da0000 - 0x00007ffad3ee4000 	C:\Users\DELL\.gradle\native\100fb08df4bc3b14c8652ba06237920a3bd2aa13389f12d3474272988ae205f9\windows-amd64\native-platform-file-events.dll
0x00007ffb1e950000 - 0x00007ffb1e959000 	C:\Program Files\Android\Android Studio\jbr\bin\management.dll
0x00007ffb1e940000 - 0x00007ffb1e94b000 	C:\Program Files\Android\Android Studio\jbr\bin\management_ext.dll
0x00007ffb367f0000 - 0x00007ffb367f8000 	C:\WINDOWS\System32\PSAPI.DLL
0x00007ffb35440000 - 0x00007ffb3545b000 	C:\WINDOWS\SYSTEM32\CRYPTSP.dll
0x00007ffb34cd0000 - 0x00007ffb34d07000 	C:\WINDOWS\system32\rsaenh.dll
0x00007ffb352d0000 - 0x00007ffb352f8000 	C:\WINDOWS\SYSTEM32\USERENV.dll
0x00007ffb35430000 - 0x00007ffb3543c000 	C:\WINDOWS\SYSTEM32\CRYPTBASE.dll
0x00007ffb34780000 - 0x00007ffb347ad000 	C:\WINDOWS\SYSTEM32\IPHLPAPI.DLL
0x00007ffb37500000 - 0x00007ffb37509000 	C:\WINDOWS\System32\NSI.dll
0x00007ffb1e960000 - 0x00007ffb1e969000 	C:\Program Files\Android\Android Studio\jbr\bin\extnet.dll
0x00007ffac0680000 - 0x00007ffac0688000 	C:\WINDOWS\system32\wshunix.dll

dbghelp: loaded successfully - version: 4.0.5 - missing functions: none
symbol engine: initialized successfully - sym options: 0x614 - pdb path: .;C:\Program Files\Android\Android Studio\jbr\bin;C:\WINDOWS\SYSTEM32;C:\WINDOWS\WinSxS\amd64_microsoft.windows.common-controls_6595b64144ccf1df_6.0.22621.4830_none_270fe7d773858e80;C:\Program Files\Android\Android Studio\jbr\bin\server;C:\Users\DELL\.gradle\native\c067742578af261105cb4f569cf0c3c89f3d7b1fecec35dd04571415982c5e48\windows-amd64;C:\Users\DELL\.gradle\native\100fb08df4bc3b14c8652ba06237920a3bd2aa13389f12d3474272988ae205f9\windows-amd64

VM Arguments:
jvm_args: --add-opens=java.base/java.util=ALL-UNNAMED --add-opens=java.base/java.lang=ALL-UNNAMED --add-opens=java.base/java.lang.invoke=ALL-UNNAMED --add-opens=java.prefs/java.util.prefs=ALL-UNNAMED --add-exports=jdk.compiler/com.sun.tools.javac.api=ALL-UNNAMED --add-exports=jdk.compiler/com.sun.tools.javac.util=ALL-UNNAMED --add-opens=java.base/java.nio.charset=ALL-UNNAMED --add-opens=java.base/java.net=ALL-UNNAMED --add-opens=java.base/java.util.concurrent.atomic=ALL-UNNAMED -Xmx2048m -Dfile.encoding=UTF-8 -Duser.country=GB -Duser.language=en -Duser.variant -javaagent:C:\Users\DELL\.gradle\wrapper\dists\gradle-8.9-bin\90cnw93cvbtalezasaz0blq0a\gradle-8.9\lib\agents\gradle-instrumentation-agent-8.9.jar 
java_command: org.gradle.launcher.daemon.bootstrap.GradleDaemon 8.9
java_class_path (initial): C:\Users\DELL\.gradle\wrapper\dists\gradle-8.9-bin\90cnw93cvbtalezasaz0blq0a\gradle-8.9\lib\gradle-daemon-main-8.9.jar
Launcher Type: SUN_STANDARD

[Global flags]
     intx CICompilerCount                          = 4                                         {product} {ergonomic}
     uint ConcGCThreads                            = 2                                         {product} {ergonomic}
     uint G1ConcRefinementThreads                  = 8                                         {product} {ergonomic}
   size_t G1HeapRegionSize                         = 1048576                                   {product} {ergonomic}
    uintx GCDrainStackTargetSize                   = 64                                        {product} {ergonomic}
   size_t InitialHeapSize                          = 130023424                                 {product} {ergonomic}
   size_t MarkStackSize                            = 4194304                                   {product} {ergonomic}
   size_t MaxHeapSize                              = 2147483648                                {product} {command line}
   size_t MaxNewSize                               = 1287651328                                {product} {ergonomic}
   size_t MinHeapDeltaBytes                        = 1048576                                   {product} {ergonomic}
   size_t MinHeapSize                              = 8388608                                   {product} {ergonomic}
    uintx NonNMethodCodeHeapSize                   = 5839372                                {pd product} {ergonomic}
    uintx NonProfiledCodeHeapSize                  = 122909434                              {pd product} {ergonomic}
    uintx ProfiledCodeHeapSize                     = 122909434                              {pd product} {ergonomic}
    uintx ReservedCodeCacheSize                    = 251658240                              {pd product} {ergonomic}
     bool SegmentedCodeCache                       = true                                      {product} {ergonomic}
   size_t SoftMaxHeapSize                          = 2147483648                             {manageable} {ergonomic}
     bool UseCompressedOops                        = true                           {product lp64_product} {ergonomic}
     bool UseG1GC                                  = true                                      {product} {ergonomic}
     bool UseLargePagesIndividualAllocation        = false                                  {pd product} {ergonomic}

Logging:
Log output configuration:
 #0: stdout all=warning uptime,level,tags foldmultilines=false
 #1: stderr all=off uptime,level,tags foldmultilines=false

Environment Variables:
PATH=C:\Program Files\Microsoft MPI\Bin\;C:\Program Files\Python39\Scripts\;C:\Program Files\Python39\;C:\Windows\system32;C:\Windows;C:\Windows\System32\Wbem;C:\Windows\System32\WindowsPowerShell\v1.0\;C:\Windows\System32\OpenSSH\;C:\Program Files\NVIDIA Corporation\NVIDIA NvDLISR;C:\Program Files\dotnet\;C:\WINDOWS\system32;C:\WINDOWS;C:\WINDOWS\System32\Wbem;C:\WINDOWS\System32\WindowsPowerShell\v1.0\;C:\WINDOWS\System32\OpenSSH\;C:\Program Files\Git\cmd;C:\Program Files (x86)\Microsoft SQL Server\130\Tools\Binn\;C:\Program Files\Microsoft SQL Server\130\Tools\Binn\;C:\Program Files (x86)\Microsoft SQL Server\130\DTS\Binn\;C:\Program Files\Microsoft SQL Server\130\DTS\Binn\;C:\Program Files\Microsoft SQL Server\Client SDK\ODBC\130\Tools\Binn\;C:\Program Files (x86)\Microsoft SQL Server\160\DTS\Binn\;C:\Program Files\Azure Data Studio\bin;C:\Program Files\Microsoft SQL Server\Client SDK\ODBC\170\Tools\Binn\;C:\Program Files (x86)\Microsoft SQL Server\150\Tools\Binn\;C:\Program Files\Microsoft SQL Server\150\Tools\Binn\;C:\Program Files\Microsoft SQL Server\150\DTS\Binn\;C:\Program Files (x86)\Microsoft SQL Server\160\Tools\Binn\;C:\Program Files\Microsoft SQL Server\160\Tools\Binn\;C:\Program Files\Microsoft SQL Server\160\DTS\Binn\;C:\Program Files\nodejs\;C:\Users\DELL\AppData\Local\Microsoft\WindowsApps;C:\Program Files\Microsoft VS Code\bin;C:\Users\DELL\.dotnet\tools;C:\Program Files\Azure Data Studio\bin;C:\Users\DELL\AppData\Local\GitHubDesktop\bin;C:\Program Files\JetBrains\PyCharm Community Edition 2024.3.1.1\bin;;C:\Users\DELL\AppData\Roaming\npm;C:\flutter\bin;
USERNAME=DELL
OS=Windows_NT
PROCESSOR_IDENTIFIER=Intel64 Family 6 Model 140 Stepping 1, GenuineIntel
TMP=C:\Users\DELL\AppData\Local\Temp
TEMP=C:\Users\DELL\AppData\Local\Temp




Periodic native trim disabled

JNI global refs:
JNI global refs: 24, weak refs: 0

JNI global refs memory usage: 835, weak refs: 833

Process memory usage:
Resident Set Size: 251412K (3% of 8104744K total physical memory with 409988K free physical memory)

OOME stack traces (most recent first):
Classloader memory used:
Loader bootstrap                                                                       : 20806K
Loader org.gradle.internal.classloader.VisitableURLClassLoader                         : 20173K
Loader org.gradle.initialization.MixInLegacyTypesClassLoader                           : 4208K
Loader jdk.internal.loader.ClassLoaders$PlatformClassLoader                            : 512K
Loader jdk.internal.loader.ClassLoaders$AppClassLoader                                 : 230K

Classes loaded by more than one classloader:
Class org.gradle.internal.classloader.FilteringClassLoader                            : loaded 2 times (x 102B)
Class org.gradle.internal.classloader.ClassLoaderHierarchy                            : loaded 2 times (x 67B)
Class org.gradle.api.internal.classpath.ManifestUtil                                  : loaded 2 times (x 68B)
Class org.gradle.internal.classloader.DefaultClassLoaderFactory                       : loaded 2 times (x 79B)
Class org.gradle.internal.classloader.ClassLoaderVisitor                              : loaded 2 times (x 73B)
Class org.gradle.api.internal.classpath.EffectiveClassPath                            : loaded 2 times (x 87B)
Class org.gradle.api.internal.DefaultClassPathProvider                                : loaded 2 times (x 73B)
Class [Lorg.gradle.api.internal.ClassPathProvider;                                    : loaded 2 times (x 66B)
Class org.gradle.api.internal.ClassPathProvider                                       : loaded 2 times (x 67B)
Class org.gradle.internal.service.UnknownServiceException                             : loaded 2 times (x 80B)
Class org.gradle.internal.classpath.TransformedClassPath                              : loaded 2 times (x 93B)
Class org.gradle.internal.service.ServiceLocator                                      : loaded 2 times (x 67B)
Class org.gradle.internal.InternalTransformer                                         : loaded 2 times (x 67B)
Class org.gradle.internal.classloader.ClasspathUtil$1                                 : loaded 2 times (x 73B)
Class org.gradle.api.internal.classpath.DefaultModuleRegistry$DefaultModule           : loaded 2 times (x 83B)
Class org.gradle.api.internal.classpath.Module                                        : loaded 2 times (x 67B)
Class org.gradle.api.internal.classpath.UnknownModuleException                        : loaded 2 times (x 79B)
Class org.gradle.api.internal.DefaultClassPathRegistry                                : loaded 2 times (x 73B)
Class org.gradle.api.internal.ClassPathRegistry                                       : loaded 2 times (x 67B)
Class org.gradle.internal.classpath.DefaultClassPath$ImmutableUniqueList              : loaded 2 times (x 196B)
Class org.gradle.internal.classpath.ClassPath                                         : loaded 2 times (x 67B)
Class org.gradle.api.UncheckedIOException                                             : loaded 2 times (x 79B)
Class org.gradle.internal.installation.GradleInstallation$1                           : loaded 2 times (x 72B)
Class org.gradle.api.internal.classpath.ModuleRegistry                                : loaded 2 times (x 67B)
Class org.gradle.api.internal.classpath.DefaultModuleRegistry                         : loaded 2 times (x 80B)
Class org.gradle.internal.service.ServiceLookupException                              : loaded 2 times (x 79B)
Class org.gradle.internal.classloader.ClassLoaderFactory                              : loaded 2 times (x 67B)
Class org.gradle.internal.service.CachingServiceLocator                               : loaded 2 times (x 79B)
Class org.gradle.internal.classloader.ClasspathUtil                                   : loaded 2 times (x 68B)
Class org.gradle.api.specs.Spec                                                       : loaded 2 times (x 67B)
Class org.gradle.internal.classloader.VisitableURLClassLoader$InstrumentingVisitableURLClassLoader: loaded 2 times (x 120B)
Class org.gradle.internal.classloader.VisitableURLClassLoader$Spec                    : loaded 2 times (x 71B)
Class org.gradle.internal.classpath.DefaultClassPath                                  : loaded 2 times (x 87B)
Class org.gradle.internal.classloader.ClassLoaderSpec                                 : loaded 2 times (x 68B)
Class org.gradle.internal.classloader.VisitableURLClassLoader                         : loaded 2 times (x 114B)
Class org.gradle.internal.Cast                                                        : loaded 2 times (x 68B)
Class org.gradle.api.Action                                                           : loaded 2 times (x 67B)
Class org.gradle.internal.agents.InstrumentingClassLoader                             : loaded 2 times (x 67B)
Class org.gradle.internal.classpath.DefaultClassPath$ImmutableUniqueList$Builder      : loaded 2 times (x 72B)
Class org.gradle.api.GradleException                                                  : loaded 2 times (x 79B)
Class org.gradle.internal.IoActions                                                   : loaded 2 times (x 68B)
Class org.gradle.internal.classloader.SystemClassLoaderSpec                           : loaded 2 times (x 68B)
Class org.gradle.internal.installation.CurrentGradleInstallationLocator               : loaded 2 times (x 68B)
Class org.gradle.internal.service.DefaultServiceLocator                               : loaded 2 times (x 80B)
Class org.gradle.internal.installation.CurrentGradleInstallation                      : loaded 2 times (x 70B)
Class org.gradle.util.internal.GUtil                                                  : loaded 2 times (x 68B)
Class org.gradle.internal.installation.GradleInstallation                             : loaded 2 times (x 72B)

---------------  S Y S T E M  ---------------

OS:
 Windows 11 , 64 bit Build 22621 (10.0.22621.4974)
OS uptime: 0 days 12:25 hours

CPU: total 8 (initial active 8) (4 cores per cpu, 2 threads per core) family 6 model 140 stepping 1 microcode 0xba, cx8, cmov, fxsr, ht, mmx, 3dnowpref, sse, sse2, sse3, ssse3, sse4.1, sse4.2, popcnt, lzcnt, tsc, tscinvbit, avx, avx2, aes, erms, clmul, bmi1, bmi2, adx, avx512f, avx512dq, avx512cd, avx512bw, avx512vl, sha, fma, vzeroupper, avx512_vpopcntdq, avx512_vpclmulqdq, avx512_vaes, avx512_vnni, clflush, clflushopt, clwb, avx512_vbmi2, avx512_vbmi, rdtscp, rdpid, fsrm, gfni, avx512_bitalg, f16c, pku, cet_ibt, cet_ss, avx512_ifma
Processor Information for all 8 processors :
  Max Mhz: 2419, Current Mhz: 2419, Mhz Limit: 2419

Memory: 4k page, system-wide physical 7914M (400M free)
TotalPageFile size 15140M (AvailPageFile size 6M)
current process WorkingSet (physical memory assigned to process): 245M, peak: 245M
current process commit charge ("private bytes"): 288M, peak: 290M

vm_info: OpenJDK 64-Bit Server VM (21.0.3+-12282718-b509.11) for windows-amd64 JRE (21.0.3+-12282718-b509.11), built on 2024-08-27T17:34:15Z by "builder" with MS VC++ 16.10 / 16.11 (VS2019)

END.
